00:51:00.130 [main                     ] DEBUG Logger               - Configured Logger
00:51:00.175 [main                     ] DEBUG GameApplication      - Logging settings
Title: Untitled
Version: 0.0
Width: 800
Height: 600
Fullscreen: false
Intro: false
Profiling: false
Single step:false
App Mode: DEVELOPER
Menu Key: ESCAPE
Stage Style: DECORATED
Scene Factory: class com.almasb.fxgl.app.scene.SceneFactory

00:51:00.764 [JavaFX Application Thread] DEBUG FXGLApplication      - Initializing FXGL
00:51:00.770 [JavaFX Application Thread] INFO  Engine               - FXGL-17.2 (20.08.2022 16.50) on LINUX (J:21.0.5 FX:20)
00:51:00.770 [JavaFX Application Thread] DEBUG Engine               - JRE Vendor Name: Ubuntu
00:51:00.771 [JavaFX Application Thread] DEBUG Engine               - Running on OS: Linux version 6.8.0-49-generic
00:51:00.771 [JavaFX Application Thread] DEBUG Engine               - Architecture: amd64
00:51:00.771 [JavaFX Application Thread] INFO  Engine               - Source code and latest versions at: https://github.com/AlmasB/FXGL
00:51:00.771 [JavaFX Application Thread] INFO  Engine               -       Ask questions and discuss at: https://github.com/AlmasB/FXGL/discussions
00:51:00.772 [JavaFX Application Thread] INFO  Engine               -              Join the FXGL chat at: https://gitter.im/AlmasB/FXGL
00:51:00.921 [JavaFX Application Thread] DEBUG PrimaryStageWindow   - Creating a JavaFX scene
00:51:01.076 [JavaFX Application Thread] DEBUG PrimaryStageWindow   - Target settings size: 800.0 x 600.0
00:51:01.076 [JavaFX Application Thread] DEBUG PrimaryStageWindow   - Scaled scene size:    800.0 x 600.0
00:51:01.077 [JavaFX Application Thread] DEBUG PrimaryStageWindow   - Scaled ratio: (1.0, 1.0)
00:51:01.078 [JavaFX Application Thread] DEBUG PrimaryStageWindow   - Set initial scene to FXGLStartupScene
00:51:01.081 [JavaFX Application Thread] DEBUG PrimaryStageWindow   - Opening main window
00:51:01.135 [JavaFX Application Thread] DEBUG PrimaryStageWindow   - Window border size: (2.0, 29.0)
00:51:01.135 [JavaFX Application Thread] DEBUG PrimaryStageWindow   - Scaled size: 800.0 x 600.0
00:51:01.136 [JavaFX Application Thread] DEBUG PrimaryStageWindow   - Scaled ratio: (1.0, 1.0)
00:51:01.136 [JavaFX Application Thread] DEBUG PrimaryStageWindow   - Scene size: 800.0 x 600.0
00:51:01.136 [JavaFX Application Thread] DEBUG PrimaryStageWindow   - Stage size: 802.0 x 629.0
00:51:01.147 [FXGL Background Thread 1 ] DEBUG Engine               - Initializing environment variables
00:51:01.224 [FXGL Background Thread 1 ] DEBUG FXGLAssetLoaderServi - User app class for loading assets: class org.example.Main
00:51:01.225 [FXGL Background Thread 1 ] DEBUG GameApplicationServi - Applying CSS: fxgl_dark.css
00:51:01.226 [FXGL Background Thread 1 ] DEBUG FXGLAssetLoaderServi - Loading from file system: jar:file:/home/cato/.gradle/caches/modules-2/files-2.1/com.github.almasb/fxgl/17.2/35db6ae960eec2dcfd19262d3b7f9c42f0e95bc3/fxgl-17.2.jar!/fxglassets/ui/css/fxgl_dark.css
00:51:01.296 [FXGL Background Thread 1 ] DEBUG GameApplicationServi - Initializing application scenes
00:51:01.372 [FXGL Background Thread 1 ] DEBUG GameWorld            - Game world initialized
00:51:01.449 [FXGL Background Thread 1 ] DEBUG PhysicsWorld         - Physics world initialized: appHeight=600, physics.ppm=50,0
00:51:01.450 [FXGL Background Thread 1 ] DEBUG PhysicsWorld         - Using strategy: BRUTE_FORCE
00:51:01.454 [FXGL Background Thread 1 ] DEBUG GameScene            - Game scene initialized: 800x600
00:51:01.474 [FXGL Background Thread 1 ] DEBUG FXGL.DefaultMenu     - createMenuBodyGameMenu()
00:51:01.502 [FXGL Background Thread 1 ] DEBUG FXGL.DefaultMenu     - createOptionsMenu()
00:51:01.518 [FXGL Background Thread 1 ] DEBUG FXGLAssetLoaderServi - Loading from file system: jar:file:/home/cato/.gradle/caches/modules-2/files-2.1/com.github.almasb/fxgl/17.2/35db6ae960eec2dcfd19262d3b7f9c42f0e95bc3/fxgl-17.2.jar!/fxglassets/textures/particles/smoke.png
00:51:01.648 [FXGL Background Thread 1 ] DEBUG FXGLAssetLoaderServi - Loading from file system: jar:file:/home/cato/.gradle/caches/modules-2/files-2.1/com.github.almasb/fxgl/17.2/35db6ae960eec2dcfd19262d3b7f9c42f0e95bc3/fxgl-17.2.jar!/fxglassets/textures/particles/trace_horizontal.png
00:51:01.699 [FXGL Background Thread 1 ] DEBUG GameApplicationServi - Application scenes initialized
00:51:01.715 [FXGL Background Thread 1 ] DEBUG SystemBundleService  - Loading FXGL system data
00:51:01.720 [FXGL Background Thread 1 ] DEBUG FileSystemAccess     - Reading from: /home/cato/IdeaProjects/simulador3/system/fxgl.bundle
00:51:01.731 [FXGL Background Thread 1 ] DEBUG SystemBundleService  - Bundle FXGL: {}
00:51:01.731 [FXGL Background Thread 1 ] DEBUG UpdaterService       - Checking for updates
00:51:01.737 [FXGL Background Thread 4 ] DEBUG FXGLApplication      - Loading fonts
00:51:01.737 [FXGL Background Thread 1 ] DEBUG FXGLApplication      - Loading default localization
00:51:01.738 [FXGL Background Thread 4 ] DEBUG FXGLAssetLoaderServi - Loading from file system: jar:file:/home/cato/.gradle/caches/modules-2/files-2.1/com.github.almasb/fxgl/17.2/35db6ae960eec2dcfd19262d3b7f9c42f0e95bc3/fxgl-17.2.jar!/fxglassets/ui/fonts/VarelaRound-Regular.ttf
00:51:01.738 [FXGL Background Thread 1 ] DEBUG FXGLAssetLoaderServi - Loading from file system: jar:file:/home/cato/.gradle/caches/modules-2/files-2.1/com.github.almasb/fxgl/17.2/35db6ae960eec2dcfd19262d3b7f9c42f0e95bc3/fxgl-17.2.jar!/fxglassets/languages/english.lang
00:51:01.752 [FXGL Background Thread 4 ] DEBUG FXGLAssetLoaderServi - Loading from file system: jar:file:/home/cato/.gradle/caches/modules-2/files-2.1/com.github.almasb/fxgl/17.2/35db6ae960eec2dcfd19262d3b7f9c42f0e95bc3/fxgl-17.2.jar!/fxglassets/ui/fonts/Abel-Regular.ttf
00:51:01.755 [FXGL Background Thread 4 ] DEBUG FXGLAssetLoaderServi - Loading from file system: jar:file:/home/cato/.gradle/caches/modules-2/files-2.1/com.github.almasb/fxgl/17.2/35db6ae960eec2dcfd19262d3b7f9c42f0e95bc3/fxgl-17.2.jar!/fxglassets/ui/fonts/TerminalLandMono-Regular.otf
00:51:01.757 [FXGL Background Thread 1 ] INFO  FXGLApplication      - FXGL initialization took: 0,610 sec
00:51:01.758 [FXGL Background Thread 4 ] DEBUG FXGLAssetLoaderServi - Loading from file system: jar:file:/home/cato/.gradle/caches/modules-2/files-2.1/com.github.almasb/fxgl/17.2/35db6ae960eec2dcfd19262d3b7f9c42f0e95bc3/fxgl-17.2.jar!/fxglassets/ui/fonts/Courier-Prime.ttf
00:51:01.758 [JavaFX Application Thread] DEBUG FXGLAssetLoaderServi - Loading from file system: jar:file:/home/cato/.gradle/caches/modules-2/files-2.1/com.github.almasb/fxgl/17.2/35db6ae960eec2dcfd19262d3b7f9c42f0e95bc3/fxgl-17.2.jar!/fxglassets/textures/fxgl_icon.png
00:51:01.794 [JavaFX Application Thread] DEBUG FXGLAssetLoaderServi - Loading from file system: jar:file:/home/cato/.gradle/caches/modules-2/files-2.1/com.github.almasb/fxgl/17.2/35db6ae960eec2dcfd19262d3b7f9c42f0e95bc3/fxgl-17.2.jar!/fxglassets/textures/fxgl_default_cursor.png
00:51:01.808 [JavaFX Application Thread] DEBUG Input                - Registered new binding: Screenshot - CTRL+8
00:51:01.809 [JavaFX Application Thread] DEBUG Input                - Registered new binding: System info dump - CTRL+9
00:51:01.809 [JavaFX Application Thread] DEBUG Input                - Registered new binding: Restart - CTRL+R
00:51:01.810 [JavaFX Application Thread] DEBUG Input                - Registered new binding: Toggle Debug Camera - CTRL+7
00:51:01.812 [JavaFX Application Thread] DEBUG LoopRunner           - Starting loop
00:51:01.812 [JavaFX Application Thread] DEBUG LoopRunner           - Initializing JavaFX AnimationTimerLoop
00:51:01.813 [JavaFX Application Thread] DEBUG GameApplicationServi - Starting new game
00:51:01.814 [JavaFX Application Thread] DEBUG Input                - Clearing active input actions
00:51:01.826 [JavaFX Application Thread] DEBUG GameApplicationServi - Removing overlay from FXGLStartupScene and adding to FXGLLoadingScene
00:51:01.827 [JavaFX Application Thread] DEBUG PrimaryStageWindow   - FXGLStartupScene -> FXGLLoadingScene
00:51:01.827 [JavaFX Application Thread] DEBUG GameApplicationServi - Clearing previous game
00:51:01.827 [JavaFX Application Thread] DEBUG GameScene            - Clearing game scene
00:51:01.827 [JavaFX Application Thread] DEBUG GameWorld            - Clearing game world
00:51:01.827 [JavaFX Application Thread] DEBUG PhysicsWorld         - Clearing physics world
00:51:01.829 [FXGL Background Thread 4 ] DEBUG FXGLApplication      - Initializing game
00:51:01.829 [JavaFX Application Thread] DEBUG FXGLApplication      - Registering font factories with UI factory
00:51:01.831 [FXGL Background Thread 4 ] DEBUG FXGLAssetLoaderServi - Loading from file system: file:/home/cato/IdeaProjects/simulador3/build/resources/main/assets/textures/lugar.png
00:51:01.904 [FXGL Background Thread 4 ] DEBUG FXGLAssetLoaderServi - Loading from file system: file:/home/cato/IdeaProjects/simulador3/build/resources/main/assets/music/restaurant.wav
00:51:02.086 [FXGL Background Thread 4 ] DEBUG AudioPlayer          - Playing music com.almasb.fxgl.audio.Music@353e2c3c
00:51:02.103 [FXGL Background Thread 4 ] DEBUG FXGLAssetLoaderServi - Loading from file system: file:/home/cato/IdeaProjects/simulador3/build/resources/main/assets/textures/mesero_frontal.png
00:51:02.112 [FXGL Background Thread 4 ] DEBUG FXGLAssetLoaderServi - Loading from file system: file:/home/cato/IdeaProjects/simulador3/build/resources/main/assets/music/order.wav
00:51:02.148 [JavaFX Application Thread] DEBUG FXGLAssetLoaderServi - Loading from file system: file:/home/cato/IdeaProjects/simulador3/build/resources/main/assets/textures/client.png
00:51:02.170 [FXGL Background Thread 4 ] INFO  FXGLApplication      - Game initialization took: 0,341 sec
00:51:02.174 [JavaFX Application Thread] DEBUG Input                - Clearing active input actions
00:51:02.185 [JavaFX Application Thread] DEBUG GameApplicationServi - Removing overlay from FXGLLoadingScene and adding to GameScene
00:51:02.185 [JavaFX Application Thread] DEBUG PrimaryStageWindow   - FXGLLoadingScene -> GameScene
00:51:02.748 [FXGL Background Thread 2 ] INFO  UpdaterService       - Your current version:  17.2
00:51:02.749 [FXGL Background Thread 2 ] INFO  UpdaterService       - Latest stable version: 21.1
00:51:04.735 [FXGL Background Thread 3 ] DEBUG Engine               - Logging environment variables
00:51:04.736 [FXGL Background Thread 3 ] DEBUG Engine               - achievements: []
00:51:04.736 [FXGL Background Thread 3 ] DEBUG Engine               - actualHeight: 608.0
00:51:04.736 [FXGL Background Thread 3 ] DEBUG Engine               - actualHeightProperty: ReadOnlyDoubleProperty [value: 608.0]
00:51:04.736 [FXGL Background Thread 3 ] DEBUG Engine               - actualWidth: 798.0
00:51:04.737 [FXGL Background Thread 3 ] DEBUG Engine               - actualWidthProperty: ReadOnlyDoubleProperty [value: 798.0]
00:51:04.737 [FXGL Background Thread 3 ] DEBUG Engine               - appIcon: fxgl_icon.png
00:51:04.737 [FXGL Background Thread 3 ] DEBUG Engine               - applicationMode: DEVELOPER
00:51:04.737 [FXGL Background Thread 3 ] DEBUG Engine               - cSSList: [fxgl_dark.css]
00:51:04.737 [FXGL Background Thread 3 ] DEBUG Engine               - collisionDetectionStrategy: BRUTE_FORCE
00:51:04.737 [FXGL Background Thread 3 ] DEBUG Engine               - configClass: Optional.empty
00:51:04.737 [FXGL Background Thread 3 ] DEBUG Engine               - credits: []
00:51:04.738 [FXGL Background Thread 3 ] DEBUG Engine               - defaultCursor: CursorInfo(imageName=fxgl_default_cursor.png, hotspotX=7.0, hotspotY=6.0)
00:51:04.738 [FXGL Background Thread 3 ] DEBUG Engine               - devBBoxColorProperty: ObjectProperty [value: 0xff0000ff]
00:51:04.738 [FXGL Background Thread 3 ] DEBUG Engine               - devEnableDebugCameraProperty: BooleanProperty [value: false]
00:51:04.738 [FXGL Background Thread 3 ] DEBUG Engine               - devSensorColorProperty: ObjectProperty [value: 0xffff00ff]
00:51:04.738 [FXGL Background Thread 3 ] DEBUG Engine               - devShowBBoxProperty: BooleanProperty [value: false]
00:51:04.739 [FXGL Background Thread 3 ] DEBUG Engine               - devShowPositionProperty: BooleanProperty [value: false]
00:51:04.739 [FXGL Background Thread 3 ] DEBUG Engine               - enabledMenuItems: []
00:51:04.739 [FXGL Background Thread 3 ] DEBUG Engine               - engineServices: [class com.almasb.fxgl.app.services.FXGLAssetLoaderService, class com.almasb.fxgl.app.FXGLApplication$GameApplicationService, class com.almasb.fxgl.app.services.FXGLDialogService, class com.almasb.fxgl.app.services.IOTaskExecutorService, class com.almasb.fxgl.io.FileSystemService, class com.almasb.fxgl.localization.LocalizationService, class com.almasb.fxgl.app.services.SystemBundleService, class com.almasb.fxgl.profile.SaveLoadService, class com.almasb.fxgl.ui.FXGLUIFactoryServiceProvider, class com.almasb.fxgl.ui.FXGLDialogFactoryServiceProvider, class com.almasb.fxgl.audio.AudioPlayer, class com.almasb.fxgl.notification.impl.NotificationServiceProvider, class com.almasb.fxgl.achievement.AchievementService, class com.almasb.fxgl.cutscene.CutsceneService, class com.almasb.fxgl.minigames.MiniGameService, class com.almasb.fxgl.net.NetService, class com.almasb.fxgl.app.services.UpdaterService, class com.almasb.fxgl.dev.DevService]
00:51:04.739 [FXGL Background Thread 3 ] DEBUG Engine               - fontGame: Abel-Regular.ttf
00:51:04.739 [FXGL Background Thread 3 ] DEBUG Engine               - fontMono: TerminalLandMono-Regular.otf
00:51:04.739 [FXGL Background Thread 3 ] DEBUG Engine               - fontText: Courier-Prime.ttf
00:51:04.739 [FXGL Background Thread 3 ] DEBUG Engine               - fontUI: VarelaRound-Regular.ttf
00:51:04.739 [FXGL Background Thread 3 ] DEBUG Engine               - fullScreen: BooleanProperty [value: false]
00:51:04.740 [FXGL Background Thread 3 ] DEBUG Engine               - gameDifficulty: MEDIUM
00:51:04.740 [FXGL Background Thread 3 ] DEBUG Engine               - gameDifficultyProperty: ObjectProperty [value: MEDIUM]
00:51:04.740 [FXGL Background Thread 3 ] DEBUG Engine               - globalMusicVolume: 0.5
00:51:04.740 [FXGL Background Thread 3 ] DEBUG Engine               - globalMusicVolumeProperty: DoubleProperty [value: 0.5]
00:51:04.740 [FXGL Background Thread 3 ] DEBUG Engine               - globalSoundVolume: 0.5
00:51:04.740 [FXGL Background Thread 3 ] DEBUG Engine               - globalSoundVolumeProperty: DoubleProperty [value: 0.5]
00:51:04.740 [FXGL Background Thread 3 ] DEBUG Engine               - height: 600
00:51:04.740 [FXGL Background Thread 3 ] DEBUG Engine               - is3D: false
00:51:04.740 [FXGL Background Thread 3 ] DEBUG Engine               - isAndroid: false
00:51:04.740 [FXGL Background Thread 3 ] DEBUG Engine               - isBrowser: false
00:51:04.740 [FXGL Background Thread 3 ] DEBUG Engine               - isClickFeedbackEnabled: false
00:51:04.741 [FXGL Background Thread 3 ] DEBUG Engine               - isCloseConfirmation: false
00:51:04.741 [FXGL Background Thread 3 ] DEBUG Engine               - isDesktop: true
00:51:04.741 [FXGL Background Thread 3 ] DEBUG Engine               - isDeveloperMenuEnabled: false
00:51:04.741 [FXGL Background Thread 3 ] DEBUG Engine               - isEmbedded: false
00:51:04.741 [FXGL Background Thread 3 ] DEBUG Engine               - isEntityPreloadEnabled: true
00:51:04.741 [FXGL Background Thread 3 ] DEBUG Engine               - isExperimentalTiledLargeMap: false
00:51:04.741 [FXGL Background Thread 3 ] DEBUG Engine               - isFileSystemWriteAllowed: true
00:51:04.741 [FXGL Background Thread 3 ] DEBUG Engine               - isFullScreenAllowed: false
00:51:04.741 [FXGL Background Thread 3 ] DEBUG Engine               - isFullScreenFromStart: false
00:51:04.741 [FXGL Background Thread 3 ] DEBUG Engine               - isGameMenuEnabled: true
00:51:04.741 [FXGL Background Thread 3 ] DEBUG Engine               - isIOS: false
00:51:04.742 [FXGL Background Thread 3 ] DEBUG Engine               - isIntroEnabled: false
00:51:04.742 [FXGL Background Thread 3 ] DEBUG Engine               - isLinux: true
00:51:04.742 [FXGL Background Thread 3 ] DEBUG Engine               - isMac: false
00:51:04.742 [FXGL Background Thread 3 ] DEBUG Engine               - isMainMenuEnabled: false
00:51:04.742 [FXGL Background Thread 3 ] DEBUG Engine               - isManualResizeEnabled: false
00:51:04.742 [FXGL Background Thread 3 ] DEBUG Engine               - isMobile: false
00:51:04.742 [FXGL Background Thread 3 ] DEBUG Engine               - isNative: false
00:51:04.742 [FXGL Background Thread 3 ] DEBUG Engine               - isPauseMusicWhenMinimized: true
00:51:04.742 [FXGL Background Thread 3 ] DEBUG Engine               - isPreserveResizeRatio: false
00:51:04.742 [FXGL Background Thread 3 ] DEBUG Engine               - isProfilingEnabled: false
00:51:04.742 [FXGL Background Thread 3 ] DEBUG Engine               - isScaleAffectedOnResize: true
00:51:04.743 [FXGL Background Thread 3 ] DEBUG Engine               - isSingleStep: false
00:51:04.743 [FXGL Background Thread 3 ] DEBUG Engine               - isUserProfileEnabled: false
00:51:04.743 [FXGL Background Thread 3 ] DEBUG Engine               - isWindows: false
00:51:04.743 [FXGL Background Thread 3 ] DEBUG Engine               - language: ObjectProperty [value: ENGLISH]
00:51:04.743 [FXGL Background Thread 3 ] DEBUG Engine               - menuKey: ESCAPE
00:51:04.743 [FXGL Background Thread 3 ] DEBUG Engine               - mouseSensitivity: 0.2
00:51:04.743 [FXGL Background Thread 3 ] DEBUG Engine               - notificationViewClass: class com.almasb.fxgl.notification.view.XboxNotificationView
00:51:04.743 [FXGL Background Thread 3 ] DEBUG Engine               - pixelsPerMeter: 50.0
00:51:04.743 [FXGL Background Thread 3 ] DEBUG Engine               - platform: LINUX
00:51:04.743 [FXGL Background Thread 3 ] DEBUG Engine               - prefHeightProperty: ReadOnlyDoubleProperty [value: 600.0]
00:51:04.743 [FXGL Background Thread 3 ] DEBUG Engine               - prefWidthProperty: ReadOnlyDoubleProperty [value: 800.0]
00:51:04.743 [FXGL Background Thread 3 ] DEBUG Engine               - profileDir: profiles/
00:51:04.744 [FXGL Background Thread 3 ] DEBUG Engine               - profileName: StringProperty [value: DEFAULT]
00:51:04.744 [FXGL Background Thread 3 ] DEBUG Engine               - randomSeed: -1
00:51:04.744 [FXGL Background Thread 3 ] DEBUG Engine               - runtimeInfo: RuntimeInfo(platform=LINUX, version=17.2, build=20.08.2022 16.50)
00:51:04.744 [FXGL Background Thread 3 ] DEBUG Engine               - saveFileExt: sav
00:51:04.744 [FXGL Background Thread 3 ] DEBUG Engine               - scaledHeightProp$fxgl: DoubleProperty [bound, value: 608.0]
00:51:04.744 [FXGL Background Thread 3 ] DEBUG Engine               - scaledWidthProp$fxgl: DoubleProperty [bound, value: 798.0]
00:51:04.744 [FXGL Background Thread 3 ] DEBUG Engine               - sceneFactory: com.almasb.fxgl.app.scene.SceneFactory@78363f7f
00:51:04.744 [FXGL Background Thread 3 ] DEBUG Engine               - secondsIn24h: 60
00:51:04.744 [FXGL Background Thread 3 ] DEBUG Engine               - soundMenuBack: menu/back.wav
00:51:04.744 [FXGL Background Thread 3 ] DEBUG Engine               - soundMenuPress: menu/press.wav
00:51:04.745 [FXGL Background Thread 3 ] DEBUG Engine               - soundMenuSelect: menu/select.wav
00:51:04.745 [FXGL Background Thread 3 ] DEBUG Engine               - soundNotification: core/notification.wav
00:51:04.745 [FXGL Background Thread 3 ] DEBUG Engine               - stageStyle: DECORATED
00:51:04.745 [FXGL Background Thread 3 ] DEBUG Engine               - supportedLanguages: [ENGLISH, FRENCH, GERMAN, HUNGARIAN, RUSSIAN]
00:51:04.745 [FXGL Background Thread 3 ] DEBUG Engine               - ticksPerSecond: -1
00:51:04.745 [FXGL Background Thread 3 ] DEBUG Engine               - title: Untitled
00:51:04.745 [FXGL Background Thread 3 ] DEBUG Engine               - urlGithub: https://github.com/AlmasB/FXGL
00:51:04.745 [FXGL Background Thread 3 ] DEBUG Engine               - urlLeaderboard: http://fxgl-top.herokuapp.com/
00:51:04.745 [FXGL Background Thread 3 ] DEBUG Engine               - urlPOM: https://raw.githubusercontent.com/AlmasB/FXGL/release/README.md
00:51:04.745 [FXGL Background Thread 3 ] DEBUG Engine               - userAppClass: class org.example.Main
00:51:04.745 [FXGL Background Thread 3 ] DEBUG Engine               - version: 0.0
00:51:04.745 [FXGL Background Thread 3 ] DEBUG Engine               - versionCheckDays: 7
00:51:04.746 [FXGL Background Thread 3 ] DEBUG Engine               - width: 800
00:51:04.746 [FXGL Background Thread 3 ] DEBUG Engine               - Logging services
00:51:04.746 [FXGL Background Thread 3 ] DEBUG Engine               - class com.almasb.fxgl.app.services.FXGLAssetLoaderService
00:51:04.746 [FXGL Background Thread 3 ] DEBUG Engine               - class com.almasb.fxgl.app.FXGLApplication$GameApplicationService
00:51:04.746 [FXGL Background Thread 3 ] DEBUG Engine               - class com.almasb.fxgl.app.services.FXGLDialogService
00:51:04.746 [FXGL Background Thread 3 ] DEBUG Engine               - class com.almasb.fxgl.app.services.IOTaskExecutorService
00:51:04.746 [FXGL Background Thread 3 ] DEBUG Engine               - class com.almasb.fxgl.io.FileSystemService
00:51:04.746 [FXGL Background Thread 3 ] DEBUG Engine               - class com.almasb.fxgl.localization.LocalizationService
00:51:04.746 [FXGL Background Thread 3 ] DEBUG Engine               - class com.almasb.fxgl.app.services.SystemBundleService
00:51:04.746 [FXGL Background Thread 3 ] DEBUG Engine               - class com.almasb.fxgl.profile.SaveLoadService
00:51:04.746 [FXGL Background Thread 3 ] DEBUG Engine               - class com.almasb.fxgl.ui.FXGLUIFactoryServiceProvider
00:51:04.746 [FXGL Background Thread 3 ] DEBUG Engine               - class com.almasb.fxgl.ui.FXGLDialogFactoryServiceProvider
00:51:04.746 [FXGL Background Thread 3 ] DEBUG Engine               - class com.almasb.fxgl.audio.AudioPlayer
00:51:04.746 [FXGL Background Thread 3 ] DEBUG Engine               - class com.almasb.fxgl.notification.impl.NotificationServiceProvider
00:51:04.746 [FXGL Background Thread 3 ] DEBUG Engine               - class com.almasb.fxgl.achievement.AchievementService
00:51:04.747 [FXGL Background Thread 3 ] DEBUG Engine               - class com.almasb.fxgl.cutscene.CutsceneService
00:51:04.747 [FXGL Background Thread 3 ] DEBUG Engine               - class com.almasb.fxgl.minigames.MiniGameService
00:51:04.747 [FXGL Background Thread 3 ] DEBUG Engine               - class com.almasb.fxgl.net.NetService
00:51:04.747 [FXGL Background Thread 3 ] DEBUG Engine               - class com.almasb.fxgl.app.services.UpdaterService
00:51:04.747 [FXGL Background Thread 3 ] DEBUG Engine               - class com.almasb.fxgl.dev.DevService
00:51:05.478 [Thread-68                ] DEBUG AudioPlayer          - Playing music com.almasb.fxgl.audio.Music@5b3f2b69
00:51:05.672 [Thread-86                ] DEBUG AudioPlayer          - Playing music com.almasb.fxgl.audio.Music@5b3f2b69
00:51:07.479 [Thread-68                ] DEBUG AudioPlayer          - Stopping music com.almasb.fxgl.audio.Music@5b3f2b69
00:51:07.672 [Thread-86                ] DEBUG AudioPlayer          - Stopping music com.almasb.fxgl.audio.Music@5b3f2b69
00:51:15.443 [Thread-86                ] DEBUG AudioPlayer          - Playing music com.almasb.fxgl.audio.Music@5b3f2b69
00:51:16.123 [Thread-68                ] DEBUG AudioPlayer          - Playing music com.almasb.fxgl.audio.Music@5b3f2b69
00:51:17.443 [Thread-86                ] DEBUG AudioPlayer          - Stopping music com.almasb.fxgl.audio.Music@5b3f2b69
00:51:18.124 [Thread-68                ] DEBUG AudioPlayer          - Stopping music com.almasb.fxgl.audio.Music@5b3f2b69
00:51:24.932 [Thread-86                ] DEBUG AudioPlayer          - Playing music com.almasb.fxgl.audio.Music@5b3f2b69
00:51:26.734 [Thread-68                ] DEBUG AudioPlayer          - Playing music com.almasb.fxgl.audio.Music@5b3f2b69
00:51:26.933 [Thread-86                ] DEBUG AudioPlayer          - Stopping music com.almasb.fxgl.audio.Music@5b3f2b69
00:51:28.734 [Thread-68                ] DEBUG AudioPlayer          - Stopping music com.almasb.fxgl.audio.Music@5b3f2b69
00:51:35.647 [Thread-86                ] DEBUG AudioPlayer          - Playing music com.almasb.fxgl.audio.Music@5b3f2b69
00:51:37.340 [Thread-68                ] DEBUG AudioPlayer          - Playing music com.almasb.fxgl.audio.Music@5b3f2b69
00:51:37.648 [Thread-86                ] DEBUG AudioPlayer          - Stopping music com.almasb.fxgl.audio.Music@5b3f2b69
00:51:39.341 [Thread-68                ] DEBUG AudioPlayer          - Stopping music com.almasb.fxgl.audio.Music@5b3f2b69
00:51:46.357 [Thread-86                ] DEBUG AudioPlayer          - Playing music com.almasb.fxgl.audio.Music@5b3f2b69
00:51:46.710 [Thread-68                ] DEBUG AudioPlayer          - Playing music com.almasb.fxgl.audio.Music@5b3f2b69
00:51:48.358 [Thread-86                ] DEBUG AudioPlayer          - Stopping music com.almasb.fxgl.audio.Music@5b3f2b69
00:51:48.710 [Thread-68                ] DEBUG AudioPlayer          - Stopping music com.almasb.fxgl.audio.Music@5b3f2b69
00:51:55.752 [Thread-68                ] DEBUG AudioPlayer          - Playing music com.almasb.fxgl.audio.Music@5b3f2b69
00:51:55.839 [Thread-86                ] DEBUG AudioPlayer          - Playing music com.almasb.fxgl.audio.Music@5b3f2b69
00:51:57.752 [Thread-68                ] DEBUG AudioPlayer          - Stopping music com.almasb.fxgl.audio.Music@5b3f2b69
00:51:57.839 [Thread-86                ] DEBUG AudioPlayer          - Stopping music com.almasb.fxgl.audio.Music@5b3f2b69
00:52:05.287 [Thread-86                ] DEBUG AudioPlayer          - Playing music com.almasb.fxgl.audio.Music@5b3f2b69
00:52:05.720 [Thread-68                ] DEBUG AudioPlayer          - Playing music com.almasb.fxgl.audio.Music@5b3f2b69
00:52:07.287 [Thread-86                ] DEBUG AudioPlayer          - Stopping music com.almasb.fxgl.audio.Music@5b3f2b69
00:52:07.720 [Thread-68                ] DEBUG AudioPlayer          - Stopping music com.almasb.fxgl.audio.Music@5b3f2b69
00:52:13.529 [JavaFX Application Thread] DEBUG FXGLApplication      - Exiting FXGL
00:52:13.530 [JavaFX Application Thread] DEBUG LoopRunner           - Stopping loop
00:52:13.530 [JavaFX Application Thread] DEBUG SystemBundleService  - Saving FXGL system data
00:52:13.532 [JavaFX Application Thread] DEBUG FileSystemAccess     - Writing to: /home/cato/IdeaProjects/simulador3/system/fxgl.bundle
00:52:13.535 [JavaFX Application Thread] DEBUG Async                - Shutting down background threads
00:52:13.535 [JavaFX Application Thread] DEBUG PrimaryStageWindow   - Closing main window
00:52:13.541 [JavaFX Application Thread] DEBUG Logger               - Closing Logger
