17:51:41.314 [main                     ] DEBUG Logger               - Configured Logger
17:51:41.338 [main                     ] DEBUG GameApplication      - Logging settings
Title: Untitled
Version: 0.0
Width: 800
Height: 600
Fullscreen: false
Intro: false
Profiling: false
Single step:false
App Mode: DEVELOPER
Menu Key: ESCAPE
Stage Style: DECORATED
Scene Factory: class com.almasb.fxgl.app.scene.SceneFactory

17:51:41.794 [JavaFX Application Thread] DEBUG FXGLApplication      - Initializing FXGL
17:51:41.799 [JavaFX Application Thread] INFO  Engine               - FXGL-17.2 (20.08.2022 16.50) on LINUX (J:21.0.5 FX:20)
17:51:41.800 [JavaFX Application Thread] DEBUG Engine               - JRE Vendor Name: Ubuntu
17:51:41.800 [JavaFX Application Thread] DEBUG Engine               - Running on OS: Linux version 6.8.0-49-generic
17:51:41.801 [JavaFX Application Thread] DEBUG Engine               - Architecture: amd64
17:51:41.801 [JavaFX Application Thread] INFO  Engine               - Source code and latest versions at: https://github.com/AlmasB/FXGL
17:51:41.801 [JavaFX Application Thread] INFO  Engine               -       Ask questions and discuss at: https://github.com/AlmasB/FXGL/discussions
17:51:41.801 [JavaFX Application Thread] INFO  Engine               -              Join the FXGL chat at: https://gitter.im/AlmasB/FXGL
17:51:41.940 [JavaFX Application Thread] DEBUG PrimaryStageWindow   - Creating a JavaFX scene
17:51:42.064 [JavaFX Application Thread] DEBUG PrimaryStageWindow   - Target settings size: 800.0 x 600.0
17:51:42.064 [JavaFX Application Thread] DEBUG PrimaryStageWindow   - Scaled scene size:    800.0 x 600.0
17:51:42.064 [JavaFX Application Thread] DEBUG PrimaryStageWindow   - Scaled ratio: (1.0, 1.0)
17:51:42.066 [JavaFX Application Thread] DEBUG PrimaryStageWindow   - Set initial scene to FXGLStartupScene
17:51:42.071 [JavaFX Application Thread] DEBUG PrimaryStageWindow   - Opening main window
17:51:42.122 [JavaFX Application Thread] DEBUG PrimaryStageWindow   - Window border size: (2.0, 29.0)
17:51:42.122 [JavaFX Application Thread] DEBUG PrimaryStageWindow   - Scaled size: 800.0 x 600.0
17:51:42.123 [JavaFX Application Thread] DEBUG PrimaryStageWindow   - Scaled ratio: (1.0, 1.0)
17:51:42.123 [JavaFX Application Thread] DEBUG PrimaryStageWindow   - Scene size: 800.0 x 600.0
17:51:42.123 [JavaFX Application Thread] DEBUG PrimaryStageWindow   - Stage size: 802.0 x 629.0
17:51:42.133 [FXGL Background Thread 1 ] DEBUG Engine               - Initializing environment variables
17:51:42.198 [FXGL Background Thread 1 ] DEBUG FXGLAssetLoaderServi - User app class for loading assets: class org.example.Main
17:51:42.199 [FXGL Background Thread 1 ] DEBUG GameApplicationServi - Applying CSS: fxgl_dark.css
17:51:42.201 [FXGL Background Thread 1 ] DEBUG FXGLAssetLoaderServi - Loading from file system: jar:file:/home/cato/.gradle/caches/modules-2/files-2.1/com.github.almasb/fxgl/17.2/35db6ae960eec2dcfd19262d3b7f9c42f0e95bc3/fxgl-17.2.jar!/fxglassets/ui/css/fxgl_dark.css
17:51:42.254 [FXGL Background Thread 1 ] DEBUG GameApplicationServi - Initializing application scenes
17:51:42.330 [FXGL Background Thread 1 ] DEBUG GameWorld            - Game world initialized
17:51:42.406 [FXGL Background Thread 1 ] DEBUG PhysicsWorld         - Physics world initialized: appHeight=600, physics.ppm=50,0
17:51:42.406 [FXGL Background Thread 1 ] DEBUG PhysicsWorld         - Using strategy: BRUTE_FORCE
17:51:42.411 [FXGL Background Thread 1 ] DEBUG GameScene            - Game scene initialized: 800x600
17:51:42.428 [FXGL Background Thread 1 ] DEBUG FXGL.DefaultMenu     - createMenuBodyGameMenu()
17:51:42.453 [FXGL Background Thread 1 ] DEBUG FXGL.DefaultMenu     - createOptionsMenu()
17:51:42.469 [FXGL Background Thread 1 ] DEBUG FXGLAssetLoaderServi - Loading from file system: jar:file:/home/cato/.gradle/caches/modules-2/files-2.1/com.github.almasb/fxgl/17.2/35db6ae960eec2dcfd19262d3b7f9c42f0e95bc3/fxgl-17.2.jar!/fxglassets/textures/particles/smoke.png
17:51:42.585 [FXGL Background Thread 1 ] DEBUG FXGLAssetLoaderServi - Loading from file system: jar:file:/home/cato/.gradle/caches/modules-2/files-2.1/com.github.almasb/fxgl/17.2/35db6ae960eec2dcfd19262d3b7f9c42f0e95bc3/fxgl-17.2.jar!/fxglassets/textures/particles/trace_horizontal.png
17:51:42.614 [FXGL Background Thread 1 ] DEBUG GameApplicationServi - Application scenes initialized
17:51:42.644 [FXGL Background Thread 1 ] DEBUG SystemBundleService  - Loading FXGL system data
17:51:42.652 [FXGL Background Thread 1 ] DEBUG FileSystemAccess     - Reading from: /home/cato/IdeaProjects/simulador3/system/fxgl.bundle
17:51:42.668 [FXGL Background Thread 1 ] DEBUG SystemBundleService  - Bundle FXGL: {}
17:51:42.668 [FXGL Background Thread 1 ] DEBUG UpdaterService       - Checking for updates
17:51:42.676 [FXGL Background Thread 4 ] DEBUG FXGLApplication      - Loading fonts
17:51:42.676 [FXGL Background Thread 4 ] DEBUG FXGLAssetLoaderServi - Loading from file system: jar:file:/home/cato/.gradle/caches/modules-2/files-2.1/com.github.almasb/fxgl/17.2/35db6ae960eec2dcfd19262d3b7f9c42f0e95bc3/fxgl-17.2.jar!/fxglassets/ui/fonts/VarelaRound-Regular.ttf
17:51:42.678 [FXGL Background Thread 1 ] DEBUG FXGLApplication      - Loading default localization
17:51:42.679 [FXGL Background Thread 1 ] DEBUG FXGLAssetLoaderServi - Loading from file system: jar:file:/home/cato/.gradle/caches/modules-2/files-2.1/com.github.almasb/fxgl/17.2/35db6ae960eec2dcfd19262d3b7f9c42f0e95bc3/fxgl-17.2.jar!/fxglassets/languages/english.lang
17:51:42.703 [FXGL Background Thread 4 ] DEBUG FXGLAssetLoaderServi - Loading from file system: jar:file:/home/cato/.gradle/caches/modules-2/files-2.1/com.github.almasb/fxgl/17.2/35db6ae960eec2dcfd19262d3b7f9c42f0e95bc3/fxgl-17.2.jar!/fxglassets/ui/fonts/Abel-Regular.ttf
17:51:42.706 [FXGL Background Thread 4 ] DEBUG FXGLAssetLoaderServi - Loading from file system: jar:file:/home/cato/.gradle/caches/modules-2/files-2.1/com.github.almasb/fxgl/17.2/35db6ae960eec2dcfd19262d3b7f9c42f0e95bc3/fxgl-17.2.jar!/fxglassets/ui/fonts/TerminalLandMono-Regular.otf
17:51:42.710 [FXGL Background Thread 4 ] DEBUG FXGLAssetLoaderServi - Loading from file system: jar:file:/home/cato/.gradle/caches/modules-2/files-2.1/com.github.almasb/fxgl/17.2/35db6ae960eec2dcfd19262d3b7f9c42f0e95bc3/fxgl-17.2.jar!/fxglassets/ui/fonts/Courier-Prime.ttf
17:51:42.717 [FXGL Background Thread 1 ] INFO  FXGLApplication      - FXGL initialization took: 0,584 sec
17:51:42.721 [JavaFX Application Thread] DEBUG FXGLAssetLoaderServi - Loading from file system: jar:file:/home/cato/.gradle/caches/modules-2/files-2.1/com.github.almasb/fxgl/17.2/35db6ae960eec2dcfd19262d3b7f9c42f0e95bc3/fxgl-17.2.jar!/fxglassets/textures/fxgl_icon.png
17:51:42.752 [JavaFX Application Thread] DEBUG FXGLAssetLoaderServi - Loading from file system: jar:file:/home/cato/.gradle/caches/modules-2/files-2.1/com.github.almasb/fxgl/17.2/35db6ae960eec2dcfd19262d3b7f9c42f0e95bc3/fxgl-17.2.jar!/fxglassets/textures/fxgl_default_cursor.png
17:51:42.777 [JavaFX Application Thread] DEBUG Input                - Registered new binding: Screenshot - CTRL+8
17:51:42.777 [JavaFX Application Thread] DEBUG Input                - Registered new binding: System info dump - CTRL+9
17:51:42.778 [JavaFX Application Thread] DEBUG Input                - Registered new binding: Restart - CTRL+R
17:51:42.781 [JavaFX Application Thread] DEBUG Input                - Registered new binding: Toggle Debug Camera - CTRL+7
17:51:42.787 [JavaFX Application Thread] DEBUG LoopRunner           - Starting loop
17:51:42.787 [JavaFX Application Thread] DEBUG LoopRunner           - Initializing JavaFX AnimationTimerLoop
17:51:42.790 [JavaFX Application Thread] DEBUG GameApplicationServi - Starting new game
17:51:42.790 [JavaFX Application Thread] DEBUG Input                - Clearing active input actions
17:51:42.804 [JavaFX Application Thread] DEBUG GameApplicationServi - Removing overlay from FXGLStartupScene and adding to FXGLLoadingScene
17:51:42.804 [JavaFX Application Thread] DEBUG PrimaryStageWindow   - FXGLStartupScene -> FXGLLoadingScene
17:51:42.805 [JavaFX Application Thread] DEBUG GameApplicationServi - Clearing previous game
17:51:42.805 [JavaFX Application Thread] DEBUG GameScene            - Clearing game scene
17:51:42.805 [JavaFX Application Thread] DEBUG GameWorld            - Clearing game world
17:51:42.805 [JavaFX Application Thread] DEBUG PhysicsWorld         - Clearing physics world
17:51:42.806 [FXGL Background Thread 4 ] DEBUG FXGLApplication      - Initializing game
17:51:42.806 [JavaFX Application Thread] DEBUG FXGLApplication      - Registering font factories with UI factory
17:51:42.809 [FXGL Background Thread 4 ] DEBUG FXGLAssetLoaderServi - Loading from file system: file:/home/cato/IdeaProjects/simulador3/build/resources/main/assets/textures/lugar.png
17:51:42.868 [FXGL Background Thread 4 ] DEBUG FXGLAssetLoaderServi - Loading from file system: file:/home/cato/IdeaProjects/simulador3/build/resources/main/assets/music/restaurant.wav
17:51:43.035 [FXGL Background Thread 4 ] DEBUG AudioPlayer          - Playing music com.almasb.fxgl.audio.Music@7ca7564e
17:51:43.053 [FXGL Background Thread 4 ] DEBUG FXGLAssetLoaderServi - Loading from file system: file:/home/cato/IdeaProjects/simulador3/build/resources/main/assets/textures/mesero_frontal.png
17:51:43.062 [FXGL Background Thread 4 ] DEBUG FXGLAssetLoaderServi - Loading from file system: file:/home/cato/IdeaProjects/simulador3/build/resources/main/assets/music/order.wav
17:51:43.121 [FXGL Background Thread 4 ] INFO  FXGLApplication      - Game initialization took: 0,315 sec
17:51:43.122 [JavaFX Application Thread] DEBUG Input                - Clearing active input actions
17:51:43.133 [JavaFX Application Thread] DEBUG GameApplicationServi - Removing overlay from FXGLLoadingScene and adding to GameScene
17:51:43.133 [JavaFX Application Thread] DEBUG PrimaryStageWindow   - FXGLLoadingScene -> GameScene
17:51:43.731 [FXGL Background Thread 2 ] INFO  UpdaterService       - Your current version:  17.2
17:51:43.731 [FXGL Background Thread 2 ] INFO  UpdaterService       - Latest stable version: 21.1
17:51:45.672 [FXGL Background Thread 3 ] DEBUG Engine               - Logging environment variables
17:51:45.673 [FXGL Background Thread 3 ] DEBUG Engine               - achievements: []
17:51:45.674 [FXGL Background Thread 3 ] DEBUG Engine               - actualHeight: 571.0
17:51:45.674 [FXGL Background Thread 3 ] DEBUG Engine               - actualHeightProperty: ReadOnlyDoubleProperty [value: 608.0]
17:51:45.674 [FXGL Background Thread 3 ] DEBUG Engine               - actualWidth: 798.0
17:51:45.674 [FXGL Background Thread 3 ] DEBUG Engine               - actualWidthProperty: ReadOnlyDoubleProperty [value: 798.0]
17:51:45.674 [FXGL Background Thread 3 ] DEBUG Engine               - appIcon: fxgl_icon.png
17:51:45.674 [FXGL Background Thread 3 ] DEBUG Engine               - applicationMode: DEVELOPER
17:51:45.675 [FXGL Background Thread 3 ] DEBUG Engine               - cSSList: [fxgl_dark.css]
17:51:45.675 [FXGL Background Thread 3 ] DEBUG Engine               - collisionDetectionStrategy: BRUTE_FORCE
17:51:45.675 [FXGL Background Thread 3 ] DEBUG Engine               - configClass: Optional.empty
17:51:45.675 [FXGL Background Thread 3 ] DEBUG Engine               - credits: []
17:51:45.675 [FXGL Background Thread 3 ] DEBUG Engine               - defaultCursor: CursorInfo(imageName=fxgl_default_cursor.png, hotspotX=7.0, hotspotY=6.0)
17:51:45.675 [FXGL Background Thread 3 ] DEBUG Engine               - devBBoxColorProperty: ObjectProperty [value: 0xff0000ff]
17:51:45.676 [FXGL Background Thread 3 ] DEBUG Engine               - devEnableDebugCameraProperty: BooleanProperty [value: false]
17:51:45.676 [FXGL Background Thread 3 ] DEBUG Engine               - devSensorColorProperty: ObjectProperty [value: 0xffff00ff]
17:51:45.676 [FXGL Background Thread 3 ] DEBUG Engine               - devShowBBoxProperty: BooleanProperty [value: false]
17:51:45.676 [FXGL Background Thread 3 ] DEBUG Engine               - devShowPositionProperty: BooleanProperty [value: false]
17:51:45.676 [FXGL Background Thread 3 ] DEBUG Engine               - enabledMenuItems: []
17:51:45.676 [FXGL Background Thread 3 ] DEBUG Engine               - engineServices: [class com.almasb.fxgl.app.services.FXGLAssetLoaderService, class com.almasb.fxgl.app.FXGLApplication$GameApplicationService, class com.almasb.fxgl.app.services.FXGLDialogService, class com.almasb.fxgl.app.services.IOTaskExecutorService, class com.almasb.fxgl.io.FileSystemService, class com.almasb.fxgl.localization.LocalizationService, class com.almasb.fxgl.app.services.SystemBundleService, class com.almasb.fxgl.profile.SaveLoadService, class com.almasb.fxgl.ui.FXGLUIFactoryServiceProvider, class com.almasb.fxgl.ui.FXGLDialogFactoryServiceProvider, class com.almasb.fxgl.audio.AudioPlayer, class com.almasb.fxgl.notification.impl.NotificationServiceProvider, class com.almasb.fxgl.achievement.AchievementService, class com.almasb.fxgl.cutscene.CutsceneService, class com.almasb.fxgl.minigames.MiniGameService, class com.almasb.fxgl.net.NetService, class com.almasb.fxgl.app.services.UpdaterService, class com.almasb.fxgl.dev.DevService]
17:51:45.676 [FXGL Background Thread 3 ] DEBUG Engine               - fontGame: Abel-Regular.ttf
17:51:45.676 [FXGL Background Thread 3 ] DEBUG Engine               - fontMono: TerminalLandMono-Regular.otf
17:51:45.676 [FXGL Background Thread 3 ] DEBUG Engine               - fontText: Courier-Prime.ttf
17:51:45.677 [FXGL Background Thread 3 ] DEBUG Engine               - fontUI: VarelaRound-Regular.ttf
17:51:45.677 [FXGL Background Thread 3 ] DEBUG Engine               - fullScreen: BooleanProperty [value: false]
17:51:45.677 [FXGL Background Thread 3 ] DEBUG Engine               - gameDifficulty: MEDIUM
17:51:45.677 [FXGL Background Thread 3 ] DEBUG Engine               - gameDifficultyProperty: ObjectProperty [value: MEDIUM]
17:51:45.677 [FXGL Background Thread 3 ] DEBUG Engine               - globalMusicVolume: 0.5
17:51:45.677 [FXGL Background Thread 3 ] DEBUG Engine               - globalMusicVolumeProperty: DoubleProperty [value: 0.5]
17:51:45.677 [FXGL Background Thread 3 ] DEBUG Engine               - globalSoundVolume: 0.5
17:51:45.677 [FXGL Background Thread 3 ] DEBUG Engine               - globalSoundVolumeProperty: DoubleProperty [value: 0.5]
17:51:45.677 [FXGL Background Thread 3 ] DEBUG Engine               - height: 600
17:51:45.677 [FXGL Background Thread 3 ] DEBUG Engine               - is3D: false
17:51:45.677 [FXGL Background Thread 3 ] DEBUG Engine               - isAndroid: false
17:51:45.678 [FXGL Background Thread 3 ] DEBUG Engine               - isBrowser: false
17:51:45.678 [FXGL Background Thread 3 ] DEBUG Engine               - isClickFeedbackEnabled: false
17:51:45.678 [FXGL Background Thread 3 ] DEBUG Engine               - isCloseConfirmation: false
17:51:45.678 [FXGL Background Thread 3 ] DEBUG Engine               - isDesktop: true
17:51:45.678 [FXGL Background Thread 3 ] DEBUG Engine               - isDeveloperMenuEnabled: false
17:51:45.678 [FXGL Background Thread 3 ] DEBUG Engine               - isEmbedded: false
17:51:45.678 [FXGL Background Thread 3 ] DEBUG Engine               - isEntityPreloadEnabled: true
17:51:45.678 [FXGL Background Thread 3 ] DEBUG Engine               - isExperimentalTiledLargeMap: false
17:51:45.678 [FXGL Background Thread 3 ] DEBUG Engine               - isFileSystemWriteAllowed: true
17:51:45.678 [FXGL Background Thread 3 ] DEBUG Engine               - isFullScreenAllowed: false
17:51:45.678 [FXGL Background Thread 3 ] DEBUG Engine               - isFullScreenFromStart: false
17:51:45.678 [FXGL Background Thread 3 ] DEBUG Engine               - isGameMenuEnabled: true
17:51:45.679 [FXGL Background Thread 3 ] DEBUG Engine               - isIOS: false
17:51:45.679 [FXGL Background Thread 3 ] DEBUG Engine               - isIntroEnabled: false
17:51:45.679 [FXGL Background Thread 3 ] DEBUG Engine               - isLinux: true
17:51:45.679 [FXGL Background Thread 3 ] DEBUG Engine               - isMac: false
17:51:45.679 [FXGL Background Thread 3 ] DEBUG Engine               - isMainMenuEnabled: false
17:51:45.679 [FXGL Background Thread 3 ] DEBUG Engine               - isManualResizeEnabled: false
17:51:45.679 [FXGL Background Thread 3 ] DEBUG Engine               - isMobile: false
17:51:45.679 [FXGL Background Thread 3 ] DEBUG Engine               - isNative: false
17:51:45.679 [FXGL Background Thread 3 ] DEBUG Engine               - isPauseMusicWhenMinimized: true
17:51:45.680 [FXGL Background Thread 3 ] DEBUG Engine               - isPreserveResizeRatio: false
17:51:45.680 [FXGL Background Thread 3 ] DEBUG Engine               - isProfilingEnabled: false
17:51:45.680 [FXGL Background Thread 3 ] DEBUG Engine               - isScaleAffectedOnResize: true
17:51:45.680 [FXGL Background Thread 3 ] DEBUG Engine               - isSingleStep: false
17:51:45.680 [FXGL Background Thread 3 ] DEBUG Engine               - isUserProfileEnabled: false
17:51:45.680 [FXGL Background Thread 3 ] DEBUG Engine               - isWindows: false
17:51:45.680 [FXGL Background Thread 3 ] DEBUG Engine               - language: ObjectProperty [value: ENGLISH]
17:51:45.680 [FXGL Background Thread 3 ] DEBUG Engine               - menuKey: ESCAPE
17:51:45.680 [FXGL Background Thread 3 ] DEBUG Engine               - mouseSensitivity: 0.2
17:51:45.680 [FXGL Background Thread 3 ] DEBUG Engine               - notificationViewClass: class com.almasb.fxgl.notification.view.XboxNotificationView
17:51:45.680 [FXGL Background Thread 3 ] DEBUG Engine               - pixelsPerMeter: 50.0
17:51:45.680 [FXGL Background Thread 3 ] DEBUG Engine               - platform: LINUX
17:51:45.681 [FXGL Background Thread 3 ] DEBUG Engine               - prefHeightProperty: ReadOnlyDoubleProperty [value: 600.0]
17:51:45.681 [FXGL Background Thread 3 ] DEBUG Engine               - prefWidthProperty: ReadOnlyDoubleProperty [value: 800.0]
17:51:45.681 [FXGL Background Thread 3 ] DEBUG Engine               - profileDir: profiles/
17:51:45.681 [FXGL Background Thread 3 ] DEBUG Engine               - profileName: StringProperty [value: DEFAULT]
17:51:45.681 [FXGL Background Thread 3 ] DEBUG Engine               - randomSeed: -1
17:51:45.681 [FXGL Background Thread 3 ] DEBUG Engine               - runtimeInfo: RuntimeInfo(platform=LINUX, version=17.2, build=20.08.2022 16.50)
17:51:45.681 [FXGL Background Thread 3 ] DEBUG Engine               - saveFileExt: sav
17:51:45.681 [FXGL Background Thread 3 ] DEBUG Engine               - scaledHeightProp$fxgl: DoubleProperty [bound, value: 608.0]
17:51:45.682 [FXGL Background Thread 3 ] DEBUG Engine               - scaledWidthProp$fxgl: DoubleProperty [bound, value: 798.0]
17:51:45.682 [FXGL Background Thread 3 ] DEBUG Engine               - sceneFactory: com.almasb.fxgl.app.scene.SceneFactory@440ad4c2
17:51:45.682 [FXGL Background Thread 3 ] DEBUG Engine               - secondsIn24h: 60
17:51:45.682 [FXGL Background Thread 3 ] DEBUG Engine               - soundMenuBack: menu/back.wav
17:51:45.682 [FXGL Background Thread 3 ] DEBUG Engine               - soundMenuPress: menu/press.wav
17:51:45.682 [FXGL Background Thread 3 ] DEBUG Engine               - soundMenuSelect: menu/select.wav
17:51:45.682 [FXGL Background Thread 3 ] DEBUG Engine               - soundNotification: core/notification.wav
17:51:45.682 [FXGL Background Thread 3 ] DEBUG Engine               - stageStyle: DECORATED
17:51:45.682 [FXGL Background Thread 3 ] DEBUG Engine               - supportedLanguages: [ENGLISH, FRENCH, GERMAN, HUNGARIAN, RUSSIAN]
17:51:45.682 [FXGL Background Thread 3 ] DEBUG Engine               - ticksPerSecond: -1
17:51:45.682 [FXGL Background Thread 3 ] DEBUG Engine               - title: Untitled
17:51:45.682 [FXGL Background Thread 3 ] DEBUG Engine               - urlGithub: https://github.com/AlmasB/FXGL
17:51:45.682 [FXGL Background Thread 3 ] DEBUG Engine               - urlLeaderboard: http://fxgl-top.herokuapp.com/
17:51:45.683 [FXGL Background Thread 3 ] DEBUG Engine               - urlPOM: https://raw.githubusercontent.com/AlmasB/FXGL/release/README.md
17:51:45.683 [FXGL Background Thread 3 ] DEBUG Engine               - userAppClass: class org.example.Main
17:51:45.683 [FXGL Background Thread 3 ] DEBUG Engine               - version: 0.0
17:51:45.683 [FXGL Background Thread 3 ] DEBUG Engine               - versionCheckDays: 7
17:51:45.683 [FXGL Background Thread 3 ] DEBUG Engine               - width: 800
17:51:45.683 [FXGL Background Thread 3 ] DEBUG Engine               - Logging services
17:51:45.683 [FXGL Background Thread 3 ] DEBUG Engine               - class com.almasb.fxgl.app.services.FXGLAssetLoaderService
17:51:45.683 [FXGL Background Thread 3 ] DEBUG Engine               - class com.almasb.fxgl.app.FXGLApplication$GameApplicationService
17:51:45.683 [FXGL Background Thread 3 ] DEBUG Engine               - class com.almasb.fxgl.app.services.FXGLDialogService
17:51:45.683 [FXGL Background Thread 3 ] DEBUG Engine               - class com.almasb.fxgl.app.services.IOTaskExecutorService
17:51:45.683 [FXGL Background Thread 3 ] DEBUG Engine               - class com.almasb.fxgl.io.FileSystemService
17:51:45.683 [FXGL Background Thread 3 ] DEBUG Engine               - class com.almasb.fxgl.localization.LocalizationService
17:51:45.683 [FXGL Background Thread 3 ] DEBUG Engine               - class com.almasb.fxgl.app.services.SystemBundleService
17:51:45.684 [FXGL Background Thread 3 ] DEBUG Engine               - class com.almasb.fxgl.profile.SaveLoadService
17:51:45.684 [FXGL Background Thread 3 ] DEBUG Engine               - class com.almasb.fxgl.ui.FXGLUIFactoryServiceProvider
17:51:45.684 [FXGL Background Thread 3 ] DEBUG Engine               - class com.almasb.fxgl.ui.FXGLDialogFactoryServiceProvider
17:51:45.684 [FXGL Background Thread 3 ] DEBUG Engine               - class com.almasb.fxgl.audio.AudioPlayer
17:51:45.684 [FXGL Background Thread 3 ] DEBUG Engine               - class com.almasb.fxgl.notification.impl.NotificationServiceProvider
17:51:45.684 [FXGL Background Thread 3 ] DEBUG Engine               - class com.almasb.fxgl.achievement.AchievementService
17:51:45.684 [FXGL Background Thread 3 ] DEBUG Engine               - class com.almasb.fxgl.cutscene.CutsceneService
17:51:45.684 [FXGL Background Thread 3 ] DEBUG Engine               - class com.almasb.fxgl.minigames.MiniGameService
17:51:45.684 [FXGL Background Thread 3 ] DEBUG Engine               - class com.almasb.fxgl.net.NetService
17:51:45.684 [FXGL Background Thread 3 ] DEBUG Engine               - class com.almasb.fxgl.app.services.UpdaterService
17:51:45.684 [FXGL Background Thread 3 ] DEBUG Engine               - class com.almasb.fxgl.dev.DevService
17:51:46.104 [Thread-65                ] DEBUG AudioPlayer          - Playing music com.almasb.fxgl.audio.Music@5c62799f
17:51:46.630 [Thread-90                ] DEBUG AudioPlayer          - Playing music com.almasb.fxgl.audio.Music@5c62799f
17:51:48.105 [Thread-65                ] DEBUG AudioPlayer          - Stopping music com.almasb.fxgl.audio.Music@5c62799f
17:51:48.630 [Thread-90                ] DEBUG AudioPlayer          - Stopping music com.almasb.fxgl.audio.Music@5c62799f
17:51:56.110 [Thread-65                ] DEBUG AudioPlayer          - Playing music com.almasb.fxgl.audio.Music@5c62799f
17:51:57.625 [Thread-90                ] DEBUG AudioPlayer          - Playing music com.almasb.fxgl.audio.Music@5c62799f
17:51:58.111 [Thread-65                ] DEBUG AudioPlayer          - Stopping music com.almasb.fxgl.audio.Music@5c62799f
17:51:59.626 [Thread-90                ] DEBUG AudioPlayer          - Stopping music com.almasb.fxgl.audio.Music@5c62799f
17:52:05.158 [Thread-65                ] DEBUG AudioPlayer          - Playing music com.almasb.fxgl.audio.Music@5c62799f
17:52:07.159 [Thread-65                ] DEBUG AudioPlayer          - Stopping music com.almasb.fxgl.audio.Music@5c62799f
17:52:07.396 [Thread-90                ] DEBUG AudioPlayer          - Playing music com.almasb.fxgl.audio.Music@5c62799f
17:52:09.396 [Thread-90                ] DEBUG AudioPlayer          - Stopping music com.almasb.fxgl.audio.Music@5c62799f
17:52:14.236 [Thread-65                ] DEBUG AudioPlayer          - Playing music com.almasb.fxgl.audio.Music@5c62799f
17:52:16.236 [Thread-65                ] DEBUG AudioPlayer          - Stopping music com.almasb.fxgl.audio.Music@5c62799f
17:52:16.878 [Thread-90                ] DEBUG AudioPlayer          - Playing music com.almasb.fxgl.audio.Music@5c62799f
17:52:18.878 [Thread-90                ] DEBUG AudioPlayer          - Stopping music com.almasb.fxgl.audio.Music@5c62799f
17:52:24.559 [Thread-65                ] DEBUG AudioPlayer          - Playing music com.almasb.fxgl.audio.Music@5c62799f
17:52:26.559 [Thread-65                ] DEBUG AudioPlayer          - Stopping music com.almasb.fxgl.audio.Music@5c62799f
17:52:27.271 [Thread-90                ] DEBUG AudioPlayer          - Playing music com.almasb.fxgl.audio.Music@5c62799f
17:52:29.272 [Thread-90                ] DEBUG AudioPlayer          - Stopping music com.almasb.fxgl.audio.Music@5c62799f
17:52:34.881 [Thread-65                ] DEBUG AudioPlayer          - Playing music com.almasb.fxgl.audio.Music@5c62799f
17:52:36.751 [Thread-90                ] DEBUG AudioPlayer          - Playing music com.almasb.fxgl.audio.Music@5c62799f
17:52:36.882 [Thread-65                ] DEBUG AudioPlayer          - Stopping music com.almasb.fxgl.audio.Music@5c62799f
17:52:38.751 [Thread-90                ] DEBUG AudioPlayer          - Stopping music com.almasb.fxgl.audio.Music@5c62799f
17:52:44.878 [Thread-65                ] DEBUG AudioPlayer          - Playing music com.almasb.fxgl.audio.Music@5c62799f
17:52:46.196 [Thread-90                ] DEBUG AudioPlayer          - Playing music com.almasb.fxgl.audio.Music@5c62799f
17:52:46.878 [Thread-65                ] DEBUG AudioPlayer          - Stopping music com.almasb.fxgl.audio.Music@5c62799f
17:52:48.197 [Thread-90                ] DEBUG AudioPlayer          - Stopping music com.almasb.fxgl.audio.Music@5c62799f
17:52:55.160 [Thread-65                ] DEBUG AudioPlayer          - Playing music com.almasb.fxgl.audio.Music@5c62799f
17:52:56.868 [Thread-90                ] DEBUG AudioPlayer          - Playing music com.almasb.fxgl.audio.Music@5c62799f
17:52:57.161 [Thread-65                ] DEBUG AudioPlayer          - Stopping music com.almasb.fxgl.audio.Music@5c62799f
17:52:58.868 [Thread-90                ] DEBUG AudioPlayer          - Stopping music com.almasb.fxgl.audio.Music@5c62799f
17:53:01.067 [JavaFX Application Thread] DEBUG FXGLApplication      - Exiting FXGL
17:53:01.068 [JavaFX Application Thread] DEBUG LoopRunner           - Stopping loop
17:53:01.068 [JavaFX Application Thread] DEBUG SystemBundleService  - Saving FXGL system data
17:53:01.070 [JavaFX Application Thread] DEBUG FileSystemAccess     - Writing to: /home/cato/IdeaProjects/simulador3/system/fxgl.bundle
17:53:01.073 [JavaFX Application Thread] DEBUG Async                - Shutting down background threads
17:53:01.074 [JavaFX Application Thread] DEBUG PrimaryStageWindow   - Closing main window
17:53:01.076 [JavaFX Application Thread] DEBUG Logger               - Closing Logger
