01:09:53.049 [main                     ] DEBUG Logger               - Configured Logger
01:09:53.084 [main                     ] DEBUG GameApplication      - Logging settings
Title: Untitled
Version: 0.0
Width: 800
Height: 600
Fullscreen: false
Intro: false
Profiling: false
Single step:false
App Mode: DEVELOPER
Menu Key: ESCAPE
Stage Style: DECORATED
Scene Factory: class com.almasb.fxgl.app.scene.SceneFactory

01:09:53.612 [JavaFX Application Thread] DEBUG FXGLApplication      - Initializing FXGL
01:09:53.618 [JavaFX Application Thread] INFO  Engine               - FXGL-17.2 (20.08.2022 16.50) on LINUX (J:21.0.5 FX:20)
01:09:53.618 [JavaFX Application Thread] DEBUG Engine               - JRE Vendor Name: Ubuntu
01:09:53.618 [JavaFX Application Thread] DEBUG Engine               - Running on OS: Linux version 6.8.0-49-generic
01:09:53.618 [JavaFX Application Thread] DEBUG Engine               - Architecture: amd64
01:09:53.619 [JavaFX Application Thread] INFO  Engine               - Source code and latest versions at: https://github.com/AlmasB/FXGL
01:09:53.619 [JavaFX Application Thread] INFO  Engine               -       Ask questions and discuss at: https://github.com/AlmasB/FXGL/discussions
01:09:53.619 [JavaFX Application Thread] INFO  Engine               -              Join the FXGL chat at: https://gitter.im/AlmasB/FXGL
01:09:53.761 [JavaFX Application Thread] DEBUG PrimaryStageWindow   - Creating a JavaFX scene
01:09:53.918 [JavaFX Application Thread] DEBUG PrimaryStageWindow   - Target settings size: 800.0 x 600.0
01:09:53.918 [JavaFX Application Thread] DEBUG PrimaryStageWindow   - Scaled scene size:    800.0 x 600.0
01:09:53.918 [JavaFX Application Thread] DEBUG PrimaryStageWindow   - Scaled ratio: (1.0, 1.0)
01:09:53.920 [JavaFX Application Thread] DEBUG PrimaryStageWindow   - Set initial scene to FXGLStartupScene
01:09:53.923 [JavaFX Application Thread] DEBUG PrimaryStageWindow   - Opening main window
01:09:53.975 [JavaFX Application Thread] DEBUG PrimaryStageWindow   - Window border size: (2.0, 29.0)
01:09:53.976 [JavaFX Application Thread] DEBUG PrimaryStageWindow   - Scaled size: 800.0 x 600.0
01:09:53.976 [JavaFX Application Thread] DEBUG PrimaryStageWindow   - Scaled ratio: (1.0, 1.0)
01:09:53.977 [JavaFX Application Thread] DEBUG PrimaryStageWindow   - Scene size: 800.0 x 600.0
01:09:53.977 [JavaFX Application Thread] DEBUG PrimaryStageWindow   - Stage size: 802.0 x 629.0
01:09:53.988 [FXGL Background Thread 1 ] DEBUG Engine               - Initializing environment variables
01:09:54.057 [FXGL Background Thread 1 ] DEBUG FXGLAssetLoaderServi - User app class for loading assets: class org.example.Main
01:09:54.057 [FXGL Background Thread 1 ] DEBUG GameApplicationServi - Applying CSS: fxgl_dark.css
01:09:54.058 [FXGL Background Thread 1 ] DEBUG FXGLAssetLoaderServi - Loading from file system: jar:file:/home/cato/.gradle/caches/modules-2/files-2.1/com.github.almasb/fxgl/17.2/35db6ae960eec2dcfd19262d3b7f9c42f0e95bc3/fxgl-17.2.jar!/fxglassets/ui/css/fxgl_dark.css
01:09:54.117 [FXGL Background Thread 1 ] DEBUG GameApplicationServi - Initializing application scenes
01:09:54.180 [FXGL Background Thread 1 ] DEBUG GameWorld            - Game world initialized
01:09:54.244 [FXGL Background Thread 1 ] DEBUG PhysicsWorld         - Physics world initialized: appHeight=600, physics.ppm=50,0
01:09:54.245 [FXGL Background Thread 1 ] DEBUG PhysicsWorld         - Using strategy: BRUTE_FORCE
01:09:54.250 [FXGL Background Thread 1 ] DEBUG GameScene            - Game scene initialized: 800x600
01:09:54.264 [FXGL Background Thread 1 ] DEBUG FXGL.DefaultMenu     - createMenuBodyGameMenu()
01:09:54.283 [FXGL Background Thread 1 ] DEBUG FXGL.DefaultMenu     - createOptionsMenu()
01:09:54.297 [FXGL Background Thread 1 ] DEBUG FXGLAssetLoaderServi - Loading from file system: jar:file:/home/cato/.gradle/caches/modules-2/files-2.1/com.github.almasb/fxgl/17.2/35db6ae960eec2dcfd19262d3b7f9c42f0e95bc3/fxgl-17.2.jar!/fxglassets/textures/particles/smoke.png
01:09:54.439 [FXGL Background Thread 1 ] DEBUG FXGLAssetLoaderServi - Loading from file system: jar:file:/home/cato/.gradle/caches/modules-2/files-2.1/com.github.almasb/fxgl/17.2/35db6ae960eec2dcfd19262d3b7f9c42f0e95bc3/fxgl-17.2.jar!/fxglassets/textures/particles/trace_horizontal.png
01:09:54.472 [FXGL Background Thread 1 ] DEBUG GameApplicationServi - Application scenes initialized
01:09:54.488 [FXGL Background Thread 1 ] DEBUG SystemBundleService  - Loading FXGL system data
01:09:54.493 [FXGL Background Thread 1 ] DEBUG FileSystemAccess     - Reading from: /home/cato/IdeaProjects/simulador3/system/fxgl.bundle
01:09:54.504 [FXGL Background Thread 1 ] DEBUG SystemBundleService  - Bundle FXGL: {}
01:09:54.504 [FXGL Background Thread 1 ] DEBUG UpdaterService       - Checking for updates
01:09:54.510 [FXGL Background Thread 4 ] DEBUG FXGLApplication      - Loading fonts
01:09:54.510 [FXGL Background Thread 1 ] DEBUG FXGLApplication      - Loading default localization
01:09:54.510 [FXGL Background Thread 4 ] DEBUG FXGLAssetLoaderServi - Loading from file system: jar:file:/home/cato/.gradle/caches/modules-2/files-2.1/com.github.almasb/fxgl/17.2/35db6ae960eec2dcfd19262d3b7f9c42f0e95bc3/fxgl-17.2.jar!/fxglassets/ui/fonts/VarelaRound-Regular.ttf
01:09:54.511 [FXGL Background Thread 1 ] DEBUG FXGLAssetLoaderServi - Loading from file system: jar:file:/home/cato/.gradle/caches/modules-2/files-2.1/com.github.almasb/fxgl/17.2/35db6ae960eec2dcfd19262d3b7f9c42f0e95bc3/fxgl-17.2.jar!/fxglassets/languages/english.lang
01:09:54.522 [FXGL Background Thread 4 ] DEBUG FXGLAssetLoaderServi - Loading from file system: jar:file:/home/cato/.gradle/caches/modules-2/files-2.1/com.github.almasb/fxgl/17.2/35db6ae960eec2dcfd19262d3b7f9c42f0e95bc3/fxgl-17.2.jar!/fxglassets/ui/fonts/Abel-Regular.ttf
01:09:54.524 [FXGL Background Thread 4 ] DEBUG FXGLAssetLoaderServi - Loading from file system: jar:file:/home/cato/.gradle/caches/modules-2/files-2.1/com.github.almasb/fxgl/17.2/35db6ae960eec2dcfd19262d3b7f9c42f0e95bc3/fxgl-17.2.jar!/fxglassets/ui/fonts/TerminalLandMono-Regular.otf
01:09:54.527 [FXGL Background Thread 4 ] DEBUG FXGLAssetLoaderServi - Loading from file system: jar:file:/home/cato/.gradle/caches/modules-2/files-2.1/com.github.almasb/fxgl/17.2/35db6ae960eec2dcfd19262d3b7f9c42f0e95bc3/fxgl-17.2.jar!/fxglassets/ui/fonts/Courier-Prime.ttf
01:09:54.528 [FXGL Background Thread 1 ] INFO  FXGLApplication      - FXGL initialization took: 0,540 sec
01:09:54.530 [JavaFX Application Thread] DEBUG FXGLAssetLoaderServi - Loading from file system: jar:file:/home/cato/.gradle/caches/modules-2/files-2.1/com.github.almasb/fxgl/17.2/35db6ae960eec2dcfd19262d3b7f9c42f0e95bc3/fxgl-17.2.jar!/fxglassets/textures/fxgl_icon.png
01:09:54.562 [JavaFX Application Thread] DEBUG FXGLAssetLoaderServi - Loading from file system: jar:file:/home/cato/.gradle/caches/modules-2/files-2.1/com.github.almasb/fxgl/17.2/35db6ae960eec2dcfd19262d3b7f9c42f0e95bc3/fxgl-17.2.jar!/fxglassets/textures/fxgl_default_cursor.png
01:09:54.575 [JavaFX Application Thread] DEBUG Input                - Registered new binding: Screenshot - CTRL+8
01:09:54.576 [JavaFX Application Thread] DEBUG Input                - Registered new binding: System info dump - CTRL+9
01:09:54.576 [JavaFX Application Thread] DEBUG Input                - Registered new binding: Restart - CTRL+R
01:09:54.577 [JavaFX Application Thread] DEBUG Input                - Registered new binding: Toggle Debug Camera - CTRL+7
01:09:54.579 [JavaFX Application Thread] DEBUG LoopRunner           - Starting loop
01:09:54.579 [JavaFX Application Thread] DEBUG LoopRunner           - Initializing JavaFX AnimationTimerLoop
01:09:54.580 [JavaFX Application Thread] DEBUG GameApplicationServi - Starting new game
01:09:54.581 [JavaFX Application Thread] DEBUG Input                - Clearing active input actions
01:09:54.593 [JavaFX Application Thread] DEBUG GameApplicationServi - Removing overlay from FXGLStartupScene and adding to FXGLLoadingScene
01:09:54.594 [JavaFX Application Thread] DEBUG PrimaryStageWindow   - FXGLStartupScene -> FXGLLoadingScene
01:09:54.594 [JavaFX Application Thread] DEBUG GameApplicationServi - Clearing previous game
01:09:54.594 [JavaFX Application Thread] DEBUG GameScene            - Clearing game scene
01:09:54.594 [JavaFX Application Thread] DEBUG GameWorld            - Clearing game world
01:09:54.594 [JavaFX Application Thread] DEBUG PhysicsWorld         - Clearing physics world
01:09:54.596 [JavaFX Application Thread] DEBUG FXGLApplication      - Registering font factories with UI factory
01:09:54.596 [FXGL Background Thread 4 ] DEBUG FXGLApplication      - Initializing game
01:09:54.598 [FXGL Background Thread 4 ] DEBUG FXGLAssetLoaderServi - Loading from file system: file:/home/cato/IdeaProjects/simulador3/build/resources/main/assets/textures/lugar.png
01:09:54.683 [FXGL Background Thread 4 ] DEBUG FXGLAssetLoaderServi - Loading from file system: file:/home/cato/IdeaProjects/simulador3/build/resources/main/assets/music/restaurant.wav
01:09:54.832 [FXGL Background Thread 4 ] DEBUG AudioPlayer          - Playing music com.almasb.fxgl.audio.Music@22542371
01:09:54.847 [FXGL Background Thread 4 ] DEBUG FXGLAssetLoaderServi - Loading from file system: file:/home/cato/IdeaProjects/simulador3/build/resources/main/assets/textures/mesero_frontal.png
01:09:54.855 [FXGL Background Thread 4 ] DEBUG FXGLAssetLoaderServi - Loading from file system: file:/home/cato/IdeaProjects/simulador3/build/resources/main/assets/music/order.wav
01:09:54.868 [FXGL Background Thread 4 ] DEBUG FXGLAssetLoaderServi - Loading from file system: file:/home/cato/IdeaProjects/simulador3/build/resources/main/assets/textures/chef.png
01:09:54.875 [FXGL Background Thread 4 ] DEBUG FXGLAssetLoaderServi - Loading from file system: file:/home/cato/IdeaProjects/simulador3/build/resources/main/assets/music/cooking.wav
01:09:54.886 [FXGL Background Thread 4 ] INFO  FXGLApplication      - Game initialization took: 0,290 sec
01:09:54.887 [JavaFX Application Thread] DEBUG Input                - Clearing active input actions
01:09:54.897 [JavaFX Application Thread] DEBUG GameApplicationServi - Removing overlay from FXGLLoadingScene and adding to GameScene
01:09:54.897 [JavaFX Application Thread] DEBUG PrimaryStageWindow   - FXGLLoadingScene -> GameScene
01:09:55.394 [FXGL Background Thread 2 ] INFO  UpdaterService       - Your current version:  17.2
01:09:55.394 [FXGL Background Thread 2 ] INFO  UpdaterService       - Latest stable version: 21.1
01:09:55.675 [JavaFX Application Thread] DEBUG FXGLAssetLoaderServi - Loading from file system: file:/home/cato/IdeaProjects/simulador3/build/resources/main/assets/textures/client.png
01:09:57.507 [FXGL Background Thread 3 ] DEBUG Engine               - Logging environment variables
01:09:57.509 [FXGL Background Thread 3 ] DEBUG Engine               - achievements: []
01:09:57.509 [FXGL Background Thread 3 ] DEBUG Engine               - actualHeight: 608.0
01:09:57.509 [FXGL Background Thread 3 ] DEBUG Engine               - actualHeightProperty: ReadOnlyDoubleProperty [value: 608.0]
01:09:57.509 [FXGL Background Thread 3 ] DEBUG Engine               - actualWidth: 798.0
01:09:57.510 [FXGL Background Thread 3 ] DEBUG Engine               - actualWidthProperty: ReadOnlyDoubleProperty [value: 798.0]
01:09:57.510 [FXGL Background Thread 3 ] DEBUG Engine               - appIcon: fxgl_icon.png
01:09:57.510 [FXGL Background Thread 3 ] DEBUG Engine               - applicationMode: DEVELOPER
01:09:57.510 [FXGL Background Thread 3 ] DEBUG Engine               - cSSList: [fxgl_dark.css]
01:09:57.510 [FXGL Background Thread 3 ] DEBUG Engine               - collisionDetectionStrategy: BRUTE_FORCE
01:09:57.510 [FXGL Background Thread 3 ] DEBUG Engine               - configClass: Optional.empty
01:09:57.511 [FXGL Background Thread 3 ] DEBUG Engine               - credits: []
01:09:57.511 [FXGL Background Thread 3 ] DEBUG Engine               - defaultCursor: CursorInfo(imageName=fxgl_default_cursor.png, hotspotX=7.0, hotspotY=6.0)
01:09:57.511 [FXGL Background Thread 3 ] DEBUG Engine               - devBBoxColorProperty: ObjectProperty [value: 0xff0000ff]
01:09:57.512 [FXGL Background Thread 3 ] DEBUG Engine               - devEnableDebugCameraProperty: BooleanProperty [value: false]
01:09:57.512 [FXGL Background Thread 3 ] DEBUG Engine               - devSensorColorProperty: ObjectProperty [value: 0xffff00ff]
01:09:57.512 [FXGL Background Thread 3 ] DEBUG Engine               - devShowBBoxProperty: BooleanProperty [value: false]
01:09:57.512 [FXGL Background Thread 3 ] DEBUG Engine               - devShowPositionProperty: BooleanProperty [value: false]
01:09:57.512 [FXGL Background Thread 3 ] DEBUG Engine               - enabledMenuItems: []
01:09:57.512 [FXGL Background Thread 3 ] DEBUG Engine               - engineServices: [class com.almasb.fxgl.app.services.FXGLAssetLoaderService, class com.almasb.fxgl.app.FXGLApplication$GameApplicationService, class com.almasb.fxgl.app.services.FXGLDialogService, class com.almasb.fxgl.app.services.IOTaskExecutorService, class com.almasb.fxgl.io.FileSystemService, class com.almasb.fxgl.localization.LocalizationService, class com.almasb.fxgl.app.services.SystemBundleService, class com.almasb.fxgl.profile.SaveLoadService, class com.almasb.fxgl.ui.FXGLUIFactoryServiceProvider, class com.almasb.fxgl.ui.FXGLDialogFactoryServiceProvider, class com.almasb.fxgl.audio.AudioPlayer, class com.almasb.fxgl.notification.impl.NotificationServiceProvider, class com.almasb.fxgl.achievement.AchievementService, class com.almasb.fxgl.cutscene.CutsceneService, class com.almasb.fxgl.minigames.MiniGameService, class com.almasb.fxgl.net.NetService, class com.almasb.fxgl.app.services.UpdaterService, class com.almasb.fxgl.dev.DevService]
01:09:57.513 [FXGL Background Thread 3 ] DEBUG Engine               - fontGame: Abel-Regular.ttf
01:09:57.513 [FXGL Background Thread 3 ] DEBUG Engine               - fontMono: TerminalLandMono-Regular.otf
01:09:57.513 [FXGL Background Thread 3 ] DEBUG Engine               - fontText: Courier-Prime.ttf
01:09:57.513 [FXGL Background Thread 3 ] DEBUG Engine               - fontUI: VarelaRound-Regular.ttf
01:09:57.513 [FXGL Background Thread 3 ] DEBUG Engine               - fullScreen: BooleanProperty [value: false]
01:09:57.513 [FXGL Background Thread 3 ] DEBUG Engine               - gameDifficulty: MEDIUM
01:09:57.513 [FXGL Background Thread 3 ] DEBUG Engine               - gameDifficultyProperty: ObjectProperty [value: MEDIUM]
01:09:57.513 [FXGL Background Thread 3 ] DEBUG Engine               - globalMusicVolume: 0.5
01:09:57.514 [FXGL Background Thread 3 ] DEBUG Engine               - globalMusicVolumeProperty: DoubleProperty [value: 0.5]
01:09:57.514 [FXGL Background Thread 3 ] DEBUG Engine               - globalSoundVolume: 0.5
01:09:57.514 [FXGL Background Thread 3 ] DEBUG Engine               - globalSoundVolumeProperty: DoubleProperty [value: 0.5]
01:09:57.515 [FXGL Background Thread 3 ] DEBUG Engine               - height: 600
01:09:57.515 [FXGL Background Thread 3 ] DEBUG Engine               - is3D: false
01:09:57.515 [FXGL Background Thread 3 ] DEBUG Engine               - isAndroid: false
01:09:57.515 [FXGL Background Thread 3 ] DEBUG Engine               - isBrowser: false
01:09:57.515 [FXGL Background Thread 3 ] DEBUG Engine               - isClickFeedbackEnabled: false
01:09:57.515 [FXGL Background Thread 3 ] DEBUG Engine               - isCloseConfirmation: false
01:09:57.515 [FXGL Background Thread 3 ] DEBUG Engine               - isDesktop: true
01:09:57.515 [FXGL Background Thread 3 ] DEBUG Engine               - isDeveloperMenuEnabled: false
01:09:57.515 [FXGL Background Thread 3 ] DEBUG Engine               - isEmbedded: false
01:09:57.515 [FXGL Background Thread 3 ] DEBUG Engine               - isEntityPreloadEnabled: true
01:09:57.516 [FXGL Background Thread 3 ] DEBUG Engine               - isExperimentalTiledLargeMap: false
01:09:57.516 [FXGL Background Thread 3 ] DEBUG Engine               - isFileSystemWriteAllowed: true
01:09:57.516 [FXGL Background Thread 3 ] DEBUG Engine               - isFullScreenAllowed: false
01:09:57.516 [FXGL Background Thread 3 ] DEBUG Engine               - isFullScreenFromStart: false
01:09:57.516 [FXGL Background Thread 3 ] DEBUG Engine               - isGameMenuEnabled: true
01:09:57.516 [FXGL Background Thread 3 ] DEBUG Engine               - isIOS: false
01:09:57.516 [FXGL Background Thread 3 ] DEBUG Engine               - isIntroEnabled: false
01:09:57.516 [FXGL Background Thread 3 ] DEBUG Engine               - isLinux: true
01:09:57.516 [FXGL Background Thread 3 ] DEBUG Engine               - isMac: false
01:09:57.516 [FXGL Background Thread 3 ] DEBUG Engine               - isMainMenuEnabled: false
01:09:57.517 [FXGL Background Thread 3 ] DEBUG Engine               - isManualResizeEnabled: false
01:09:57.517 [FXGL Background Thread 3 ] DEBUG Engine               - isMobile: false
01:09:57.517 [FXGL Background Thread 3 ] DEBUG Engine               - isNative: false
01:09:57.517 [FXGL Background Thread 3 ] DEBUG Engine               - isPauseMusicWhenMinimized: true
01:09:57.517 [FXGL Background Thread 3 ] DEBUG Engine               - isPreserveResizeRatio: false
01:09:57.517 [FXGL Background Thread 3 ] DEBUG Engine               - isProfilingEnabled: false
01:09:57.517 [FXGL Background Thread 3 ] DEBUG Engine               - isScaleAffectedOnResize: true
01:09:57.517 [FXGL Background Thread 3 ] DEBUG Engine               - isSingleStep: false
01:09:57.517 [FXGL Background Thread 3 ] DEBUG Engine               - isUserProfileEnabled: false
01:09:57.517 [FXGL Background Thread 3 ] DEBUG Engine               - isWindows: false
01:09:57.517 [FXGL Background Thread 3 ] DEBUG Engine               - language: ObjectProperty [value: ENGLISH]
01:09:57.518 [FXGL Background Thread 3 ] DEBUG Engine               - menuKey: ESCAPE
01:09:57.518 [FXGL Background Thread 3 ] DEBUG Engine               - mouseSensitivity: 0.2
01:09:57.518 [FXGL Background Thread 3 ] DEBUG Engine               - notificationViewClass: class com.almasb.fxgl.notification.view.XboxNotificationView
01:09:57.518 [FXGL Background Thread 3 ] DEBUG Engine               - pixelsPerMeter: 50.0
01:09:57.518 [FXGL Background Thread 3 ] DEBUG Engine               - platform: LINUX
01:09:57.518 [FXGL Background Thread 3 ] DEBUG Engine               - prefHeightProperty: ReadOnlyDoubleProperty [value: 600.0]
01:09:57.518 [FXGL Background Thread 3 ] DEBUG Engine               - prefWidthProperty: ReadOnlyDoubleProperty [value: 800.0]
01:09:57.518 [FXGL Background Thread 3 ] DEBUG Engine               - profileDir: profiles/
01:09:57.518 [FXGL Background Thread 3 ] DEBUG Engine               - profileName: StringProperty [value: DEFAULT]
01:09:57.519 [FXGL Background Thread 3 ] DEBUG Engine               - randomSeed: -1
01:09:57.519 [FXGL Background Thread 3 ] DEBUG Engine               - runtimeInfo: RuntimeInfo(platform=LINUX, version=17.2, build=20.08.2022 16.50)
01:09:57.519 [FXGL Background Thread 3 ] DEBUG Engine               - saveFileExt: sav
01:09:57.519 [FXGL Background Thread 3 ] DEBUG Engine               - scaledHeightProp$fxgl: DoubleProperty [bound, value: 608.0]
01:09:57.519 [FXGL Background Thread 3 ] DEBUG Engine               - scaledWidthProp$fxgl: DoubleProperty [bound, value: 798.0]
01:09:57.519 [FXGL Background Thread 3 ] DEBUG Engine               - sceneFactory: com.almasb.fxgl.app.scene.SceneFactory@48e693b4
01:09:57.519 [FXGL Background Thread 3 ] DEBUG Engine               - secondsIn24h: 60
01:09:57.519 [FXGL Background Thread 3 ] DEBUG Engine               - soundMenuBack: menu/back.wav
01:09:57.520 [FXGL Background Thread 3 ] DEBUG Engine               - soundMenuPress: menu/press.wav
01:09:57.520 [FXGL Background Thread 3 ] DEBUG Engine               - soundMenuSelect: menu/select.wav
01:09:57.520 [FXGL Background Thread 3 ] DEBUG Engine               - soundNotification: core/notification.wav
01:09:57.520 [FXGL Background Thread 3 ] DEBUG Engine               - stageStyle: DECORATED
01:09:57.520 [FXGL Background Thread 3 ] DEBUG Engine               - supportedLanguages: [ENGLISH, FRENCH, GERMAN, HUNGARIAN, RUSSIAN]
01:09:57.520 [FXGL Background Thread 3 ] DEBUG Engine               - ticksPerSecond: -1
01:09:57.520 [FXGL Background Thread 3 ] DEBUG Engine               - title: Untitled
01:09:57.520 [FXGL Background Thread 3 ] DEBUG Engine               - urlGithub: https://github.com/AlmasB/FXGL
01:09:57.520 [FXGL Background Thread 3 ] DEBUG Engine               - urlLeaderboard: http://fxgl-top.herokuapp.com/
01:09:57.520 [FXGL Background Thread 3 ] DEBUG Engine               - urlPOM: https://raw.githubusercontent.com/AlmasB/FXGL/release/README.md
01:09:57.520 [FXGL Background Thread 3 ] DEBUG Engine               - userAppClass: class org.example.Main
01:09:57.521 [FXGL Background Thread 3 ] DEBUG Engine               - version: 0.0
01:09:57.521 [FXGL Background Thread 3 ] DEBUG Engine               - versionCheckDays: 7
01:09:57.521 [FXGL Background Thread 3 ] DEBUG Engine               - width: 800
01:09:57.521 [FXGL Background Thread 3 ] DEBUG Engine               - Logging services
01:09:57.521 [FXGL Background Thread 3 ] DEBUG Engine               - class com.almasb.fxgl.app.services.FXGLAssetLoaderService
01:09:57.521 [FXGL Background Thread 3 ] DEBUG Engine               - class com.almasb.fxgl.app.FXGLApplication$GameApplicationService
01:09:57.521 [FXGL Background Thread 3 ] DEBUG Engine               - class com.almasb.fxgl.app.services.FXGLDialogService
01:09:57.521 [FXGL Background Thread 3 ] DEBUG Engine               - class com.almasb.fxgl.app.services.IOTaskExecutorService
01:09:57.521 [FXGL Background Thread 3 ] DEBUG Engine               - class com.almasb.fxgl.io.FileSystemService
01:09:57.521 [FXGL Background Thread 3 ] DEBUG Engine               - class com.almasb.fxgl.localization.LocalizationService
01:09:57.521 [FXGL Background Thread 3 ] DEBUG Engine               - class com.almasb.fxgl.app.services.SystemBundleService
01:09:57.521 [FXGL Background Thread 3 ] DEBUG Engine               - class com.almasb.fxgl.profile.SaveLoadService
01:09:57.521 [FXGL Background Thread 3 ] DEBUG Engine               - class com.almasb.fxgl.ui.FXGLUIFactoryServiceProvider
01:09:57.522 [FXGL Background Thread 3 ] DEBUG Engine               - class com.almasb.fxgl.ui.FXGLDialogFactoryServiceProvider
01:09:57.522 [FXGL Background Thread 3 ] DEBUG Engine               - class com.almasb.fxgl.audio.AudioPlayer
01:09:57.522 [FXGL Background Thread 3 ] DEBUG Engine               - class com.almasb.fxgl.notification.impl.NotificationServiceProvider
01:09:57.522 [FXGL Background Thread 3 ] DEBUG Engine               - class com.almasb.fxgl.achievement.AchievementService
01:09:57.522 [FXGL Background Thread 3 ] DEBUG Engine               - class com.almasb.fxgl.cutscene.CutsceneService
01:09:57.522 [FXGL Background Thread 3 ] DEBUG Engine               - class com.almasb.fxgl.minigames.MiniGameService
01:09:57.522 [FXGL Background Thread 3 ] DEBUG Engine               - class com.almasb.fxgl.net.NetService
01:09:57.522 [FXGL Background Thread 3 ] DEBUG Engine               - class com.almasb.fxgl.app.services.UpdaterService
01:09:57.522 [FXGL Background Thread 3 ] DEBUG Engine               - class com.almasb.fxgl.dev.DevService
01:10:03.193 [Thread-83                ] DEBUG AudioPlayer          - Playing music com.almasb.fxgl.audio.Music@32c77cfa
01:10:04.999 [Thread-46                ] DEBUG AudioPlayer          - Playing music com.almasb.fxgl.audio.Music@32c77cfa
01:10:05.195 [Thread-83                ] DEBUG AudioPlayer          - Stopping music com.almasb.fxgl.audio.Music@32c77cfa
01:10:06.999 [Thread-46                ] DEBUG AudioPlayer          - Stopping music com.almasb.fxgl.audio.Music@32c77cfa
01:10:12.857 [Thread-102               ] DEBUG AudioPlayer          - Playing music com.almasb.fxgl.audio.Music@784f4b2e
01:10:13.326 [Thread-122               ] DEBUG AudioPlayer          - Playing music com.almasb.fxgl.audio.Music@784f4b2e
01:10:13.538 [Thread-83                ] DEBUG AudioPlayer          - Playing music com.almasb.fxgl.audio.Music@32c77cfa
01:10:14.483 [Thread-46                ] DEBUG AudioPlayer          - Playing music com.almasb.fxgl.audio.Music@32c77cfa
01:10:15.538 [Thread-83                ] DEBUG AudioPlayer          - Stopping music com.almasb.fxgl.audio.Music@32c77cfa
01:10:16.484 [Thread-46                ] DEBUG AudioPlayer          - Stopping music com.almasb.fxgl.audio.Music@32c77cfa
01:10:17.858 [Thread-102               ] DEBUG AudioPlayer          - Stopping music com.almasb.fxgl.audio.Music@784f4b2e
01:10:17.893 [Thread-102               ] DEBUG FXGLAssetLoaderServi - Loading from file system: file:/home/cato/IdeaProjects/simulador3/build/resources/main/assets/music/bell.wav
01:10:17.902 [Thread-102               ] DEBUG AudioPlayer          - Playing music com.almasb.fxgl.audio.Music@229b18ba
01:10:18.327 [Thread-122               ] DEBUG AudioPlayer          - Stopping music com.almasb.fxgl.audio.Music@784f4b2e
01:10:18.328 [Thread-122               ] DEBUG AudioPlayer          - Playing music com.almasb.fxgl.audio.Music@229b18ba
01:10:21.659 [Thread-102               ] DEBUG AudioPlayer          - Playing music com.almasb.fxgl.audio.Music@784f4b2e
01:10:23.514 [Thread-83                ] DEBUG AudioPlayer          - Playing music com.almasb.fxgl.audio.Music@32c77cfa
01:10:24.014 [Thread-122               ] DEBUG AudioPlayer          - Playing music com.almasb.fxgl.audio.Music@784f4b2e
01:10:25.514 [Thread-83                ] DEBUG AudioPlayer          - Stopping music com.almasb.fxgl.audio.Music@32c77cfa
01:10:26.659 [Thread-102               ] DEBUG AudioPlayer          - Stopping music com.almasb.fxgl.audio.Music@784f4b2e
01:10:26.682 [Thread-102               ] DEBUG AudioPlayer          - Playing music com.almasb.fxgl.audio.Music@229b18ba
01:10:29.014 [Thread-122               ] DEBUG AudioPlayer          - Stopping music com.almasb.fxgl.audio.Music@784f4b2e
01:10:29.015 [Thread-122               ] DEBUG AudioPlayer          - Playing music com.almasb.fxgl.audio.Music@229b18ba
01:10:33.308 [Thread-102               ] DEBUG AudioPlayer          - Playing music com.almasb.fxgl.audio.Music@784f4b2e
01:10:38.309 [Thread-102               ] DEBUG AudioPlayer          - Stopping music com.almasb.fxgl.audio.Music@784f4b2e
01:10:38.330 [Thread-102               ] DEBUG AudioPlayer          - Playing music com.almasb.fxgl.audio.Music@229b18ba
01:10:45.405 [JavaFX Application Thread] DEBUG FXGLApplication      - Exiting FXGL
01:10:45.405 [JavaFX Application Thread] DEBUG LoopRunner           - Stopping loop
01:10:45.405 [JavaFX Application Thread] DEBUG SystemBundleService  - Saving FXGL system data
01:10:45.408 [JavaFX Application Thread] DEBUG FileSystemAccess     - Writing to: /home/cato/IdeaProjects/simulador3/system/fxgl.bundle
01:10:45.412 [JavaFX Application Thread] DEBUG Async                - Shutting down background threads
01:10:45.413 [JavaFX Application Thread] DEBUG PrimaryStageWindow   - Closing main window
01:10:45.416 [JavaFX Application Thread] DEBUG Logger               - Closing Logger
