02:11:44.236 [main                     ] DEBUG Logger               - Configured Logger
02:11:44.262 [main                     ] DEBUG GameApplication      - Logging settings
Title: Untitled
Version: 0.0
Width: 800
Height: 600
Fullscreen: false
Intro: false
Profiling: false
Single step:false
App Mode: DEVELOPER
Menu Key: ESCAPE
Stage Style: DECORATED
Scene Factory: class com.almasb.fxgl.app.scene.SceneFactory

02:11:44.593 [JavaFX Application Thread] DEBUG FXGLApplication      - Initializing FXGL
02:11:44.596 [JavaFX Application Thread] INFO  Engine               - FXGL-17.2 (20.08.2022 16.50) on LINUX (J:21.0.5 FX:20)
02:11:44.596 [JavaFX Application Thread] DEBUG Engine               - JRE Vendor Name: Ubuntu
02:11:44.597 [JavaFX Application Thread] DEBUG Engine               - Running on OS: Linux version 6.8.0-49-generic
02:11:44.597 [JavaFX Application Thread] DEBUG Engine               - Architecture: amd64
02:11:44.597 [JavaFX Application Thread] INFO  Engine               - Source code and latest versions at: https://github.com/AlmasB/FXGL
02:11:44.597 [JavaFX Application Thread] INFO  Engine               -       Ask questions and discuss at: https://github.com/AlmasB/FXGL/discussions
02:11:44.597 [JavaFX Application Thread] INFO  Engine               -              Join the FXGL chat at: https://gitter.im/AlmasB/FXGL
02:11:44.675 [JavaFX Application Thread] DEBUG PrimaryStageWindow   - Creating a JavaFX scene
02:11:44.760 [JavaFX Application Thread] DEBUG PrimaryStageWindow   - Target settings size: 800.0 x 600.0
02:11:44.760 [JavaFX Application Thread] DEBUG PrimaryStageWindow   - Scaled scene size:    800.0 x 600.0
02:11:44.760 [JavaFX Application Thread] DEBUG PrimaryStageWindow   - Scaled ratio: (1.0, 1.0)
02:11:44.761 [JavaFX Application Thread] DEBUG PrimaryStageWindow   - Set initial scene to FXGLStartupScene
02:11:44.764 [JavaFX Application Thread] DEBUG PrimaryStageWindow   - Opening main window
02:11:44.800 [JavaFX Application Thread] DEBUG PrimaryStageWindow   - Window border size: (2.0, 29.0)
02:11:44.801 [JavaFX Application Thread] DEBUG PrimaryStageWindow   - Scaled size: 800.0 x 600.0
02:11:44.801 [JavaFX Application Thread] DEBUG PrimaryStageWindow   - Scaled ratio: (1.0, 1.0)
02:11:44.801 [JavaFX Application Thread] DEBUG PrimaryStageWindow   - Scene size: 800.0 x 600.0
02:11:44.802 [JavaFX Application Thread] DEBUG PrimaryStageWindow   - Stage size: 802.0 x 629.0
02:11:44.809 [FXGL Background Thread 1 ] DEBUG Engine               - Initializing environment variables
02:11:44.854 [FXGL Background Thread 1 ] DEBUG FXGLAssetLoaderServi - User app class for loading assets: class org.example.Main
02:11:44.854 [FXGL Background Thread 1 ] DEBUG GameApplicationServi - Applying CSS: fxgl_dark.css
02:11:44.855 [FXGL Background Thread 1 ] DEBUG FXGLAssetLoaderServi - Loading from file system: jar:file:/home/cato/.gradle/caches/modules-2/files-2.1/com.github.almasb/fxgl/17.2/35db6ae960eec2dcfd19262d3b7f9c42f0e95bc3/fxgl-17.2.jar!/fxglassets/ui/css/fxgl_dark.css
02:11:44.893 [FXGL Background Thread 1 ] DEBUG GameApplicationServi - Initializing application scenes
02:11:44.937 [FXGL Background Thread 1 ] DEBUG GameWorld            - Game world initialized
02:11:44.975 [FXGL Background Thread 1 ] DEBUG PhysicsWorld         - Physics world initialized: appHeight=600, physics.ppm=50,0
02:11:44.975 [FXGL Background Thread 1 ] DEBUG PhysicsWorld         - Using strategy: BRUTE_FORCE
02:11:44.980 [FXGL Background Thread 1 ] DEBUG GameScene            - Game scene initialized: 800x600
02:11:44.991 [FXGL Background Thread 1 ] DEBUG FXGL.DefaultMenu     - createMenuBodyGameMenu()
02:11:45.003 [FXGL Background Thread 1 ] DEBUG FXGL.DefaultMenu     - createOptionsMenu()
02:11:45.012 [FXGL Background Thread 1 ] DEBUG FXGLAssetLoaderServi - Loading from file system: jar:file:/home/cato/.gradle/caches/modules-2/files-2.1/com.github.almasb/fxgl/17.2/35db6ae960eec2dcfd19262d3b7f9c42f0e95bc3/fxgl-17.2.jar!/fxglassets/textures/particles/smoke.png
02:11:45.086 [FXGL Background Thread 1 ] DEBUG FXGLAssetLoaderServi - Loading from file system: jar:file:/home/cato/.gradle/caches/modules-2/files-2.1/com.github.almasb/fxgl/17.2/35db6ae960eec2dcfd19262d3b7f9c42f0e95bc3/fxgl-17.2.jar!/fxglassets/textures/particles/trace_horizontal.png
02:11:45.109 [FXGL Background Thread 1 ] DEBUG GameApplicationServi - Application scenes initialized
02:11:45.123 [FXGL Background Thread 1 ] DEBUG SystemBundleService  - Loading FXGL system data
02:11:45.128 [FXGL Background Thread 1 ] DEBUG FileSystemAccess     - Reading from: /home/cato/IdeaProjects/simulador3/system/fxgl.bundle
02:11:45.138 [FXGL Background Thread 1 ] DEBUG SystemBundleService  - Bundle FXGL: {}
02:11:45.138 [FXGL Background Thread 1 ] DEBUG UpdaterService       - Checking for updates
02:11:45.143 [FXGL Background Thread 4 ] DEBUG FXGLApplication      - Loading fonts
02:11:45.143 [FXGL Background Thread 4 ] DEBUG FXGLAssetLoaderServi - Loading from file system: jar:file:/home/cato/.gradle/caches/modules-2/files-2.1/com.github.almasb/fxgl/17.2/35db6ae960eec2dcfd19262d3b7f9c42f0e95bc3/fxgl-17.2.jar!/fxglassets/ui/fonts/VarelaRound-Regular.ttf
02:11:45.143 [FXGL Background Thread 1 ] DEBUG FXGLApplication      - Loading default localization
02:11:45.144 [FXGL Background Thread 1 ] DEBUG FXGLAssetLoaderServi - Loading from file system: jar:file:/home/cato/.gradle/caches/modules-2/files-2.1/com.github.almasb/fxgl/17.2/35db6ae960eec2dcfd19262d3b7f9c42f0e95bc3/fxgl-17.2.jar!/fxglassets/languages/english.lang
02:11:45.153 [FXGL Background Thread 4 ] DEBUG FXGLAssetLoaderServi - Loading from file system: jar:file:/home/cato/.gradle/caches/modules-2/files-2.1/com.github.almasb/fxgl/17.2/35db6ae960eec2dcfd19262d3b7f9c42f0e95bc3/fxgl-17.2.jar!/fxglassets/ui/fonts/Abel-Regular.ttf
02:11:45.155 [FXGL Background Thread 4 ] DEBUG FXGLAssetLoaderServi - Loading from file system: jar:file:/home/cato/.gradle/caches/modules-2/files-2.1/com.github.almasb/fxgl/17.2/35db6ae960eec2dcfd19262d3b7f9c42f0e95bc3/fxgl-17.2.jar!/fxglassets/ui/fonts/TerminalLandMono-Regular.otf
02:11:45.156 [FXGL Background Thread 4 ] DEBUG FXGLAssetLoaderServi - Loading from file system: jar:file:/home/cato/.gradle/caches/modules-2/files-2.1/com.github.almasb/fxgl/17.2/35db6ae960eec2dcfd19262d3b7f9c42f0e95bc3/fxgl-17.2.jar!/fxglassets/ui/fonts/Courier-Prime.ttf
02:11:45.160 [FXGL Background Thread 1 ] INFO  FXGLApplication      - FXGL initialization took: 0,351 sec
02:11:45.159 [JavaFX Application Thread] DEBUG FXGLApplication      - Registering font factories with UI factory
02:11:45.161 [JavaFX Application Thread] DEBUG FXGLAssetLoaderServi - Loading from file system: jar:file:/home/cato/.gradle/caches/modules-2/files-2.1/com.github.almasb/fxgl/17.2/35db6ae960eec2dcfd19262d3b7f9c42f0e95bc3/fxgl-17.2.jar!/fxglassets/textures/fxgl_icon.png
02:11:45.178 [JavaFX Application Thread] DEBUG FXGLAssetLoaderServi - Loading from file system: jar:file:/home/cato/.gradle/caches/modules-2/files-2.1/com.github.almasb/fxgl/17.2/35db6ae960eec2dcfd19262d3b7f9c42f0e95bc3/fxgl-17.2.jar!/fxglassets/textures/fxgl_default_cursor.png
02:11:45.186 [JavaFX Application Thread] DEBUG Input                - Registered new binding: Screenshot - CTRL+8
02:11:45.186 [JavaFX Application Thread] DEBUG Input                - Registered new binding: System info dump - CTRL+9
02:11:45.186 [JavaFX Application Thread] DEBUG Input                - Registered new binding: Restart - CTRL+R
02:11:45.187 [JavaFX Application Thread] DEBUG Input                - Registered new binding: Toggle Debug Camera - CTRL+7
02:11:45.188 [JavaFX Application Thread] DEBUG LoopRunner           - Starting loop
02:11:45.188 [JavaFX Application Thread] DEBUG LoopRunner           - Initializing JavaFX AnimationTimerLoop
02:11:45.189 [JavaFX Application Thread] DEBUG GameApplicationServi - Starting new game
02:11:45.189 [JavaFX Application Thread] DEBUG Input                - Clearing active input actions
02:11:45.197 [JavaFX Application Thread] DEBUG GameApplicationServi - Removing overlay from FXGLStartupScene and adding to FXGLLoadingScene
02:11:45.197 [JavaFX Application Thread] DEBUG PrimaryStageWindow   - FXGLStartupScene -> FXGLLoadingScene
02:11:45.197 [JavaFX Application Thread] DEBUG GameApplicationServi - Clearing previous game
02:11:45.197 [JavaFX Application Thread] DEBUG GameScene            - Clearing game scene
02:11:45.197 [JavaFX Application Thread] DEBUG GameWorld            - Clearing game world
02:11:45.197 [JavaFX Application Thread] DEBUG PhysicsWorld         - Clearing physics world
02:11:45.199 [FXGL Background Thread 1 ] DEBUG FXGLApplication      - Initializing game
02:11:45.201 [FXGL Background Thread 1 ] DEBUG FXGLAssetLoaderServi - Loading from file system: file:/home/cato/IdeaProjects/simulador3/build/resources/main/assets/textures/lugar.png
02:11:45.259 [FXGL Background Thread 1 ] DEBUG FXGLAssetLoaderServi - Loading from file system: file:/home/cato/IdeaProjects/simulador3/build/resources/main/assets/music/restaurant.wav
02:11:45.351 [FXGL Background Thread 1 ] DEBUG AudioPlayer          - Playing music com.almasb.fxgl.audio.Music@5c62542f
02:11:45.362 [FXGL Background Thread 1 ] DEBUG FXGLAssetLoaderServi - Loading from file system: file:/home/cato/IdeaProjects/simulador3/build/resources/main/assets/textures/mesero_frontal.png
02:11:45.369 [FXGL Background Thread 1 ] INFO  FXGLApplication      - Game initialization took: 0,170 sec
02:11:45.373 [JavaFX Application Thread] DEBUG Input                - Clearing active input actions
02:11:45.381 [JavaFX Application Thread] DEBUG GameApplicationServi - Removing overlay from FXGLLoadingScene and adding to GameScene
02:11:45.381 [JavaFX Application Thread] DEBUG PrimaryStageWindow   - FXGLLoadingScene -> GameScene
02:11:45.915 [FXGL Background Thread 2 ] INFO  UpdaterService       - Your current version:  17.2
02:11:45.915 [FXGL Background Thread 2 ] INFO  UpdaterService       - Latest stable version: 21.1
02:11:47.431 [Thread-66                ] DEBUG FXGLAssetLoaderServi - Loading from file system: file:/home/cato/IdeaProjects/simulador3/build/resources/main/assets/music/order.wav
02:11:47.439 [Thread-66                ] DEBUG AudioPlayer          - Playing music com.almasb.fxgl.audio.Music@2b21be56
02:11:48.141 [FXGL Background Thread 3 ] DEBUG Engine               - Logging environment variables
02:11:48.142 [FXGL Background Thread 3 ] DEBUG Engine               - achievements: []
02:11:48.142 [FXGL Background Thread 3 ] DEBUG Engine               - actualHeight: 608.0
02:11:48.142 [FXGL Background Thread 3 ] DEBUG Engine               - actualHeightProperty: ReadOnlyDoubleProperty [value: 608.0]
02:11:48.142 [FXGL Background Thread 3 ] DEBUG Engine               - actualWidth: 798.0
02:11:48.143 [FXGL Background Thread 3 ] DEBUG Engine               - actualWidthProperty: ReadOnlyDoubleProperty [value: 798.0]
02:11:48.143 [FXGL Background Thread 3 ] DEBUG Engine               - appIcon: fxgl_icon.png
02:11:48.143 [FXGL Background Thread 3 ] DEBUG Engine               - applicationMode: DEVELOPER
02:11:48.143 [FXGL Background Thread 3 ] DEBUG Engine               - cSSList: [fxgl_dark.css]
02:11:48.143 [FXGL Background Thread 3 ] DEBUG Engine               - collisionDetectionStrategy: BRUTE_FORCE
02:11:48.143 [FXGL Background Thread 3 ] DEBUG Engine               - configClass: Optional.empty
02:11:48.143 [FXGL Background Thread 3 ] DEBUG Engine               - credits: []
02:11:48.143 [FXGL Background Thread 3 ] DEBUG Engine               - defaultCursor: CursorInfo(imageName=fxgl_default_cursor.png, hotspotX=7.0, hotspotY=6.0)
02:11:48.144 [FXGL Background Thread 3 ] DEBUG Engine               - devBBoxColorProperty: ObjectProperty [value: 0xff0000ff]
02:11:48.144 [FXGL Background Thread 3 ] DEBUG Engine               - devEnableDebugCameraProperty: BooleanProperty [value: false]
02:11:48.144 [FXGL Background Thread 3 ] DEBUG Engine               - devSensorColorProperty: ObjectProperty [value: 0xffff00ff]
02:11:48.144 [FXGL Background Thread 3 ] DEBUG Engine               - devShowBBoxProperty: BooleanProperty [value: false]
02:11:48.144 [FXGL Background Thread 3 ] DEBUG Engine               - devShowPositionProperty: BooleanProperty [value: false]
02:11:48.144 [FXGL Background Thread 3 ] DEBUG Engine               - enabledMenuItems: []
02:11:48.144 [FXGL Background Thread 3 ] DEBUG Engine               - engineServices: [class com.almasb.fxgl.app.services.FXGLAssetLoaderService, class com.almasb.fxgl.app.FXGLApplication$GameApplicationService, class com.almasb.fxgl.app.services.FXGLDialogService, class com.almasb.fxgl.app.services.IOTaskExecutorService, class com.almasb.fxgl.io.FileSystemService, class com.almasb.fxgl.localization.LocalizationService, class com.almasb.fxgl.app.services.SystemBundleService, class com.almasb.fxgl.profile.SaveLoadService, class com.almasb.fxgl.ui.FXGLUIFactoryServiceProvider, class com.almasb.fxgl.ui.FXGLDialogFactoryServiceProvider, class com.almasb.fxgl.audio.AudioPlayer, class com.almasb.fxgl.notification.impl.NotificationServiceProvider, class com.almasb.fxgl.achievement.AchievementService, class com.almasb.fxgl.cutscene.CutsceneService, class com.almasb.fxgl.minigames.MiniGameService, class com.almasb.fxgl.net.NetService, class com.almasb.fxgl.app.services.UpdaterService, class com.almasb.fxgl.dev.DevService]
02:11:48.144 [FXGL Background Thread 3 ] DEBUG Engine               - fontGame: Abel-Regular.ttf
02:11:48.144 [FXGL Background Thread 3 ] DEBUG Engine               - fontMono: TerminalLandMono-Regular.otf
02:11:48.144 [FXGL Background Thread 3 ] DEBUG Engine               - fontText: Courier-Prime.ttf
02:11:48.144 [FXGL Background Thread 3 ] DEBUG Engine               - fontUI: VarelaRound-Regular.ttf
02:11:48.144 [FXGL Background Thread 3 ] DEBUG Engine               - fullScreen: BooleanProperty [value: false]
02:11:48.144 [FXGL Background Thread 3 ] DEBUG Engine               - gameDifficulty: MEDIUM
02:11:48.145 [FXGL Background Thread 3 ] DEBUG Engine               - gameDifficultyProperty: ObjectProperty [value: MEDIUM]
02:11:48.145 [FXGL Background Thread 3 ] DEBUG Engine               - globalMusicVolume: 0.5
02:11:48.145 [FXGL Background Thread 3 ] DEBUG Engine               - globalMusicVolumeProperty: DoubleProperty [value: 0.5]
02:11:48.145 [FXGL Background Thread 3 ] DEBUG Engine               - globalSoundVolume: 0.5
02:11:48.145 [FXGL Background Thread 3 ] DEBUG Engine               - globalSoundVolumeProperty: DoubleProperty [value: 0.5]
02:11:48.145 [FXGL Background Thread 3 ] DEBUG Engine               - height: 600
02:11:48.145 [FXGL Background Thread 3 ] DEBUG Engine               - is3D: false
02:11:48.145 [FXGL Background Thread 3 ] DEBUG Engine               - isAndroid: false
02:11:48.145 [FXGL Background Thread 3 ] DEBUG Engine               - isBrowser: false
02:11:48.145 [FXGL Background Thread 3 ] DEBUG Engine               - isClickFeedbackEnabled: false
02:11:48.145 [FXGL Background Thread 3 ] DEBUG Engine               - isCloseConfirmation: false
02:11:48.145 [FXGL Background Thread 3 ] DEBUG Engine               - isDesktop: true
02:11:48.145 [FXGL Background Thread 3 ] DEBUG Engine               - isDeveloperMenuEnabled: false
02:11:48.145 [FXGL Background Thread 3 ] DEBUG Engine               - isEmbedded: false
02:11:48.145 [FXGL Background Thread 3 ] DEBUG Engine               - isEntityPreloadEnabled: true
02:11:48.146 [FXGL Background Thread 3 ] DEBUG Engine               - isExperimentalTiledLargeMap: false
02:11:48.146 [FXGL Background Thread 3 ] DEBUG Engine               - isFileSystemWriteAllowed: true
02:11:48.146 [FXGL Background Thread 3 ] DEBUG Engine               - isFullScreenAllowed: false
02:11:48.146 [FXGL Background Thread 3 ] DEBUG Engine               - isFullScreenFromStart: false
02:11:48.146 [FXGL Background Thread 3 ] DEBUG Engine               - isGameMenuEnabled: true
02:11:48.146 [FXGL Background Thread 3 ] DEBUG Engine               - isIOS: false
02:11:48.146 [FXGL Background Thread 3 ] DEBUG Engine               - isIntroEnabled: false
02:11:48.146 [FXGL Background Thread 3 ] DEBUG Engine               - isLinux: true
02:11:48.146 [FXGL Background Thread 3 ] DEBUG Engine               - isMac: false
02:11:48.146 [FXGL Background Thread 3 ] DEBUG Engine               - isMainMenuEnabled: false
02:11:48.146 [FXGL Background Thread 3 ] DEBUG Engine               - isManualResizeEnabled: false
02:11:48.146 [FXGL Background Thread 3 ] DEBUG Engine               - isMobile: false
02:11:48.146 [FXGL Background Thread 3 ] DEBUG Engine               - isNative: false
02:11:48.147 [FXGL Background Thread 3 ] DEBUG Engine               - isPauseMusicWhenMinimized: true
02:11:48.147 [FXGL Background Thread 3 ] DEBUG Engine               - isPreserveResizeRatio: false
02:11:48.147 [FXGL Background Thread 3 ] DEBUG Engine               - isProfilingEnabled: false
02:11:48.147 [FXGL Background Thread 3 ] DEBUG Engine               - isScaleAffectedOnResize: true
02:11:48.147 [FXGL Background Thread 3 ] DEBUG Engine               - isSingleStep: false
02:11:48.147 [FXGL Background Thread 3 ] DEBUG Engine               - isUserProfileEnabled: false
02:11:48.147 [FXGL Background Thread 3 ] DEBUG Engine               - isWindows: false
02:11:48.147 [FXGL Background Thread 3 ] DEBUG Engine               - language: ObjectProperty [value: ENGLISH]
02:11:48.147 [FXGL Background Thread 3 ] DEBUG Engine               - menuKey: ESCAPE
02:11:48.147 [FXGL Background Thread 3 ] DEBUG Engine               - mouseSensitivity: 0.2
02:11:48.147 [FXGL Background Thread 3 ] DEBUG Engine               - notificationViewClass: class com.almasb.fxgl.notification.view.XboxNotificationView
02:11:48.147 [FXGL Background Thread 3 ] DEBUG Engine               - pixelsPerMeter: 50.0
02:11:48.147 [FXGL Background Thread 3 ] DEBUG Engine               - platform: LINUX
02:11:48.147 [FXGL Background Thread 3 ] DEBUG Engine               - prefHeightProperty: ReadOnlyDoubleProperty [value: 600.0]
02:11:48.147 [FXGL Background Thread 3 ] DEBUG Engine               - prefWidthProperty: ReadOnlyDoubleProperty [value: 800.0]
02:11:48.147 [FXGL Background Thread 3 ] DEBUG Engine               - profileDir: profiles/
02:11:48.147 [FXGL Background Thread 3 ] DEBUG Engine               - profileName: StringProperty [value: DEFAULT]
02:11:48.148 [FXGL Background Thread 3 ] DEBUG Engine               - randomSeed: -1
02:11:48.148 [FXGL Background Thread 3 ] DEBUG Engine               - runtimeInfo: RuntimeInfo(platform=LINUX, version=17.2, build=20.08.2022 16.50)
02:11:48.148 [FXGL Background Thread 3 ] DEBUG Engine               - saveFileExt: sav
02:11:48.148 [FXGL Background Thread 3 ] DEBUG Engine               - scaledHeightProp$fxgl: DoubleProperty [bound, value: 608.0]
02:11:48.148 [FXGL Background Thread 3 ] DEBUG Engine               - scaledWidthProp$fxgl: DoubleProperty [bound, value: 798.0]
02:11:48.148 [FXGL Background Thread 3 ] DEBUG Engine               - sceneFactory: com.almasb.fxgl.app.scene.SceneFactory@42970115
02:11:48.148 [FXGL Background Thread 3 ] DEBUG Engine               - secondsIn24h: 60
02:11:48.148 [FXGL Background Thread 3 ] DEBUG Engine               - soundMenuBack: menu/back.wav
02:11:48.148 [FXGL Background Thread 3 ] DEBUG Engine               - soundMenuPress: menu/press.wav
02:11:48.148 [FXGL Background Thread 3 ] DEBUG Engine               - soundMenuSelect: menu/select.wav
02:11:48.148 [FXGL Background Thread 3 ] DEBUG Engine               - soundNotification: core/notification.wav
02:11:48.148 [FXGL Background Thread 3 ] DEBUG Engine               - stageStyle: DECORATED
02:11:48.148 [FXGL Background Thread 3 ] DEBUG Engine               - supportedLanguages: [ENGLISH, FRENCH, GERMAN, HUNGARIAN, RUSSIAN]
02:11:48.148 [FXGL Background Thread 3 ] DEBUG Engine               - ticksPerSecond: -1
02:11:48.148 [FXGL Background Thread 3 ] DEBUG Engine               - title: Untitled
02:11:48.149 [FXGL Background Thread 3 ] DEBUG Engine               - urlGithub: https://github.com/AlmasB/FXGL
02:11:48.149 [FXGL Background Thread 3 ] DEBUG Engine               - urlLeaderboard: http://fxgl-top.herokuapp.com/
02:11:48.149 [FXGL Background Thread 3 ] DEBUG Engine               - urlPOM: https://raw.githubusercontent.com/AlmasB/FXGL/release/README.md
02:11:48.149 [FXGL Background Thread 3 ] DEBUG Engine               - userAppClass: class org.example.Main
02:11:48.149 [FXGL Background Thread 3 ] DEBUG Engine               - version: 0.0
02:11:48.149 [FXGL Background Thread 3 ] DEBUG Engine               - versionCheckDays: 7
02:11:48.149 [FXGL Background Thread 3 ] DEBUG Engine               - width: 800
02:11:48.149 [FXGL Background Thread 3 ] DEBUG Engine               - Logging services
02:11:48.149 [FXGL Background Thread 3 ] DEBUG Engine               - class com.almasb.fxgl.app.services.FXGLAssetLoaderService
02:11:48.149 [FXGL Background Thread 3 ] DEBUG Engine               - class com.almasb.fxgl.app.FXGLApplication$GameApplicationService
02:11:48.149 [FXGL Background Thread 3 ] DEBUG Engine               - class com.almasb.fxgl.app.services.FXGLDialogService
02:11:48.149 [FXGL Background Thread 3 ] DEBUG Engine               - class com.almasb.fxgl.app.services.IOTaskExecutorService
02:11:48.149 [FXGL Background Thread 3 ] DEBUG Engine               - class com.almasb.fxgl.io.FileSystemService
02:11:48.149 [FXGL Background Thread 3 ] DEBUG Engine               - class com.almasb.fxgl.localization.LocalizationService
02:11:48.149 [FXGL Background Thread 3 ] DEBUG Engine               - class com.almasb.fxgl.app.services.SystemBundleService
02:11:48.150 [FXGL Background Thread 3 ] DEBUG Engine               - class com.almasb.fxgl.profile.SaveLoadService
02:11:48.150 [FXGL Background Thread 3 ] DEBUG Engine               - class com.almasb.fxgl.ui.FXGLUIFactoryServiceProvider
02:11:48.150 [FXGL Background Thread 3 ] DEBUG Engine               - class com.almasb.fxgl.ui.FXGLDialogFactoryServiceProvider
02:11:48.150 [FXGL Background Thread 3 ] DEBUG Engine               - class com.almasb.fxgl.audio.AudioPlayer
02:11:48.150 [FXGL Background Thread 3 ] DEBUG Engine               - class com.almasb.fxgl.notification.impl.NotificationServiceProvider
02:11:48.150 [FXGL Background Thread 3 ] DEBUG Engine               - class com.almasb.fxgl.achievement.AchievementService
02:11:48.150 [FXGL Background Thread 3 ] DEBUG Engine               - class com.almasb.fxgl.cutscene.CutsceneService
02:11:48.150 [FXGL Background Thread 3 ] DEBUG Engine               - class com.almasb.fxgl.minigames.MiniGameService
02:11:48.150 [FXGL Background Thread 3 ] DEBUG Engine               - class com.almasb.fxgl.net.NetService
02:11:48.150 [FXGL Background Thread 3 ] DEBUG Engine               - class com.almasb.fxgl.app.services.UpdaterService
02:11:48.150 [FXGL Background Thread 3 ] DEBUG Engine               - class com.almasb.fxgl.dev.DevService
02:11:48.867 [Thread-67                ] DEBUG AudioPlayer          - Playing music com.almasb.fxgl.audio.Music@2b21be56
02:11:49.439 [Thread-66                ] DEBUG AudioPlayer          - Pausing music com.almasb.fxgl.audio.Music@2b21be56
02:11:50.867 [Thread-67                ] DEBUG AudioPlayer          - Pausing music com.almasb.fxgl.audio.Music@2b21be56
02:11:55.601 [Thread-66                ] DEBUG AudioPlayer          - Playing music com.almasb.fxgl.audio.Music@2b21be56
02:11:57.602 [Thread-66                ] DEBUG AudioPlayer          - Pausing music com.almasb.fxgl.audio.Music@2b21be56
02:11:59.854 [Thread-67                ] DEBUG AudioPlayer          - Playing music com.almasb.fxgl.audio.Music@2b21be56
02:12:01.855 [Thread-67                ] DEBUG AudioPlayer          - Pausing music com.almasb.fxgl.audio.Music@2b21be56
02:12:04.996 [Thread-66                ] DEBUG AudioPlayer          - Playing music com.almasb.fxgl.audio.Music@2b21be56
02:12:06.997 [Thread-66                ] DEBUG AudioPlayer          - Pausing music com.almasb.fxgl.audio.Music@2b21be56
02:12:09.664 [Thread-67                ] DEBUG AudioPlayer          - Playing music com.almasb.fxgl.audio.Music@2b21be56
02:12:11.664 [Thread-67                ] DEBUG AudioPlayer          - Pausing music com.almasb.fxgl.audio.Music@2b21be56
02:12:12.587 [JavaFX Application Thread] DEBUG AudioPlayer          - Pausing music com.almasb.fxgl.audio.Music@5c62542f
02:12:12.605 [JavaFX Application Thread] DEBUG AudioPlayer          - Pausing music com.almasb.fxgl.audio.Music@2b21be56
02:12:12.606 [JavaFX Application Thread] DEBUG LoopRunner           - Pausing loop
02:12:15.326 [Thread-66                ] DEBUG AudioPlayer          - Playing music com.almasb.fxgl.audio.Music@2b21be56
02:12:17.326 [Thread-66                ] DEBUG AudioPlayer          - Pausing music com.almasb.fxgl.audio.Music@2b21be56
02:12:17.770 [Thread-67                ] DEBUG AudioPlayer          - Playing music com.almasb.fxgl.audio.Music@2b21be56
02:12:19.770 [Thread-67                ] DEBUG AudioPlayer          - Pausing music com.almasb.fxgl.audio.Music@2b21be56
02:12:20.211 [JavaFX Application Thread] DEBUG LoopRunner           - Resuming loop
02:12:20.212 [JavaFX Application Thread] DEBUG AudioPlayer          - Resuming music com.almasb.fxgl.audio.Music@5c62542f
02:12:20.212 [JavaFX Application Thread] DEBUG AudioPlayer          - Resuming music com.almasb.fxgl.audio.Music@2b21be56
02:12:22.681 [Thread-66                ] DEBUG AudioPlayer          - Playing music com.almasb.fxgl.audio.Music@2b21be56
02:12:24.681 [Thread-66                ] DEBUG AudioPlayer          - Pausing music com.almasb.fxgl.audio.Music@2b21be56
02:12:26.299 [Thread-67                ] DEBUG AudioPlayer          - Playing music com.almasb.fxgl.audio.Music@2b21be56
02:12:28.300 [Thread-67                ] DEBUG AudioPlayer          - Pausing music com.almasb.fxgl.audio.Music@2b21be56
02:12:33.324 [Thread-66                ] DEBUG AudioPlayer          - Playing music com.almasb.fxgl.audio.Music@2b21be56
02:12:35.325 [Thread-66                ] DEBUG AudioPlayer          - Pausing music com.almasb.fxgl.audio.Music@2b21be56
02:12:36.652 [Thread-67                ] DEBUG AudioPlayer          - Playing music com.almasb.fxgl.audio.Music@2b21be56
02:12:38.518 [JavaFX Application Thread] DEBUG FXGLApplication      - Exiting FXGL
02:12:38.518 [JavaFX Application Thread] DEBUG LoopRunner           - Stopping loop
02:12:38.518 [JavaFX Application Thread] DEBUG SystemBundleService  - Saving FXGL system data
02:12:38.522 [JavaFX Application Thread] DEBUG FileSystemAccess     - Writing to: /home/cato/IdeaProjects/simulador3/system/fxgl.bundle
02:12:38.525 [JavaFX Application Thread] DEBUG Async                - Shutting down background threads
02:12:38.525 [JavaFX Application Thread] DEBUG PrimaryStageWindow   - Closing main window
02:12:38.527 [JavaFX Application Thread] DEBUG Logger               - Closing Logger
