02:10:55.148 [main                     ] DEBUG Logger               - Configured Logger
02:10:55.170 [main                     ] DEBUG GameApplication      - Logging settings
Title: Untitled
Version: 0.0
Width: 800
Height: 600
Fullscreen: false
Intro: false
Profiling: false
Single step:false
App Mode: DEVELOPER
Menu Key: ESCAPE
Stage Style: DECORATED
Scene Factory: class com.almasb.fxgl.app.scene.SceneFactory

02:10:55.493 [JavaFX Application Thread] DEBUG FXGLApplication      - Initializing FXGL
02:10:55.496 [JavaFX Application Thread] INFO  Engine               - FXGL-17.2 (20.08.2022 16.50) on LINUX (J:21.0.5 FX:20)
02:10:55.497 [JavaFX Application Thread] DEBUG Engine               - JRE Vendor Name: Ubuntu
02:10:55.497 [JavaFX Application Thread] DEBUG Engine               - Running on OS: Linux version 6.8.0-49-generic
02:10:55.497 [JavaFX Application Thread] DEBUG Engine               - Architecture: amd64
02:10:55.497 [JavaFX Application Thread] INFO  Engine               - Source code and latest versions at: https://github.com/AlmasB/FXGL
02:10:55.497 [JavaFX Application Thread] INFO  Engine               -       Ask questions and discuss at: https://github.com/AlmasB/FXGL/discussions
02:10:55.497 [JavaFX Application Thread] INFO  Engine               -              Join the FXGL chat at: https://gitter.im/AlmasB/FXGL
02:10:55.577 [JavaFX Application Thread] DEBUG PrimaryStageWindow   - Creating a JavaFX scene
02:10:55.664 [JavaFX Application Thread] DEBUG PrimaryStageWindow   - Target settings size: 800.0 x 600.0
02:10:55.664 [JavaFX Application Thread] DEBUG PrimaryStageWindow   - Scaled scene size:    800.0 x 600.0
02:10:55.664 [JavaFX Application Thread] DEBUG PrimaryStageWindow   - Scaled ratio: (1.0, 1.0)
02:10:55.665 [JavaFX Application Thread] DEBUG PrimaryStageWindow   - Set initial scene to FXGLStartupScene
02:10:55.668 [JavaFX Application Thread] DEBUG PrimaryStageWindow   - Opening main window
02:10:55.711 [JavaFX Application Thread] DEBUG PrimaryStageWindow   - Window border size: (2.0, 29.0)
02:10:55.711 [JavaFX Application Thread] DEBUG PrimaryStageWindow   - Scaled size: 800.0 x 600.0
02:10:55.711 [JavaFX Application Thread] DEBUG PrimaryStageWindow   - Scaled ratio: (1.0, 1.0)
02:10:55.712 [JavaFX Application Thread] DEBUG PrimaryStageWindow   - Scene size: 800.0 x 600.0
02:10:55.712 [JavaFX Application Thread] DEBUG PrimaryStageWindow   - Stage size: 802.0 x 629.0
02:10:55.720 [FXGL Background Thread 1 ] DEBUG Engine               - Initializing environment variables
02:10:55.761 [FXGL Background Thread 1 ] DEBUG FXGLAssetLoaderServi - User app class for loading assets: class org.example.Main
02:10:55.761 [FXGL Background Thread 1 ] DEBUG GameApplicationServi - Applying CSS: fxgl_dark.css
02:10:55.762 [FXGL Background Thread 1 ] DEBUG FXGLAssetLoaderServi - Loading from file system: jar:file:/home/cato/.gradle/caches/modules-2/files-2.1/com.github.almasb/fxgl/17.2/35db6ae960eec2dcfd19262d3b7f9c42f0e95bc3/fxgl-17.2.jar!/fxglassets/ui/css/fxgl_dark.css
02:10:55.795 [FXGL Background Thread 1 ] DEBUG GameApplicationServi - Initializing application scenes
02:10:55.832 [FXGL Background Thread 1 ] DEBUG GameWorld            - Game world initialized
02:10:55.869 [FXGL Background Thread 1 ] DEBUG PhysicsWorld         - Physics world initialized: appHeight=600, physics.ppm=50,0
02:10:55.869 [FXGL Background Thread 1 ] DEBUG PhysicsWorld         - Using strategy: BRUTE_FORCE
02:10:55.873 [FXGL Background Thread 1 ] DEBUG GameScene            - Game scene initialized: 800x600
02:10:55.883 [FXGL Background Thread 1 ] DEBUG FXGL.DefaultMenu     - createMenuBodyGameMenu()
02:10:55.894 [FXGL Background Thread 1 ] DEBUG FXGL.DefaultMenu     - createOptionsMenu()
02:10:55.903 [FXGL Background Thread 1 ] DEBUG FXGLAssetLoaderServi - Loading from file system: jar:file:/home/cato/.gradle/caches/modules-2/files-2.1/com.github.almasb/fxgl/17.2/35db6ae960eec2dcfd19262d3b7f9c42f0e95bc3/fxgl-17.2.jar!/fxglassets/textures/particles/smoke.png
02:10:55.978 [FXGL Background Thread 1 ] DEBUG FXGLAssetLoaderServi - Loading from file system: jar:file:/home/cato/.gradle/caches/modules-2/files-2.1/com.github.almasb/fxgl/17.2/35db6ae960eec2dcfd19262d3b7f9c42f0e95bc3/fxgl-17.2.jar!/fxglassets/textures/particles/trace_horizontal.png
02:10:55.999 [FXGL Background Thread 1 ] DEBUG GameApplicationServi - Application scenes initialized
02:10:56.010 [FXGL Background Thread 1 ] DEBUG SystemBundleService  - Loading FXGL system data
02:10:56.012 [FXGL Background Thread 1 ] DEBUG FileSystemAccess     - Reading from: /home/cato/IdeaProjects/simulador3/system/fxgl.bundle
02:10:56.020 [FXGL Background Thread 1 ] DEBUG SystemBundleService  - Bundle FXGL: {}
02:10:56.020 [FXGL Background Thread 1 ] DEBUG UpdaterService       - Checking for updates
02:10:56.024 [FXGL Background Thread 4 ] DEBUG FXGLApplication      - Loading fonts
02:10:56.025 [FXGL Background Thread 4 ] DEBUG FXGLAssetLoaderServi - Loading from file system: jar:file:/home/cato/.gradle/caches/modules-2/files-2.1/com.github.almasb/fxgl/17.2/35db6ae960eec2dcfd19262d3b7f9c42f0e95bc3/fxgl-17.2.jar!/fxglassets/ui/fonts/VarelaRound-Regular.ttf
02:10:56.025 [FXGL Background Thread 1 ] DEBUG FXGLApplication      - Loading default localization
02:10:56.026 [FXGL Background Thread 1 ] DEBUG FXGLAssetLoaderServi - Loading from file system: jar:file:/home/cato/.gradle/caches/modules-2/files-2.1/com.github.almasb/fxgl/17.2/35db6ae960eec2dcfd19262d3b7f9c42f0e95bc3/fxgl-17.2.jar!/fxglassets/languages/english.lang
02:10:56.035 [FXGL Background Thread 4 ] DEBUG FXGLAssetLoaderServi - Loading from file system: jar:file:/home/cato/.gradle/caches/modules-2/files-2.1/com.github.almasb/fxgl/17.2/35db6ae960eec2dcfd19262d3b7f9c42f0e95bc3/fxgl-17.2.jar!/fxglassets/ui/fonts/Abel-Regular.ttf
02:10:56.036 [FXGL Background Thread 4 ] DEBUG FXGLAssetLoaderServi - Loading from file system: jar:file:/home/cato/.gradle/caches/modules-2/files-2.1/com.github.almasb/fxgl/17.2/35db6ae960eec2dcfd19262d3b7f9c42f0e95bc3/fxgl-17.2.jar!/fxglassets/ui/fonts/TerminalLandMono-Regular.otf
02:10:56.038 [FXGL Background Thread 4 ] DEBUG FXGLAssetLoaderServi - Loading from file system: jar:file:/home/cato/.gradle/caches/modules-2/files-2.1/com.github.almasb/fxgl/17.2/35db6ae960eec2dcfd19262d3b7f9c42f0e95bc3/fxgl-17.2.jar!/fxglassets/ui/fonts/Courier-Prime.ttf
02:10:56.041 [JavaFX Application Thread] DEBUG FXGLApplication      - Registering font factories with UI factory
02:10:56.041 [FXGL Background Thread 1 ] INFO  FXGLApplication      - FXGL initialization took: 0,322 sec
02:10:56.043 [JavaFX Application Thread] DEBUG FXGLAssetLoaderServi - Loading from file system: jar:file:/home/cato/.gradle/caches/modules-2/files-2.1/com.github.almasb/fxgl/17.2/35db6ae960eec2dcfd19262d3b7f9c42f0e95bc3/fxgl-17.2.jar!/fxglassets/textures/fxgl_icon.png
02:10:56.059 [JavaFX Application Thread] DEBUG FXGLAssetLoaderServi - Loading from file system: jar:file:/home/cato/.gradle/caches/modules-2/files-2.1/com.github.almasb/fxgl/17.2/35db6ae960eec2dcfd19262d3b7f9c42f0e95bc3/fxgl-17.2.jar!/fxglassets/textures/fxgl_default_cursor.png
02:10:56.069 [JavaFX Application Thread] DEBUG Input                - Registered new binding: Screenshot - CTRL+8
02:10:56.070 [JavaFX Application Thread] DEBUG Input                - Registered new binding: System info dump - CTRL+9
02:10:56.070 [JavaFX Application Thread] DEBUG Input                - Registered new binding: Restart - CTRL+R
02:10:56.071 [JavaFX Application Thread] DEBUG Input                - Registered new binding: Toggle Debug Camera - CTRL+7
02:10:56.074 [JavaFX Application Thread] DEBUG LoopRunner           - Starting loop
02:10:56.074 [JavaFX Application Thread] DEBUG LoopRunner           - Initializing JavaFX AnimationTimerLoop
02:10:56.075 [JavaFX Application Thread] DEBUG GameApplicationServi - Starting new game
02:10:56.075 [JavaFX Application Thread] DEBUG Input                - Clearing active input actions
02:10:56.086 [JavaFX Application Thread] DEBUG GameApplicationServi - Removing overlay from FXGLStartupScene and adding to FXGLLoadingScene
02:10:56.087 [JavaFX Application Thread] DEBUG PrimaryStageWindow   - FXGLStartupScene -> FXGLLoadingScene
02:10:56.087 [JavaFX Application Thread] DEBUG GameApplicationServi - Clearing previous game
02:10:56.087 [JavaFX Application Thread] DEBUG GameScene            - Clearing game scene
02:10:56.087 [JavaFX Application Thread] DEBUG GameWorld            - Clearing game world
02:10:56.087 [JavaFX Application Thread] DEBUG PhysicsWorld         - Clearing physics world
02:10:56.089 [FXGL Background Thread 1 ] DEBUG FXGLApplication      - Initializing game
02:10:56.090 [FXGL Background Thread 1 ] DEBUG FXGLAssetLoaderServi - Loading from file system: file:/home/cato/IdeaProjects/simulador3/build/resources/main/assets/textures/lugar.png
02:10:56.175 [FXGL Background Thread 1 ] DEBUG FXGLAssetLoaderServi - Loading from file system: file:/home/cato/IdeaProjects/simulador3/build/resources/main/assets/music/restaurant.wav
02:10:56.262 [FXGL Background Thread 1 ] DEBUG AudioPlayer          - Playing music com.almasb.fxgl.audio.Music@41039c43
02:10:56.274 [FXGL Background Thread 1 ] DEBUG FXGLAssetLoaderServi - Loading from file system: file:/home/cato/IdeaProjects/simulador3/build/resources/main/assets/textures/mesero_frontal.png
02:10:56.279 [FXGL Background Thread 1 ] INFO  FXGLApplication      - Game initialization took: 0,190 sec
02:10:56.280 [JavaFX Application Thread] DEBUG Input                - Clearing active input actions
02:10:56.285 [JavaFX Application Thread] DEBUG GameApplicationServi - Removing overlay from FXGLLoadingScene and adding to GameScene
02:10:56.286 [JavaFX Application Thread] DEBUG PrimaryStageWindow   - FXGLLoadingScene -> GameScene
02:10:57.175 [FXGL Background Thread 2 ] INFO  UpdaterService       - Your current version:  17.2
02:10:57.175 [FXGL Background Thread 2 ] INFO  UpdaterService       - Latest stable version: 21.1
02:10:59.022 [FXGL Background Thread 3 ] DEBUG Engine               - Logging environment variables
02:10:59.023 [FXGL Background Thread 3 ] DEBUG Engine               - achievements: []
02:10:59.023 [FXGL Background Thread 3 ] DEBUG Engine               - actualHeight: 608.0
02:10:59.023 [FXGL Background Thread 3 ] DEBUG Engine               - actualHeightProperty: ReadOnlyDoubleProperty [value: 608.0]
02:10:59.023 [FXGL Background Thread 3 ] DEBUG Engine               - actualWidth: 798.0
02:10:59.023 [FXGL Background Thread 3 ] DEBUG Engine               - actualWidthProperty: ReadOnlyDoubleProperty [value: 798.0]
02:10:59.023 [FXGL Background Thread 3 ] DEBUG Engine               - appIcon: fxgl_icon.png
02:10:59.023 [FXGL Background Thread 3 ] DEBUG Engine               - applicationMode: DEVELOPER
02:10:59.024 [FXGL Background Thread 3 ] DEBUG Engine               - cSSList: [fxgl_dark.css]
02:10:59.024 [FXGL Background Thread 3 ] DEBUG Engine               - collisionDetectionStrategy: BRUTE_FORCE
02:10:59.024 [FXGL Background Thread 3 ] DEBUG Engine               - configClass: Optional.empty
02:10:59.024 [FXGL Background Thread 3 ] DEBUG Engine               - credits: []
02:10:59.024 [FXGL Background Thread 3 ] DEBUG Engine               - defaultCursor: CursorInfo(imageName=fxgl_default_cursor.png, hotspotX=7.0, hotspotY=6.0)
02:10:59.024 [FXGL Background Thread 3 ] DEBUG Engine               - devBBoxColorProperty: ObjectProperty [value: 0xff0000ff]
02:10:59.024 [FXGL Background Thread 3 ] DEBUG Engine               - devEnableDebugCameraProperty: BooleanProperty [value: false]
02:10:59.024 [FXGL Background Thread 3 ] DEBUG Engine               - devSensorColorProperty: ObjectProperty [value: 0xffff00ff]
02:10:59.025 [FXGL Background Thread 3 ] DEBUG Engine               - devShowBBoxProperty: BooleanProperty [value: false]
02:10:59.025 [FXGL Background Thread 3 ] DEBUG Engine               - devShowPositionProperty: BooleanProperty [value: false]
02:10:59.025 [FXGL Background Thread 3 ] DEBUG Engine               - enabledMenuItems: []
02:10:59.025 [FXGL Background Thread 3 ] DEBUG Engine               - engineServices: [class com.almasb.fxgl.app.services.FXGLAssetLoaderService, class com.almasb.fxgl.app.FXGLApplication$GameApplicationService, class com.almasb.fxgl.app.services.FXGLDialogService, class com.almasb.fxgl.app.services.IOTaskExecutorService, class com.almasb.fxgl.io.FileSystemService, class com.almasb.fxgl.localization.LocalizationService, class com.almasb.fxgl.app.services.SystemBundleService, class com.almasb.fxgl.profile.SaveLoadService, class com.almasb.fxgl.ui.FXGLUIFactoryServiceProvider, class com.almasb.fxgl.ui.FXGLDialogFactoryServiceProvider, class com.almasb.fxgl.audio.AudioPlayer, class com.almasb.fxgl.notification.impl.NotificationServiceProvider, class com.almasb.fxgl.achievement.AchievementService, class com.almasb.fxgl.cutscene.CutsceneService, class com.almasb.fxgl.minigames.MiniGameService, class com.almasb.fxgl.net.NetService, class com.almasb.fxgl.app.services.UpdaterService, class com.almasb.fxgl.dev.DevService]
02:10:59.025 [FXGL Background Thread 3 ] DEBUG Engine               - fontGame: Abel-Regular.ttf
02:10:59.025 [FXGL Background Thread 3 ] DEBUG Engine               - fontMono: TerminalLandMono-Regular.otf
02:10:59.025 [FXGL Background Thread 3 ] DEBUG Engine               - fontText: Courier-Prime.ttf
02:10:59.025 [FXGL Background Thread 3 ] DEBUG Engine               - fontUI: VarelaRound-Regular.ttf
02:10:59.025 [FXGL Background Thread 3 ] DEBUG Engine               - fullScreen: BooleanProperty [value: false]
02:10:59.025 [FXGL Background Thread 3 ] DEBUG Engine               - gameDifficulty: MEDIUM
02:10:59.025 [FXGL Background Thread 3 ] DEBUG Engine               - gameDifficultyProperty: ObjectProperty [value: MEDIUM]
02:10:59.025 [FXGL Background Thread 3 ] DEBUG Engine               - globalMusicVolume: 0.5
02:10:59.025 [FXGL Background Thread 3 ] DEBUG Engine               - globalMusicVolumeProperty: DoubleProperty [value: 0.5]
02:10:59.025 [FXGL Background Thread 3 ] DEBUG Engine               - globalSoundVolume: 0.5
02:10:59.026 [FXGL Background Thread 3 ] DEBUG Engine               - globalSoundVolumeProperty: DoubleProperty [value: 0.5]
02:10:59.026 [FXGL Background Thread 3 ] DEBUG Engine               - height: 600
02:10:59.026 [FXGL Background Thread 3 ] DEBUG Engine               - is3D: false
02:10:59.026 [FXGL Background Thread 3 ] DEBUG Engine               - isAndroid: false
02:10:59.026 [FXGL Background Thread 3 ] DEBUG Engine               - isBrowser: false
02:10:59.026 [FXGL Background Thread 3 ] DEBUG Engine               - isClickFeedbackEnabled: false
02:10:59.026 [FXGL Background Thread 3 ] DEBUG Engine               - isCloseConfirmation: false
02:10:59.026 [FXGL Background Thread 3 ] DEBUG Engine               - isDesktop: true
02:10:59.026 [FXGL Background Thread 3 ] DEBUG Engine               - isDeveloperMenuEnabled: false
02:10:59.026 [FXGL Background Thread 3 ] DEBUG Engine               - isEmbedded: false
02:10:59.026 [FXGL Background Thread 3 ] DEBUG Engine               - isEntityPreloadEnabled: true
02:10:59.026 [FXGL Background Thread 3 ] DEBUG Engine               - isExperimentalTiledLargeMap: false
02:10:59.026 [FXGL Background Thread 3 ] DEBUG Engine               - isFileSystemWriteAllowed: true
02:10:59.026 [FXGL Background Thread 3 ] DEBUG Engine               - isFullScreenAllowed: false
02:10:59.026 [FXGL Background Thread 3 ] DEBUG Engine               - isFullScreenFromStart: false
02:10:59.026 [FXGL Background Thread 3 ] DEBUG Engine               - isGameMenuEnabled: true
02:10:59.026 [FXGL Background Thread 3 ] DEBUG Engine               - isIOS: false
02:10:59.027 [FXGL Background Thread 3 ] DEBUG Engine               - isIntroEnabled: false
02:10:59.027 [FXGL Background Thread 3 ] DEBUG Engine               - isLinux: true
02:10:59.027 [FXGL Background Thread 3 ] DEBUG Engine               - isMac: false
02:10:59.027 [FXGL Background Thread 3 ] DEBUG Engine               - isMainMenuEnabled: false
02:10:59.027 [FXGL Background Thread 3 ] DEBUG Engine               - isManualResizeEnabled: false
02:10:59.027 [FXGL Background Thread 3 ] DEBUG Engine               - isMobile: false
02:10:59.027 [FXGL Background Thread 3 ] DEBUG Engine               - isNative: false
02:10:59.027 [FXGL Background Thread 3 ] DEBUG Engine               - isPauseMusicWhenMinimized: true
02:10:59.027 [FXGL Background Thread 3 ] DEBUG Engine               - isPreserveResizeRatio: false
02:10:59.027 [FXGL Background Thread 3 ] DEBUG Engine               - isProfilingEnabled: false
02:10:59.027 [FXGL Background Thread 3 ] DEBUG Engine               - isScaleAffectedOnResize: true
02:10:59.027 [FXGL Background Thread 3 ] DEBUG Engine               - isSingleStep: false
02:10:59.027 [FXGL Background Thread 3 ] DEBUG Engine               - isUserProfileEnabled: false
02:10:59.027 [FXGL Background Thread 3 ] DEBUG Engine               - isWindows: false
02:10:59.028 [FXGL Background Thread 3 ] DEBUG Engine               - language: ObjectProperty [value: ENGLISH]
02:10:59.028 [FXGL Background Thread 3 ] DEBUG Engine               - menuKey: ESCAPE
02:10:59.028 [FXGL Background Thread 3 ] DEBUG Engine               - mouseSensitivity: 0.2
02:10:59.028 [FXGL Background Thread 3 ] DEBUG Engine               - notificationViewClass: class com.almasb.fxgl.notification.view.XboxNotificationView
02:10:59.028 [FXGL Background Thread 3 ] DEBUG Engine               - pixelsPerMeter: 50.0
02:10:59.028 [FXGL Background Thread 3 ] DEBUG Engine               - platform: LINUX
02:10:59.028 [FXGL Background Thread 3 ] DEBUG Engine               - prefHeightProperty: ReadOnlyDoubleProperty [value: 600.0]
02:10:59.028 [FXGL Background Thread 3 ] DEBUG Engine               - prefWidthProperty: ReadOnlyDoubleProperty [value: 800.0]
02:10:59.028 [FXGL Background Thread 3 ] DEBUG Engine               - profileDir: profiles/
02:10:59.028 [FXGL Background Thread 3 ] DEBUG Engine               - profileName: StringProperty [value: DEFAULT]
02:10:59.028 [FXGL Background Thread 3 ] DEBUG Engine               - randomSeed: -1
02:10:59.028 [FXGL Background Thread 3 ] DEBUG Engine               - runtimeInfo: RuntimeInfo(platform=LINUX, version=17.2, build=20.08.2022 16.50)
02:10:59.029 [FXGL Background Thread 3 ] DEBUG Engine               - saveFileExt: sav
02:10:59.029 [FXGL Background Thread 3 ] DEBUG Engine               - scaledHeightProp$fxgl: DoubleProperty [bound, value: 608.0]
02:10:59.029 [FXGL Background Thread 3 ] DEBUG Engine               - scaledWidthProp$fxgl: DoubleProperty [bound, value: 798.0]
02:10:59.029 [FXGL Background Thread 3 ] DEBUG Engine               - sceneFactory: com.almasb.fxgl.app.scene.SceneFactory@5e44a7a5
02:10:59.029 [FXGL Background Thread 3 ] DEBUG Engine               - secondsIn24h: 60
02:10:59.029 [FXGL Background Thread 3 ] DEBUG Engine               - soundMenuBack: menu/back.wav
02:10:59.029 [FXGL Background Thread 3 ] DEBUG Engine               - soundMenuPress: menu/press.wav
02:10:59.029 [FXGL Background Thread 3 ] DEBUG Engine               - soundMenuSelect: menu/select.wav
02:10:59.029 [FXGL Background Thread 3 ] DEBUG Engine               - soundNotification: core/notification.wav
02:10:59.029 [FXGL Background Thread 3 ] DEBUG Engine               - stageStyle: DECORATED
02:10:59.029 [FXGL Background Thread 3 ] DEBUG Engine               - supportedLanguages: [ENGLISH, FRENCH, GERMAN, HUNGARIAN, RUSSIAN]
02:10:59.029 [FXGL Background Thread 3 ] DEBUG Engine               - ticksPerSecond: -1
02:10:59.029 [FXGL Background Thread 3 ] DEBUG Engine               - title: Untitled
02:10:59.029 [FXGL Background Thread 3 ] DEBUG Engine               - urlGithub: https://github.com/AlmasB/FXGL
02:10:59.029 [FXGL Background Thread 3 ] DEBUG Engine               - urlLeaderboard: http://fxgl-top.herokuapp.com/
02:10:59.029 [FXGL Background Thread 3 ] DEBUG Engine               - urlPOM: https://raw.githubusercontent.com/AlmasB/FXGL/release/README.md
02:10:59.030 [FXGL Background Thread 3 ] DEBUG Engine               - userAppClass: class org.example.Main
02:10:59.030 [FXGL Background Thread 3 ] DEBUG Engine               - version: 0.0
02:10:59.030 [FXGL Background Thread 3 ] DEBUG Engine               - versionCheckDays: 7
02:10:59.030 [FXGL Background Thread 3 ] DEBUG Engine               - width: 800
02:10:59.030 [FXGL Background Thread 3 ] DEBUG Engine               - Logging services
02:10:59.030 [FXGL Background Thread 3 ] DEBUG Engine               - class com.almasb.fxgl.app.services.FXGLAssetLoaderService
02:10:59.030 [FXGL Background Thread 3 ] DEBUG Engine               - class com.almasb.fxgl.app.FXGLApplication$GameApplicationService
02:10:59.030 [FXGL Background Thread 3 ] DEBUG Engine               - class com.almasb.fxgl.app.services.FXGLDialogService
02:10:59.030 [FXGL Background Thread 3 ] DEBUG Engine               - class com.almasb.fxgl.app.services.IOTaskExecutorService
02:10:59.030 [FXGL Background Thread 3 ] DEBUG Engine               - class com.almasb.fxgl.io.FileSystemService
02:10:59.030 [FXGL Background Thread 3 ] DEBUG Engine               - class com.almasb.fxgl.localization.LocalizationService
02:10:59.030 [FXGL Background Thread 3 ] DEBUG Engine               - class com.almasb.fxgl.app.services.SystemBundleService
02:10:59.030 [FXGL Background Thread 3 ] DEBUG Engine               - class com.almasb.fxgl.profile.SaveLoadService
02:10:59.030 [FXGL Background Thread 3 ] DEBUG Engine               - class com.almasb.fxgl.ui.FXGLUIFactoryServiceProvider
02:10:59.030 [FXGL Background Thread 3 ] DEBUG Engine               - class com.almasb.fxgl.ui.FXGLDialogFactoryServiceProvider
02:10:59.031 [FXGL Background Thread 3 ] DEBUG Engine               - class com.almasb.fxgl.audio.AudioPlayer
02:10:59.031 [FXGL Background Thread 3 ] DEBUG Engine               - class com.almasb.fxgl.notification.impl.NotificationServiceProvider
02:10:59.031 [FXGL Background Thread 3 ] DEBUG Engine               - class com.almasb.fxgl.achievement.AchievementService
02:10:59.031 [FXGL Background Thread 3 ] DEBUG Engine               - class com.almasb.fxgl.cutscene.CutsceneService
02:10:59.031 [FXGL Background Thread 3 ] DEBUG Engine               - class com.almasb.fxgl.minigames.MiniGameService
02:10:59.031 [FXGL Background Thread 3 ] DEBUG Engine               - class com.almasb.fxgl.net.NetService
02:10:59.031 [FXGL Background Thread 3 ] DEBUG Engine               - class com.almasb.fxgl.app.services.UpdaterService
02:10:59.031 [FXGL Background Thread 3 ] DEBUG Engine               - class com.almasb.fxgl.dev.DevService
02:10:59.259 [Thread-66                ] DEBUG FXGLAssetLoaderServi - Loading from file system: file:/home/cato/IdeaProjects/simulador3/build/resources/main/assets/music/order.wav
02:10:59.266 [Thread-66                ] DEBUG AudioPlayer          - Playing music com.almasb.fxgl.audio.Music@62a9062
02:10:59.775 [Thread-67                ] DEBUG AudioPlayer          - Playing music com.almasb.fxgl.audio.Music@62a9062
02:11:03.744 [JavaFX Application Thread] DEBUG FXGLApplication      - Exiting FXGL
02:11:03.745 [JavaFX Application Thread] DEBUG LoopRunner           - Stopping loop
02:11:03.745 [JavaFX Application Thread] DEBUG SystemBundleService  - Saving FXGL system data
02:11:03.746 [JavaFX Application Thread] DEBUG FileSystemAccess     - Writing to: /home/cato/IdeaProjects/simulador3/system/fxgl.bundle
02:11:03.749 [JavaFX Application Thread] DEBUG Async                - Shutting down background threads
02:11:03.750 [JavaFX Application Thread] DEBUG PrimaryStageWindow   - Closing main window
02:11:03.755 [JavaFX Application Thread] DEBUG Logger               - Closing Logger
