09:20:37.931 [main                     ] DEBUG Logger               - Configured Logger
09:20:37.952 [main                     ] DEBUG GameApplication      - Logging settings
Title: Untitled
Version: 0.0
Width: 800
Height: 600
Fullscreen: false
Intro: false
Profiling: false
Single step:false
App Mode: DEVELOPER
Menu Key: ESCAPE
Stage Style: DECORATED
Scene Factory: class com.almasb.fxgl.app.scene.SceneFactory

09:20:38.421 [JavaFX Application Thread] DEBUG FXGLApplication      - Initializing FXGL
09:20:38.425 [JavaFX Application Thread] INFO  Engine               - FXGL-17.2 (20.08.2022 16.50) on LINUX (J:21.0.5 FX:20)
09:20:38.425 [JavaFX Application Thread] DEBUG Engine               - JRE Vendor Name: Ubuntu
09:20:38.425 [JavaFX Application Thread] DEBUG Engine               - Running on OS: Linux version 6.8.0-49-generic
09:20:38.425 [JavaFX Application Thread] DEBUG Engine               - Architecture: amd64
09:20:38.425 [JavaFX Application Thread] INFO  Engine               - Source code and latest versions at: https://github.com/AlmasB/FXGL
09:20:38.426 [JavaFX Application Thread] INFO  Engine               -       Ask questions and discuss at: https://github.com/AlmasB/FXGL/discussions
09:20:38.426 [JavaFX Application Thread] INFO  Engine               -              Join the FXGL chat at: https://gitter.im/AlmasB/FXGL
09:20:38.531 [JavaFX Application Thread] DEBUG PrimaryStageWindow   - Creating a JavaFX scene
09:20:38.635 [JavaFX Application Thread] DEBUG PrimaryStageWindow   - Target settings size: 800.0 x 600.0
09:20:38.635 [JavaFX Application Thread] DEBUG PrimaryStageWindow   - Scaled scene size:    800.0 x 600.0
09:20:38.635 [JavaFX Application Thread] DEBUG PrimaryStageWindow   - Scaled ratio: (1.0, 1.0)
09:20:38.636 [JavaFX Application Thread] DEBUG PrimaryStageWindow   - Set initial scene to FXGLStartupScene
09:20:38.639 [JavaFX Application Thread] DEBUG PrimaryStageWindow   - Opening main window
09:20:38.670 [JavaFX Application Thread] DEBUG PrimaryStageWindow   - Window border size: (2.0, 29.0)
09:20:38.670 [JavaFX Application Thread] DEBUG PrimaryStageWindow   - Scaled size: 800.0 x 600.0
09:20:38.671 [JavaFX Application Thread] DEBUG PrimaryStageWindow   - Scaled ratio: (1.0, 1.0)
09:20:38.671 [JavaFX Application Thread] DEBUG PrimaryStageWindow   - Scene size: 800.0 x 600.0
09:20:38.671 [JavaFX Application Thread] DEBUG PrimaryStageWindow   - Stage size: 802.0 x 629.0
09:20:38.677 [FXGL Background Thread 1 ] DEBUG Engine               - Initializing environment variables
09:20:38.732 [FXGL Background Thread 1 ] DEBUG FXGLAssetLoaderServi - User app class for loading assets: class org.example.Main
09:20:38.733 [FXGL Background Thread 1 ] DEBUG GameApplicationServi - Applying CSS: fxgl_dark.css
09:20:38.734 [FXGL Background Thread 1 ] DEBUG FXGLAssetLoaderServi - Loading from file system: jar:file:/home/cato/.gradle/caches/modules-2/files-2.1/com.github.almasb/fxgl/17.2/35db6ae960eec2dcfd19262d3b7f9c42f0e95bc3/fxgl-17.2.jar!/fxglassets/ui/css/fxgl_dark.css
09:20:38.773 [FXGL Background Thread 1 ] DEBUG GameApplicationServi - Initializing application scenes
09:20:38.830 [FXGL Background Thread 1 ] DEBUG GameWorld            - Game world initialized
09:20:38.871 [FXGL Background Thread 1 ] DEBUG PhysicsWorld         - Physics world initialized: appHeight=600, physics.ppm=50,0
09:20:38.871 [FXGL Background Thread 1 ] DEBUG PhysicsWorld         - Using strategy: BRUTE_FORCE
09:20:38.874 [FXGL Background Thread 1 ] DEBUG GameScene            - Game scene initialized: 800x600
09:20:38.884 [FXGL Background Thread 1 ] DEBUG FXGL.DefaultMenu     - createMenuBodyGameMenu()
09:20:38.897 [FXGL Background Thread 1 ] DEBUG FXGL.DefaultMenu     - createOptionsMenu()
09:20:38.907 [FXGL Background Thread 1 ] DEBUG FXGLAssetLoaderServi - Loading from file system: jar:file:/home/cato/.gradle/caches/modules-2/files-2.1/com.github.almasb/fxgl/17.2/35db6ae960eec2dcfd19262d3b7f9c42f0e95bc3/fxgl-17.2.jar!/fxglassets/textures/particles/smoke.png
09:20:38.985 [FXGL Background Thread 1 ] DEBUG FXGLAssetLoaderServi - Loading from file system: jar:file:/home/cato/.gradle/caches/modules-2/files-2.1/com.github.almasb/fxgl/17.2/35db6ae960eec2dcfd19262d3b7f9c42f0e95bc3/fxgl-17.2.jar!/fxglassets/textures/particles/trace_horizontal.png
09:20:39.006 [FXGL Background Thread 1 ] DEBUG GameApplicationServi - Application scenes initialized
09:20:39.019 [FXGL Background Thread 1 ] DEBUG SystemBundleService  - Loading FXGL system data
09:20:39.024 [FXGL Background Thread 1 ] DEBUG FileSystemAccess     - Reading from: /home/cato/IdeaProjects/simulador3/system/fxgl.bundle
09:20:39.036 [FXGL Background Thread 1 ] DEBUG SystemBundleService  - Bundle FXGL: {}
09:20:39.036 [FXGL Background Thread 1 ] DEBUG UpdaterService       - Checking for updates
09:20:39.041 [FXGL Background Thread 4 ] DEBUG FXGLApplication      - Loading fonts
09:20:39.042 [FXGL Background Thread 4 ] DEBUG FXGLAssetLoaderServi - Loading from file system: jar:file:/home/cato/.gradle/caches/modules-2/files-2.1/com.github.almasb/fxgl/17.2/35db6ae960eec2dcfd19262d3b7f9c42f0e95bc3/fxgl-17.2.jar!/fxglassets/ui/fonts/VarelaRound-Regular.ttf
09:20:39.042 [FXGL Background Thread 1 ] DEBUG FXGLApplication      - Loading default localization
09:20:39.043 [FXGL Background Thread 1 ] DEBUG FXGLAssetLoaderServi - Loading from file system: jar:file:/home/cato/.gradle/caches/modules-2/files-2.1/com.github.almasb/fxgl/17.2/35db6ae960eec2dcfd19262d3b7f9c42f0e95bc3/fxgl-17.2.jar!/fxglassets/languages/english.lang
09:20:39.053 [FXGL Background Thread 4 ] DEBUG FXGLAssetLoaderServi - Loading from file system: jar:file:/home/cato/.gradle/caches/modules-2/files-2.1/com.github.almasb/fxgl/17.2/35db6ae960eec2dcfd19262d3b7f9c42f0e95bc3/fxgl-17.2.jar!/fxglassets/ui/fonts/Abel-Regular.ttf
09:20:39.055 [FXGL Background Thread 4 ] DEBUG FXGLAssetLoaderServi - Loading from file system: jar:file:/home/cato/.gradle/caches/modules-2/files-2.1/com.github.almasb/fxgl/17.2/35db6ae960eec2dcfd19262d3b7f9c42f0e95bc3/fxgl-17.2.jar!/fxglassets/ui/fonts/TerminalLandMono-Regular.otf
09:20:39.058 [FXGL Background Thread 4 ] DEBUG FXGLAssetLoaderServi - Loading from file system: jar:file:/home/cato/.gradle/caches/modules-2/files-2.1/com.github.almasb/fxgl/17.2/35db6ae960eec2dcfd19262d3b7f9c42f0e95bc3/fxgl-17.2.jar!/fxglassets/ui/fonts/Courier-Prime.ttf
09:20:39.063 [JavaFX Application Thread] DEBUG FXGLApplication      - Registering font factories with UI factory
09:20:39.063 [FXGL Background Thread 1 ] INFO  FXGLApplication      - FXGL initialization took: 0,386 sec
09:20:39.065 [JavaFX Application Thread] DEBUG FXGLAssetLoaderServi - Loading from file system: jar:file:/home/cato/.gradle/caches/modules-2/files-2.1/com.github.almasb/fxgl/17.2/35db6ae960eec2dcfd19262d3b7f9c42f0e95bc3/fxgl-17.2.jar!/fxglassets/textures/fxgl_icon.png
09:20:39.085 [JavaFX Application Thread] DEBUG FXGLAssetLoaderServi - Loading from file system: jar:file:/home/cato/.gradle/caches/modules-2/files-2.1/com.github.almasb/fxgl/17.2/35db6ae960eec2dcfd19262d3b7f9c42f0e95bc3/fxgl-17.2.jar!/fxglassets/textures/fxgl_default_cursor.png
09:20:39.094 [JavaFX Application Thread] DEBUG Input                - Registered new binding: Screenshot - CTRL+8
09:20:39.095 [JavaFX Application Thread] DEBUG Input                - Registered new binding: System info dump - CTRL+9
09:20:39.095 [JavaFX Application Thread] DEBUG Input                - Registered new binding: Restart - CTRL+R
09:20:39.095 [JavaFX Application Thread] DEBUG Input                - Registered new binding: Toggle Debug Camera - CTRL+7
09:20:39.097 [JavaFX Application Thread] DEBUG LoopRunner           - Starting loop
09:20:39.097 [JavaFX Application Thread] DEBUG LoopRunner           - Initializing JavaFX AnimationTimerLoop
09:20:39.098 [JavaFX Application Thread] DEBUG GameApplicationServi - Starting new game
09:20:39.099 [JavaFX Application Thread] DEBUG Input                - Clearing active input actions
09:20:39.108 [JavaFX Application Thread] DEBUG GameApplicationServi - Removing overlay from FXGLStartupScene and adding to FXGLLoadingScene
09:20:39.109 [JavaFX Application Thread] DEBUG PrimaryStageWindow   - FXGLStartupScene -> FXGLLoadingScene
09:20:39.109 [JavaFX Application Thread] DEBUG GameApplicationServi - Clearing previous game
09:20:39.109 [JavaFX Application Thread] DEBUG GameScene            - Clearing game scene
09:20:39.109 [JavaFX Application Thread] DEBUG GameWorld            - Clearing game world
09:20:39.109 [JavaFX Application Thread] DEBUG PhysicsWorld         - Clearing physics world
09:20:39.111 [FXGL Background Thread 1 ] DEBUG FXGLApplication      - Initializing game
09:20:39.112 [FXGL Background Thread 1 ] DEBUG FXGLAssetLoaderServi - Loading from file system: file:/home/cato/IdeaProjects/simulador3/build/resources/main/assets/textures/lugar.png
09:20:39.153 [FXGL Background Thread 1 ] DEBUG FXGLAssetLoaderServi - Loading from file system: file:/home/cato/IdeaProjects/simulador3/build/resources/main/assets/music/restaurant.wav
09:20:39.482 [FXGL Background Thread 1 ] DEBUG AudioPlayer          - Playing music com.almasb.fxgl.audio.Music@17148947
09:20:39.515 [FXGL Background Thread 1 ] DEBUG FXGLAssetLoaderServi - Loading from file system: file:/home/cato/IdeaProjects/simulador3/build/resources/main/assets/textures/mesero_frontal.png
09:20:39.546 [FXGL Background Thread 1 ] DEBUG FXGLAssetLoaderServi - Loading from file system: file:/home/cato/IdeaProjects/simulador3/build/resources/main/assets/music/order.wav
09:20:39.574 [FXGL Background Thread 1 ] DEBUG FXGLAssetLoaderServi - Loading from file system: file:/home/cato/IdeaProjects/simulador3/build/resources/main/assets/textures/chef.png
09:20:39.582 [FXGL Background Thread 1 ] DEBUG FXGLAssetLoaderServi - Loading from file system: file:/home/cato/IdeaProjects/simulador3/build/resources/main/assets/music/cooking.wav
09:20:39.648 [FXGL Background Thread 1 ] INFO  FXGLApplication      - Game initialization took: 0,537 sec
09:20:39.649 [JavaFX Application Thread] DEBUG Input                - Clearing active input actions
09:20:39.657 [JavaFX Application Thread] DEBUG GameApplicationServi - Removing overlay from FXGLLoadingScene and adding to GameScene
09:20:39.657 [JavaFX Application Thread] DEBUG PrimaryStageWindow   - FXGLLoadingScene -> GameScene
09:20:40.111 [JavaFX Application Thread] DEBUG FXGLAssetLoaderServi - Loading from file system: file:/home/cato/IdeaProjects/simulador3/build/resources/main/assets/textures/client.png
09:20:42.039 [FXGL Background Thread 3 ] DEBUG Engine               - Logging environment variables
09:20:42.040 [FXGL Background Thread 3 ] DEBUG Engine               - achievements: []
09:20:42.040 [FXGL Background Thread 3 ] DEBUG Engine               - actualHeight: 571.0
09:20:42.041 [FXGL Background Thread 3 ] DEBUG Engine               - actualHeightProperty: ReadOnlyDoubleProperty [value: 608.0]
09:20:42.041 [FXGL Background Thread 3 ] DEBUG Engine               - actualWidth: 798.0
09:20:42.041 [FXGL Background Thread 3 ] DEBUG Engine               - actualWidthProperty: ReadOnlyDoubleProperty [value: 798.0]
09:20:42.041 [FXGL Background Thread 3 ] DEBUG Engine               - appIcon: fxgl_icon.png
09:20:42.041 [FXGL Background Thread 3 ] DEBUG Engine               - applicationMode: DEVELOPER
09:20:42.041 [FXGL Background Thread 3 ] DEBUG Engine               - cSSList: [fxgl_dark.css]
09:20:42.041 [FXGL Background Thread 3 ] DEBUG Engine               - collisionDetectionStrategy: BRUTE_FORCE
09:20:42.041 [FXGL Background Thread 3 ] DEBUG Engine               - configClass: Optional.empty
09:20:42.042 [FXGL Background Thread 3 ] DEBUG Engine               - credits: []
09:20:42.042 [FXGL Background Thread 3 ] DEBUG Engine               - defaultCursor: CursorInfo(imageName=fxgl_default_cursor.png, hotspotX=7.0, hotspotY=6.0)
09:20:42.042 [FXGL Background Thread 3 ] DEBUG Engine               - devBBoxColorProperty: ObjectProperty [value: 0xff0000ff]
09:20:42.042 [FXGL Background Thread 3 ] DEBUG Engine               - devEnableDebugCameraProperty: BooleanProperty [value: false]
09:20:42.042 [FXGL Background Thread 3 ] DEBUG Engine               - devSensorColorProperty: ObjectProperty [value: 0xffff00ff]
09:20:42.043 [FXGL Background Thread 3 ] DEBUG Engine               - devShowBBoxProperty: BooleanProperty [value: false]
09:20:42.043 [FXGL Background Thread 3 ] DEBUG Engine               - devShowPositionProperty: BooleanProperty [value: false]
09:20:42.043 [FXGL Background Thread 3 ] DEBUG Engine               - enabledMenuItems: []
09:20:42.043 [FXGL Background Thread 3 ] DEBUG Engine               - engineServices: [class com.almasb.fxgl.app.services.FXGLAssetLoaderService, class com.almasb.fxgl.app.FXGLApplication$GameApplicationService, class com.almasb.fxgl.app.services.FXGLDialogService, class com.almasb.fxgl.app.services.IOTaskExecutorService, class com.almasb.fxgl.io.FileSystemService, class com.almasb.fxgl.localization.LocalizationService, class com.almasb.fxgl.app.services.SystemBundleService, class com.almasb.fxgl.profile.SaveLoadService, class com.almasb.fxgl.ui.FXGLUIFactoryServiceProvider, class com.almasb.fxgl.ui.FXGLDialogFactoryServiceProvider, class com.almasb.fxgl.audio.AudioPlayer, class com.almasb.fxgl.notification.impl.NotificationServiceProvider, class com.almasb.fxgl.achievement.AchievementService, class com.almasb.fxgl.cutscene.CutsceneService, class com.almasb.fxgl.minigames.MiniGameService, class com.almasb.fxgl.net.NetService, class com.almasb.fxgl.app.services.UpdaterService, class com.almasb.fxgl.dev.DevService]
09:20:42.043 [FXGL Background Thread 3 ] DEBUG Engine               - fontGame: Abel-Regular.ttf
09:20:42.043 [FXGL Background Thread 3 ] DEBUG Engine               - fontMono: TerminalLandMono-Regular.otf
09:20:42.043 [FXGL Background Thread 3 ] DEBUG Engine               - fontText: Courier-Prime.ttf
09:20:42.043 [FXGL Background Thread 3 ] DEBUG Engine               - fontUI: VarelaRound-Regular.ttf
09:20:42.043 [FXGL Background Thread 3 ] DEBUG Engine               - fullScreen: BooleanProperty [value: false]
09:20:42.043 [FXGL Background Thread 3 ] DEBUG Engine               - gameDifficulty: MEDIUM
09:20:42.043 [FXGL Background Thread 3 ] DEBUG Engine               - gameDifficultyProperty: ObjectProperty [value: MEDIUM]
09:20:42.043 [FXGL Background Thread 3 ] DEBUG Engine               - globalMusicVolume: 0.5
09:20:42.044 [FXGL Background Thread 3 ] DEBUG Engine               - globalMusicVolumeProperty: DoubleProperty [value: 0.5]
09:20:42.044 [FXGL Background Thread 3 ] DEBUG Engine               - globalSoundVolume: 0.5
09:20:42.044 [FXGL Background Thread 3 ] DEBUG Engine               - globalSoundVolumeProperty: DoubleProperty [value: 0.5]
09:20:42.044 [FXGL Background Thread 3 ] DEBUG Engine               - height: 600
09:20:42.044 [FXGL Background Thread 3 ] DEBUG Engine               - is3D: false
09:20:42.044 [FXGL Background Thread 3 ] DEBUG Engine               - isAndroid: false
09:20:42.044 [FXGL Background Thread 3 ] DEBUG Engine               - isBrowser: false
09:20:42.044 [FXGL Background Thread 3 ] DEBUG Engine               - isClickFeedbackEnabled: false
09:20:42.044 [FXGL Background Thread 3 ] DEBUG Engine               - isCloseConfirmation: false
09:20:42.044 [FXGL Background Thread 3 ] DEBUG Engine               - isDesktop: true
09:20:42.045 [FXGL Background Thread 3 ] DEBUG Engine               - isDeveloperMenuEnabled: false
09:20:42.045 [FXGL Background Thread 3 ] DEBUG Engine               - isEmbedded: false
09:20:42.045 [FXGL Background Thread 3 ] DEBUG Engine               - isEntityPreloadEnabled: true
09:20:42.045 [FXGL Background Thread 3 ] DEBUG Engine               - isExperimentalTiledLargeMap: false
09:20:42.045 [FXGL Background Thread 3 ] DEBUG Engine               - isFileSystemWriteAllowed: true
09:20:42.045 [FXGL Background Thread 3 ] DEBUG Engine               - isFullScreenAllowed: false
09:20:42.045 [FXGL Background Thread 3 ] DEBUG Engine               - isFullScreenFromStart: false
09:20:42.045 [FXGL Background Thread 3 ] DEBUG Engine               - isGameMenuEnabled: true
09:20:42.045 [FXGL Background Thread 3 ] DEBUG Engine               - isIOS: false
09:20:42.045 [FXGL Background Thread 3 ] DEBUG Engine               - isIntroEnabled: false
09:20:42.045 [FXGL Background Thread 3 ] DEBUG Engine               - isLinux: true
09:20:42.045 [FXGL Background Thread 3 ] DEBUG Engine               - isMac: false
09:20:42.046 [FXGL Background Thread 3 ] DEBUG Engine               - isMainMenuEnabled: false
09:20:42.046 [FXGL Background Thread 3 ] DEBUG Engine               - isManualResizeEnabled: false
09:20:42.046 [FXGL Background Thread 3 ] DEBUG Engine               - isMobile: false
09:20:42.046 [FXGL Background Thread 3 ] DEBUG Engine               - isNative: false
09:20:42.046 [FXGL Background Thread 3 ] DEBUG Engine               - isPauseMusicWhenMinimized: true
09:20:42.046 [FXGL Background Thread 3 ] DEBUG Engine               - isPreserveResizeRatio: false
09:20:42.046 [FXGL Background Thread 3 ] DEBUG Engine               - isProfilingEnabled: false
09:20:42.046 [FXGL Background Thread 3 ] DEBUG Engine               - isScaleAffectedOnResize: true
09:20:42.046 [FXGL Background Thread 3 ] DEBUG Engine               - isSingleStep: false
09:20:42.046 [FXGL Background Thread 3 ] DEBUG Engine               - isUserProfileEnabled: false
09:20:42.046 [FXGL Background Thread 3 ] DEBUG Engine               - isWindows: false
09:20:42.046 [FXGL Background Thread 3 ] DEBUG Engine               - language: ObjectProperty [value: ENGLISH]
09:20:42.046 [FXGL Background Thread 3 ] DEBUG Engine               - menuKey: ESCAPE
09:20:42.047 [FXGL Background Thread 3 ] DEBUG Engine               - mouseSensitivity: 0.2
09:20:42.047 [FXGL Background Thread 3 ] DEBUG Engine               - notificationViewClass: class com.almasb.fxgl.notification.view.XboxNotificationView
09:20:42.047 [FXGL Background Thread 3 ] DEBUG Engine               - pixelsPerMeter: 50.0
09:20:42.047 [FXGL Background Thread 3 ] DEBUG Engine               - platform: LINUX
09:20:42.047 [FXGL Background Thread 3 ] DEBUG Engine               - prefHeightProperty: ReadOnlyDoubleProperty [value: 600.0]
09:20:42.047 [FXGL Background Thread 3 ] DEBUG Engine               - prefWidthProperty: ReadOnlyDoubleProperty [value: 800.0]
09:20:42.047 [FXGL Background Thread 3 ] DEBUG Engine               - profileDir: profiles/
09:20:42.047 [FXGL Background Thread 3 ] DEBUG Engine               - profileName: StringProperty [value: DEFAULT]
09:20:42.047 [FXGL Background Thread 3 ] DEBUG Engine               - randomSeed: -1
09:20:42.048 [FXGL Background Thread 3 ] DEBUG Engine               - runtimeInfo: RuntimeInfo(platform=LINUX, version=17.2, build=20.08.2022 16.50)
09:20:42.048 [FXGL Background Thread 3 ] DEBUG Engine               - saveFileExt: sav
09:20:42.048 [FXGL Background Thread 3 ] DEBUG Engine               - scaledHeightProp$fxgl: DoubleProperty [bound, value: 608.0]
09:20:42.048 [FXGL Background Thread 3 ] DEBUG Engine               - scaledWidthProp$fxgl: DoubleProperty [bound, value: 798.0]
09:20:42.048 [FXGL Background Thread 3 ] DEBUG Engine               - sceneFactory: com.almasb.fxgl.app.scene.SceneFactory@568d5c48
09:20:42.048 [FXGL Background Thread 3 ] DEBUG Engine               - secondsIn24h: 60
09:20:42.048 [FXGL Background Thread 3 ] DEBUG Engine               - soundMenuBack: menu/back.wav
09:20:42.048 [FXGL Background Thread 3 ] DEBUG Engine               - soundMenuPress: menu/press.wav
09:20:42.048 [FXGL Background Thread 3 ] DEBUG Engine               - soundMenuSelect: menu/select.wav
09:20:42.048 [FXGL Background Thread 3 ] DEBUG Engine               - soundNotification: core/notification.wav
09:20:42.048 [FXGL Background Thread 3 ] DEBUG Engine               - stageStyle: DECORATED
09:20:42.049 [FXGL Background Thread 3 ] DEBUG Engine               - supportedLanguages: [ENGLISH, FRENCH, GERMAN, HUNGARIAN, RUSSIAN]
09:20:42.049 [FXGL Background Thread 3 ] DEBUG Engine               - ticksPerSecond: -1
09:20:42.049 [FXGL Background Thread 3 ] DEBUG Engine               - title: Untitled
09:20:42.049 [FXGL Background Thread 3 ] DEBUG Engine               - urlGithub: https://github.com/AlmasB/FXGL
09:20:42.049 [FXGL Background Thread 3 ] DEBUG Engine               - urlLeaderboard: http://fxgl-top.herokuapp.com/
09:20:42.049 [FXGL Background Thread 3 ] DEBUG Engine               - urlPOM: https://raw.githubusercontent.com/AlmasB/FXGL/release/README.md
09:20:42.049 [FXGL Background Thread 3 ] DEBUG Engine               - userAppClass: class org.example.Main
09:20:42.049 [FXGL Background Thread 3 ] DEBUG Engine               - version: 0.0
09:20:42.049 [FXGL Background Thread 3 ] DEBUG Engine               - versionCheckDays: 7
09:20:42.049 [FXGL Background Thread 3 ] DEBUG Engine               - width: 800
09:20:42.049 [FXGL Background Thread 3 ] DEBUG Engine               - Logging services
09:20:42.049 [FXGL Background Thread 3 ] DEBUG Engine               - class com.almasb.fxgl.app.services.FXGLAssetLoaderService
09:20:42.049 [FXGL Background Thread 3 ] DEBUG Engine               - class com.almasb.fxgl.app.FXGLApplication$GameApplicationService
09:20:42.050 [FXGL Background Thread 3 ] DEBUG Engine               - class com.almasb.fxgl.app.services.FXGLDialogService
09:20:42.050 [FXGL Background Thread 3 ] DEBUG Engine               - class com.almasb.fxgl.app.services.IOTaskExecutorService
09:20:42.050 [FXGL Background Thread 3 ] DEBUG Engine               - class com.almasb.fxgl.io.FileSystemService
09:20:42.050 [FXGL Background Thread 3 ] DEBUG Engine               - class com.almasb.fxgl.localization.LocalizationService
09:20:42.050 [FXGL Background Thread 3 ] DEBUG Engine               - class com.almasb.fxgl.app.services.SystemBundleService
09:20:42.050 [FXGL Background Thread 3 ] DEBUG Engine               - class com.almasb.fxgl.profile.SaveLoadService
09:20:42.050 [FXGL Background Thread 3 ] DEBUG Engine               - class com.almasb.fxgl.ui.FXGLUIFactoryServiceProvider
09:20:42.050 [FXGL Background Thread 3 ] DEBUG Engine               - class com.almasb.fxgl.ui.FXGLDialogFactoryServiceProvider
09:20:42.050 [FXGL Background Thread 3 ] DEBUG Engine               - class com.almasb.fxgl.audio.AudioPlayer
09:20:42.050 [FXGL Background Thread 3 ] DEBUG Engine               - class com.almasb.fxgl.notification.impl.NotificationServiceProvider
09:20:42.050 [FXGL Background Thread 3 ] DEBUG Engine               - class com.almasb.fxgl.achievement.AchievementService
09:20:42.050 [FXGL Background Thread 3 ] DEBUG Engine               - class com.almasb.fxgl.cutscene.CutsceneService
09:20:42.050 [FXGL Background Thread 3 ] DEBUG Engine               - class com.almasb.fxgl.minigames.MiniGameService
09:20:42.050 [FXGL Background Thread 3 ] DEBUG Engine               - class com.almasb.fxgl.net.NetService
09:20:42.050 [FXGL Background Thread 3 ] DEBUG Engine               - class com.almasb.fxgl.app.services.UpdaterService
09:20:42.050 [FXGL Background Thread 3 ] DEBUG Engine               - class com.almasb.fxgl.dev.DevService
09:20:47.073 [JavaFX Application Thread] DEBUG FXGLApplication      - Exiting FXGL
09:20:47.073 [JavaFX Application Thread] DEBUG LoopRunner           - Stopping loop
09:20:47.073 [JavaFX Application Thread] DEBUG SystemBundleService  - Saving FXGL system data
09:20:47.076 [JavaFX Application Thread] DEBUG FileSystemAccess     - Writing to: /home/cato/IdeaProjects/simulador3/system/fxgl.bundle
09:20:47.079 [JavaFX Application Thread] DEBUG Async                - Shutting down background threads
09:20:47.079 [JavaFX Application Thread] DEBUG PrimaryStageWindow   - Closing main window
09:20:47.085 [JavaFX Application Thread] DEBUG Logger               - Closing Logger
