01:08:47.235 [main                     ] DEBUG Logger               - Configured Logger
01:08:47.271 [main                     ] DEBUG GameApplication      - Logging settings
Title: Untitled
Version: 0.0
Width: 800
Height: 600
Fullscreen: false
Intro: false
Profiling: false
Single step:false
App Mode: DEVELOPER
Menu Key: ESCAPE
Stage Style: DECORATED
Scene Factory: class com.almasb.fxgl.app.scene.SceneFactory

01:08:47.934 [JavaFX Application Thread] DEBUG FXGLApplication      - Initializing FXGL
01:08:47.940 [JavaFX Application Thread] INFO  Engine               - FXGL-17.2 (20.08.2022 16.50) on LINUX (J:21.0.5 FX:20)
01:08:47.940 [JavaFX Application Thread] DEBUG Engine               - JRE Vendor Name: Ubuntu
01:08:47.940 [JavaFX Application Thread] DEBUG Engine               - Running on OS: Linux version 6.8.0-49-generic
01:08:47.941 [JavaFX Application Thread] DEBUG Engine               - Architecture: amd64
01:08:47.941 [JavaFX Application Thread] INFO  Engine               - Source code and latest versions at: https://github.com/AlmasB/FXGL
01:08:47.941 [JavaFX Application Thread] INFO  Engine               -       Ask questions and discuss at: https://github.com/AlmasB/FXGL/discussions
01:08:47.941 [JavaFX Application Thread] INFO  Engine               -              Join the FXGL chat at: https://gitter.im/AlmasB/FXGL
01:08:48.097 [JavaFX Application Thread] DEBUG PrimaryStageWindow   - Creating a JavaFX scene
01:08:48.286 [JavaFX Application Thread] DEBUG PrimaryStageWindow   - Target settings size: 800.0 x 600.0
01:08:48.287 [JavaFX Application Thread] DEBUG PrimaryStageWindow   - Scaled scene size:    800.0 x 600.0
01:08:48.287 [JavaFX Application Thread] DEBUG PrimaryStageWindow   - Scaled ratio: (1.0, 1.0)
01:08:48.289 [JavaFX Application Thread] DEBUG PrimaryStageWindow   - Set initial scene to FXGLStartupScene
01:08:48.294 [JavaFX Application Thread] DEBUG PrimaryStageWindow   - Opening main window
01:08:48.373 [JavaFX Application Thread] DEBUG PrimaryStageWindow   - Window border size: (2.0, 29.0)
01:08:48.373 [JavaFX Application Thread] DEBUG PrimaryStageWindow   - Scaled size: 800.0 x 600.0
01:08:48.374 [JavaFX Application Thread] DEBUG PrimaryStageWindow   - Scaled ratio: (1.0, 1.0)
01:08:48.375 [JavaFX Application Thread] DEBUG PrimaryStageWindow   - Scene size: 800.0 x 600.0
01:08:48.375 [JavaFX Application Thread] DEBUG PrimaryStageWindow   - Stage size: 802.0 x 629.0
01:08:48.387 [FXGL Background Thread 1 ] DEBUG Engine               - Initializing environment variables
01:08:48.453 [FXGL Background Thread 1 ] DEBUG FXGLAssetLoaderServi - User app class for loading assets: class org.example.Main
01:08:48.453 [FXGL Background Thread 1 ] DEBUG GameApplicationServi - Applying CSS: fxgl_dark.css
01:08:48.454 [FXGL Background Thread 1 ] DEBUG FXGLAssetLoaderServi - Loading from file system: jar:file:/home/cato/.gradle/caches/modules-2/files-2.1/com.github.almasb/fxgl/17.2/35db6ae960eec2dcfd19262d3b7f9c42f0e95bc3/fxgl-17.2.jar!/fxglassets/ui/css/fxgl_dark.css
01:08:48.510 [FXGL Background Thread 1 ] DEBUG GameApplicationServi - Initializing application scenes
01:08:48.566 [FXGL Background Thread 1 ] DEBUG GameWorld            - Game world initialized
01:08:48.632 [FXGL Background Thread 1 ] DEBUG PhysicsWorld         - Physics world initialized: appHeight=600, physics.ppm=50,0
01:08:48.632 [FXGL Background Thread 1 ] DEBUG PhysicsWorld         - Using strategy: BRUTE_FORCE
01:08:48.637 [FXGL Background Thread 1 ] DEBUG GameScene            - Game scene initialized: 800x600
01:08:48.651 [FXGL Background Thread 1 ] DEBUG FXGL.DefaultMenu     - createMenuBodyGameMenu()
01:08:48.669 [FXGL Background Thread 1 ] DEBUG FXGL.DefaultMenu     - createOptionsMenu()
01:08:48.683 [FXGL Background Thread 1 ] DEBUG FXGLAssetLoaderServi - Loading from file system: jar:file:/home/cato/.gradle/caches/modules-2/files-2.1/com.github.almasb/fxgl/17.2/35db6ae960eec2dcfd19262d3b7f9c42f0e95bc3/fxgl-17.2.jar!/fxglassets/textures/particles/smoke.png
01:08:48.817 [FXGL Background Thread 1 ] DEBUG FXGLAssetLoaderServi - Loading from file system: jar:file:/home/cato/.gradle/caches/modules-2/files-2.1/com.github.almasb/fxgl/17.2/35db6ae960eec2dcfd19262d3b7f9c42f0e95bc3/fxgl-17.2.jar!/fxglassets/textures/particles/trace_horizontal.png
01:08:48.851 [FXGL Background Thread 1 ] DEBUG GameApplicationServi - Application scenes initialized
01:08:48.867 [FXGL Background Thread 1 ] DEBUG SystemBundleService  - Loading FXGL system data
01:08:48.872 [FXGL Background Thread 1 ] DEBUG FileSystemAccess     - Reading from: /home/cato/IdeaProjects/simulador3/system/fxgl.bundle
01:08:48.883 [FXGL Background Thread 1 ] DEBUG SystemBundleService  - Bundle FXGL: {}
01:08:48.884 [FXGL Background Thread 1 ] DEBUG UpdaterService       - Checking for updates
01:08:48.889 [FXGL Background Thread 4 ] DEBUG FXGLApplication      - Loading fonts
01:08:48.889 [FXGL Background Thread 1 ] DEBUG FXGLApplication      - Loading default localization
01:08:48.889 [FXGL Background Thread 4 ] DEBUG FXGLAssetLoaderServi - Loading from file system: jar:file:/home/cato/.gradle/caches/modules-2/files-2.1/com.github.almasb/fxgl/17.2/35db6ae960eec2dcfd19262d3b7f9c42f0e95bc3/fxgl-17.2.jar!/fxglassets/ui/fonts/VarelaRound-Regular.ttf
01:08:48.890 [FXGL Background Thread 1 ] DEBUG FXGLAssetLoaderServi - Loading from file system: jar:file:/home/cato/.gradle/caches/modules-2/files-2.1/com.github.almasb/fxgl/17.2/35db6ae960eec2dcfd19262d3b7f9c42f0e95bc3/fxgl-17.2.jar!/fxglassets/languages/english.lang
01:08:48.900 [FXGL Background Thread 4 ] DEBUG FXGLAssetLoaderServi - Loading from file system: jar:file:/home/cato/.gradle/caches/modules-2/files-2.1/com.github.almasb/fxgl/17.2/35db6ae960eec2dcfd19262d3b7f9c42f0e95bc3/fxgl-17.2.jar!/fxglassets/ui/fonts/Abel-Regular.ttf
01:08:48.902 [FXGL Background Thread 4 ] DEBUG FXGLAssetLoaderServi - Loading from file system: jar:file:/home/cato/.gradle/caches/modules-2/files-2.1/com.github.almasb/fxgl/17.2/35db6ae960eec2dcfd19262d3b7f9c42f0e95bc3/fxgl-17.2.jar!/fxglassets/ui/fonts/TerminalLandMono-Regular.otf
01:08:48.905 [FXGL Background Thread 4 ] DEBUG FXGLAssetLoaderServi - Loading from file system: jar:file:/home/cato/.gradle/caches/modules-2/files-2.1/com.github.almasb/fxgl/17.2/35db6ae960eec2dcfd19262d3b7f9c42f0e95bc3/fxgl-17.2.jar!/fxglassets/ui/fonts/Courier-Prime.ttf
01:08:48.908 [FXGL Background Thread 1 ] INFO  FXGLApplication      - FXGL initialization took: 0,520 sec
01:08:48.909 [JavaFX Application Thread] DEBUG FXGLAssetLoaderServi - Loading from file system: jar:file:/home/cato/.gradle/caches/modules-2/files-2.1/com.github.almasb/fxgl/17.2/35db6ae960eec2dcfd19262d3b7f9c42f0e95bc3/fxgl-17.2.jar!/fxglassets/textures/fxgl_icon.png
01:08:48.944 [JavaFX Application Thread] DEBUG FXGLAssetLoaderServi - Loading from file system: jar:file:/home/cato/.gradle/caches/modules-2/files-2.1/com.github.almasb/fxgl/17.2/35db6ae960eec2dcfd19262d3b7f9c42f0e95bc3/fxgl-17.2.jar!/fxglassets/textures/fxgl_default_cursor.png
01:08:48.961 [JavaFX Application Thread] DEBUG Input                - Registered new binding: Screenshot - CTRL+8
01:08:48.962 [JavaFX Application Thread] DEBUG Input                - Registered new binding: System info dump - CTRL+9
01:08:48.963 [JavaFX Application Thread] DEBUG Input                - Registered new binding: Restart - CTRL+R
01:08:48.964 [JavaFX Application Thread] DEBUG Input                - Registered new binding: Toggle Debug Camera - CTRL+7
01:08:48.966 [JavaFX Application Thread] DEBUG LoopRunner           - Starting loop
01:08:48.966 [JavaFX Application Thread] DEBUG LoopRunner           - Initializing JavaFX AnimationTimerLoop
01:08:48.968 [JavaFX Application Thread] DEBUG GameApplicationServi - Starting new game
01:08:48.968 [JavaFX Application Thread] DEBUG Input                - Clearing active input actions
01:08:48.982 [JavaFX Application Thread] DEBUG GameApplicationServi - Removing overlay from FXGLStartupScene and adding to FXGLLoadingScene
01:08:48.982 [JavaFX Application Thread] DEBUG PrimaryStageWindow   - FXGLStartupScene -> FXGLLoadingScene
01:08:48.983 [JavaFX Application Thread] DEBUG GameApplicationServi - Clearing previous game
01:08:48.983 [JavaFX Application Thread] DEBUG GameScene            - Clearing game scene
01:08:48.983 [JavaFX Application Thread] DEBUG GameWorld            - Clearing game world
01:08:48.983 [JavaFX Application Thread] DEBUG PhysicsWorld         - Clearing physics world
01:08:48.985 [FXGL Background Thread 1 ] DEBUG FXGLApplication      - Initializing game
01:08:48.985 [JavaFX Application Thread] DEBUG FXGLApplication      - Registering font factories with UI factory
01:08:48.987 [FXGL Background Thread 1 ] DEBUG FXGLAssetLoaderServi - Loading from file system: file:/home/cato/IdeaProjects/simulador3/build/resources/main/assets/textures/lugar.png
01:08:49.123 [FXGL Background Thread 1 ] DEBUG FXGLAssetLoaderServi - Loading from file system: file:/home/cato/IdeaProjects/simulador3/build/resources/main/assets/music/restaurant.wav
01:08:49.294 [FXGL Background Thread 1 ] DEBUG AudioPlayer          - Playing music com.almasb.fxgl.audio.Music@55380521
01:08:49.311 [FXGL Background Thread 1 ] DEBUG FXGLAssetLoaderServi - Loading from file system: file:/home/cato/IdeaProjects/simulador3/build/resources/main/assets/textures/mesero_frontal.png
01:08:49.318 [FXGL Background Thread 1 ] DEBUG FXGLAssetLoaderServi - Loading from file system: file:/home/cato/IdeaProjects/simulador3/build/resources/main/assets/music/order.wav
01:08:49.329 [FXGL Background Thread 1 ] DEBUG FXGLAssetLoaderServi - Loading from file system: file:/home/cato/IdeaProjects/simulador3/build/resources/main/assets/textures/chef.png
01:08:49.337 [FXGL Background Thread 1 ] DEBUG FXGLAssetLoaderServi - Loading from file system: file:/home/cato/IdeaProjects/simulador3/build/resources/main/assets/music/cooking.wav
01:08:49.348 [FXGL Background Thread 1 ] INFO  FXGLApplication      - Game initialization took: 0,363 sec
01:08:49.355 [JavaFX Application Thread] DEBUG Input                - Clearing active input actions
01:08:49.365 [JavaFX Application Thread] DEBUG GameApplicationServi - Removing overlay from FXGLLoadingScene and adding to GameScene
01:08:49.365 [JavaFX Application Thread] DEBUG PrimaryStageWindow   - FXGLLoadingScene -> GameScene
01:08:49.574 [JavaFX Application Thread] DEBUG FXGLAssetLoaderServi - Loading from file system: file:/home/cato/IdeaProjects/simulador3/build/resources/main/assets/textures/client.png
01:08:49.654 [FXGL Background Thread 2 ] INFO  UpdaterService       - Your current version:  17.2
01:08:49.654 [FXGL Background Thread 2 ] INFO  UpdaterService       - Latest stable version: 21.1
01:08:51.887 [FXGL Background Thread 3 ] DEBUG Engine               - Logging environment variables
01:08:51.887 [FXGL Background Thread 3 ] DEBUG Engine               - achievements: []
01:08:51.888 [FXGL Background Thread 3 ] DEBUG Engine               - actualHeight: 571.0
01:08:51.888 [FXGL Background Thread 3 ] DEBUG Engine               - actualHeightProperty: ReadOnlyDoubleProperty [value: 608.0]
01:08:51.888 [FXGL Background Thread 3 ] DEBUG Engine               - actualWidth: 798.0
01:08:51.888 [FXGL Background Thread 3 ] DEBUG Engine               - actualWidthProperty: ReadOnlyDoubleProperty [value: 798.0]
01:08:51.888 [FXGL Background Thread 3 ] DEBUG Engine               - appIcon: fxgl_icon.png
01:08:51.888 [FXGL Background Thread 3 ] DEBUG Engine               - applicationMode: DEVELOPER
01:08:51.888 [FXGL Background Thread 3 ] DEBUG Engine               - cSSList: [fxgl_dark.css]
01:08:51.888 [FXGL Background Thread 3 ] DEBUG Engine               - collisionDetectionStrategy: BRUTE_FORCE
01:08:51.888 [FXGL Background Thread 3 ] DEBUG Engine               - configClass: Optional.empty
01:08:51.888 [FXGL Background Thread 3 ] DEBUG Engine               - credits: []
01:08:51.889 [FXGL Background Thread 3 ] DEBUG Engine               - defaultCursor: CursorInfo(imageName=fxgl_default_cursor.png, hotspotX=7.0, hotspotY=6.0)
01:08:51.889 [FXGL Background Thread 3 ] DEBUG Engine               - devBBoxColorProperty: ObjectProperty [value: 0xff0000ff]
01:08:51.889 [FXGL Background Thread 3 ] DEBUG Engine               - devEnableDebugCameraProperty: BooleanProperty [value: false]
01:08:51.889 [FXGL Background Thread 3 ] DEBUG Engine               - devSensorColorProperty: ObjectProperty [value: 0xffff00ff]
01:08:51.889 [FXGL Background Thread 3 ] DEBUG Engine               - devShowBBoxProperty: BooleanProperty [value: false]
01:08:51.890 [FXGL Background Thread 3 ] DEBUG Engine               - devShowPositionProperty: BooleanProperty [value: false]
01:08:51.890 [FXGL Background Thread 3 ] DEBUG Engine               - enabledMenuItems: []
01:08:51.890 [FXGL Background Thread 3 ] DEBUG Engine               - engineServices: [class com.almasb.fxgl.app.services.FXGLAssetLoaderService, class com.almasb.fxgl.app.FXGLApplication$GameApplicationService, class com.almasb.fxgl.app.services.FXGLDialogService, class com.almasb.fxgl.app.services.IOTaskExecutorService, class com.almasb.fxgl.io.FileSystemService, class com.almasb.fxgl.localization.LocalizationService, class com.almasb.fxgl.app.services.SystemBundleService, class com.almasb.fxgl.profile.SaveLoadService, class com.almasb.fxgl.ui.FXGLUIFactoryServiceProvider, class com.almasb.fxgl.ui.FXGLDialogFactoryServiceProvider, class com.almasb.fxgl.audio.AudioPlayer, class com.almasb.fxgl.notification.impl.NotificationServiceProvider, class com.almasb.fxgl.achievement.AchievementService, class com.almasb.fxgl.cutscene.CutsceneService, class com.almasb.fxgl.minigames.MiniGameService, class com.almasb.fxgl.net.NetService, class com.almasb.fxgl.app.services.UpdaterService, class com.almasb.fxgl.dev.DevService]
01:08:51.890 [FXGL Background Thread 3 ] DEBUG Engine               - fontGame: Abel-Regular.ttf
01:08:51.890 [FXGL Background Thread 3 ] DEBUG Engine               - fontMono: TerminalLandMono-Regular.otf
01:08:51.890 [FXGL Background Thread 3 ] DEBUG Engine               - fontText: Courier-Prime.ttf
01:08:51.890 [FXGL Background Thread 3 ] DEBUG Engine               - fontUI: VarelaRound-Regular.ttf
01:08:51.890 [FXGL Background Thread 3 ] DEBUG Engine               - fullScreen: BooleanProperty [value: false]
01:08:51.890 [FXGL Background Thread 3 ] DEBUG Engine               - gameDifficulty: MEDIUM
01:08:51.890 [FXGL Background Thread 3 ] DEBUG Engine               - gameDifficultyProperty: ObjectProperty [value: MEDIUM]
01:08:51.891 [FXGL Background Thread 3 ] DEBUG Engine               - globalMusicVolume: 0.5
01:08:51.891 [FXGL Background Thread 3 ] DEBUG Engine               - globalMusicVolumeProperty: DoubleProperty [value: 0.5]
01:08:51.891 [FXGL Background Thread 3 ] DEBUG Engine               - globalSoundVolume: 0.5
01:08:51.891 [FXGL Background Thread 3 ] DEBUG Engine               - globalSoundVolumeProperty: DoubleProperty [value: 0.5]
01:08:51.891 [FXGL Background Thread 3 ] DEBUG Engine               - height: 600
01:08:51.891 [FXGL Background Thread 3 ] DEBUG Engine               - is3D: false
01:08:51.891 [FXGL Background Thread 3 ] DEBUG Engine               - isAndroid: false
01:08:51.891 [FXGL Background Thread 3 ] DEBUG Engine               - isBrowser: false
01:08:51.891 [FXGL Background Thread 3 ] DEBUG Engine               - isClickFeedbackEnabled: false
01:08:51.891 [FXGL Background Thread 3 ] DEBUG Engine               - isCloseConfirmation: false
01:08:51.891 [FXGL Background Thread 3 ] DEBUG Engine               - isDesktop: true
01:08:51.891 [FXGL Background Thread 3 ] DEBUG Engine               - isDeveloperMenuEnabled: false
01:08:51.892 [FXGL Background Thread 3 ] DEBUG Engine               - isEmbedded: false
01:08:51.892 [FXGL Background Thread 3 ] DEBUG Engine               - isEntityPreloadEnabled: true
01:08:51.892 [FXGL Background Thread 3 ] DEBUG Engine               - isExperimentalTiledLargeMap: false
01:08:51.892 [FXGL Background Thread 3 ] DEBUG Engine               - isFileSystemWriteAllowed: true
01:08:51.892 [FXGL Background Thread 3 ] DEBUG Engine               - isFullScreenAllowed: false
01:08:51.892 [FXGL Background Thread 3 ] DEBUG Engine               - isFullScreenFromStart: false
01:08:51.892 [FXGL Background Thread 3 ] DEBUG Engine               - isGameMenuEnabled: true
01:08:51.892 [FXGL Background Thread 3 ] DEBUG Engine               - isIOS: false
01:08:51.892 [FXGL Background Thread 3 ] DEBUG Engine               - isIntroEnabled: false
01:08:51.892 [FXGL Background Thread 3 ] DEBUG Engine               - isLinux: true
01:08:51.893 [FXGL Background Thread 3 ] DEBUG Engine               - isMac: false
01:08:51.893 [FXGL Background Thread 3 ] DEBUG Engine               - isMainMenuEnabled: false
01:08:51.893 [FXGL Background Thread 3 ] DEBUG Engine               - isManualResizeEnabled: false
01:08:51.893 [FXGL Background Thread 3 ] DEBUG Engine               - isMobile: false
01:08:51.893 [FXGL Background Thread 3 ] DEBUG Engine               - isNative: false
01:08:51.893 [FXGL Background Thread 3 ] DEBUG Engine               - isPauseMusicWhenMinimized: true
01:08:51.893 [FXGL Background Thread 3 ] DEBUG Engine               - isPreserveResizeRatio: false
01:08:51.893 [FXGL Background Thread 3 ] DEBUG Engine               - isProfilingEnabled: false
01:08:51.893 [FXGL Background Thread 3 ] DEBUG Engine               - isScaleAffectedOnResize: true
01:08:51.893 [FXGL Background Thread 3 ] DEBUG Engine               - isSingleStep: false
01:08:51.893 [FXGL Background Thread 3 ] DEBUG Engine               - isUserProfileEnabled: false
01:08:51.893 [FXGL Background Thread 3 ] DEBUG Engine               - isWindows: false
01:08:51.893 [FXGL Background Thread 3 ] DEBUG Engine               - language: ObjectProperty [value: ENGLISH]
01:08:51.894 [FXGL Background Thread 3 ] DEBUG Engine               - menuKey: ESCAPE
01:08:51.894 [FXGL Background Thread 3 ] DEBUG Engine               - mouseSensitivity: 0.2
01:08:51.894 [FXGL Background Thread 3 ] DEBUG Engine               - notificationViewClass: class com.almasb.fxgl.notification.view.XboxNotificationView
01:08:51.894 [FXGL Background Thread 3 ] DEBUG Engine               - pixelsPerMeter: 50.0
01:08:51.894 [FXGL Background Thread 3 ] DEBUG Engine               - platform: LINUX
01:08:51.894 [FXGL Background Thread 3 ] DEBUG Engine               - prefHeightProperty: ReadOnlyDoubleProperty [value: 600.0]
01:08:51.894 [FXGL Background Thread 3 ] DEBUG Engine               - prefWidthProperty: ReadOnlyDoubleProperty [value: 800.0]
01:08:51.894 [FXGL Background Thread 3 ] DEBUG Engine               - profileDir: profiles/
01:08:51.894 [FXGL Background Thread 3 ] DEBUG Engine               - profileName: StringProperty [value: DEFAULT]
01:08:51.894 [FXGL Background Thread 3 ] DEBUG Engine               - randomSeed: -1
01:08:51.895 [FXGL Background Thread 3 ] DEBUG Engine               - runtimeInfo: RuntimeInfo(platform=LINUX, version=17.2, build=20.08.2022 16.50)
01:08:51.895 [FXGL Background Thread 3 ] DEBUG Engine               - saveFileExt: sav
01:08:51.895 [FXGL Background Thread 3 ] DEBUG Engine               - scaledHeightProp$fxgl: DoubleProperty [bound, value: 608.0]
01:08:51.895 [FXGL Background Thread 3 ] DEBUG Engine               - scaledWidthProp$fxgl: DoubleProperty [bound, value: 798.0]
01:08:51.895 [FXGL Background Thread 3 ] DEBUG Engine               - sceneFactory: com.almasb.fxgl.app.scene.SceneFactory@78363f7f
01:08:51.895 [FXGL Background Thread 3 ] DEBUG Engine               - secondsIn24h: 60
01:08:51.895 [FXGL Background Thread 3 ] DEBUG Engine               - soundMenuBack: menu/back.wav
01:08:51.895 [FXGL Background Thread 3 ] DEBUG Engine               - soundMenuPress: menu/press.wav
01:08:51.895 [FXGL Background Thread 3 ] DEBUG Engine               - soundMenuSelect: menu/select.wav
01:08:51.896 [FXGL Background Thread 3 ] DEBUG Engine               - soundNotification: core/notification.wav
01:08:51.896 [FXGL Background Thread 3 ] DEBUG Engine               - stageStyle: DECORATED
01:08:51.896 [FXGL Background Thread 3 ] DEBUG Engine               - supportedLanguages: [ENGLISH, FRENCH, GERMAN, HUNGARIAN, RUSSIAN]
01:08:51.896 [FXGL Background Thread 3 ] DEBUG Engine               - ticksPerSecond: -1
01:08:51.896 [FXGL Background Thread 3 ] DEBUG Engine               - title: Untitled
01:08:51.896 [FXGL Background Thread 3 ] DEBUG Engine               - urlGithub: https://github.com/AlmasB/FXGL
01:08:51.896 [FXGL Background Thread 3 ] DEBUG Engine               - urlLeaderboard: http://fxgl-top.herokuapp.com/
01:08:51.896 [FXGL Background Thread 3 ] DEBUG Engine               - urlPOM: https://raw.githubusercontent.com/AlmasB/FXGL/release/README.md
01:08:51.896 [FXGL Background Thread 3 ] DEBUG Engine               - userAppClass: class org.example.Main
01:08:51.896 [FXGL Background Thread 3 ] DEBUG Engine               - version: 0.0
01:08:51.896 [FXGL Background Thread 3 ] DEBUG Engine               - versionCheckDays: 7
01:08:51.896 [FXGL Background Thread 3 ] DEBUG Engine               - width: 800
01:08:51.896 [FXGL Background Thread 3 ] DEBUG Engine               - Logging services
01:08:51.897 [FXGL Background Thread 3 ] DEBUG Engine               - class com.almasb.fxgl.app.services.FXGLAssetLoaderService
01:08:51.897 [FXGL Background Thread 3 ] DEBUG Engine               - class com.almasb.fxgl.app.FXGLApplication$GameApplicationService
01:08:51.897 [FXGL Background Thread 3 ] DEBUG Engine               - class com.almasb.fxgl.app.services.FXGLDialogService
01:08:51.897 [FXGL Background Thread 3 ] DEBUG Engine               - class com.almasb.fxgl.app.services.IOTaskExecutorService
01:08:51.897 [FXGL Background Thread 3 ] DEBUG Engine               - class com.almasb.fxgl.io.FileSystemService
01:08:51.897 [FXGL Background Thread 3 ] DEBUG Engine               - class com.almasb.fxgl.localization.LocalizationService
01:08:51.897 [FXGL Background Thread 3 ] DEBUG Engine               - class com.almasb.fxgl.app.services.SystemBundleService
01:08:51.897 [FXGL Background Thread 3 ] DEBUG Engine               - class com.almasb.fxgl.profile.SaveLoadService
01:08:51.897 [FXGL Background Thread 3 ] DEBUG Engine               - class com.almasb.fxgl.ui.FXGLUIFactoryServiceProvider
01:08:51.897 [FXGL Background Thread 3 ] DEBUG Engine               - class com.almasb.fxgl.ui.FXGLDialogFactoryServiceProvider
01:08:51.897 [FXGL Background Thread 3 ] DEBUG Engine               - class com.almasb.fxgl.audio.AudioPlayer
01:08:51.897 [FXGL Background Thread 3 ] DEBUG Engine               - class com.almasb.fxgl.notification.impl.NotificationServiceProvider
01:08:51.898 [FXGL Background Thread 3 ] DEBUG Engine               - class com.almasb.fxgl.achievement.AchievementService
01:08:51.898 [FXGL Background Thread 3 ] DEBUG Engine               - class com.almasb.fxgl.cutscene.CutsceneService
01:08:51.898 [FXGL Background Thread 3 ] DEBUG Engine               - class com.almasb.fxgl.minigames.MiniGameService
01:08:51.898 [FXGL Background Thread 3 ] DEBUG Engine               - class com.almasb.fxgl.net.NetService
01:08:51.898 [FXGL Background Thread 3 ] DEBUG Engine               - class com.almasb.fxgl.app.services.UpdaterService
01:08:51.898 [FXGL Background Thread 3 ] DEBUG Engine               - class com.almasb.fxgl.dev.DevService
01:08:57.154 [Thread-68                ] DEBUG AudioPlayer          - Playing music com.almasb.fxgl.audio.Music@586d6454
01:08:59.155 [Thread-68                ] DEBUG AudioPlayer          - Stopping music com.almasb.fxgl.audio.Music@586d6454
01:08:59.561 [Thread-82                ] DEBUG AudioPlayer          - Playing music com.almasb.fxgl.audio.Music@586d6454
01:09:01.562 [Thread-82                ] DEBUG AudioPlayer          - Stopping music com.almasb.fxgl.audio.Music@586d6454
01:09:07.143 [Thread-102               ] DEBUG AudioPlayer          - Playing music com.almasb.fxgl.audio.Music@6314a2b1
01:09:07.648 [Thread-120               ] DEBUG AudioPlayer          - Playing music com.almasb.fxgl.audio.Music@6314a2b1
01:09:07.860 [Thread-82                ] DEBUG AudioPlayer          - Playing music com.almasb.fxgl.audio.Music@586d6454
01:09:08.769 [Thread-68                ] DEBUG AudioPlayer          - Playing music com.almasb.fxgl.audio.Music@586d6454
01:09:09.861 [Thread-82                ] DEBUG AudioPlayer          - Stopping music com.almasb.fxgl.audio.Music@586d6454
01:09:10.769 [Thread-68                ] DEBUG AudioPlayer          - Stopping music com.almasb.fxgl.audio.Music@586d6454
01:09:12.144 [Thread-102               ] DEBUG AudioPlayer          - Stopping music com.almasb.fxgl.audio.Music@6314a2b1
01:09:12.162 [Thread-102               ] DEBUG FXGLAssetLoaderServi - Loading from file system: file:/home/cato/IdeaProjects/simulador3/build/resources/main/assets/music/bell.wav
01:09:12.171 [Thread-102               ] DEBUG AudioPlayer          - Playing music com.almasb.fxgl.audio.Music@4a600a92
01:09:12.649 [Thread-120               ] DEBUG AudioPlayer          - Stopping music com.almasb.fxgl.audio.Music@6314a2b1
01:09:12.649 [Thread-120               ] DEBUG AudioPlayer          - Playing music com.almasb.fxgl.audio.Music@4a600a92
01:09:16.012 [Thread-102               ] DEBUG AudioPlayer          - Playing music com.almasb.fxgl.audio.Music@6314a2b1
01:09:17.866 [Thread-82                ] DEBUG AudioPlayer          - Playing music com.almasb.fxgl.audio.Music@586d6454
01:09:18.299 [Thread-120               ] DEBUG AudioPlayer          - Playing music com.almasb.fxgl.audio.Music@6314a2b1
01:09:19.867 [Thread-82                ] DEBUG AudioPlayer          - Stopping music com.almasb.fxgl.audio.Music@586d6454
01:09:21.013 [Thread-102               ] DEBUG AudioPlayer          - Stopping music com.almasb.fxgl.audio.Music@6314a2b1
01:09:21.036 [Thread-102               ] DEBUG AudioPlayer          - Playing music com.almasb.fxgl.audio.Music@4a600a92
01:09:23.299 [Thread-120               ] DEBUG AudioPlayer          - Stopping music com.almasb.fxgl.audio.Music@6314a2b1
01:09:23.300 [Thread-120               ] DEBUG AudioPlayer          - Playing music com.almasb.fxgl.audio.Music@4a600a92
01:09:27.661 [Thread-102               ] DEBUG AudioPlayer          - Playing music com.almasb.fxgl.audio.Music@6314a2b1
01:09:32.662 [Thread-102               ] DEBUG AudioPlayer          - Stopping music com.almasb.fxgl.audio.Music@6314a2b1
01:09:32.684 [Thread-102               ] DEBUG AudioPlayer          - Playing music com.almasb.fxgl.audio.Music@4a600a92
01:09:35.966 [JavaFX Application Thread] DEBUG FXGLApplication      - Exiting FXGL
01:09:35.967 [JavaFX Application Thread] DEBUG LoopRunner           - Stopping loop
01:09:35.967 [JavaFX Application Thread] DEBUG SystemBundleService  - Saving FXGL system data
01:09:35.969 [JavaFX Application Thread] DEBUG FileSystemAccess     - Writing to: /home/cato/IdeaProjects/simulador3/system/fxgl.bundle
01:09:35.973 [JavaFX Application Thread] DEBUG Async                - Shutting down background threads
01:09:35.973 [JavaFX Application Thread] DEBUG PrimaryStageWindow   - Closing main window
01:09:35.976 [JavaFX Application Thread] DEBUG Logger               - Closing Logger
