02:16:18.829 [main                     ] DEBUG Logger               - Configured Logger
02:16:18.847 [main                     ] DEBUG GameApplication      - Logging settings
Title: Untitled
Version: 0.0
Width: 800
Height: 600
Fullscreen: false
Intro: false
Profiling: false
Single step:false
App Mode: DEVELOPER
Menu Key: ESCAPE
Stage Style: DECORATED
Scene Factory: class com.almasb.fxgl.app.scene.SceneFactory

02:16:19.175 [JavaFX Application Thread] DEBUG FXGLApplication      - Initializing FXGL
02:16:19.178 [JavaFX Application Thread] INFO  Engine               - FXGL-17.2 (20.08.2022 16.50) on LINUX (J:21.0.5 FX:20)
02:16:19.178 [JavaFX Application Thread] DEBUG Engine               - JRE Vendor Name: Ubuntu
02:16:19.179 [JavaFX Application Thread] DEBUG Engine               - Running on OS: Linux version 6.8.0-49-generic
02:16:19.179 [JavaFX Application Thread] DEBUG Engine               - Architecture: amd64
02:16:19.179 [JavaFX Application Thread] INFO  Engine               - Source code and latest versions at: https://github.com/AlmasB/FXGL
02:16:19.179 [JavaFX Application Thread] INFO  Engine               -       Ask questions and discuss at: https://github.com/AlmasB/FXGL/discussions
02:16:19.179 [JavaFX Application Thread] INFO  Engine               -              Join the FXGL chat at: https://gitter.im/AlmasB/FXGL
02:16:19.260 [JavaFX Application Thread] DEBUG PrimaryStageWindow   - Creating a JavaFX scene
02:16:19.353 [JavaFX Application Thread] DEBUG PrimaryStageWindow   - Target settings size: 800.0 x 600.0
02:16:19.353 [JavaFX Application Thread] DEBUG PrimaryStageWindow   - Scaled scene size:    800.0 x 600.0
02:16:19.353 [JavaFX Application Thread] DEBUG PrimaryStageWindow   - Scaled ratio: (1.0, 1.0)
02:16:19.355 [JavaFX Application Thread] DEBUG PrimaryStageWindow   - Set initial scene to FXGLStartupScene
02:16:19.358 [JavaFX Application Thread] DEBUG PrimaryStageWindow   - Opening main window
02:16:19.394 [JavaFX Application Thread] DEBUG PrimaryStageWindow   - Window border size: (2.0, 29.0)
02:16:19.394 [JavaFX Application Thread] DEBUG PrimaryStageWindow   - Scaled size: 800.0 x 600.0
02:16:19.395 [JavaFX Application Thread] DEBUG PrimaryStageWindow   - Scaled ratio: (1.0, 1.0)
02:16:19.395 [JavaFX Application Thread] DEBUG PrimaryStageWindow   - Scene size: 800.0 x 600.0
02:16:19.396 [JavaFX Application Thread] DEBUG PrimaryStageWindow   - Stage size: 802.0 x 629.0
02:16:19.402 [FXGL Background Thread 1 ] DEBUG Engine               - Initializing environment variables
02:16:19.445 [FXGL Background Thread 1 ] DEBUG FXGLAssetLoaderServi - User app class for loading assets: class org.example.Main
02:16:19.445 [FXGL Background Thread 1 ] DEBUG GameApplicationServi - Applying CSS: fxgl_dark.css
02:16:19.446 [FXGL Background Thread 1 ] DEBUG FXGLAssetLoaderServi - Loading from file system: jar:file:/home/cato/.gradle/caches/modules-2/files-2.1/com.github.almasb/fxgl/17.2/35db6ae960eec2dcfd19262d3b7f9c42f0e95bc3/fxgl-17.2.jar!/fxglassets/ui/css/fxgl_dark.css
02:16:19.486 [FXGL Background Thread 1 ] DEBUG GameApplicationServi - Initializing application scenes
02:16:19.534 [FXGL Background Thread 1 ] DEBUG GameWorld            - Game world initialized
02:16:19.574 [FXGL Background Thread 1 ] DEBUG PhysicsWorld         - Physics world initialized: appHeight=600, physics.ppm=50,0
02:16:19.574 [FXGL Background Thread 1 ] DEBUG PhysicsWorld         - Using strategy: BRUTE_FORCE
02:16:19.577 [FXGL Background Thread 1 ] DEBUG GameScene            - Game scene initialized: 800x600
02:16:19.585 [FXGL Background Thread 1 ] DEBUG FXGL.DefaultMenu     - createMenuBodyGameMenu()
02:16:19.596 [FXGL Background Thread 1 ] DEBUG FXGL.DefaultMenu     - createOptionsMenu()
02:16:19.605 [FXGL Background Thread 1 ] DEBUG FXGLAssetLoaderServi - Loading from file system: jar:file:/home/cato/.gradle/caches/modules-2/files-2.1/com.github.almasb/fxgl/17.2/35db6ae960eec2dcfd19262d3b7f9c42f0e95bc3/fxgl-17.2.jar!/fxglassets/textures/particles/smoke.png
02:16:19.676 [FXGL Background Thread 1 ] DEBUG FXGLAssetLoaderServi - Loading from file system: jar:file:/home/cato/.gradle/caches/modules-2/files-2.1/com.github.almasb/fxgl/17.2/35db6ae960eec2dcfd19262d3b7f9c42f0e95bc3/fxgl-17.2.jar!/fxglassets/textures/particles/trace_horizontal.png
02:16:19.699 [FXGL Background Thread 1 ] DEBUG GameApplicationServi - Application scenes initialized
02:16:19.708 [FXGL Background Thread 1 ] DEBUG SystemBundleService  - Loading FXGL system data
02:16:19.711 [FXGL Background Thread 1 ] DEBUG FileSystemAccess     - Reading from: /home/cato/IdeaProjects/simulador3/system/fxgl.bundle
02:16:19.720 [FXGL Background Thread 1 ] DEBUG SystemBundleService  - Bundle FXGL: {}
02:16:19.720 [FXGL Background Thread 1 ] DEBUG UpdaterService       - Checking for updates
02:16:19.724 [FXGL Background Thread 4 ] DEBUG FXGLApplication      - Loading fonts
02:16:19.725 [FXGL Background Thread 4 ] DEBUG FXGLAssetLoaderServi - Loading from file system: jar:file:/home/cato/.gradle/caches/modules-2/files-2.1/com.github.almasb/fxgl/17.2/35db6ae960eec2dcfd19262d3b7f9c42f0e95bc3/fxgl-17.2.jar!/fxglassets/ui/fonts/VarelaRound-Regular.ttf
02:16:19.725 [FXGL Background Thread 1 ] DEBUG FXGLApplication      - Loading default localization
02:16:19.726 [FXGL Background Thread 1 ] DEBUG FXGLAssetLoaderServi - Loading from file system: jar:file:/home/cato/.gradle/caches/modules-2/files-2.1/com.github.almasb/fxgl/17.2/35db6ae960eec2dcfd19262d3b7f9c42f0e95bc3/fxgl-17.2.jar!/fxglassets/languages/english.lang
02:16:19.734 [FXGL Background Thread 4 ] DEBUG FXGLAssetLoaderServi - Loading from file system: jar:file:/home/cato/.gradle/caches/modules-2/files-2.1/com.github.almasb/fxgl/17.2/35db6ae960eec2dcfd19262d3b7f9c42f0e95bc3/fxgl-17.2.jar!/fxglassets/ui/fonts/Abel-Regular.ttf
02:16:19.736 [FXGL Background Thread 4 ] DEBUG FXGLAssetLoaderServi - Loading from file system: jar:file:/home/cato/.gradle/caches/modules-2/files-2.1/com.github.almasb/fxgl/17.2/35db6ae960eec2dcfd19262d3b7f9c42f0e95bc3/fxgl-17.2.jar!/fxglassets/ui/fonts/TerminalLandMono-Regular.otf
02:16:19.738 [FXGL Background Thread 4 ] DEBUG FXGLAssetLoaderServi - Loading from file system: jar:file:/home/cato/.gradle/caches/modules-2/files-2.1/com.github.almasb/fxgl/17.2/35db6ae960eec2dcfd19262d3b7f9c42f0e95bc3/fxgl-17.2.jar!/fxglassets/ui/fonts/Courier-Prime.ttf
02:16:19.740 [FXGL Background Thread 1 ] INFO  FXGLApplication      - FXGL initialization took: 0,338 sec
02:16:19.742 [JavaFX Application Thread] DEBUG FXGLAssetLoaderServi - Loading from file system: jar:file:/home/cato/.gradle/caches/modules-2/files-2.1/com.github.almasb/fxgl/17.2/35db6ae960eec2dcfd19262d3b7f9c42f0e95bc3/fxgl-17.2.jar!/fxglassets/textures/fxgl_icon.png
02:16:19.765 [JavaFX Application Thread] DEBUG FXGLAssetLoaderServi - Loading from file system: jar:file:/home/cato/.gradle/caches/modules-2/files-2.1/com.github.almasb/fxgl/17.2/35db6ae960eec2dcfd19262d3b7f9c42f0e95bc3/fxgl-17.2.jar!/fxglassets/textures/fxgl_default_cursor.png
02:16:19.775 [JavaFX Application Thread] DEBUG Input                - Registered new binding: Screenshot - CTRL+8
02:16:19.776 [JavaFX Application Thread] DEBUG Input                - Registered new binding: System info dump - CTRL+9
02:16:19.776 [JavaFX Application Thread] DEBUG Input                - Registered new binding: Restart - CTRL+R
02:16:19.777 [JavaFX Application Thread] DEBUG Input                - Registered new binding: Toggle Debug Camera - CTRL+7
02:16:19.778 [JavaFX Application Thread] DEBUG LoopRunner           - Starting loop
02:16:19.779 [JavaFX Application Thread] DEBUG LoopRunner           - Initializing JavaFX AnimationTimerLoop
02:16:19.779 [JavaFX Application Thread] DEBUG GameApplicationServi - Starting new game
02:16:19.780 [JavaFX Application Thread] DEBUG Input                - Clearing active input actions
02:16:19.792 [JavaFX Application Thread] DEBUG GameApplicationServi - Removing overlay from FXGLStartupScene and adding to FXGLLoadingScene
02:16:19.793 [JavaFX Application Thread] DEBUG PrimaryStageWindow   - FXGLStartupScene -> FXGLLoadingScene
02:16:19.793 [JavaFX Application Thread] DEBUG GameApplicationServi - Clearing previous game
02:16:19.793 [JavaFX Application Thread] DEBUG GameScene            - Clearing game scene
02:16:19.793 [JavaFX Application Thread] DEBUG GameWorld            - Clearing game world
02:16:19.793 [JavaFX Application Thread] DEBUG PhysicsWorld         - Clearing physics world
02:16:19.795 [FXGL Background Thread 4 ] DEBUG FXGLApplication      - Initializing game
02:16:19.795 [JavaFX Application Thread] DEBUG FXGLApplication      - Registering font factories with UI factory
02:16:19.796 [FXGL Background Thread 4 ] DEBUG FXGLAssetLoaderServi - Loading from file system: file:/home/cato/IdeaProjects/simulador3/build/resources/main/assets/textures/lugar.png
02:16:19.832 [FXGL Background Thread 4 ] DEBUG FXGLAssetLoaderServi - Loading from file system: file:/home/cato/IdeaProjects/simulador3/build/resources/main/assets/music/restaurant.wav
02:16:19.926 [FXGL Background Thread 4 ] DEBUG AudioPlayer          - Playing music com.almasb.fxgl.audio.Music@22419396
02:16:19.934 [FXGL Background Thread 4 ] DEBUG FXGLAssetLoaderServi - Loading from file system: file:/home/cato/IdeaProjects/simulador3/build/resources/main/assets/textures/mesero_frontal.png
02:16:19.938 [FXGL Background Thread 4 ] DEBUG FXGLAssetLoaderServi - Loading from file system: file:/home/cato/IdeaProjects/simulador3/build/resources/main/assets/music/order.wav
02:16:19.946 [FXGL Background Thread 4 ] INFO  FXGLApplication      - Game initialization took: 0,150 sec
02:16:19.953 [JavaFX Application Thread] DEBUG Input                - Clearing active input actions
02:16:19.964 [JavaFX Application Thread] DEBUG GameApplicationServi - Removing overlay from FXGLLoadingScene and adding to GameScene
02:16:19.964 [JavaFX Application Thread] DEBUG PrimaryStageWindow   - FXGLLoadingScene -> GameScene
02:16:20.648 [FXGL Background Thread 2 ] INFO  UpdaterService       - Your current version:  17.2
02:16:20.648 [FXGL Background Thread 2 ] INFO  UpdaterService       - Latest stable version: 21.1
02:16:22.220 [Thread-64                ] DEBUG AudioPlayer          - Playing music com.almasb.fxgl.audio.Music@5ff04474
02:16:22.723 [FXGL Background Thread 3 ] DEBUG Engine               - Logging environment variables
02:16:22.724 [FXGL Background Thread 3 ] DEBUG Engine               - achievements: []
02:16:22.724 [FXGL Background Thread 3 ] DEBUG Engine               - actualHeight: 608.0
02:16:22.724 [FXGL Background Thread 3 ] DEBUG Engine               - actualHeightProperty: ReadOnlyDoubleProperty [value: 608.0]
02:16:22.724 [FXGL Background Thread 3 ] DEBUG Engine               - actualWidth: 798.0
02:16:22.724 [FXGL Background Thread 3 ] DEBUG Engine               - actualWidthProperty: ReadOnlyDoubleProperty [value: 798.0]
02:16:22.724 [FXGL Background Thread 3 ] DEBUG Engine               - appIcon: fxgl_icon.png
02:16:22.724 [FXGL Background Thread 3 ] DEBUG Engine               - applicationMode: DEVELOPER
02:16:22.724 [FXGL Background Thread 3 ] DEBUG Engine               - cSSList: [fxgl_dark.css]
02:16:22.724 [FXGL Background Thread 3 ] DEBUG Engine               - collisionDetectionStrategy: BRUTE_FORCE
02:16:22.724 [FXGL Background Thread 3 ] DEBUG Engine               - configClass: Optional.empty
02:16:22.725 [FXGL Background Thread 3 ] DEBUG Engine               - credits: []
02:16:22.725 [FXGL Background Thread 3 ] DEBUG Engine               - defaultCursor: CursorInfo(imageName=fxgl_default_cursor.png, hotspotX=7.0, hotspotY=6.0)
02:16:22.725 [FXGL Background Thread 3 ] DEBUG Engine               - devBBoxColorProperty: ObjectProperty [value: 0xff0000ff]
02:16:22.725 [FXGL Background Thread 3 ] DEBUG Engine               - devEnableDebugCameraProperty: BooleanProperty [value: false]
02:16:22.725 [FXGL Background Thread 3 ] DEBUG Engine               - devSensorColorProperty: ObjectProperty [value: 0xffff00ff]
02:16:22.725 [FXGL Background Thread 3 ] DEBUG Engine               - devShowBBoxProperty: BooleanProperty [value: false]
02:16:22.725 [FXGL Background Thread 3 ] DEBUG Engine               - devShowPositionProperty: BooleanProperty [value: false]
02:16:22.725 [FXGL Background Thread 3 ] DEBUG Engine               - enabledMenuItems: []
02:16:22.726 [FXGL Background Thread 3 ] DEBUG Engine               - engineServices: [class com.almasb.fxgl.app.services.FXGLAssetLoaderService, class com.almasb.fxgl.app.FXGLApplication$GameApplicationService, class com.almasb.fxgl.app.services.FXGLDialogService, class com.almasb.fxgl.app.services.IOTaskExecutorService, class com.almasb.fxgl.io.FileSystemService, class com.almasb.fxgl.localization.LocalizationService, class com.almasb.fxgl.app.services.SystemBundleService, class com.almasb.fxgl.profile.SaveLoadService, class com.almasb.fxgl.ui.FXGLUIFactoryServiceProvider, class com.almasb.fxgl.ui.FXGLDialogFactoryServiceProvider, class com.almasb.fxgl.audio.AudioPlayer, class com.almasb.fxgl.notification.impl.NotificationServiceProvider, class com.almasb.fxgl.achievement.AchievementService, class com.almasb.fxgl.cutscene.CutsceneService, class com.almasb.fxgl.minigames.MiniGameService, class com.almasb.fxgl.net.NetService, class com.almasb.fxgl.app.services.UpdaterService, class com.almasb.fxgl.dev.DevService]
02:16:22.726 [FXGL Background Thread 3 ] DEBUG Engine               - fontGame: Abel-Regular.ttf
02:16:22.726 [FXGL Background Thread 3 ] DEBUG Engine               - fontMono: TerminalLandMono-Regular.otf
02:16:22.726 [FXGL Background Thread 3 ] DEBUG Engine               - fontText: Courier-Prime.ttf
02:16:22.726 [FXGL Background Thread 3 ] DEBUG Engine               - fontUI: VarelaRound-Regular.ttf
02:16:22.726 [FXGL Background Thread 3 ] DEBUG Engine               - fullScreen: BooleanProperty [value: false]
02:16:22.726 [FXGL Background Thread 3 ] DEBUG Engine               - gameDifficulty: MEDIUM
02:16:22.726 [FXGL Background Thread 3 ] DEBUG Engine               - gameDifficultyProperty: ObjectProperty [value: MEDIUM]
02:16:22.726 [FXGL Background Thread 3 ] DEBUG Engine               - globalMusicVolume: 0.5
02:16:22.726 [FXGL Background Thread 3 ] DEBUG Engine               - globalMusicVolumeProperty: DoubleProperty [value: 0.5]
02:16:22.726 [FXGL Background Thread 3 ] DEBUG Engine               - globalSoundVolume: 0.5
02:16:22.726 [FXGL Background Thread 3 ] DEBUG Engine               - globalSoundVolumeProperty: DoubleProperty [value: 0.5]
02:16:22.727 [FXGL Background Thread 3 ] DEBUG Engine               - height: 600
02:16:22.727 [FXGL Background Thread 3 ] DEBUG Engine               - is3D: false
02:16:22.727 [FXGL Background Thread 3 ] DEBUG Engine               - isAndroid: false
02:16:22.727 [FXGL Background Thread 3 ] DEBUG Engine               - isBrowser: false
02:16:22.727 [FXGL Background Thread 3 ] DEBUG Engine               - isClickFeedbackEnabled: false
02:16:22.727 [FXGL Background Thread 3 ] DEBUG Engine               - isCloseConfirmation: false
02:16:22.727 [FXGL Background Thread 3 ] DEBUG Engine               - isDesktop: true
02:16:22.727 [FXGL Background Thread 3 ] DEBUG Engine               - isDeveloperMenuEnabled: false
02:16:22.727 [FXGL Background Thread 3 ] DEBUG Engine               - isEmbedded: false
02:16:22.727 [FXGL Background Thread 3 ] DEBUG Engine               - isEntityPreloadEnabled: true
02:16:22.727 [FXGL Background Thread 3 ] DEBUG Engine               - isExperimentalTiledLargeMap: false
02:16:22.727 [FXGL Background Thread 3 ] DEBUG Engine               - isFileSystemWriteAllowed: true
02:16:22.727 [FXGL Background Thread 3 ] DEBUG Engine               - isFullScreenAllowed: false
02:16:22.727 [FXGL Background Thread 3 ] DEBUG Engine               - isFullScreenFromStart: false
02:16:22.727 [FXGL Background Thread 3 ] DEBUG Engine               - isGameMenuEnabled: true
02:16:22.728 [FXGL Background Thread 3 ] DEBUG Engine               - isIOS: false
02:16:22.728 [FXGL Background Thread 3 ] DEBUG Engine               - isIntroEnabled: false
02:16:22.728 [FXGL Background Thread 3 ] DEBUG Engine               - isLinux: true
02:16:22.728 [FXGL Background Thread 3 ] DEBUG Engine               - isMac: false
02:16:22.728 [FXGL Background Thread 3 ] DEBUG Engine               - isMainMenuEnabled: false
02:16:22.728 [FXGL Background Thread 3 ] DEBUG Engine               - isManualResizeEnabled: false
02:16:22.728 [FXGL Background Thread 3 ] DEBUG Engine               - isMobile: false
02:16:22.728 [FXGL Background Thread 3 ] DEBUG Engine               - isNative: false
02:16:22.728 [FXGL Background Thread 3 ] DEBUG Engine               - isPauseMusicWhenMinimized: true
02:16:22.728 [FXGL Background Thread 3 ] DEBUG Engine               - isPreserveResizeRatio: false
02:16:22.728 [FXGL Background Thread 3 ] DEBUG Engine               - isProfilingEnabled: false
02:16:22.728 [FXGL Background Thread 3 ] DEBUG Engine               - isScaleAffectedOnResize: true
02:16:22.728 [FXGL Background Thread 3 ] DEBUG Engine               - isSingleStep: false
02:16:22.728 [FXGL Background Thread 3 ] DEBUG Engine               - isUserProfileEnabled: false
02:16:22.728 [FXGL Background Thread 3 ] DEBUG Engine               - isWindows: false
02:16:22.729 [FXGL Background Thread 3 ] DEBUG Engine               - language: ObjectProperty [value: ENGLISH]
02:16:22.729 [FXGL Background Thread 3 ] DEBUG Engine               - menuKey: ESCAPE
02:16:22.729 [FXGL Background Thread 3 ] DEBUG Engine               - mouseSensitivity: 0.2
02:16:22.729 [FXGL Background Thread 3 ] DEBUG Engine               - notificationViewClass: class com.almasb.fxgl.notification.view.XboxNotificationView
02:16:22.729 [FXGL Background Thread 3 ] DEBUG Engine               - pixelsPerMeter: 50.0
02:16:22.729 [FXGL Background Thread 3 ] DEBUG Engine               - platform: LINUX
02:16:22.729 [FXGL Background Thread 3 ] DEBUG Engine               - prefHeightProperty: ReadOnlyDoubleProperty [value: 600.0]
02:16:22.729 [FXGL Background Thread 3 ] DEBUG Engine               - prefWidthProperty: ReadOnlyDoubleProperty [value: 800.0]
02:16:22.729 [FXGL Background Thread 3 ] DEBUG Engine               - profileDir: profiles/
02:16:22.729 [FXGL Background Thread 3 ] DEBUG Engine               - profileName: StringProperty [value: DEFAULT]
02:16:22.729 [FXGL Background Thread 3 ] DEBUG Engine               - randomSeed: -1
02:16:22.730 [FXGL Background Thread 3 ] DEBUG Engine               - runtimeInfo: RuntimeInfo(platform=LINUX, version=17.2, build=20.08.2022 16.50)
02:16:22.730 [FXGL Background Thread 3 ] DEBUG Engine               - saveFileExt: sav
02:16:22.730 [FXGL Background Thread 3 ] DEBUG Engine               - scaledHeightProp$fxgl: DoubleProperty [bound, value: 608.0]
02:16:22.730 [FXGL Background Thread 3 ] DEBUG Engine               - scaledWidthProp$fxgl: DoubleProperty [bound, value: 798.0]
02:16:22.730 [FXGL Background Thread 3 ] DEBUG Engine               - sceneFactory: com.almasb.fxgl.app.scene.SceneFactory@7281afa9
02:16:22.730 [FXGL Background Thread 3 ] DEBUG Engine               - secondsIn24h: 60
02:16:22.730 [FXGL Background Thread 3 ] DEBUG Engine               - soundMenuBack: menu/back.wav
02:16:22.730 [FXGL Background Thread 3 ] DEBUG Engine               - soundMenuPress: menu/press.wav
02:16:22.730 [FXGL Background Thread 3 ] DEBUG Engine               - soundMenuSelect: menu/select.wav
02:16:22.731 [FXGL Background Thread 3 ] DEBUG Engine               - soundNotification: core/notification.wav
02:16:22.731 [FXGL Background Thread 3 ] DEBUG Engine               - stageStyle: DECORATED
02:16:22.731 [FXGL Background Thread 3 ] DEBUG Engine               - supportedLanguages: [ENGLISH, FRENCH, GERMAN, HUNGARIAN, RUSSIAN]
02:16:22.731 [FXGL Background Thread 3 ] DEBUG Engine               - ticksPerSecond: -1
02:16:22.731 [FXGL Background Thread 3 ] DEBUG Engine               - title: Untitled
02:16:22.731 [FXGL Background Thread 3 ] DEBUG Engine               - urlGithub: https://github.com/AlmasB/FXGL
02:16:22.731 [FXGL Background Thread 3 ] DEBUG Engine               - urlLeaderboard: http://fxgl-top.herokuapp.com/
02:16:22.731 [FXGL Background Thread 3 ] DEBUG Engine               - urlPOM: https://raw.githubusercontent.com/AlmasB/FXGL/release/README.md
02:16:22.731 [FXGL Background Thread 3 ] DEBUG Engine               - userAppClass: class org.example.Main
02:16:22.731 [FXGL Background Thread 3 ] DEBUG Engine               - version: 0.0
02:16:22.731 [FXGL Background Thread 3 ] DEBUG Engine               - versionCheckDays: 7
02:16:22.731 [FXGL Background Thread 3 ] DEBUG Engine               - width: 800
02:16:22.732 [FXGL Background Thread 3 ] DEBUG Engine               - Logging services
02:16:22.732 [FXGL Background Thread 3 ] DEBUG Engine               - class com.almasb.fxgl.app.services.FXGLAssetLoaderService
02:16:22.732 [FXGL Background Thread 3 ] DEBUG Engine               - class com.almasb.fxgl.app.FXGLApplication$GameApplicationService
02:16:22.732 [FXGL Background Thread 3 ] DEBUG Engine               - class com.almasb.fxgl.app.services.FXGLDialogService
02:16:22.732 [FXGL Background Thread 3 ] DEBUG Engine               - class com.almasb.fxgl.app.services.IOTaskExecutorService
02:16:22.732 [FXGL Background Thread 3 ] DEBUG Engine               - class com.almasb.fxgl.io.FileSystemService
02:16:22.732 [FXGL Background Thread 3 ] DEBUG Engine               - class com.almasb.fxgl.localization.LocalizationService
02:16:22.732 [FXGL Background Thread 3 ] DEBUG Engine               - class com.almasb.fxgl.app.services.SystemBundleService
02:16:22.732 [FXGL Background Thread 3 ] DEBUG Engine               - class com.almasb.fxgl.profile.SaveLoadService
02:16:22.732 [FXGL Background Thread 3 ] DEBUG Engine               - class com.almasb.fxgl.ui.FXGLUIFactoryServiceProvider
02:16:22.732 [FXGL Background Thread 3 ] DEBUG Engine               - class com.almasb.fxgl.ui.FXGLDialogFactoryServiceProvider
02:16:22.732 [FXGL Background Thread 3 ] DEBUG Engine               - class com.almasb.fxgl.audio.AudioPlayer
02:16:22.732 [FXGL Background Thread 3 ] DEBUG Engine               - class com.almasb.fxgl.notification.impl.NotificationServiceProvider
02:16:22.732 [FXGL Background Thread 3 ] DEBUG Engine               - class com.almasb.fxgl.achievement.AchievementService
02:16:22.732 [FXGL Background Thread 3 ] DEBUG Engine               - class com.almasb.fxgl.cutscene.CutsceneService
02:16:22.732 [FXGL Background Thread 3 ] DEBUG Engine               - class com.almasb.fxgl.minigames.MiniGameService
02:16:22.732 [FXGL Background Thread 3 ] DEBUG Engine               - class com.almasb.fxgl.net.NetService
02:16:22.733 [FXGL Background Thread 3 ] DEBUG Engine               - class com.almasb.fxgl.app.services.UpdaterService
02:16:22.733 [FXGL Background Thread 3 ] DEBUG Engine               - class com.almasb.fxgl.dev.DevService
02:16:22.929 [Thread-44                ] DEBUG AudioPlayer          - Playing music com.almasb.fxgl.audio.Music@5ff04474
02:16:24.221 [Thread-64                ] DEBUG AudioPlayer          - Stopping music com.almasb.fxgl.audio.Music@5ff04474
02:16:24.930 [Thread-44                ] DEBUG AudioPlayer          - Stopping music com.almasb.fxgl.audio.Music@5ff04474
02:16:31.970 [Thread-44                ] DEBUG AudioPlayer          - Playing music com.almasb.fxgl.audio.Music@5ff04474
02:16:32.023 [Thread-64                ] DEBUG AudioPlayer          - Playing music com.almasb.fxgl.audio.Music@5ff04474
02:16:33.971 [Thread-44                ] DEBUG AudioPlayer          - Stopping music com.almasb.fxgl.audio.Music@5ff04474
02:16:34.023 [Thread-64                ] DEBUG AudioPlayer          - Stopping music com.almasb.fxgl.audio.Music@5ff04474
02:16:40.129 [Thread-44                ] DEBUG AudioPlayer          - Playing music com.almasb.fxgl.audio.Music@5ff04474
02:16:42.130 [Thread-44                ] DEBUG AudioPlayer          - Stopping music com.almasb.fxgl.audio.Music@5ff04474
02:16:42.689 [Thread-64                ] DEBUG AudioPlayer          - Playing music com.almasb.fxgl.audio.Music@5ff04474
02:16:44.690 [Thread-64                ] DEBUG AudioPlayer          - Stopping music com.almasb.fxgl.audio.Music@5ff04474
02:16:49.496 [Thread-44                ] DEBUG AudioPlayer          - Playing music com.almasb.fxgl.audio.Music@5ff04474
02:16:51.496 [Thread-44                ] DEBUG AudioPlayer          - Stopping music com.almasb.fxgl.audio.Music@5ff04474
02:16:53.041 [Thread-64                ] DEBUG AudioPlayer          - Playing music com.almasb.fxgl.audio.Music@5ff04474
02:16:55.042 [Thread-64                ] DEBUG AudioPlayer          - Stopping music com.almasb.fxgl.audio.Music@5ff04474
02:17:00.107 [Thread-44                ] DEBUG AudioPlayer          - Playing music com.almasb.fxgl.audio.Music@5ff04474
02:17:02.107 [Thread-44                ] DEBUG AudioPlayer          - Stopping music com.almasb.fxgl.audio.Music@5ff04474
02:17:03.393 [Thread-64                ] DEBUG AudioPlayer          - Playing music com.almasb.fxgl.audio.Music@5ff04474
02:17:05.394 [Thread-64                ] DEBUG AudioPlayer          - Stopping music com.almasb.fxgl.audio.Music@5ff04474
02:17:10.756 [Thread-44                ] DEBUG AudioPlayer          - Playing music com.almasb.fxgl.audio.Music@5ff04474
02:17:12.757 [Thread-44                ] DEBUG AudioPlayer          - Stopping music com.almasb.fxgl.audio.Music@5ff04474
02:17:14.107 [Thread-64                ] DEBUG AudioPlayer          - Playing music com.almasb.fxgl.audio.Music@5ff04474
02:17:16.108 [Thread-64                ] DEBUG AudioPlayer          - Stopping music com.almasb.fxgl.audio.Music@5ff04474
02:17:21.077 [Thread-44                ] DEBUG AudioPlayer          - Playing music com.almasb.fxgl.audio.Music@5ff04474
02:17:23.077 [Thread-44                ] DEBUG AudioPlayer          - Stopping music com.almasb.fxgl.audio.Music@5ff04474
02:17:25.134 [Thread-64                ] DEBUG AudioPlayer          - Playing music com.almasb.fxgl.audio.Music@5ff04474
02:17:27.135 [Thread-64                ] DEBUG AudioPlayer          - Stopping music com.almasb.fxgl.audio.Music@5ff04474
02:17:31.080 [Thread-44                ] DEBUG AudioPlayer          - Playing music com.almasb.fxgl.audio.Music@5ff04474
02:17:33.080 [Thread-44                ] DEBUG AudioPlayer          - Stopping music com.almasb.fxgl.audio.Music@5ff04474
02:17:35.842 [Thread-64                ] DEBUG AudioPlayer          - Playing music com.almasb.fxgl.audio.Music@5ff04474
02:17:37.843 [Thread-64                ] DEBUG AudioPlayer          - Stopping music com.almasb.fxgl.audio.Music@5ff04474
02:17:41.082 [Thread-44                ] DEBUG AudioPlayer          - Playing music com.almasb.fxgl.audio.Music@5ff04474
02:17:43.083 [Thread-44                ] DEBUG AudioPlayer          - Stopping music com.almasb.fxgl.audio.Music@5ff04474
02:17:45.326 [Thread-64                ] DEBUG AudioPlayer          - Playing music com.almasb.fxgl.audio.Music@5ff04474
02:17:47.326 [Thread-64                ] DEBUG AudioPlayer          - Stopping music com.almasb.fxgl.audio.Music@5ff04474
02:17:51.372 [Thread-44                ] DEBUG AudioPlayer          - Playing music com.almasb.fxgl.audio.Music@5ff04474
02:17:53.373 [Thread-44                ] DEBUG AudioPlayer          - Stopping music com.almasb.fxgl.audio.Music@5ff04474
02:17:53.874 [Thread-64                ] DEBUG AudioPlayer          - Playing music com.almasb.fxgl.audio.Music@5ff04474
02:17:55.875 [Thread-64                ] DEBUG AudioPlayer          - Stopping music com.almasb.fxgl.audio.Music@5ff04474
02:18:00.774 [Thread-44                ] DEBUG AudioPlayer          - Playing music com.almasb.fxgl.audio.Music@5ff04474
02:18:02.774 [Thread-44                ] DEBUG AudioPlayer          - Stopping music com.almasb.fxgl.audio.Music@5ff04474
02:18:03.676 [Thread-64                ] DEBUG AudioPlayer          - Playing music com.almasb.fxgl.audio.Music@5ff04474
02:18:05.676 [Thread-64                ] DEBUG AudioPlayer          - Stopping music com.almasb.fxgl.audio.Music@5ff04474
02:18:10.186 [Thread-44                ] DEBUG AudioPlayer          - Playing music com.almasb.fxgl.audio.Music@5ff04474
02:18:12.186 [Thread-44                ] DEBUG AudioPlayer          - Stopping music com.almasb.fxgl.audio.Music@5ff04474
02:18:14.714 [Thread-64                ] DEBUG AudioPlayer          - Playing music com.almasb.fxgl.audio.Music@5ff04474
02:18:16.714 [Thread-64                ] DEBUG AudioPlayer          - Stopping music com.almasb.fxgl.audio.Music@5ff04474
02:18:20.509 [Thread-44                ] DEBUG AudioPlayer          - Playing music com.almasb.fxgl.audio.Music@5ff04474
02:18:22.510 [Thread-44                ] DEBUG AudioPlayer          - Stopping music com.almasb.fxgl.audio.Music@5ff04474
02:18:25.743 [Thread-64                ] DEBUG AudioPlayer          - Playing music com.almasb.fxgl.audio.Music@5ff04474
02:18:27.744 [Thread-64                ] DEBUG AudioPlayer          - Stopping music com.almasb.fxgl.audio.Music@5ff04474
02:18:30.837 [Thread-44                ] DEBUG AudioPlayer          - Playing music com.almasb.fxgl.audio.Music@5ff04474
02:18:32.838 [Thread-44                ] DEBUG AudioPlayer          - Stopping music com.almasb.fxgl.audio.Music@5ff04474
02:18:34.167 [JavaFX Application Thread] DEBUG FXGLApplication      - Exiting FXGL
02:18:34.167 [JavaFX Application Thread] DEBUG LoopRunner           - Stopping loop
02:18:34.167 [JavaFX Application Thread] DEBUG SystemBundleService  - Saving FXGL system data
02:18:34.169 [JavaFX Application Thread] DEBUG FileSystemAccess     - Writing to: /home/cato/IdeaProjects/simulador3/system/fxgl.bundle
02:18:34.172 [JavaFX Application Thread] DEBUG Async                - Shutting down background threads
02:18:34.173 [JavaFX Application Thread] DEBUG PrimaryStageWindow   - Closing main window
02:18:34.175 [JavaFX Application Thread] DEBUG Logger               - Closing Logger
