20:58:42.177 [main                     ] DEBUG Logger               - Configured Logger
20:58:42.231 [main                     ] DEBUG GameApplication      - Logging settings
Title: Untitled
Version: 0.0
Width: 800
Height: 600
Fullscreen: false
Intro: false
Profiling: false
Single step:false
App Mode: DEVELOPER
Menu Key: ESCAPE
Stage Style: DECORATED
Scene Factory: class com.almasb.fxgl.app.scene.SceneFactory

20:58:42.991 [JavaFX Application Thread] DEBUG FXGLApplication      - Initializing FXGL
20:58:42.999 [JavaFX Application Thread] INFO  Engine               - FXGL-17.2 (20.08.2022 16.50) on LINUX (J:21.0.5 FX:20)
20:58:43.000 [JavaFX Application Thread] DEBUG Engine               - JRE Vendor Name: Ubuntu
20:58:43.001 [JavaFX Application Thread] DEBUG Engine               - Running on OS: Linux version 6.8.0-49-generic
20:58:43.001 [JavaFX Application Thread] DEBUG Engine               - Architecture: amd64
20:58:43.001 [JavaFX Application Thread] INFO  Engine               - Source code and latest versions at: https://github.com/AlmasB/FXGL
20:58:43.001 [JavaFX Application Thread] INFO  Engine               -       Ask questions and discuss at: https://github.com/AlmasB/FXGL/discussions
20:58:43.002 [JavaFX Application Thread] INFO  Engine               -              Join the FXGL chat at: https://gitter.im/AlmasB/FXGL
20:58:43.205 [JavaFX Application Thread] DEBUG PrimaryStageWindow   - Creating a JavaFX scene
20:58:43.434 [JavaFX Application Thread] DEBUG PrimaryStageWindow   - Target settings size: 800.0 x 600.0
20:58:43.434 [JavaFX Application Thread] DEBUG PrimaryStageWindow   - Scaled scene size:    800.0 x 600.0
20:58:43.435 [JavaFX Application Thread] DEBUG PrimaryStageWindow   - Scaled ratio: (1.0, 1.0)
20:58:43.437 [JavaFX Application Thread] DEBUG PrimaryStageWindow   - Set initial scene to FXGLStartupScene
20:58:43.442 [JavaFX Application Thread] DEBUG PrimaryStageWindow   - Opening main window
20:58:43.517 [JavaFX Application Thread] DEBUG PrimaryStageWindow   - Window border size: (2.0, 29.0)
20:58:43.518 [JavaFX Application Thread] DEBUG PrimaryStageWindow   - Scaled size: 800.0 x 600.0
20:58:43.519 [JavaFX Application Thread] DEBUG PrimaryStageWindow   - Scaled ratio: (1.0, 1.0)
20:58:43.519 [JavaFX Application Thread] DEBUG PrimaryStageWindow   - Scene size: 800.0 x 600.0
20:58:43.520 [JavaFX Application Thread] DEBUG PrimaryStageWindow   - Stage size: 802.0 x 629.0
20:58:43.533 [FXGL Background Thread 1 ] DEBUG Engine               - Initializing environment variables
20:58:43.628 [FXGL Background Thread 1 ] DEBUG FXGLAssetLoaderServi - User app class for loading assets: class org.example.Main
20:58:43.629 [FXGL Background Thread 1 ] DEBUG GameApplicationServi - Applying CSS: fxgl_dark.css
20:58:43.631 [FXGL Background Thread 1 ] DEBUG FXGLAssetLoaderServi - Loading from file system: jar:file:/home/cato/.gradle/caches/modules-2/files-2.1/com.github.almasb/fxgl/17.2/35db6ae960eec2dcfd19262d3b7f9c42f0e95bc3/fxgl-17.2.jar!/fxglassets/ui/css/fxgl_dark.css
20:58:43.714 [FXGL Background Thread 1 ] DEBUG GameApplicationServi - Initializing application scenes
20:58:43.798 [FXGL Background Thread 1 ] DEBUG GameWorld            - Game world initialized
20:58:43.905 [FXGL Background Thread 1 ] DEBUG PhysicsWorld         - Physics world initialized: appHeight=600, physics.ppm=50,0
20:58:43.905 [FXGL Background Thread 1 ] DEBUG PhysicsWorld         - Using strategy: BRUTE_FORCE
20:58:43.912 [FXGL Background Thread 1 ] DEBUG GameScene            - Game scene initialized: 800x600
20:58:43.935 [FXGL Background Thread 1 ] DEBUG FXGL.DefaultMenu     - createMenuBodyGameMenu()
20:58:43.964 [FXGL Background Thread 1 ] DEBUG FXGL.DefaultMenu     - createOptionsMenu()
20:58:43.988 [FXGL Background Thread 1 ] DEBUG FXGLAssetLoaderServi - Loading from file system: jar:file:/home/cato/.gradle/caches/modules-2/files-2.1/com.github.almasb/fxgl/17.2/35db6ae960eec2dcfd19262d3b7f9c42f0e95bc3/fxgl-17.2.jar!/fxglassets/textures/particles/smoke.png
20:58:44.197 [FXGL Background Thread 1 ] DEBUG FXGLAssetLoaderServi - Loading from file system: jar:file:/home/cato/.gradle/caches/modules-2/files-2.1/com.github.almasb/fxgl/17.2/35db6ae960eec2dcfd19262d3b7f9c42f0e95bc3/fxgl-17.2.jar!/fxglassets/textures/particles/trace_horizontal.png
20:58:44.306 [FXGL Background Thread 1 ] DEBUG GameApplicationServi - Application scenes initialized
20:58:44.329 [FXGL Background Thread 1 ] DEBUG SystemBundleService  - Loading FXGL system data
20:58:44.336 [FXGL Background Thread 1 ] DEBUG FileSystemAccess     - Reading from: /home/cato/IdeaProjects/simulador3/system/fxgl.bundle
20:58:44.352 [FXGL Background Thread 1 ] DEBUG SystemBundleService  - Bundle FXGL: {}
20:58:44.352 [FXGL Background Thread 1 ] DEBUG UpdaterService       - Checking for updates
20:58:44.360 [FXGL Background Thread 4 ] DEBUG FXGLApplication      - Loading fonts
20:58:44.361 [FXGL Background Thread 4 ] DEBUG FXGLAssetLoaderServi - Loading from file system: jar:file:/home/cato/.gradle/caches/modules-2/files-2.1/com.github.almasb/fxgl/17.2/35db6ae960eec2dcfd19262d3b7f9c42f0e95bc3/fxgl-17.2.jar!/fxglassets/ui/fonts/VarelaRound-Regular.ttf
20:58:44.361 [FXGL Background Thread 1 ] DEBUG FXGLApplication      - Loading default localization
20:58:44.362 [FXGL Background Thread 1 ] DEBUG FXGLAssetLoaderServi - Loading from file system: jar:file:/home/cato/.gradle/caches/modules-2/files-2.1/com.github.almasb/fxgl/17.2/35db6ae960eec2dcfd19262d3b7f9c42f0e95bc3/fxgl-17.2.jar!/fxglassets/languages/english.lang
20:58:44.377 [FXGL Background Thread 4 ] DEBUG FXGLAssetLoaderServi - Loading from file system: jar:file:/home/cato/.gradle/caches/modules-2/files-2.1/com.github.almasb/fxgl/17.2/35db6ae960eec2dcfd19262d3b7f9c42f0e95bc3/fxgl-17.2.jar!/fxglassets/ui/fonts/Abel-Regular.ttf
20:58:44.380 [FXGL Background Thread 4 ] DEBUG FXGLAssetLoaderServi - Loading from file system: jar:file:/home/cato/.gradle/caches/modules-2/files-2.1/com.github.almasb/fxgl/17.2/35db6ae960eec2dcfd19262d3b7f9c42f0e95bc3/fxgl-17.2.jar!/fxglassets/ui/fonts/TerminalLandMono-Regular.otf
20:58:44.384 [FXGL Background Thread 4 ] DEBUG FXGLAssetLoaderServi - Loading from file system: jar:file:/home/cato/.gradle/caches/modules-2/files-2.1/com.github.almasb/fxgl/17.2/35db6ae960eec2dcfd19262d3b7f9c42f0e95bc3/fxgl-17.2.jar!/fxglassets/ui/fonts/Courier-Prime.ttf
20:58:44.387 [FXGL Background Thread 1 ] INFO  FXGLApplication      - FXGL initialization took: 0,854 sec
20:58:44.389 [JavaFX Application Thread] DEBUG FXGLAssetLoaderServi - Loading from file system: jar:file:/home/cato/.gradle/caches/modules-2/files-2.1/com.github.almasb/fxgl/17.2/35db6ae960eec2dcfd19262d3b7f9c42f0e95bc3/fxgl-17.2.jar!/fxglassets/textures/fxgl_icon.png
20:58:44.436 [JavaFX Application Thread] DEBUG FXGLAssetLoaderServi - Loading from file system: jar:file:/home/cato/.gradle/caches/modules-2/files-2.1/com.github.almasb/fxgl/17.2/35db6ae960eec2dcfd19262d3b7f9c42f0e95bc3/fxgl-17.2.jar!/fxglassets/textures/fxgl_default_cursor.png
20:58:44.454 [JavaFX Application Thread] DEBUG Input                - Registered new binding: Screenshot - CTRL+8
20:58:44.455 [JavaFX Application Thread] DEBUG Input                - Registered new binding: System info dump - CTRL+9
20:58:44.456 [JavaFX Application Thread] DEBUG Input                - Registered new binding: Restart - CTRL+R
20:58:44.457 [JavaFX Application Thread] DEBUG Input                - Registered new binding: Toggle Debug Camera - CTRL+7
20:58:44.460 [JavaFX Application Thread] DEBUG LoopRunner           - Starting loop
20:58:44.460 [JavaFX Application Thread] DEBUG LoopRunner           - Initializing JavaFX AnimationTimerLoop
20:58:44.462 [JavaFX Application Thread] DEBUG GameApplicationServi - Starting new game
20:58:44.463 [JavaFX Application Thread] DEBUG Input                - Clearing active input actions
20:58:44.482 [JavaFX Application Thread] DEBUG GameApplicationServi - Removing overlay from FXGLStartupScene and adding to FXGLLoadingScene
20:58:44.483 [JavaFX Application Thread] DEBUG PrimaryStageWindow   - FXGLStartupScene -> FXGLLoadingScene
20:58:44.483 [JavaFX Application Thread] DEBUG GameApplicationServi - Clearing previous game
20:58:44.483 [JavaFX Application Thread] DEBUG GameScene            - Clearing game scene
20:58:44.483 [JavaFX Application Thread] DEBUG GameWorld            - Clearing game world
20:58:44.483 [JavaFX Application Thread] DEBUG PhysicsWorld         - Clearing physics world
20:58:44.486 [FXGL Background Thread 4 ] DEBUG FXGLApplication      - Initializing game
20:58:44.486 [JavaFX Application Thread] DEBUG FXGLApplication      - Registering font factories with UI factory
20:58:44.488 [FXGL Background Thread 4 ] DEBUG FXGLAssetLoaderServi - Loading from file system: file:/home/cato/IdeaProjects/simulador3/build/resources/main/assets/textures/lugar.png
20:58:44.589 [FXGL Background Thread 4 ] DEBUG FXGLAssetLoaderServi - Loading from file system: file:/home/cato/IdeaProjects/simulador3/build/resources/main/assets/music/restaurant.wav
20:58:44.841 [FXGL Background Thread 4 ] DEBUG AudioPlayer          - Playing music com.almasb.fxgl.audio.Music@5efba5b7
20:58:44.864 [FXGL Background Thread 4 ] DEBUG FXGLAssetLoaderServi - Loading from file system: file:/home/cato/IdeaProjects/simulador3/build/resources/main/assets/textures/mesero_frontal.png
20:58:44.876 [FXGL Background Thread 4 ] DEBUG FXGLAssetLoaderServi - Loading from file system: file:/home/cato/IdeaProjects/simulador3/build/resources/main/assets/music/order.wav
20:58:44.892 [FXGL Background Thread 4 ] INFO  FXGLApplication      - Game initialization took: 0,406 sec
20:58:44.901 [JavaFX Application Thread] DEBUG Input                - Clearing active input actions
20:58:44.919 [JavaFX Application Thread] DEBUG GameApplicationServi - Removing overlay from FXGLLoadingScene and adding to GameScene
20:58:44.919 [JavaFX Application Thread] DEBUG PrimaryStageWindow   - FXGLLoadingScene -> GameScene
20:58:44.987 [JavaFX Application Thread] DEBUG FXGLAssetLoaderServi - Loading from file system: file:/home/cato/IdeaProjects/simulador3/build/resources/main/assets/textures/client.png
20:58:45.363 [FXGL Background Thread 2 ] INFO  UpdaterService       - Your current version:  17.2
20:58:45.363 [FXGL Background Thread 2 ] INFO  UpdaterService       - Latest stable version: 21.1
20:58:47.357 [FXGL Background Thread 3 ] DEBUG Engine               - Logging environment variables
20:58:47.358 [FXGL Background Thread 3 ] DEBUG Engine               - achievements: []
20:58:47.358 [FXGL Background Thread 3 ] DEBUG Engine               - actualHeight: 608.0
20:58:47.358 [FXGL Background Thread 3 ] DEBUG Engine               - actualHeightProperty: ReadOnlyDoubleProperty [value: 608.0]
20:58:47.359 [FXGL Background Thread 3 ] DEBUG Engine               - actualWidth: 798.0
20:58:47.359 [FXGL Background Thread 3 ] DEBUG Engine               - actualWidthProperty: ReadOnlyDoubleProperty [value: 798.0]
20:58:47.359 [FXGL Background Thread 3 ] DEBUG Engine               - appIcon: fxgl_icon.png
20:58:47.359 [FXGL Background Thread 3 ] DEBUG Engine               - applicationMode: DEVELOPER
20:58:47.359 [FXGL Background Thread 3 ] DEBUG Engine               - cSSList: [fxgl_dark.css]
20:58:47.359 [FXGL Background Thread 3 ] DEBUG Engine               - collisionDetectionStrategy: BRUTE_FORCE
20:58:47.359 [FXGL Background Thread 3 ] DEBUG Engine               - configClass: Optional.empty
20:58:47.360 [FXGL Background Thread 3 ] DEBUG Engine               - credits: []
20:58:47.360 [FXGL Background Thread 3 ] DEBUG Engine               - defaultCursor: CursorInfo(imageName=fxgl_default_cursor.png, hotspotX=7.0, hotspotY=6.0)
20:58:47.361 [FXGL Background Thread 3 ] DEBUG Engine               - devBBoxColorProperty: ObjectProperty [value: 0xff0000ff]
20:58:47.361 [FXGL Background Thread 3 ] DEBUG Engine               - devEnableDebugCameraProperty: BooleanProperty [value: false]
20:58:47.361 [FXGL Background Thread 3 ] DEBUG Engine               - devSensorColorProperty: ObjectProperty [value: 0xffff00ff]
20:58:47.361 [FXGL Background Thread 3 ] DEBUG Engine               - devShowBBoxProperty: BooleanProperty [value: false]
20:58:47.362 [FXGL Background Thread 3 ] DEBUG Engine               - devShowPositionProperty: BooleanProperty [value: false]
20:58:47.362 [FXGL Background Thread 3 ] DEBUG Engine               - enabledMenuItems: []
20:58:47.362 [FXGL Background Thread 3 ] DEBUG Engine               - engineServices: [class com.almasb.fxgl.app.services.FXGLAssetLoaderService, class com.almasb.fxgl.app.FXGLApplication$GameApplicationService, class com.almasb.fxgl.app.services.FXGLDialogService, class com.almasb.fxgl.app.services.IOTaskExecutorService, class com.almasb.fxgl.io.FileSystemService, class com.almasb.fxgl.localization.LocalizationService, class com.almasb.fxgl.app.services.SystemBundleService, class com.almasb.fxgl.profile.SaveLoadService, class com.almasb.fxgl.ui.FXGLUIFactoryServiceProvider, class com.almasb.fxgl.ui.FXGLDialogFactoryServiceProvider, class com.almasb.fxgl.audio.AudioPlayer, class com.almasb.fxgl.notification.impl.NotificationServiceProvider, class com.almasb.fxgl.achievement.AchievementService, class com.almasb.fxgl.cutscene.CutsceneService, class com.almasb.fxgl.minigames.MiniGameService, class com.almasb.fxgl.net.NetService, class com.almasb.fxgl.app.services.UpdaterService, class com.almasb.fxgl.dev.DevService]
20:58:47.362 [FXGL Background Thread 3 ] DEBUG Engine               - fontGame: Abel-Regular.ttf
20:58:47.362 [FXGL Background Thread 3 ] DEBUG Engine               - fontMono: TerminalLandMono-Regular.otf
20:58:47.362 [FXGL Background Thread 3 ] DEBUG Engine               - fontText: Courier-Prime.ttf
20:58:47.363 [FXGL Background Thread 3 ] DEBUG Engine               - fontUI: VarelaRound-Regular.ttf
20:58:47.363 [FXGL Background Thread 3 ] DEBUG Engine               - fullScreen: BooleanProperty [value: false]
20:58:47.363 [FXGL Background Thread 3 ] DEBUG Engine               - gameDifficulty: MEDIUM
20:58:47.363 [FXGL Background Thread 3 ] DEBUG Engine               - gameDifficultyProperty: ObjectProperty [value: MEDIUM]
20:58:47.363 [FXGL Background Thread 3 ] DEBUG Engine               - globalMusicVolume: 0.5
20:58:47.363 [FXGL Background Thread 3 ] DEBUG Engine               - globalMusicVolumeProperty: DoubleProperty [value: 0.5]
20:58:47.363 [FXGL Background Thread 3 ] DEBUG Engine               - globalSoundVolume: 0.5
20:58:47.364 [FXGL Background Thread 3 ] DEBUG Engine               - globalSoundVolumeProperty: DoubleProperty [value: 0.5]
20:58:47.364 [FXGL Background Thread 3 ] DEBUG Engine               - height: 600
20:58:47.364 [FXGL Background Thread 3 ] DEBUG Engine               - is3D: false
20:58:47.364 [FXGL Background Thread 3 ] DEBUG Engine               - isAndroid: false
20:58:47.364 [FXGL Background Thread 3 ] DEBUG Engine               - isBrowser: false
20:58:47.364 [FXGL Background Thread 3 ] DEBUG Engine               - isClickFeedbackEnabled: false
20:58:47.364 [FXGL Background Thread 3 ] DEBUG Engine               - isCloseConfirmation: false
20:58:47.364 [FXGL Background Thread 3 ] DEBUG Engine               - isDesktop: true
20:58:47.365 [FXGL Background Thread 3 ] DEBUG Engine               - isDeveloperMenuEnabled: false
20:58:47.365 [FXGL Background Thread 3 ] DEBUG Engine               - isEmbedded: false
20:58:47.365 [FXGL Background Thread 3 ] DEBUG Engine               - isEntityPreloadEnabled: true
20:58:47.365 [FXGL Background Thread 3 ] DEBUG Engine               - isExperimentalTiledLargeMap: false
20:58:47.365 [FXGL Background Thread 3 ] DEBUG Engine               - isFileSystemWriteAllowed: true
20:58:47.365 [FXGL Background Thread 3 ] DEBUG Engine               - isFullScreenAllowed: false
20:58:47.365 [FXGL Background Thread 3 ] DEBUG Engine               - isFullScreenFromStart: false
20:58:47.365 [FXGL Background Thread 3 ] DEBUG Engine               - isGameMenuEnabled: true
20:58:47.366 [FXGL Background Thread 3 ] DEBUG Engine               - isIOS: false
20:58:47.366 [FXGL Background Thread 3 ] DEBUG Engine               - isIntroEnabled: false
20:58:47.366 [FXGL Background Thread 3 ] DEBUG Engine               - isLinux: true
20:58:47.366 [FXGL Background Thread 3 ] DEBUG Engine               - isMac: false
20:58:47.366 [FXGL Background Thread 3 ] DEBUG Engine               - isMainMenuEnabled: false
20:58:47.367 [FXGL Background Thread 3 ] DEBUG Engine               - isManualResizeEnabled: false
20:58:47.367 [FXGL Background Thread 3 ] DEBUG Engine               - isMobile: false
20:58:47.367 [FXGL Background Thread 3 ] DEBUG Engine               - isNative: false
20:58:47.367 [FXGL Background Thread 3 ] DEBUG Engine               - isPauseMusicWhenMinimized: true
20:58:47.367 [FXGL Background Thread 3 ] DEBUG Engine               - isPreserveResizeRatio: false
20:58:47.367 [FXGL Background Thread 3 ] DEBUG Engine               - isProfilingEnabled: false
20:58:47.368 [FXGL Background Thread 3 ] DEBUG Engine               - isScaleAffectedOnResize: true
20:58:47.368 [FXGL Background Thread 3 ] DEBUG Engine               - isSingleStep: false
20:58:47.368 [FXGL Background Thread 3 ] DEBUG Engine               - isUserProfileEnabled: false
20:58:47.368 [FXGL Background Thread 3 ] DEBUG Engine               - isWindows: false
20:58:47.368 [FXGL Background Thread 3 ] DEBUG Engine               - language: ObjectProperty [value: ENGLISH]
20:58:47.368 [FXGL Background Thread 3 ] DEBUG Engine               - menuKey: ESCAPE
20:58:47.368 [FXGL Background Thread 3 ] DEBUG Engine               - mouseSensitivity: 0.2
20:58:47.368 [FXGL Background Thread 3 ] DEBUG Engine               - notificationViewClass: class com.almasb.fxgl.notification.view.XboxNotificationView
20:58:47.369 [FXGL Background Thread 3 ] DEBUG Engine               - pixelsPerMeter: 50.0
20:58:47.369 [FXGL Background Thread 3 ] DEBUG Engine               - platform: LINUX
20:58:47.369 [FXGL Background Thread 3 ] DEBUG Engine               - prefHeightProperty: ReadOnlyDoubleProperty [value: 600.0]
20:58:47.369 [FXGL Background Thread 3 ] DEBUG Engine               - prefWidthProperty: ReadOnlyDoubleProperty [value: 800.0]
20:58:47.369 [FXGL Background Thread 3 ] DEBUG Engine               - profileDir: profiles/
20:58:47.369 [FXGL Background Thread 3 ] DEBUG Engine               - profileName: StringProperty [value: DEFAULT]
20:58:47.369 [FXGL Background Thread 3 ] DEBUG Engine               - randomSeed: -1
20:58:47.370 [FXGL Background Thread 3 ] DEBUG Engine               - runtimeInfo: RuntimeInfo(platform=LINUX, version=17.2, build=20.08.2022 16.50)
20:58:47.371 [FXGL Background Thread 3 ] DEBUG Engine               - saveFileExt: sav
20:58:47.371 [FXGL Background Thread 3 ] DEBUG Engine               - scaledHeightProp$fxgl: DoubleProperty [bound, value: 608.0]
20:58:47.371 [FXGL Background Thread 3 ] DEBUG Engine               - scaledWidthProp$fxgl: DoubleProperty [bound, value: 798.0]
20:58:47.371 [FXGL Background Thread 3 ] DEBUG Engine               - sceneFactory: com.almasb.fxgl.app.scene.SceneFactory@24d7ded5
20:58:47.371 [FXGL Background Thread 3 ] DEBUG Engine               - secondsIn24h: 60
20:58:47.371 [FXGL Background Thread 3 ] DEBUG Engine               - soundMenuBack: menu/back.wav
20:58:47.372 [FXGL Background Thread 3 ] DEBUG Engine               - soundMenuPress: menu/press.wav
20:58:47.372 [FXGL Background Thread 3 ] DEBUG Engine               - soundMenuSelect: menu/select.wav
20:58:47.372 [FXGL Background Thread 3 ] DEBUG Engine               - soundNotification: core/notification.wav
20:58:47.372 [FXGL Background Thread 3 ] DEBUG Engine               - stageStyle: DECORATED
20:58:47.372 [FXGL Background Thread 3 ] DEBUG Engine               - supportedLanguages: [ENGLISH, FRENCH, GERMAN, HUNGARIAN, RUSSIAN]
20:58:47.372 [FXGL Background Thread 3 ] DEBUG Engine               - ticksPerSecond: -1
20:58:47.372 [FXGL Background Thread 3 ] DEBUG Engine               - title: Untitled
20:58:47.373 [FXGL Background Thread 3 ] DEBUG Engine               - urlGithub: https://github.com/AlmasB/FXGL
20:58:47.373 [FXGL Background Thread 3 ] DEBUG Engine               - urlLeaderboard: http://fxgl-top.herokuapp.com/
20:58:47.373 [FXGL Background Thread 3 ] DEBUG Engine               - urlPOM: https://raw.githubusercontent.com/AlmasB/FXGL/release/README.md
20:58:47.373 [FXGL Background Thread 3 ] DEBUG Engine               - userAppClass: class org.example.Main
20:58:47.374 [FXGL Background Thread 3 ] DEBUG Engine               - version: 0.0
20:58:47.374 [FXGL Background Thread 3 ] DEBUG Engine               - versionCheckDays: 7
20:58:47.374 [FXGL Background Thread 3 ] DEBUG Engine               - width: 800
20:58:47.374 [FXGL Background Thread 3 ] DEBUG Engine               - Logging services
20:58:47.374 [FXGL Background Thread 3 ] DEBUG Engine               - class com.almasb.fxgl.app.services.FXGLAssetLoaderService
20:58:47.375 [FXGL Background Thread 3 ] DEBUG Engine               - class com.almasb.fxgl.app.FXGLApplication$GameApplicationService
20:58:47.375 [FXGL Background Thread 3 ] DEBUG Engine               - class com.almasb.fxgl.app.services.FXGLDialogService
20:58:47.375 [FXGL Background Thread 3 ] DEBUG Engine               - class com.almasb.fxgl.app.services.IOTaskExecutorService
20:58:47.375 [FXGL Background Thread 3 ] DEBUG Engine               - class com.almasb.fxgl.io.FileSystemService
20:58:47.375 [FXGL Background Thread 3 ] DEBUG Engine               - class com.almasb.fxgl.localization.LocalizationService
20:58:47.375 [FXGL Background Thread 3 ] DEBUG Engine               - class com.almasb.fxgl.app.services.SystemBundleService
20:58:47.375 [FXGL Background Thread 3 ] DEBUG Engine               - class com.almasb.fxgl.profile.SaveLoadService
20:58:47.376 [FXGL Background Thread 3 ] DEBUG Engine               - class com.almasb.fxgl.ui.FXGLUIFactoryServiceProvider
20:58:47.376 [FXGL Background Thread 3 ] DEBUG Engine               - class com.almasb.fxgl.ui.FXGLDialogFactoryServiceProvider
20:58:47.376 [FXGL Background Thread 3 ] DEBUG Engine               - class com.almasb.fxgl.audio.AudioPlayer
20:58:47.376 [FXGL Background Thread 3 ] DEBUG Engine               - class com.almasb.fxgl.notification.impl.NotificationServiceProvider
20:58:47.376 [FXGL Background Thread 3 ] DEBUG Engine               - class com.almasb.fxgl.achievement.AchievementService
20:58:47.376 [FXGL Background Thread 3 ] DEBUG Engine               - class com.almasb.fxgl.cutscene.CutsceneService
20:58:47.376 [FXGL Background Thread 3 ] DEBUG Engine               - class com.almasb.fxgl.minigames.MiniGameService
20:58:47.377 [FXGL Background Thread 3 ] DEBUG Engine               - class com.almasb.fxgl.net.NetService
20:58:47.377 [FXGL Background Thread 3 ] DEBUG Engine               - class com.almasb.fxgl.app.services.UpdaterService
20:58:47.377 [FXGL Background Thread 3 ] DEBUG Engine               - class com.almasb.fxgl.dev.DevService
20:58:52.517 [Thread-68                ] DEBUG AudioPlayer          - Playing music com.almasb.fxgl.audio.Music@12063459
20:58:54.518 [Thread-68                ] DEBUG AudioPlayer          - Stopping music com.almasb.fxgl.audio.Music@12063459
20:58:55.028 [Thread-79                ] DEBUG AudioPlayer          - Playing music com.almasb.fxgl.audio.Music@12063459
20:58:57.029 [Thread-79                ] DEBUG AudioPlayer          - Stopping music com.almasb.fxgl.audio.Music@12063459
20:59:06.236 [JavaFX Application Thread] DEBUG FXGLApplication      - Exiting FXGL
20:59:06.236 [JavaFX Application Thread] DEBUG LoopRunner           - Stopping loop
20:59:06.237 [JavaFX Application Thread] DEBUG SystemBundleService  - Saving FXGL system data
20:59:06.240 [JavaFX Application Thread] DEBUG FileSystemAccess     - Writing to: /home/cato/IdeaProjects/simulador3/system/fxgl.bundle
20:59:06.245 [JavaFX Application Thread] DEBUG Async                - Shutting down background threads
20:59:06.246 [JavaFX Application Thread] DEBUG PrimaryStageWindow   - Closing main window
20:59:06.250 [JavaFX Application Thread] DEBUG Logger               - Closing Logger
