09:42:18.591 [main                     ] DEBUG Logger               - Configured Logger
09:42:18.629 [main                     ] DEBUG GameApplication      - Logging settings
Title: Untitled
Version: 0.0
Width: 800
Height: 600
Fullscreen: false
Intro: false
Profiling: false
Single step:false
App Mode: DEVELOPER
Menu Key: ESCAPE
Stage Style: DECORATED
Scene Factory: class com.almasb.fxgl.app.scene.SceneFactory

09:42:19.148 [JavaFX Application Thread] DEBUG FXGLApplication      - Initializing FXGL
09:42:19.154 [JavaFX Application Thread] INFO  Engine               - FXGL-17.2 (20.08.2022 16.50) on LINUX (J:21.0.5 FX:20)
09:42:19.154 [JavaFX Application Thread] DEBUG Engine               - JRE Vendor Name: Ubuntu
09:42:19.154 [JavaFX Application Thread] DEBUG Engine               - Running on OS: Linux version 6.8.0-49-generic
09:42:19.155 [JavaFX Application Thread] DEBUG Engine               - Architecture: amd64
09:42:19.155 [JavaFX Application Thread] INFO  Engine               - Source code and latest versions at: https://github.com/AlmasB/FXGL
09:42:19.155 [JavaFX Application Thread] INFO  Engine               -       Ask questions and discuss at: https://github.com/AlmasB/FXGL/discussions
09:42:19.155 [JavaFX Application Thread] INFO  Engine               -              Join the FXGL chat at: https://gitter.im/AlmasB/FXGL
09:42:19.305 [JavaFX Application Thread] DEBUG PrimaryStageWindow   - Creating a JavaFX scene
09:42:19.460 [JavaFX Application Thread] DEBUG PrimaryStageWindow   - Target settings size: 800.0 x 600.0
09:42:19.460 [JavaFX Application Thread] DEBUG PrimaryStageWindow   - Scaled scene size:    800.0 x 600.0
09:42:19.461 [JavaFX Application Thread] DEBUG PrimaryStageWindow   - Scaled ratio: (1.0, 1.0)
09:42:19.462 [JavaFX Application Thread] DEBUG PrimaryStageWindow   - Set initial scene to FXGLStartupScene
09:42:19.466 [JavaFX Application Thread] DEBUG PrimaryStageWindow   - Opening main window
09:42:19.518 [JavaFX Application Thread] DEBUG PrimaryStageWindow   - Window border size: (2.0, 29.0)
09:42:19.519 [JavaFX Application Thread] DEBUG PrimaryStageWindow   - Scaled size: 800.0 x 600.0
09:42:19.519 [JavaFX Application Thread] DEBUG PrimaryStageWindow   - Scaled ratio: (1.0, 1.0)
09:42:19.520 [JavaFX Application Thread] DEBUG PrimaryStageWindow   - Scene size: 800.0 x 600.0
09:42:19.520 [JavaFX Application Thread] DEBUG PrimaryStageWindow   - Stage size: 802.0 x 629.0
09:42:19.531 [FXGL Background Thread 1 ] DEBUG Engine               - Initializing environment variables
09:42:19.595 [FXGL Background Thread 1 ] DEBUG FXGLAssetLoaderServi - User app class for loading assets: class org.example.Main
09:42:19.596 [FXGL Background Thread 1 ] DEBUG GameApplicationServi - Applying CSS: fxgl_dark.css
09:42:19.597 [FXGL Background Thread 1 ] DEBUG FXGLAssetLoaderServi - Loading from file system: jar:file:/home/cato/.gradle/caches/modules-2/files-2.1/com.github.almasb/fxgl/17.2/35db6ae960eec2dcfd19262d3b7f9c42f0e95bc3/fxgl-17.2.jar!/fxglassets/ui/css/fxgl_dark.css
09:42:19.654 [FXGL Background Thread 1 ] DEBUG GameApplicationServi - Initializing application scenes
09:42:19.715 [FXGL Background Thread 1 ] DEBUG GameWorld            - Game world initialized
09:42:19.780 [FXGL Background Thread 1 ] DEBUG PhysicsWorld         - Physics world initialized: appHeight=600, physics.ppm=50,0
09:42:19.780 [FXGL Background Thread 1 ] DEBUG PhysicsWorld         - Using strategy: BRUTE_FORCE
09:42:19.785 [FXGL Background Thread 1 ] DEBUG GameScene            - Game scene initialized: 800x600
09:42:19.800 [FXGL Background Thread 1 ] DEBUG FXGL.DefaultMenu     - createMenuBodyGameMenu()
09:42:19.819 [FXGL Background Thread 1 ] DEBUG FXGL.DefaultMenu     - createOptionsMenu()
09:42:19.832 [FXGL Background Thread 1 ] DEBUG FXGLAssetLoaderServi - Loading from file system: jar:file:/home/cato/.gradle/caches/modules-2/files-2.1/com.github.almasb/fxgl/17.2/35db6ae960eec2dcfd19262d3b7f9c42f0e95bc3/fxgl-17.2.jar!/fxglassets/textures/particles/smoke.png
09:42:19.982 [FXGL Background Thread 1 ] DEBUG FXGLAssetLoaderServi - Loading from file system: jar:file:/home/cato/.gradle/caches/modules-2/files-2.1/com.github.almasb/fxgl/17.2/35db6ae960eec2dcfd19262d3b7f9c42f0e95bc3/fxgl-17.2.jar!/fxglassets/textures/particles/trace_horizontal.png
09:42:20.016 [FXGL Background Thread 1 ] DEBUG GameApplicationServi - Application scenes initialized
09:42:20.032 [FXGL Background Thread 1 ] DEBUG SystemBundleService  - Loading FXGL system data
09:42:20.037 [FXGL Background Thread 1 ] DEBUG FileSystemAccess     - Reading from: /home/cato/IdeaProjects/simulador3/system/fxgl.bundle
09:42:20.049 [FXGL Background Thread 1 ] DEBUG SystemBundleService  - Bundle FXGL: {}
09:42:20.049 [FXGL Background Thread 1 ] DEBUG UpdaterService       - Checking for updates
09:42:20.055 [FXGL Background Thread 4 ] DEBUG FXGLApplication      - Loading fonts
09:42:20.056 [FXGL Background Thread 4 ] DEBUG FXGLAssetLoaderServi - Loading from file system: jar:file:/home/cato/.gradle/caches/modules-2/files-2.1/com.github.almasb/fxgl/17.2/35db6ae960eec2dcfd19262d3b7f9c42f0e95bc3/fxgl-17.2.jar!/fxglassets/ui/fonts/VarelaRound-Regular.ttf
09:42:20.056 [FXGL Background Thread 1 ] DEBUG FXGLApplication      - Loading default localization
09:42:20.057 [FXGL Background Thread 1 ] DEBUG FXGLAssetLoaderServi - Loading from file system: jar:file:/home/cato/.gradle/caches/modules-2/files-2.1/com.github.almasb/fxgl/17.2/35db6ae960eec2dcfd19262d3b7f9c42f0e95bc3/fxgl-17.2.jar!/fxglassets/languages/english.lang
09:42:20.067 [FXGL Background Thread 4 ] DEBUG FXGLAssetLoaderServi - Loading from file system: jar:file:/home/cato/.gradle/caches/modules-2/files-2.1/com.github.almasb/fxgl/17.2/35db6ae960eec2dcfd19262d3b7f9c42f0e95bc3/fxgl-17.2.jar!/fxglassets/ui/fonts/Abel-Regular.ttf
09:42:20.070 [FXGL Background Thread 4 ] DEBUG FXGLAssetLoaderServi - Loading from file system: jar:file:/home/cato/.gradle/caches/modules-2/files-2.1/com.github.almasb/fxgl/17.2/35db6ae960eec2dcfd19262d3b7f9c42f0e95bc3/fxgl-17.2.jar!/fxglassets/ui/fonts/TerminalLandMono-Regular.otf
09:42:20.073 [FXGL Background Thread 4 ] DEBUG FXGLAssetLoaderServi - Loading from file system: jar:file:/home/cato/.gradle/caches/modules-2/files-2.1/com.github.almasb/fxgl/17.2/35db6ae960eec2dcfd19262d3b7f9c42f0e95bc3/fxgl-17.2.jar!/fxglassets/ui/fonts/Courier-Prime.ttf
09:42:20.076 [FXGL Background Thread 1 ] INFO  FXGLApplication      - FXGL initialization took: 0,544 sec
09:42:20.077 [JavaFX Application Thread] DEBUG FXGLAssetLoaderServi - Loading from file system: jar:file:/home/cato/.gradle/caches/modules-2/files-2.1/com.github.almasb/fxgl/17.2/35db6ae960eec2dcfd19262d3b7f9c42f0e95bc3/fxgl-17.2.jar!/fxglassets/textures/fxgl_icon.png
09:42:20.117 [JavaFX Application Thread] DEBUG FXGLAssetLoaderServi - Loading from file system: jar:file:/home/cato/.gradle/caches/modules-2/files-2.1/com.github.almasb/fxgl/17.2/35db6ae960eec2dcfd19262d3b7f9c42f0e95bc3/fxgl-17.2.jar!/fxglassets/textures/fxgl_default_cursor.png
09:42:20.129 [JavaFX Application Thread] DEBUG Input                - Registered new binding: Screenshot - CTRL+8
09:42:20.130 [JavaFX Application Thread] DEBUG Input                - Registered new binding: System info dump - CTRL+9
09:42:20.131 [JavaFX Application Thread] DEBUG Input                - Registered new binding: Restart - CTRL+R
09:42:20.131 [JavaFX Application Thread] DEBUG Input                - Registered new binding: Toggle Debug Camera - CTRL+7
09:42:20.134 [JavaFX Application Thread] DEBUG LoopRunner           - Starting loop
09:42:20.134 [JavaFX Application Thread] DEBUG LoopRunner           - Initializing JavaFX AnimationTimerLoop
09:42:20.136 [JavaFX Application Thread] DEBUG GameApplicationServi - Starting new game
09:42:20.136 [JavaFX Application Thread] DEBUG Input                - Clearing active input actions
09:42:20.152 [JavaFX Application Thread] DEBUG GameApplicationServi - Removing overlay from FXGLStartupScene and adding to FXGLLoadingScene
09:42:20.153 [JavaFX Application Thread] DEBUG PrimaryStageWindow   - FXGLStartupScene -> FXGLLoadingScene
09:42:20.153 [JavaFX Application Thread] DEBUG GameApplicationServi - Clearing previous game
09:42:20.153 [JavaFX Application Thread] DEBUG GameScene            - Clearing game scene
09:42:20.154 [JavaFX Application Thread] DEBUG GameWorld            - Clearing game world
09:42:20.154 [JavaFX Application Thread] DEBUG PhysicsWorld         - Clearing physics world
09:42:20.155 [JavaFX Application Thread] DEBUG FXGLApplication      - Registering font factories with UI factory
09:42:20.155 [FXGL Background Thread 4 ] DEBUG FXGLApplication      - Initializing game
09:42:20.157 [FXGL Background Thread 4 ] DEBUG FXGLAssetLoaderServi - Loading from file system: file:/home/cato/IdeaProjects/simulador3/build/resources/main/assets/textures/lugar.png
09:42:20.240 [FXGL Background Thread 4 ] DEBUG FXGLAssetLoaderServi - Loading from file system: file:/home/cato/IdeaProjects/simulador3/build/resources/main/assets/music/restaurant.wav
09:42:20.382 [FXGL Background Thread 4 ] DEBUG AudioPlayer          - Playing music com.almasb.fxgl.audio.Music@483fa02c
09:42:20.400 [FXGL Background Thread 4 ] DEBUG FXGLAssetLoaderServi - Loading from file system: file:/home/cato/IdeaProjects/simulador3/build/resources/main/assets/textures/mesero_frontal.png
09:42:20.408 [FXGL Background Thread 4 ] DEBUG FXGLAssetLoaderServi - Loading from file system: file:/home/cato/IdeaProjects/simulador3/build/resources/main/assets/music/order.wav
09:42:20.464 [FXGL Background Thread 4 ] DEBUG FXGLAssetLoaderServi - Loading from file system: file:/home/cato/IdeaProjects/simulador3/build/resources/main/assets/textures/chef.png
09:42:20.472 [FXGL Background Thread 4 ] DEBUG FXGLAssetLoaderServi - Loading from file system: file:/home/cato/IdeaProjects/simulador3/build/resources/main/assets/music/cooking.wav
09:42:20.483 [FXGL Background Thread 4 ] INFO  FXGLApplication      - Game initialization took: 0,328 sec
09:42:20.484 [JavaFX Application Thread] DEBUG Input                - Clearing active input actions
09:42:20.496 [JavaFX Application Thread] DEBUG GameApplicationServi - Removing overlay from FXGLLoadingScene and adding to GameScene
09:42:20.497 [JavaFX Application Thread] DEBUG PrimaryStageWindow   - FXGLLoadingScene -> GameScene
09:42:20.816 [JavaFX Application Thread] DEBUG FXGLAssetLoaderServi - Loading from file system: file:/home/cato/IdeaProjects/simulador3/build/resources/main/assets/textures/client.png
09:42:23.052 [FXGL Background Thread 3 ] DEBUG Engine               - Logging environment variables
09:42:23.054 [FXGL Background Thread 3 ] DEBUG Engine               - achievements: []
09:42:23.054 [FXGL Background Thread 3 ] DEBUG Engine               - actualHeight: 608.0
09:42:23.054 [FXGL Background Thread 3 ] DEBUG Engine               - actualHeightProperty: ReadOnlyDoubleProperty [value: 608.0]
09:42:23.054 [FXGL Background Thread 3 ] DEBUG Engine               - actualWidth: 798.0
09:42:23.054 [FXGL Background Thread 3 ] DEBUG Engine               - actualWidthProperty: ReadOnlyDoubleProperty [value: 798.0]
09:42:23.054 [FXGL Background Thread 3 ] DEBUG Engine               - appIcon: fxgl_icon.png
09:42:23.054 [FXGL Background Thread 3 ] DEBUG Engine               - applicationMode: DEVELOPER
09:42:23.055 [FXGL Background Thread 3 ] DEBUG Engine               - cSSList: [fxgl_dark.css]
09:42:23.055 [FXGL Background Thread 3 ] DEBUG Engine               - collisionDetectionStrategy: BRUTE_FORCE
09:42:23.055 [FXGL Background Thread 3 ] DEBUG Engine               - configClass: Optional.empty
09:42:23.055 [FXGL Background Thread 3 ] DEBUG Engine               - credits: []
09:42:23.055 [FXGL Background Thread 3 ] DEBUG Engine               - defaultCursor: CursorInfo(imageName=fxgl_default_cursor.png, hotspotX=7.0, hotspotY=6.0)
09:42:23.056 [FXGL Background Thread 3 ] DEBUG Engine               - devBBoxColorProperty: ObjectProperty [value: 0xff0000ff]
09:42:23.056 [FXGL Background Thread 3 ] DEBUG Engine               - devEnableDebugCameraProperty: BooleanProperty [value: false]
09:42:23.056 [FXGL Background Thread 3 ] DEBUG Engine               - devSensorColorProperty: ObjectProperty [value: 0xffff00ff]
09:42:23.056 [FXGL Background Thread 3 ] DEBUG Engine               - devShowBBoxProperty: BooleanProperty [value: false]
09:42:23.056 [FXGL Background Thread 3 ] DEBUG Engine               - devShowPositionProperty: BooleanProperty [value: false]
09:42:23.056 [FXGL Background Thread 3 ] DEBUG Engine               - enabledMenuItems: []
09:42:23.056 [FXGL Background Thread 3 ] DEBUG Engine               - engineServices: [class com.almasb.fxgl.app.services.FXGLAssetLoaderService, class com.almasb.fxgl.app.FXGLApplication$GameApplicationService, class com.almasb.fxgl.app.services.FXGLDialogService, class com.almasb.fxgl.app.services.IOTaskExecutorService, class com.almasb.fxgl.io.FileSystemService, class com.almasb.fxgl.localization.LocalizationService, class com.almasb.fxgl.app.services.SystemBundleService, class com.almasb.fxgl.profile.SaveLoadService, class com.almasb.fxgl.ui.FXGLUIFactoryServiceProvider, class com.almasb.fxgl.ui.FXGLDialogFactoryServiceProvider, class com.almasb.fxgl.audio.AudioPlayer, class com.almasb.fxgl.notification.impl.NotificationServiceProvider, class com.almasb.fxgl.achievement.AchievementService, class com.almasb.fxgl.cutscene.CutsceneService, class com.almasb.fxgl.minigames.MiniGameService, class com.almasb.fxgl.net.NetService, class com.almasb.fxgl.app.services.UpdaterService, class com.almasb.fxgl.dev.DevService]
09:42:23.056 [FXGL Background Thread 3 ] DEBUG Engine               - fontGame: Abel-Regular.ttf
09:42:23.056 [FXGL Background Thread 3 ] DEBUG Engine               - fontMono: TerminalLandMono-Regular.otf
09:42:23.057 [FXGL Background Thread 3 ] DEBUG Engine               - fontText: Courier-Prime.ttf
09:42:23.057 [FXGL Background Thread 3 ] DEBUG Engine               - fontUI: VarelaRound-Regular.ttf
09:42:23.057 [FXGL Background Thread 3 ] DEBUG Engine               - fullScreen: BooleanProperty [value: false]
09:42:23.057 [FXGL Background Thread 3 ] DEBUG Engine               - gameDifficulty: MEDIUM
09:42:23.057 [FXGL Background Thread 3 ] DEBUG Engine               - gameDifficultyProperty: ObjectProperty [value: MEDIUM]
09:42:23.057 [FXGL Background Thread 3 ] DEBUG Engine               - globalMusicVolume: 0.5
09:42:23.057 [FXGL Background Thread 3 ] DEBUG Engine               - globalMusicVolumeProperty: DoubleProperty [value: 0.5]
09:42:23.058 [FXGL Background Thread 3 ] DEBUG Engine               - globalSoundVolume: 0.5
09:42:23.058 [FXGL Background Thread 3 ] DEBUG Engine               - globalSoundVolumeProperty: DoubleProperty [value: 0.5]
09:42:23.058 [FXGL Background Thread 3 ] DEBUG Engine               - height: 600
09:42:23.058 [FXGL Background Thread 3 ] DEBUG Engine               - is3D: false
09:42:23.058 [FXGL Background Thread 3 ] DEBUG Engine               - isAndroid: false
09:42:23.058 [FXGL Background Thread 3 ] DEBUG Engine               - isBrowser: false
09:42:23.058 [FXGL Background Thread 3 ] DEBUG Engine               - isClickFeedbackEnabled: false
09:42:23.058 [FXGL Background Thread 3 ] DEBUG Engine               - isCloseConfirmation: false
09:42:23.058 [FXGL Background Thread 3 ] DEBUG Engine               - isDesktop: true
09:42:23.058 [FXGL Background Thread 3 ] DEBUG Engine               - isDeveloperMenuEnabled: false
09:42:23.058 [FXGL Background Thread 3 ] DEBUG Engine               - isEmbedded: false
09:42:23.058 [FXGL Background Thread 3 ] DEBUG Engine               - isEntityPreloadEnabled: true
09:42:23.059 [FXGL Background Thread 3 ] DEBUG Engine               - isExperimentalTiledLargeMap: false
09:42:23.059 [FXGL Background Thread 3 ] DEBUG Engine               - isFileSystemWriteAllowed: true
09:42:23.059 [FXGL Background Thread 3 ] DEBUG Engine               - isFullScreenAllowed: false
09:42:23.059 [FXGL Background Thread 3 ] DEBUG Engine               - isFullScreenFromStart: false
09:42:23.059 [FXGL Background Thread 3 ] DEBUG Engine               - isGameMenuEnabled: true
09:42:23.059 [FXGL Background Thread 3 ] DEBUG Engine               - isIOS: false
09:42:23.059 [FXGL Background Thread 3 ] DEBUG Engine               - isIntroEnabled: false
09:42:23.059 [FXGL Background Thread 3 ] DEBUG Engine               - isLinux: true
09:42:23.060 [FXGL Background Thread 3 ] DEBUG Engine               - isMac: false
09:42:23.060 [FXGL Background Thread 3 ] DEBUG Engine               - isMainMenuEnabled: false
09:42:23.060 [FXGL Background Thread 3 ] DEBUG Engine               - isManualResizeEnabled: false
09:42:23.060 [FXGL Background Thread 3 ] DEBUG Engine               - isMobile: false
09:42:23.060 [FXGL Background Thread 3 ] DEBUG Engine               - isNative: false
09:42:23.060 [FXGL Background Thread 3 ] DEBUG Engine               - isPauseMusicWhenMinimized: true
09:42:23.060 [FXGL Background Thread 3 ] DEBUG Engine               - isPreserveResizeRatio: false
09:42:23.060 [FXGL Background Thread 3 ] DEBUG Engine               - isProfilingEnabled: false
09:42:23.060 [FXGL Background Thread 3 ] DEBUG Engine               - isScaleAffectedOnResize: true
09:42:23.060 [FXGL Background Thread 3 ] DEBUG Engine               - isSingleStep: false
09:42:23.060 [FXGL Background Thread 3 ] DEBUG Engine               - isUserProfileEnabled: false
09:42:23.061 [FXGL Background Thread 3 ] DEBUG Engine               - isWindows: false
09:42:23.061 [FXGL Background Thread 3 ] DEBUG Engine               - language: ObjectProperty [value: ENGLISH]
09:42:23.061 [FXGL Background Thread 3 ] DEBUG Engine               - menuKey: ESCAPE
09:42:23.061 [FXGL Background Thread 3 ] DEBUG Engine               - mouseSensitivity: 0.2
09:42:23.061 [FXGL Background Thread 3 ] DEBUG Engine               - notificationViewClass: class com.almasb.fxgl.notification.view.XboxNotificationView
09:42:23.061 [FXGL Background Thread 3 ] DEBUG Engine               - pixelsPerMeter: 50.0
09:42:23.061 [FXGL Background Thread 3 ] DEBUG Engine               - platform: LINUX
09:42:23.061 [FXGL Background Thread 3 ] DEBUG Engine               - prefHeightProperty: ReadOnlyDoubleProperty [value: 600.0]
09:42:23.061 [FXGL Background Thread 3 ] DEBUG Engine               - prefWidthProperty: ReadOnlyDoubleProperty [value: 800.0]
09:42:23.061 [FXGL Background Thread 3 ] DEBUG Engine               - profileDir: profiles/
09:42:23.061 [FXGL Background Thread 3 ] DEBUG Engine               - profileName: StringProperty [value: DEFAULT]
09:42:23.061 [FXGL Background Thread 3 ] DEBUG Engine               - randomSeed: -1
09:42:23.062 [FXGL Background Thread 3 ] DEBUG Engine               - runtimeInfo: RuntimeInfo(platform=LINUX, version=17.2, build=20.08.2022 16.50)
09:42:23.062 [FXGL Background Thread 3 ] DEBUG Engine               - saveFileExt: sav
09:42:23.062 [FXGL Background Thread 3 ] DEBUG Engine               - scaledHeightProp$fxgl: DoubleProperty [bound, value: 608.0]
09:42:23.062 [FXGL Background Thread 3 ] DEBUG Engine               - scaledWidthProp$fxgl: DoubleProperty [bound, value: 798.0]
09:42:23.062 [FXGL Background Thread 3 ] DEBUG Engine               - sceneFactory: com.almasb.fxgl.app.scene.SceneFactory@67129a47
09:42:23.062 [FXGL Background Thread 3 ] DEBUG Engine               - secondsIn24h: 60
09:42:23.063 [FXGL Background Thread 3 ] DEBUG Engine               - soundMenuBack: menu/back.wav
09:42:23.063 [FXGL Background Thread 3 ] DEBUG Engine               - soundMenuPress: menu/press.wav
09:42:23.063 [FXGL Background Thread 3 ] DEBUG Engine               - soundMenuSelect: menu/select.wav
09:42:23.063 [FXGL Background Thread 3 ] DEBUG Engine               - soundNotification: core/notification.wav
09:42:23.063 [FXGL Background Thread 3 ] DEBUG Engine               - stageStyle: DECORATED
09:42:23.063 [FXGL Background Thread 3 ] DEBUG Engine               - supportedLanguages: [ENGLISH, FRENCH, GERMAN, HUNGARIAN, RUSSIAN]
09:42:23.063 [FXGL Background Thread 3 ] DEBUG Engine               - ticksPerSecond: -1
09:42:23.063 [FXGL Background Thread 3 ] DEBUG Engine               - title: Untitled
09:42:23.063 [FXGL Background Thread 3 ] DEBUG Engine               - urlGithub: https://github.com/AlmasB/FXGL
09:42:23.063 [FXGL Background Thread 3 ] DEBUG Engine               - urlLeaderboard: http://fxgl-top.herokuapp.com/
09:42:23.063 [FXGL Background Thread 3 ] DEBUG Engine               - urlPOM: https://raw.githubusercontent.com/AlmasB/FXGL/release/README.md
09:42:23.064 [FXGL Background Thread 3 ] DEBUG Engine               - userAppClass: class org.example.Main
09:42:23.064 [FXGL Background Thread 3 ] DEBUG Engine               - version: 0.0
09:42:23.064 [FXGL Background Thread 3 ] DEBUG Engine               - versionCheckDays: 7
09:42:23.064 [FXGL Background Thread 3 ] DEBUG Engine               - width: 800
09:42:23.064 [FXGL Background Thread 3 ] DEBUG Engine               - Logging services
09:42:23.064 [FXGL Background Thread 3 ] DEBUG Engine               - class com.almasb.fxgl.app.services.FXGLAssetLoaderService
09:42:23.064 [FXGL Background Thread 3 ] DEBUG Engine               - class com.almasb.fxgl.app.FXGLApplication$GameApplicationService
09:42:23.064 [FXGL Background Thread 3 ] DEBUG Engine               - class com.almasb.fxgl.app.services.FXGLDialogService
09:42:23.064 [FXGL Background Thread 3 ] DEBUG Engine               - class com.almasb.fxgl.app.services.IOTaskExecutorService
09:42:23.064 [FXGL Background Thread 3 ] DEBUG Engine               - class com.almasb.fxgl.io.FileSystemService
09:42:23.064 [FXGL Background Thread 3 ] DEBUG Engine               - class com.almasb.fxgl.localization.LocalizationService
09:42:23.064 [FXGL Background Thread 3 ] DEBUG Engine               - class com.almasb.fxgl.app.services.SystemBundleService
09:42:23.064 [FXGL Background Thread 3 ] DEBUG Engine               - class com.almasb.fxgl.profile.SaveLoadService
09:42:23.065 [FXGL Background Thread 3 ] DEBUG Engine               - class com.almasb.fxgl.ui.FXGLUIFactoryServiceProvider
09:42:23.065 [FXGL Background Thread 3 ] DEBUG Engine               - class com.almasb.fxgl.ui.FXGLDialogFactoryServiceProvider
09:42:23.065 [FXGL Background Thread 3 ] DEBUG Engine               - class com.almasb.fxgl.audio.AudioPlayer
09:42:23.065 [FXGL Background Thread 3 ] DEBUG Engine               - class com.almasb.fxgl.notification.impl.NotificationServiceProvider
09:42:23.065 [FXGL Background Thread 3 ] DEBUG Engine               - class com.almasb.fxgl.achievement.AchievementService
09:42:23.065 [FXGL Background Thread 3 ] DEBUG Engine               - class com.almasb.fxgl.cutscene.CutsceneService
09:42:23.065 [FXGL Background Thread 3 ] DEBUG Engine               - class com.almasb.fxgl.minigames.MiniGameService
09:42:23.065 [FXGL Background Thread 3 ] DEBUG Engine               - class com.almasb.fxgl.net.NetService
09:42:23.065 [FXGL Background Thread 3 ] DEBUG Engine               - class com.almasb.fxgl.app.services.UpdaterService
09:42:23.065 [FXGL Background Thread 3 ] DEBUG Engine               - class com.almasb.fxgl.dev.DevService
09:42:30.595 [Thread-68                ] DEBUG AudioPlayer          - Playing music com.almasb.fxgl.audio.Music@5c289be5
09:42:30.792 [Thread-81                ] DEBUG AudioPlayer          - Playing music com.almasb.fxgl.audio.Music@5c289be5
09:42:32.596 [Thread-68                ] DEBUG AudioPlayer          - Stopping music com.almasb.fxgl.audio.Music@5c289be5
09:42:32.792 [Thread-81                ] DEBUG AudioPlayer          - Stopping music com.almasb.fxgl.audio.Music@5c289be5
09:42:38.458 [Thread-102               ] DEBUG AudioPlayer          - Playing music com.almasb.fxgl.audio.Music@6fe4cd81
09:42:38.471 [Thread-68                ] DEBUG AudioPlayer          - Playing music com.almasb.fxgl.audio.Music@5c289be5
09:42:38.716 [JavaFX Application Thread] DEBUG FXGLApplication      - Exiting FXGL
09:42:38.717 [JavaFX Application Thread] DEBUG LoopRunner           - Stopping loop
09:42:38.717 [JavaFX Application Thread] DEBUG SystemBundleService  - Saving FXGL system data
09:42:38.719 [JavaFX Application Thread] DEBUG FileSystemAccess     - Writing to: /home/cato/IdeaProjects/simulador3/system/fxgl.bundle
09:42:38.723 [JavaFX Application Thread] DEBUG Async                - Shutting down background threads
09:42:38.723 [JavaFX Application Thread] DEBUG PrimaryStageWindow   - Closing main window
09:42:38.727 [JavaFX Application Thread] DEBUG Logger               - Closing Logger
