21:31:09.071 [main                     ] DEBUG Logger               - Configured Logger
21:31:09.092 [main                     ] DEBUG GameApplication      - Logging settings
Title: Untitled
Version: 0.0
Width: 800
Height: 600
Fullscreen: false
Intro: false
Profiling: false
Single step:false
App Mode: DEVELOPER
Menu Key: ESCAPE
Stage Style: DECORATED
Scene Factory: class com.almasb.fxgl.app.scene.SceneFactory

21:31:09.439 [JavaFX Application Thread] DEBUG FXGLApplication      - Initializing FXGL
21:31:09.442 [JavaFX Application Thread] INFO  Engine               - FXGL-17.2 (20.08.2022 16.50) on LINUX (J:21.0.5 FX:20)
21:31:09.443 [JavaFX Application Thread] DEBUG Engine               - JRE Vendor Name: Ubuntu
21:31:09.443 [JavaFX Application Thread] DEBUG Engine               - Running on OS: Linux version 6.8.0-49-generic
21:31:09.443 [JavaFX Application Thread] DEBUG Engine               - Architecture: amd64
21:31:09.443 [JavaFX Application Thread] INFO  Engine               - Source code and latest versions at: https://github.com/AlmasB/FXGL
21:31:09.443 [JavaFX Application Thread] INFO  Engine               -       Ask questions and discuss at: https://github.com/AlmasB/FXGL/discussions
21:31:09.444 [JavaFX Application Thread] INFO  Engine               -              Join the FXGL chat at: https://gitter.im/AlmasB/FXGL
21:31:09.528 [JavaFX Application Thread] DEBUG PrimaryStageWindow   - Creating a JavaFX scene
21:31:09.621 [JavaFX Application Thread] DEBUG PrimaryStageWindow   - Target settings size: 800.0 x 600.0
21:31:09.621 [JavaFX Application Thread] DEBUG PrimaryStageWindow   - Scaled scene size:    800.0 x 600.0
21:31:09.621 [JavaFX Application Thread] DEBUG PrimaryStageWindow   - Scaled ratio: (1.0, 1.0)
21:31:09.622 [JavaFX Application Thread] DEBUG PrimaryStageWindow   - Set initial scene to FXGLStartupScene
21:31:09.625 [JavaFX Application Thread] DEBUG PrimaryStageWindow   - Opening main window
21:31:09.661 [JavaFX Application Thread] DEBUG PrimaryStageWindow   - Window border size: (2.0, 29.0)
21:31:09.662 [JavaFX Application Thread] DEBUG PrimaryStageWindow   - Scaled size: 800.0 x 600.0
21:31:09.662 [JavaFX Application Thread] DEBUG PrimaryStageWindow   - Scaled ratio: (1.0, 1.0)
21:31:09.663 [JavaFX Application Thread] DEBUG PrimaryStageWindow   - Scene size: 800.0 x 600.0
21:31:09.663 [JavaFX Application Thread] DEBUG PrimaryStageWindow   - Stage size: 802.0 x 629.0
21:31:09.670 [FXGL Background Thread 1 ] DEBUG Engine               - Initializing environment variables
21:31:09.713 [FXGL Background Thread 1 ] DEBUG FXGLAssetLoaderServi - User app class for loading assets: class org.example.Main
21:31:09.713 [FXGL Background Thread 1 ] DEBUG GameApplicationServi - Applying CSS: fxgl_dark.css
21:31:09.714 [FXGL Background Thread 1 ] DEBUG FXGLAssetLoaderServi - Loading from file system: jar:file:/home/cato/.gradle/caches/modules-2/files-2.1/com.github.almasb/fxgl/17.2/35db6ae960eec2dcfd19262d3b7f9c42f0e95bc3/fxgl-17.2.jar!/fxglassets/ui/css/fxgl_dark.css
21:31:09.752 [FXGL Background Thread 1 ] DEBUG GameApplicationServi - Initializing application scenes
21:31:09.793 [FXGL Background Thread 1 ] DEBUG GameWorld            - Game world initialized
21:31:09.836 [FXGL Background Thread 1 ] DEBUG PhysicsWorld         - Physics world initialized: appHeight=600, physics.ppm=50,0
21:31:09.836 [FXGL Background Thread 1 ] DEBUG PhysicsWorld         - Using strategy: BRUTE_FORCE
21:31:09.839 [FXGL Background Thread 1 ] DEBUG GameScene            - Game scene initialized: 800x600
21:31:09.852 [FXGL Background Thread 1 ] DEBUG FXGL.DefaultMenu     - createMenuBodyGameMenu()
21:31:09.866 [FXGL Background Thread 1 ] DEBUG FXGL.DefaultMenu     - createOptionsMenu()
21:31:09.875 [FXGL Background Thread 1 ] DEBUG FXGLAssetLoaderServi - Loading from file system: jar:file:/home/cato/.gradle/caches/modules-2/files-2.1/com.github.almasb/fxgl/17.2/35db6ae960eec2dcfd19262d3b7f9c42f0e95bc3/fxgl-17.2.jar!/fxglassets/textures/particles/smoke.png
21:31:09.948 [FXGL Background Thread 1 ] DEBUG FXGLAssetLoaderServi - Loading from file system: jar:file:/home/cato/.gradle/caches/modules-2/files-2.1/com.github.almasb/fxgl/17.2/35db6ae960eec2dcfd19262d3b7f9c42f0e95bc3/fxgl-17.2.jar!/fxglassets/textures/particles/trace_horizontal.png
21:31:09.980 [FXGL Background Thread 1 ] DEBUG GameApplicationServi - Application scenes initialized
21:31:09.997 [FXGL Background Thread 1 ] DEBUG SystemBundleService  - Loading FXGL system data
21:31:10.000 [FXGL Background Thread 1 ] DEBUG FileSystemAccess     - Reading from: /home/cato/IdeaProjects/simulador3/system/fxgl.bundle
21:31:10.011 [FXGL Background Thread 1 ] DEBUG SystemBundleService  - Bundle FXGL: {}
21:31:10.012 [FXGL Background Thread 1 ] DEBUG UpdaterService       - Checking for updates
21:31:10.016 [FXGL Background Thread 4 ] DEBUG FXGLApplication      - Loading fonts
21:31:10.017 [FXGL Background Thread 1 ] DEBUG FXGLApplication      - Loading default localization
21:31:10.017 [FXGL Background Thread 4 ] DEBUG FXGLAssetLoaderServi - Loading from file system: jar:file:/home/cato/.gradle/caches/modules-2/files-2.1/com.github.almasb/fxgl/17.2/35db6ae960eec2dcfd19262d3b7f9c42f0e95bc3/fxgl-17.2.jar!/fxglassets/ui/fonts/VarelaRound-Regular.ttf
21:31:10.018 [FXGL Background Thread 1 ] DEBUG FXGLAssetLoaderServi - Loading from file system: jar:file:/home/cato/.gradle/caches/modules-2/files-2.1/com.github.almasb/fxgl/17.2/35db6ae960eec2dcfd19262d3b7f9c42f0e95bc3/fxgl-17.2.jar!/fxglassets/languages/english.lang
21:31:10.028 [FXGL Background Thread 4 ] DEBUG FXGLAssetLoaderServi - Loading from file system: jar:file:/home/cato/.gradle/caches/modules-2/files-2.1/com.github.almasb/fxgl/17.2/35db6ae960eec2dcfd19262d3b7f9c42f0e95bc3/fxgl-17.2.jar!/fxglassets/ui/fonts/Abel-Regular.ttf
21:31:10.030 [FXGL Background Thread 4 ] DEBUG FXGLAssetLoaderServi - Loading from file system: jar:file:/home/cato/.gradle/caches/modules-2/files-2.1/com.github.almasb/fxgl/17.2/35db6ae960eec2dcfd19262d3b7f9c42f0e95bc3/fxgl-17.2.jar!/fxglassets/ui/fonts/TerminalLandMono-Regular.otf
21:31:10.031 [FXGL Background Thread 4 ] DEBUG FXGLAssetLoaderServi - Loading from file system: jar:file:/home/cato/.gradle/caches/modules-2/files-2.1/com.github.almasb/fxgl/17.2/35db6ae960eec2dcfd19262d3b7f9c42f0e95bc3/fxgl-17.2.jar!/fxglassets/ui/fonts/Courier-Prime.ttf
21:31:10.034 [FXGL Background Thread 1 ] INFO  FXGLApplication      - FXGL initialization took: 0,364 sec
21:31:10.035 [JavaFX Application Thread] DEBUG FXGLAssetLoaderServi - Loading from file system: jar:file:/home/cato/.gradle/caches/modules-2/files-2.1/com.github.almasb/fxgl/17.2/35db6ae960eec2dcfd19262d3b7f9c42f0e95bc3/fxgl-17.2.jar!/fxglassets/textures/fxgl_icon.png
21:31:10.053 [JavaFX Application Thread] DEBUG FXGLAssetLoaderServi - Loading from file system: jar:file:/home/cato/.gradle/caches/modules-2/files-2.1/com.github.almasb/fxgl/17.2/35db6ae960eec2dcfd19262d3b7f9c42f0e95bc3/fxgl-17.2.jar!/fxglassets/textures/fxgl_default_cursor.png
21:31:10.062 [JavaFX Application Thread] DEBUG Input                - Registered new binding: Screenshot - CTRL+8
21:31:10.063 [JavaFX Application Thread] DEBUG Input                - Registered new binding: System info dump - CTRL+9
21:31:10.063 [JavaFX Application Thread] DEBUG Input                - Registered new binding: Restart - CTRL+R
21:31:10.063 [JavaFX Application Thread] DEBUG Input                - Registered new binding: Toggle Debug Camera - CTRL+7
21:31:10.065 [JavaFX Application Thread] DEBUG LoopRunner           - Starting loop
21:31:10.065 [JavaFX Application Thread] DEBUG LoopRunner           - Initializing JavaFX AnimationTimerLoop
21:31:10.066 [JavaFX Application Thread] DEBUG GameApplicationServi - Starting new game
21:31:10.067 [JavaFX Application Thread] DEBUG Input                - Clearing active input actions
21:31:10.075 [JavaFX Application Thread] DEBUG GameApplicationServi - Removing overlay from FXGLStartupScene and adding to FXGLLoadingScene
21:31:10.075 [JavaFX Application Thread] DEBUG PrimaryStageWindow   - FXGLStartupScene -> FXGLLoadingScene
21:31:10.075 [JavaFX Application Thread] DEBUG GameApplicationServi - Clearing previous game
21:31:10.075 [JavaFX Application Thread] DEBUG GameScene            - Clearing game scene
21:31:10.076 [JavaFX Application Thread] DEBUG GameWorld            - Clearing game world
21:31:10.076 [JavaFX Application Thread] DEBUG PhysicsWorld         - Clearing physics world
21:31:10.077 [JavaFX Application Thread] DEBUG FXGLApplication      - Registering font factories with UI factory
21:31:10.077 [FXGL Background Thread 4 ] DEBUG FXGLApplication      - Initializing game
21:31:10.079 [FXGL Background Thread 4 ] DEBUG FXGLAssetLoaderServi - Loading from file system: file:/home/cato/IdeaProjects/simulador3/build/resources/main/assets/textures/lugar.png
21:31:10.177 [FXGL Background Thread 4 ] DEBUG FXGLAssetLoaderServi - Loading from file system: file:/home/cato/IdeaProjects/simulador3/build/resources/main/assets/music/restaurant.wav
21:31:10.268 [FXGL Background Thread 4 ] DEBUG AudioPlayer          - Playing music com.almasb.fxgl.audio.Music@14a1115e
21:31:10.281 [FXGL Background Thread 4 ] DEBUG FXGLAssetLoaderServi - Loading from file system: file:/home/cato/IdeaProjects/simulador3/build/resources/main/assets/textures/mesero_frontal.png
21:31:10.287 [FXGL Background Thread 4 ] DEBUG FXGLAssetLoaderServi - Loading from file system: file:/home/cato/IdeaProjects/simulador3/build/resources/main/assets/music/order.wav
21:31:10.296 [FXGL Background Thread 4 ] INFO  FXGLApplication      - Game initialization took: 0,219 sec
21:31:10.297 [JavaFX Application Thread] DEBUG Input                - Clearing active input actions
21:31:10.306 [JavaFX Application Thread] DEBUG GameApplicationServi - Removing overlay from FXGLLoadingScene and adding to GameScene
21:31:10.307 [JavaFX Application Thread] DEBUG PrimaryStageWindow   - FXGLLoadingScene -> GameScene
21:31:10.565 [FXGL Background Thread 2 ] INFO  UpdaterService       - Your current version:  17.2
21:31:10.566 [FXGL Background Thread 2 ] INFO  UpdaterService       - Latest stable version: 21.1
21:31:10.775 [JavaFX Application Thread] DEBUG FXGLAssetLoaderServi - Loading from file system: file:/home/cato/IdeaProjects/simulador3/build/resources/main/assets/textures/client.png
21:31:13.014 [FXGL Background Thread 3 ] DEBUG Engine               - Logging environment variables
21:31:13.015 [FXGL Background Thread 3 ] DEBUG Engine               - achievements: []
21:31:13.016 [FXGL Background Thread 3 ] DEBUG Engine               - actualHeight: 608.0
21:31:13.016 [FXGL Background Thread 3 ] DEBUG Engine               - actualHeightProperty: ReadOnlyDoubleProperty [value: 608.0]
21:31:13.016 [FXGL Background Thread 3 ] DEBUG Engine               - actualWidth: 798.0
21:31:13.016 [FXGL Background Thread 3 ] DEBUG Engine               - actualWidthProperty: ReadOnlyDoubleProperty [value: 798.0]
21:31:13.016 [FXGL Background Thread 3 ] DEBUG Engine               - appIcon: fxgl_icon.png
21:31:13.016 [FXGL Background Thread 3 ] DEBUG Engine               - applicationMode: DEVELOPER
21:31:13.016 [FXGL Background Thread 3 ] DEBUG Engine               - cSSList: [fxgl_dark.css]
21:31:13.016 [FXGL Background Thread 3 ] DEBUG Engine               - collisionDetectionStrategy: BRUTE_FORCE
21:31:13.016 [FXGL Background Thread 3 ] DEBUG Engine               - configClass: Optional.empty
21:31:13.016 [FXGL Background Thread 3 ] DEBUG Engine               - credits: []
21:31:13.017 [FXGL Background Thread 3 ] DEBUG Engine               - defaultCursor: CursorInfo(imageName=fxgl_default_cursor.png, hotspotX=7.0, hotspotY=6.0)
21:31:13.017 [FXGL Background Thread 3 ] DEBUG Engine               - devBBoxColorProperty: ObjectProperty [value: 0xff0000ff]
21:31:13.017 [FXGL Background Thread 3 ] DEBUG Engine               - devEnableDebugCameraProperty: BooleanProperty [value: false]
21:31:13.017 [FXGL Background Thread 3 ] DEBUG Engine               - devSensorColorProperty: ObjectProperty [value: 0xffff00ff]
21:31:13.017 [FXGL Background Thread 3 ] DEBUG Engine               - devShowBBoxProperty: BooleanProperty [value: false]
21:31:13.017 [FXGL Background Thread 3 ] DEBUG Engine               - devShowPositionProperty: BooleanProperty [value: false]
21:31:13.017 [FXGL Background Thread 3 ] DEBUG Engine               - enabledMenuItems: []
21:31:13.017 [FXGL Background Thread 3 ] DEBUG Engine               - engineServices: [class com.almasb.fxgl.app.services.FXGLAssetLoaderService, class com.almasb.fxgl.app.FXGLApplication$GameApplicationService, class com.almasb.fxgl.app.services.FXGLDialogService, class com.almasb.fxgl.app.services.IOTaskExecutorService, class com.almasb.fxgl.io.FileSystemService, class com.almasb.fxgl.localization.LocalizationService, class com.almasb.fxgl.app.services.SystemBundleService, class com.almasb.fxgl.profile.SaveLoadService, class com.almasb.fxgl.ui.FXGLUIFactoryServiceProvider, class com.almasb.fxgl.ui.FXGLDialogFactoryServiceProvider, class com.almasb.fxgl.audio.AudioPlayer, class com.almasb.fxgl.notification.impl.NotificationServiceProvider, class com.almasb.fxgl.achievement.AchievementService, class com.almasb.fxgl.cutscene.CutsceneService, class com.almasb.fxgl.minigames.MiniGameService, class com.almasb.fxgl.net.NetService, class com.almasb.fxgl.app.services.UpdaterService, class com.almasb.fxgl.dev.DevService]
21:31:13.018 [FXGL Background Thread 3 ] DEBUG Engine               - fontGame: Abel-Regular.ttf
21:31:13.018 [FXGL Background Thread 3 ] DEBUG Engine               - fontMono: TerminalLandMono-Regular.otf
21:31:13.018 [FXGL Background Thread 3 ] DEBUG Engine               - fontText: Courier-Prime.ttf
21:31:13.018 [FXGL Background Thread 3 ] DEBUG Engine               - fontUI: VarelaRound-Regular.ttf
21:31:13.018 [FXGL Background Thread 3 ] DEBUG Engine               - fullScreen: BooleanProperty [value: false]
21:31:13.018 [FXGL Background Thread 3 ] DEBUG Engine               - gameDifficulty: MEDIUM
21:31:13.018 [FXGL Background Thread 3 ] DEBUG Engine               - gameDifficultyProperty: ObjectProperty [value: MEDIUM]
21:31:13.018 [FXGL Background Thread 3 ] DEBUG Engine               - globalMusicVolume: 0.5
21:31:13.018 [FXGL Background Thread 3 ] DEBUG Engine               - globalMusicVolumeProperty: DoubleProperty [value: 0.5]
21:31:13.018 [FXGL Background Thread 3 ] DEBUG Engine               - globalSoundVolume: 0.5
21:31:13.018 [FXGL Background Thread 3 ] DEBUG Engine               - globalSoundVolumeProperty: DoubleProperty [value: 0.5]
21:31:13.018 [FXGL Background Thread 3 ] DEBUG Engine               - height: 600
21:31:13.018 [FXGL Background Thread 3 ] DEBUG Engine               - is3D: false
21:31:13.018 [FXGL Background Thread 3 ] DEBUG Engine               - isAndroid: false
21:31:13.018 [FXGL Background Thread 3 ] DEBUG Engine               - isBrowser: false
21:31:13.019 [FXGL Background Thread 3 ] DEBUG Engine               - isClickFeedbackEnabled: false
21:31:13.019 [FXGL Background Thread 3 ] DEBUG Engine               - isCloseConfirmation: false
21:31:13.019 [FXGL Background Thread 3 ] DEBUG Engine               - isDesktop: true
21:31:13.019 [FXGL Background Thread 3 ] DEBUG Engine               - isDeveloperMenuEnabled: false
21:31:13.019 [FXGL Background Thread 3 ] DEBUG Engine               - isEmbedded: false
21:31:13.019 [FXGL Background Thread 3 ] DEBUG Engine               - isEntityPreloadEnabled: true
21:31:13.019 [FXGL Background Thread 3 ] DEBUG Engine               - isExperimentalTiledLargeMap: false
21:31:13.019 [FXGL Background Thread 3 ] DEBUG Engine               - isFileSystemWriteAllowed: true
21:31:13.019 [FXGL Background Thread 3 ] DEBUG Engine               - isFullScreenAllowed: false
21:31:13.019 [FXGL Background Thread 3 ] DEBUG Engine               - isFullScreenFromStart: false
21:31:13.019 [FXGL Background Thread 3 ] DEBUG Engine               - isGameMenuEnabled: true
21:31:13.019 [FXGL Background Thread 3 ] DEBUG Engine               - isIOS: false
21:31:13.019 [FXGL Background Thread 3 ] DEBUG Engine               - isIntroEnabled: false
21:31:13.019 [FXGL Background Thread 3 ] DEBUG Engine               - isLinux: true
21:31:13.019 [FXGL Background Thread 3 ] DEBUG Engine               - isMac: false
21:31:13.019 [FXGL Background Thread 3 ] DEBUG Engine               - isMainMenuEnabled: false
21:31:13.020 [FXGL Background Thread 3 ] DEBUG Engine               - isManualResizeEnabled: false
21:31:13.020 [FXGL Background Thread 3 ] DEBUG Engine               - isMobile: false
21:31:13.020 [FXGL Background Thread 3 ] DEBUG Engine               - isNative: false
21:31:13.020 [FXGL Background Thread 3 ] DEBUG Engine               - isPauseMusicWhenMinimized: true
21:31:13.020 [FXGL Background Thread 3 ] DEBUG Engine               - isPreserveResizeRatio: false
21:31:13.020 [FXGL Background Thread 3 ] DEBUG Engine               - isProfilingEnabled: false
21:31:13.020 [FXGL Background Thread 3 ] DEBUG Engine               - isScaleAffectedOnResize: true
21:31:13.020 [FXGL Background Thread 3 ] DEBUG Engine               - isSingleStep: false
21:31:13.020 [FXGL Background Thread 3 ] DEBUG Engine               - isUserProfileEnabled: false
21:31:13.020 [FXGL Background Thread 3 ] DEBUG Engine               - isWindows: false
21:31:13.020 [FXGL Background Thread 3 ] DEBUG Engine               - language: ObjectProperty [value: ENGLISH]
21:31:13.020 [FXGL Background Thread 3 ] DEBUG Engine               - menuKey: ESCAPE
21:31:13.020 [FXGL Background Thread 3 ] DEBUG Engine               - mouseSensitivity: 0.2
21:31:13.020 [FXGL Background Thread 3 ] DEBUG Engine               - notificationViewClass: class com.almasb.fxgl.notification.view.XboxNotificationView
21:31:13.020 [FXGL Background Thread 3 ] DEBUG Engine               - pixelsPerMeter: 50.0
21:31:13.020 [FXGL Background Thread 3 ] DEBUG Engine               - platform: LINUX
21:31:13.021 [FXGL Background Thread 3 ] DEBUG Engine               - prefHeightProperty: ReadOnlyDoubleProperty [value: 600.0]
21:31:13.021 [FXGL Background Thread 3 ] DEBUG Engine               - prefWidthProperty: ReadOnlyDoubleProperty [value: 800.0]
21:31:13.021 [FXGL Background Thread 3 ] DEBUG Engine               - profileDir: profiles/
21:31:13.021 [FXGL Background Thread 3 ] DEBUG Engine               - profileName: StringProperty [value: DEFAULT]
21:31:13.021 [FXGL Background Thread 3 ] DEBUG Engine               - randomSeed: -1
21:31:13.021 [FXGL Background Thread 3 ] DEBUG Engine               - runtimeInfo: RuntimeInfo(platform=LINUX, version=17.2, build=20.08.2022 16.50)
21:31:13.021 [FXGL Background Thread 3 ] DEBUG Engine               - saveFileExt: sav
21:31:13.021 [FXGL Background Thread 3 ] DEBUG Engine               - scaledHeightProp$fxgl: DoubleProperty [bound, value: 608.0]
21:31:13.022 [FXGL Background Thread 3 ] DEBUG Engine               - scaledWidthProp$fxgl: DoubleProperty [bound, value: 798.0]
21:31:13.022 [FXGL Background Thread 3 ] DEBUG Engine               - sceneFactory: com.almasb.fxgl.app.scene.SceneFactory@67f47695
21:31:13.022 [FXGL Background Thread 3 ] DEBUG Engine               - secondsIn24h: 60
21:31:13.022 [FXGL Background Thread 3 ] DEBUG Engine               - soundMenuBack: menu/back.wav
21:31:13.022 [FXGL Background Thread 3 ] DEBUG Engine               - soundMenuPress: menu/press.wav
21:31:13.022 [FXGL Background Thread 3 ] DEBUG Engine               - soundMenuSelect: menu/select.wav
21:31:13.022 [FXGL Background Thread 3 ] DEBUG Engine               - soundNotification: core/notification.wav
21:31:13.022 [FXGL Background Thread 3 ] DEBUG Engine               - stageStyle: DECORATED
21:31:13.022 [FXGL Background Thread 3 ] DEBUG Engine               - supportedLanguages: [ENGLISH, FRENCH, GERMAN, HUNGARIAN, RUSSIAN]
21:31:13.022 [FXGL Background Thread 3 ] DEBUG Engine               - ticksPerSecond: -1
21:31:13.022 [FXGL Background Thread 3 ] DEBUG Engine               - title: Untitled
21:31:13.022 [FXGL Background Thread 3 ] DEBUG Engine               - urlGithub: https://github.com/AlmasB/FXGL
21:31:13.022 [FXGL Background Thread 3 ] DEBUG Engine               - urlLeaderboard: http://fxgl-top.herokuapp.com/
21:31:13.022 [FXGL Background Thread 3 ] DEBUG Engine               - urlPOM: https://raw.githubusercontent.com/AlmasB/FXGL/release/README.md
21:31:13.022 [FXGL Background Thread 3 ] DEBUG Engine               - userAppClass: class org.example.Main
21:31:13.022 [FXGL Background Thread 3 ] DEBUG Engine               - version: 0.0
21:31:13.022 [FXGL Background Thread 3 ] DEBUG Engine               - versionCheckDays: 7
21:31:13.023 [FXGL Background Thread 3 ] DEBUG Engine               - width: 800
21:31:13.023 [FXGL Background Thread 3 ] DEBUG Engine               - Logging services
21:31:13.023 [FXGL Background Thread 3 ] DEBUG Engine               - class com.almasb.fxgl.app.services.FXGLAssetLoaderService
21:31:13.023 [FXGL Background Thread 3 ] DEBUG Engine               - class com.almasb.fxgl.app.FXGLApplication$GameApplicationService
21:31:13.023 [FXGL Background Thread 3 ] DEBUG Engine               - class com.almasb.fxgl.app.services.FXGLDialogService
21:31:13.023 [FXGL Background Thread 3 ] DEBUG Engine               - class com.almasb.fxgl.app.services.IOTaskExecutorService
21:31:13.023 [FXGL Background Thread 3 ] DEBUG Engine               - class com.almasb.fxgl.io.FileSystemService
21:31:13.023 [FXGL Background Thread 3 ] DEBUG Engine               - class com.almasb.fxgl.localization.LocalizationService
21:31:13.023 [FXGL Background Thread 3 ] DEBUG Engine               - class com.almasb.fxgl.app.services.SystemBundleService
21:31:13.023 [FXGL Background Thread 3 ] DEBUG Engine               - class com.almasb.fxgl.profile.SaveLoadService
21:31:13.023 [FXGL Background Thread 3 ] DEBUG Engine               - class com.almasb.fxgl.ui.FXGLUIFactoryServiceProvider
21:31:13.023 [FXGL Background Thread 3 ] DEBUG Engine               - class com.almasb.fxgl.ui.FXGLDialogFactoryServiceProvider
21:31:13.023 [FXGL Background Thread 3 ] DEBUG Engine               - class com.almasb.fxgl.audio.AudioPlayer
21:31:13.023 [FXGL Background Thread 3 ] DEBUG Engine               - class com.almasb.fxgl.notification.impl.NotificationServiceProvider
21:31:13.023 [FXGL Background Thread 3 ] DEBUG Engine               - class com.almasb.fxgl.achievement.AchievementService
21:31:13.023 [FXGL Background Thread 3 ] DEBUG Engine               - class com.almasb.fxgl.cutscene.CutsceneService
21:31:13.023 [FXGL Background Thread 3 ] DEBUG Engine               - class com.almasb.fxgl.minigames.MiniGameService
21:31:13.023 [FXGL Background Thread 3 ] DEBUG Engine               - class com.almasb.fxgl.net.NetService
21:31:13.023 [FXGL Background Thread 3 ] DEBUG Engine               - class com.almasb.fxgl.app.services.UpdaterService
21:31:13.023 [FXGL Background Thread 3 ] DEBUG Engine               - class com.almasb.fxgl.dev.DevService
21:31:18.322 [Thread-95                ] DEBUG AudioPlayer          - Playing music com.almasb.fxgl.audio.Music@277b484
21:31:20.323 [Thread-95                ] DEBUG AudioPlayer          - Stopping music com.almasb.fxgl.audio.Music@277b484
21:31:20.430 [Thread-68                ] DEBUG AudioPlayer          - Playing music com.almasb.fxgl.audio.Music@277b484
21:31:22.430 [Thread-68                ] DEBUG AudioPlayer          - Stopping music com.almasb.fxgl.audio.Music@277b484
21:31:28.669 [Thread-95                ] DEBUG AudioPlayer          - Playing music com.almasb.fxgl.audio.Music@277b484
21:31:29.941 [Thread-68                ] DEBUG AudioPlayer          - Playing music com.almasb.fxgl.audio.Music@277b484
21:31:30.670 [Thread-95                ] DEBUG AudioPlayer          - Stopping music com.almasb.fxgl.audio.Music@277b484
21:31:31.942 [Thread-68                ] DEBUG AudioPlayer          - Stopping music com.almasb.fxgl.audio.Music@277b484
21:31:38.639 [Thread-95                ] DEBUG AudioPlayer          - Playing music com.almasb.fxgl.audio.Music@277b484
21:31:40.639 [Thread-95                ] DEBUG AudioPlayer          - Stopping music com.almasb.fxgl.audio.Music@277b484
21:32:37.422 [JavaFX Application Thread] DEBUG FXGLApplication      - Exiting FXGL
21:32:37.422 [JavaFX Application Thread] DEBUG LoopRunner           - Stopping loop
21:32:37.422 [JavaFX Application Thread] DEBUG SystemBundleService  - Saving FXGL system data
21:32:37.424 [JavaFX Application Thread] DEBUG FileSystemAccess     - Writing to: /home/cato/IdeaProjects/simulador3/system/fxgl.bundle
21:32:37.427 [JavaFX Application Thread] DEBUG Async                - Shutting down background threads
21:32:37.428 [JavaFX Application Thread] DEBUG PrimaryStageWindow   - Closing main window
21:32:37.430 [JavaFX Application Thread] DEBUG Logger               - Closing Logger
