00:41:43.581 [main                     ] DEBUG Logger               - Configured Logger
00:41:43.619 [main                     ] DEBUG GameApplication      - Logging settings
Title: Untitled
Version: 0.0
Width: 800
Height: 600
Fullscreen: false
Intro: false
Profiling: false
Single step:false
App Mode: DEVELOPER
Menu Key: ESCAPE
Stage Style: DECORATED
Scene Factory: class com.almasb.fxgl.app.scene.SceneFactory

00:41:44.148 [JavaFX Application Thread] DEBUG FXGLApplication      - Initializing FXGL
00:41:44.154 [JavaFX Application Thread] INFO  Engine               - FXGL-17.2 (20.08.2022 16.50) on LINUX (J:21.0.5 FX:20)
00:41:44.154 [JavaFX Application Thread] DEBUG Engine               - JRE Vendor Name: Ubuntu
00:41:44.154 [JavaFX Application Thread] DEBUG Engine               - Running on OS: Linux version 6.8.0-49-generic
00:41:44.155 [JavaFX Application Thread] DEBUG Engine               - Architecture: amd64
00:41:44.155 [JavaFX Application Thread] INFO  Engine               - Source code and latest versions at: https://github.com/AlmasB/FXGL
00:41:44.155 [JavaFX Application Thread] INFO  Engine               -       Ask questions and discuss at: https://github.com/AlmasB/FXGL/discussions
00:41:44.155 [JavaFX Application Thread] INFO  Engine               -              Join the FXGL chat at: https://gitter.im/AlmasB/FXGL
00:41:44.296 [JavaFX Application Thread] DEBUG PrimaryStageWindow   - Creating a JavaFX scene
00:41:44.454 [JavaFX Application Thread] DEBUG PrimaryStageWindow   - Target settings size: 800.0 x 600.0
00:41:44.454 [JavaFX Application Thread] DEBUG PrimaryStageWindow   - Scaled scene size:    800.0 x 600.0
00:41:44.454 [JavaFX Application Thread] DEBUG PrimaryStageWindow   - Scaled ratio: (1.0, 1.0)
00:41:44.456 [JavaFX Application Thread] DEBUG PrimaryStageWindow   - Set initial scene to FXGLStartupScene
00:41:44.460 [JavaFX Application Thread] DEBUG PrimaryStageWindow   - Opening main window
00:41:44.513 [JavaFX Application Thread] DEBUG PrimaryStageWindow   - Window border size: (2.0, 29.0)
00:41:44.514 [JavaFX Application Thread] DEBUG PrimaryStageWindow   - Scaled size: 800.0 x 600.0
00:41:44.514 [JavaFX Application Thread] DEBUG PrimaryStageWindow   - Scaled ratio: (1.0, 1.0)
00:41:44.514 [JavaFX Application Thread] DEBUG PrimaryStageWindow   - Scene size: 800.0 x 600.0
00:41:44.515 [JavaFX Application Thread] DEBUG PrimaryStageWindow   - Stage size: 802.0 x 629.0
00:41:44.524 [FXGL Background Thread 1 ] DEBUG Engine               - Initializing environment variables
00:41:44.603 [FXGL Background Thread 1 ] DEBUG FXGLAssetLoaderServi - User app class for loading assets: class org.example.Main
00:41:44.603 [FXGL Background Thread 1 ] DEBUG GameApplicationServi - Applying CSS: fxgl_dark.css
00:41:44.604 [FXGL Background Thread 1 ] DEBUG FXGLAssetLoaderServi - Loading from file system: jar:file:/home/cato/.gradle/caches/modules-2/files-2.1/com.github.almasb/fxgl/17.2/35db6ae960eec2dcfd19262d3b7f9c42f0e95bc3/fxgl-17.2.jar!/fxglassets/ui/css/fxgl_dark.css
00:41:44.669 [FXGL Background Thread 1 ] DEBUG GameApplicationServi - Initializing application scenes
00:41:44.731 [FXGL Background Thread 1 ] DEBUG GameWorld            - Game world initialized
00:41:44.797 [FXGL Background Thread 1 ] DEBUG PhysicsWorld         - Physics world initialized: appHeight=600, physics.ppm=50,0
00:41:44.797 [FXGL Background Thread 1 ] DEBUG PhysicsWorld         - Using strategy: BRUTE_FORCE
00:41:44.802 [FXGL Background Thread 1 ] DEBUG GameScene            - Game scene initialized: 800x600
00:41:44.818 [FXGL Background Thread 1 ] DEBUG FXGL.DefaultMenu     - createMenuBodyGameMenu()
00:41:44.837 [FXGL Background Thread 1 ] DEBUG FXGL.DefaultMenu     - createOptionsMenu()
00:41:44.851 [FXGL Background Thread 1 ] DEBUG FXGLAssetLoaderServi - Loading from file system: jar:file:/home/cato/.gradle/caches/modules-2/files-2.1/com.github.almasb/fxgl/17.2/35db6ae960eec2dcfd19262d3b7f9c42f0e95bc3/fxgl-17.2.jar!/fxglassets/textures/particles/smoke.png
00:41:44.984 [FXGL Background Thread 1 ] DEBUG FXGLAssetLoaderServi - Loading from file system: jar:file:/home/cato/.gradle/caches/modules-2/files-2.1/com.github.almasb/fxgl/17.2/35db6ae960eec2dcfd19262d3b7f9c42f0e95bc3/fxgl-17.2.jar!/fxglassets/textures/particles/trace_horizontal.png
00:41:45.031 [FXGL Background Thread 1 ] DEBUG GameApplicationServi - Application scenes initialized
00:41:45.046 [FXGL Background Thread 1 ] DEBUG SystemBundleService  - Loading FXGL system data
00:41:45.050 [FXGL Background Thread 1 ] DEBUG FileSystemAccess     - Reading from: /home/cato/IdeaProjects/simulador3/system/fxgl.bundle
00:41:45.062 [FXGL Background Thread 1 ] DEBUG SystemBundleService  - Bundle FXGL: {}
00:41:45.062 [FXGL Background Thread 1 ] DEBUG UpdaterService       - Checking for updates
00:41:45.068 [FXGL Background Thread 4 ] DEBUG FXGLApplication      - Loading fonts
00:41:45.068 [FXGL Background Thread 1 ] DEBUG FXGLApplication      - Loading default localization
00:41:45.068 [FXGL Background Thread 4 ] DEBUG FXGLAssetLoaderServi - Loading from file system: jar:file:/home/cato/.gradle/caches/modules-2/files-2.1/com.github.almasb/fxgl/17.2/35db6ae960eec2dcfd19262d3b7f9c42f0e95bc3/fxgl-17.2.jar!/fxglassets/ui/fonts/VarelaRound-Regular.ttf
00:41:45.069 [FXGL Background Thread 1 ] DEBUG FXGLAssetLoaderServi - Loading from file system: jar:file:/home/cato/.gradle/caches/modules-2/files-2.1/com.github.almasb/fxgl/17.2/35db6ae960eec2dcfd19262d3b7f9c42f0e95bc3/fxgl-17.2.jar!/fxglassets/languages/english.lang
00:41:45.080 [FXGL Background Thread 4 ] DEBUG FXGLAssetLoaderServi - Loading from file system: jar:file:/home/cato/.gradle/caches/modules-2/files-2.1/com.github.almasb/fxgl/17.2/35db6ae960eec2dcfd19262d3b7f9c42f0e95bc3/fxgl-17.2.jar!/fxglassets/ui/fonts/Abel-Regular.ttf
00:41:45.082 [FXGL Background Thread 4 ] DEBUG FXGLAssetLoaderServi - Loading from file system: jar:file:/home/cato/.gradle/caches/modules-2/files-2.1/com.github.almasb/fxgl/17.2/35db6ae960eec2dcfd19262d3b7f9c42f0e95bc3/fxgl-17.2.jar!/fxglassets/ui/fonts/TerminalLandMono-Regular.otf
00:41:45.085 [FXGL Background Thread 4 ] DEBUG FXGLAssetLoaderServi - Loading from file system: jar:file:/home/cato/.gradle/caches/modules-2/files-2.1/com.github.almasb/fxgl/17.2/35db6ae960eec2dcfd19262d3b7f9c42f0e95bc3/fxgl-17.2.jar!/fxglassets/ui/fonts/Courier-Prime.ttf
00:41:45.089 [FXGL Background Thread 1 ] INFO  FXGLApplication      - FXGL initialization took: 0,565 sec
00:41:45.089 [JavaFX Application Thread] DEBUG FXGLApplication      - Registering font factories with UI factory
00:41:45.092 [JavaFX Application Thread] DEBUG FXGLAssetLoaderServi - Loading from file system: jar:file:/home/cato/.gradle/caches/modules-2/files-2.1/com.github.almasb/fxgl/17.2/35db6ae960eec2dcfd19262d3b7f9c42f0e95bc3/fxgl-17.2.jar!/fxglassets/textures/fxgl_icon.png
00:41:45.126 [JavaFX Application Thread] DEBUG FXGLAssetLoaderServi - Loading from file system: jar:file:/home/cato/.gradle/caches/modules-2/files-2.1/com.github.almasb/fxgl/17.2/35db6ae960eec2dcfd19262d3b7f9c42f0e95bc3/fxgl-17.2.jar!/fxglassets/textures/fxgl_default_cursor.png
00:41:45.139 [JavaFX Application Thread] DEBUG Input                - Registered new binding: Screenshot - CTRL+8
00:41:45.140 [JavaFX Application Thread] DEBUG Input                - Registered new binding: System info dump - CTRL+9
00:41:45.140 [JavaFX Application Thread] DEBUG Input                - Registered new binding: Restart - CTRL+R
00:41:45.141 [JavaFX Application Thread] DEBUG Input                - Registered new binding: Toggle Debug Camera - CTRL+7
00:41:45.143 [JavaFX Application Thread] DEBUG LoopRunner           - Starting loop
00:41:45.143 [JavaFX Application Thread] DEBUG LoopRunner           - Initializing JavaFX AnimationTimerLoop
00:41:45.144 [JavaFX Application Thread] DEBUG GameApplicationServi - Starting new game
00:41:45.145 [JavaFX Application Thread] DEBUG Input                - Clearing active input actions
00:41:45.158 [JavaFX Application Thread] DEBUG GameApplicationServi - Removing overlay from FXGLStartupScene and adding to FXGLLoadingScene
00:41:45.158 [JavaFX Application Thread] DEBUG PrimaryStageWindow   - FXGLStartupScene -> FXGLLoadingScene
00:41:45.158 [JavaFX Application Thread] DEBUG GameApplicationServi - Clearing previous game
00:41:45.159 [JavaFX Application Thread] DEBUG GameScene            - Clearing game scene
00:41:45.159 [JavaFX Application Thread] DEBUG GameWorld            - Clearing game world
00:41:45.159 [JavaFX Application Thread] DEBUG PhysicsWorld         - Clearing physics world
00:41:45.161 [FXGL Background Thread 1 ] DEBUG FXGLApplication      - Initializing game
00:41:45.163 [FXGL Background Thread 1 ] DEBUG FXGLAssetLoaderServi - Loading from file system: file:/home/cato/IdeaProjects/simulador3/build/resources/main/assets/textures/lugar.png
00:41:45.228 [FXGL Background Thread 1 ] DEBUG FXGLAssetLoaderServi - Loading from file system: file:/home/cato/IdeaProjects/simulador3/build/resources/main/assets/music/restaurant.wav
00:41:45.388 [FXGL Background Thread 1 ] DEBUG AudioPlayer          - Playing music com.almasb.fxgl.audio.Music@28118e82
00:41:45.405 [FXGL Background Thread 1 ] DEBUG FXGLAssetLoaderServi - Loading from file system: file:/home/cato/IdeaProjects/simulador3/build/resources/main/assets/textures/mesero_frontal.png
00:41:45.412 [FXGL Background Thread 1 ] DEBUG FXGLAssetLoaderServi - Loading from file system: file:/home/cato/IdeaProjects/simulador3/build/resources/main/assets/music/order.wav
00:41:45.423 [FXGL Background Thread 1 ] INFO  FXGLApplication      - Game initialization took: 0,262 sec
00:41:45.424 [JavaFX Application Thread] DEBUG Input                - Clearing active input actions
00:41:45.438 [JavaFX Application Thread] DEBUG GameApplicationServi - Removing overlay from FXGLLoadingScene and adding to GameScene
00:41:45.439 [JavaFX Application Thread] DEBUG PrimaryStageWindow   - FXGLLoadingScene -> GameScene
00:41:45.502 [JavaFX Application Thread] DEBUG FXGLAssetLoaderServi - Loading from file system: file:/home/cato/IdeaProjects/simulador3/build/resources/main/assets/textures/client.png
00:41:45.950 [FXGL Background Thread 2 ] INFO  UpdaterService       - Your current version:  17.2
00:41:45.950 [FXGL Background Thread 2 ] INFO  UpdaterService       - Latest stable version: 21.1
00:41:48.065 [FXGL Background Thread 3 ] DEBUG Engine               - Logging environment variables
00:41:48.066 [FXGL Background Thread 3 ] DEBUG Engine               - achievements: []
00:41:48.066 [FXGL Background Thread 3 ] DEBUG Engine               - actualHeight: 608.0
00:41:48.067 [FXGL Background Thread 3 ] DEBUG Engine               - actualHeightProperty: ReadOnlyDoubleProperty [value: 608.0]
00:41:48.067 [FXGL Background Thread 3 ] DEBUG Engine               - actualWidth: 798.0
00:41:48.067 [FXGL Background Thread 3 ] DEBUG Engine               - actualWidthProperty: ReadOnlyDoubleProperty [value: 798.0]
00:41:48.067 [FXGL Background Thread 3 ] DEBUG Engine               - appIcon: fxgl_icon.png
00:41:48.067 [FXGL Background Thread 3 ] DEBUG Engine               - applicationMode: DEVELOPER
00:41:48.067 [FXGL Background Thread 3 ] DEBUG Engine               - cSSList: [fxgl_dark.css]
00:41:48.067 [FXGL Background Thread 3 ] DEBUG Engine               - collisionDetectionStrategy: BRUTE_FORCE
00:41:48.067 [FXGL Background Thread 3 ] DEBUG Engine               - configClass: Optional.empty
00:41:48.067 [FXGL Background Thread 3 ] DEBUG Engine               - credits: []
00:41:48.068 [FXGL Background Thread 3 ] DEBUG Engine               - defaultCursor: CursorInfo(imageName=fxgl_default_cursor.png, hotspotX=7.0, hotspotY=6.0)
00:41:48.068 [FXGL Background Thread 3 ] DEBUG Engine               - devBBoxColorProperty: ObjectProperty [value: 0xff0000ff]
00:41:48.068 [FXGL Background Thread 3 ] DEBUG Engine               - devEnableDebugCameraProperty: BooleanProperty [value: false]
00:41:48.068 [FXGL Background Thread 3 ] DEBUG Engine               - devSensorColorProperty: ObjectProperty [value: 0xffff00ff]
00:41:48.069 [FXGL Background Thread 3 ] DEBUG Engine               - devShowBBoxProperty: BooleanProperty [value: false]
00:41:48.069 [FXGL Background Thread 3 ] DEBUG Engine               - devShowPositionProperty: BooleanProperty [value: false]
00:41:48.069 [FXGL Background Thread 3 ] DEBUG Engine               - enabledMenuItems: []
00:41:48.069 [FXGL Background Thread 3 ] DEBUG Engine               - engineServices: [class com.almasb.fxgl.app.services.FXGLAssetLoaderService, class com.almasb.fxgl.app.FXGLApplication$GameApplicationService, class com.almasb.fxgl.app.services.FXGLDialogService, class com.almasb.fxgl.app.services.IOTaskExecutorService, class com.almasb.fxgl.io.FileSystemService, class com.almasb.fxgl.localization.LocalizationService, class com.almasb.fxgl.app.services.SystemBundleService, class com.almasb.fxgl.profile.SaveLoadService, class com.almasb.fxgl.ui.FXGLUIFactoryServiceProvider, class com.almasb.fxgl.ui.FXGLDialogFactoryServiceProvider, class com.almasb.fxgl.audio.AudioPlayer, class com.almasb.fxgl.notification.impl.NotificationServiceProvider, class com.almasb.fxgl.achievement.AchievementService, class com.almasb.fxgl.cutscene.CutsceneService, class com.almasb.fxgl.minigames.MiniGameService, class com.almasb.fxgl.net.NetService, class com.almasb.fxgl.app.services.UpdaterService, class com.almasb.fxgl.dev.DevService]
00:41:48.069 [FXGL Background Thread 3 ] DEBUG Engine               - fontGame: Abel-Regular.ttf
00:41:48.069 [FXGL Background Thread 3 ] DEBUG Engine               - fontMono: TerminalLandMono-Regular.otf
00:41:48.069 [FXGL Background Thread 3 ] DEBUG Engine               - fontText: Courier-Prime.ttf
00:41:48.069 [FXGL Background Thread 3 ] DEBUG Engine               - fontUI: VarelaRound-Regular.ttf
00:41:48.069 [FXGL Background Thread 3 ] DEBUG Engine               - fullScreen: BooleanProperty [value: false]
00:41:48.069 [FXGL Background Thread 3 ] DEBUG Engine               - gameDifficulty: MEDIUM
00:41:48.069 [FXGL Background Thread 3 ] DEBUG Engine               - gameDifficultyProperty: ObjectProperty [value: MEDIUM]
00:41:48.069 [FXGL Background Thread 3 ] DEBUG Engine               - globalMusicVolume: 0.5
00:41:48.070 [FXGL Background Thread 3 ] DEBUG Engine               - globalMusicVolumeProperty: DoubleProperty [value: 0.5]
00:41:48.070 [FXGL Background Thread 3 ] DEBUG Engine               - globalSoundVolume: 0.5
00:41:48.070 [FXGL Background Thread 3 ] DEBUG Engine               - globalSoundVolumeProperty: DoubleProperty [value: 0.5]
00:41:48.070 [FXGL Background Thread 3 ] DEBUG Engine               - height: 600
00:41:48.070 [FXGL Background Thread 3 ] DEBUG Engine               - is3D: false
00:41:48.070 [FXGL Background Thread 3 ] DEBUG Engine               - isAndroid: false
00:41:48.070 [FXGL Background Thread 3 ] DEBUG Engine               - isBrowser: false
00:41:48.070 [FXGL Background Thread 3 ] DEBUG Engine               - isClickFeedbackEnabled: false
00:41:48.070 [FXGL Background Thread 3 ] DEBUG Engine               - isCloseConfirmation: false
00:41:48.070 [FXGL Background Thread 3 ] DEBUG Engine               - isDesktop: true
00:41:48.070 [FXGL Background Thread 3 ] DEBUG Engine               - isDeveloperMenuEnabled: false
00:41:48.070 [FXGL Background Thread 3 ] DEBUG Engine               - isEmbedded: false
00:41:48.071 [FXGL Background Thread 3 ] DEBUG Engine               - isEntityPreloadEnabled: true
00:41:48.071 [FXGL Background Thread 3 ] DEBUG Engine               - isExperimentalTiledLargeMap: false
00:41:48.071 [FXGL Background Thread 3 ] DEBUG Engine               - isFileSystemWriteAllowed: true
00:41:48.071 [FXGL Background Thread 3 ] DEBUG Engine               - isFullScreenAllowed: false
00:41:48.071 [FXGL Background Thread 3 ] DEBUG Engine               - isFullScreenFromStart: false
00:41:48.071 [FXGL Background Thread 3 ] DEBUG Engine               - isGameMenuEnabled: true
00:41:48.071 [FXGL Background Thread 3 ] DEBUG Engine               - isIOS: false
00:41:48.071 [FXGL Background Thread 3 ] DEBUG Engine               - isIntroEnabled: false
00:41:48.071 [FXGL Background Thread 3 ] DEBUG Engine               - isLinux: true
00:41:48.071 [FXGL Background Thread 3 ] DEBUG Engine               - isMac: false
00:41:48.072 [FXGL Background Thread 3 ] DEBUG Engine               - isMainMenuEnabled: false
00:41:48.072 [FXGL Background Thread 3 ] DEBUG Engine               - isManualResizeEnabled: false
00:41:48.072 [FXGL Background Thread 3 ] DEBUG Engine               - isMobile: false
00:41:48.072 [FXGL Background Thread 3 ] DEBUG Engine               - isNative: false
00:41:48.072 [FXGL Background Thread 3 ] DEBUG Engine               - isPauseMusicWhenMinimized: true
00:41:48.072 [FXGL Background Thread 3 ] DEBUG Engine               - isPreserveResizeRatio: false
00:41:48.072 [FXGL Background Thread 3 ] DEBUG Engine               - isProfilingEnabled: false
00:41:48.072 [FXGL Background Thread 3 ] DEBUG Engine               - isScaleAffectedOnResize: true
00:41:48.072 [FXGL Background Thread 3 ] DEBUG Engine               - isSingleStep: false
00:41:48.072 [FXGL Background Thread 3 ] DEBUG Engine               - isUserProfileEnabled: false
00:41:48.072 [FXGL Background Thread 3 ] DEBUG Engine               - isWindows: false
00:41:48.072 [FXGL Background Thread 3 ] DEBUG Engine               - language: ObjectProperty [value: ENGLISH]
00:41:48.072 [FXGL Background Thread 3 ] DEBUG Engine               - menuKey: ESCAPE
00:41:48.072 [FXGL Background Thread 3 ] DEBUG Engine               - mouseSensitivity: 0.2
00:41:48.073 [FXGL Background Thread 3 ] DEBUG Engine               - notificationViewClass: class com.almasb.fxgl.notification.view.XboxNotificationView
00:41:48.073 [FXGL Background Thread 3 ] DEBUG Engine               - pixelsPerMeter: 50.0
00:41:48.073 [FXGL Background Thread 3 ] DEBUG Engine               - platform: LINUX
00:41:48.073 [FXGL Background Thread 3 ] DEBUG Engine               - prefHeightProperty: ReadOnlyDoubleProperty [value: 600.0]
00:41:48.073 [FXGL Background Thread 3 ] DEBUG Engine               - prefWidthProperty: ReadOnlyDoubleProperty [value: 800.0]
00:41:48.073 [FXGL Background Thread 3 ] DEBUG Engine               - profileDir: profiles/
00:41:48.073 [FXGL Background Thread 3 ] DEBUG Engine               - profileName: StringProperty [value: DEFAULT]
00:41:48.073 [FXGL Background Thread 3 ] DEBUG Engine               - randomSeed: -1
00:41:48.073 [FXGL Background Thread 3 ] DEBUG Engine               - runtimeInfo: RuntimeInfo(platform=LINUX, version=17.2, build=20.08.2022 16.50)
00:41:48.074 [FXGL Background Thread 3 ] DEBUG Engine               - saveFileExt: sav
00:41:48.074 [FXGL Background Thread 3 ] DEBUG Engine               - scaledHeightProp$fxgl: DoubleProperty [bound, value: 608.0]
00:41:48.074 [FXGL Background Thread 3 ] DEBUG Engine               - scaledWidthProp$fxgl: DoubleProperty [bound, value: 798.0]
00:41:48.074 [FXGL Background Thread 3 ] DEBUG Engine               - sceneFactory: com.almasb.fxgl.app.scene.SceneFactory@37ea4167
00:41:48.074 [FXGL Background Thread 3 ] DEBUG Engine               - secondsIn24h: 60
00:41:48.074 [FXGL Background Thread 3 ] DEBUG Engine               - soundMenuBack: menu/back.wav
00:41:48.074 [FXGL Background Thread 3 ] DEBUG Engine               - soundMenuPress: menu/press.wav
00:41:48.074 [FXGL Background Thread 3 ] DEBUG Engine               - soundMenuSelect: menu/select.wav
00:41:48.074 [FXGL Background Thread 3 ] DEBUG Engine               - soundNotification: core/notification.wav
00:41:48.074 [FXGL Background Thread 3 ] DEBUG Engine               - stageStyle: DECORATED
00:41:48.074 [FXGL Background Thread 3 ] DEBUG Engine               - supportedLanguages: [ENGLISH, FRENCH, GERMAN, HUNGARIAN, RUSSIAN]
00:41:48.074 [FXGL Background Thread 3 ] DEBUG Engine               - ticksPerSecond: -1
00:41:48.074 [FXGL Background Thread 3 ] DEBUG Engine               - title: Untitled
00:41:48.074 [FXGL Background Thread 3 ] DEBUG Engine               - urlGithub: https://github.com/AlmasB/FXGL
00:41:48.075 [FXGL Background Thread 3 ] DEBUG Engine               - urlLeaderboard: http://fxgl-top.herokuapp.com/
00:41:48.075 [FXGL Background Thread 3 ] DEBUG Engine               - urlPOM: https://raw.githubusercontent.com/AlmasB/FXGL/release/README.md
00:41:48.075 [FXGL Background Thread 3 ] DEBUG Engine               - userAppClass: class org.example.Main
00:41:48.075 [FXGL Background Thread 3 ] DEBUG Engine               - version: 0.0
00:41:48.075 [FXGL Background Thread 3 ] DEBUG Engine               - versionCheckDays: 7
00:41:48.075 [FXGL Background Thread 3 ] DEBUG Engine               - width: 800
00:41:48.075 [FXGL Background Thread 3 ] DEBUG Engine               - Logging services
00:41:48.075 [FXGL Background Thread 3 ] DEBUG Engine               - class com.almasb.fxgl.app.services.FXGLAssetLoaderService
00:41:48.075 [FXGL Background Thread 3 ] DEBUG Engine               - class com.almasb.fxgl.app.FXGLApplication$GameApplicationService
00:41:48.075 [FXGL Background Thread 3 ] DEBUG Engine               - class com.almasb.fxgl.app.services.FXGLDialogService
00:41:48.075 [FXGL Background Thread 3 ] DEBUG Engine               - class com.almasb.fxgl.app.services.IOTaskExecutorService
00:41:48.075 [FXGL Background Thread 3 ] DEBUG Engine               - class com.almasb.fxgl.io.FileSystemService
00:41:48.075 [FXGL Background Thread 3 ] DEBUG Engine               - class com.almasb.fxgl.localization.LocalizationService
00:41:48.076 [FXGL Background Thread 3 ] DEBUG Engine               - class com.almasb.fxgl.app.services.SystemBundleService
00:41:48.076 [FXGL Background Thread 3 ] DEBUG Engine               - class com.almasb.fxgl.profile.SaveLoadService
00:41:48.076 [FXGL Background Thread 3 ] DEBUG Engine               - class com.almasb.fxgl.ui.FXGLUIFactoryServiceProvider
00:41:48.076 [FXGL Background Thread 3 ] DEBUG Engine               - class com.almasb.fxgl.ui.FXGLDialogFactoryServiceProvider
00:41:48.076 [FXGL Background Thread 3 ] DEBUG Engine               - class com.almasb.fxgl.audio.AudioPlayer
00:41:48.076 [FXGL Background Thread 3 ] DEBUG Engine               - class com.almasb.fxgl.notification.impl.NotificationServiceProvider
00:41:48.076 [FXGL Background Thread 3 ] DEBUG Engine               - class com.almasb.fxgl.achievement.AchievementService
00:41:48.076 [FXGL Background Thread 3 ] DEBUG Engine               - class com.almasb.fxgl.cutscene.CutsceneService
00:41:48.076 [FXGL Background Thread 3 ] DEBUG Engine               - class com.almasb.fxgl.minigames.MiniGameService
00:41:48.076 [FXGL Background Thread 3 ] DEBUG Engine               - class com.almasb.fxgl.net.NetService
00:41:48.076 [FXGL Background Thread 3 ] DEBUG Engine               - class com.almasb.fxgl.app.services.UpdaterService
00:41:48.076 [FXGL Background Thread 3 ] DEBUG Engine               - class com.almasb.fxgl.dev.DevService
00:41:48.401 [Thread-68                ] DEBUG AudioPlayer          - Playing music com.almasb.fxgl.audio.Music@7db73869
00:41:48.595 [Thread-81                ] DEBUG AudioPlayer          - Playing music com.almasb.fxgl.audio.Music@7db73869
00:41:50.402 [Thread-68                ] DEBUG AudioPlayer          - Stopping music com.almasb.fxgl.audio.Music@7db73869
00:41:50.595 [Thread-81                ] DEBUG AudioPlayer          - Stopping music com.almasb.fxgl.audio.Music@7db73869
00:41:57.483 [Thread-68                ] DEBUG AudioPlayer          - Playing music com.almasb.fxgl.audio.Music@7db73869
00:41:59.266 [Thread-81                ] DEBUG AudioPlayer          - Playing music com.almasb.fxgl.audio.Music@7db73869
00:41:59.483 [Thread-68                ] DEBUG AudioPlayer          - Stopping music com.almasb.fxgl.audio.Music@7db73869
00:42:01.267 [Thread-81                ] DEBUG AudioPlayer          - Stopping music com.almasb.fxgl.audio.Music@7db73869
00:42:06.891 [Thread-68                ] DEBUG AudioPlayer          - Playing music com.almasb.fxgl.audio.Music@7db73869
00:42:08.892 [Thread-68                ] DEBUG AudioPlayer          - Stopping music com.almasb.fxgl.audio.Music@7db73869
00:42:09.037 [Thread-81                ] DEBUG AudioPlayer          - Playing music com.almasb.fxgl.audio.Music@7db73869
00:42:11.037 [Thread-81                ] DEBUG AudioPlayer          - Stopping music com.almasb.fxgl.audio.Music@7db73869
00:42:17.215 [Thread-68                ] DEBUG AudioPlayer          - Playing music com.almasb.fxgl.audio.Music@7db73869
00:42:18.809 [Thread-81                ] DEBUG AudioPlayer          - Playing music com.almasb.fxgl.audio.Music@7db73869
00:42:19.215 [Thread-68                ] DEBUG AudioPlayer          - Stopping music com.almasb.fxgl.audio.Music@7db73869
00:42:20.810 [Thread-81                ] DEBUG AudioPlayer          - Stopping music com.almasb.fxgl.audio.Music@7db73869
00:42:26.300 [Thread-68                ] DEBUG AudioPlayer          - Playing music com.almasb.fxgl.audio.Music@7db73869
00:42:28.301 [Thread-68                ] DEBUG AudioPlayer          - Stopping music com.almasb.fxgl.audio.Music@7db73869
00:42:29.807 [Thread-81                ] DEBUG AudioPlayer          - Playing music com.almasb.fxgl.audio.Music@7db73869
00:42:31.808 [Thread-81                ] DEBUG AudioPlayer          - Stopping music com.almasb.fxgl.audio.Music@7db73869
00:42:35.708 [Thread-68                ] DEBUG AudioPlayer          - Playing music com.almasb.fxgl.audio.Music@7db73869
00:42:37.708 [Thread-68                ] DEBUG AudioPlayer          - Stopping music com.almasb.fxgl.audio.Music@7db73869
00:42:40.833 [Thread-81                ] DEBUG AudioPlayer          - Playing music com.almasb.fxgl.audio.Music@7db73869
00:42:42.834 [Thread-81                ] DEBUG AudioPlayer          - Stopping music com.almasb.fxgl.audio.Music@7db73869
00:42:45.115 [Thread-68                ] DEBUG AudioPlayer          - Playing music com.almasb.fxgl.audio.Music@7db73869
00:42:47.116 [Thread-68                ] DEBUG AudioPlayer          - Stopping music com.almasb.fxgl.audio.Music@7db73869
00:42:51.538 [Thread-81                ] DEBUG AudioPlayer          - Playing music com.almasb.fxgl.audio.Music@7db73869
00:42:53.282 [Thread-68                ] DEBUG AudioPlayer          - Playing music com.almasb.fxgl.audio.Music@7db73869
00:42:53.538 [Thread-81                ] DEBUG AudioPlayer          - Stopping music com.almasb.fxgl.audio.Music@7db73869
00:42:55.282 [Thread-68                ] DEBUG AudioPlayer          - Stopping music com.almasb.fxgl.audio.Music@7db73869
00:43:01.921 [Thread-81                ] DEBUG AudioPlayer          - Playing music com.almasb.fxgl.audio.Music@7db73869
00:43:02.324 [Thread-68                ] DEBUG AudioPlayer          - Playing music com.almasb.fxgl.audio.Music@7db73869
00:43:03.922 [Thread-81                ] DEBUG AudioPlayer          - Stopping music com.almasb.fxgl.audio.Music@7db73869
00:43:04.325 [Thread-68                ] DEBUG AudioPlayer          - Stopping music com.almasb.fxgl.audio.Music@7db73869
00:43:11.368 [Thread-68                ] DEBUG AudioPlayer          - Playing music com.almasb.fxgl.audio.Music@7db73869
00:43:11.368 [Thread-81                ] DEBUG AudioPlayer          - Playing music com.almasb.fxgl.audio.Music@7db73869
00:43:13.369 [Thread-68                ] DEBUG AudioPlayer          - Stopping music com.almasb.fxgl.audio.Music@7db73869
00:43:13.369 [Thread-81                ] DEBUG AudioPlayer          - Stopping music com.almasb.fxgl.audio.Music@7db73869
00:43:19.918 [Thread-81                ] DEBUG AudioPlayer          - Playing music com.almasb.fxgl.audio.Music@7db73869
00:43:20.421 [Thread-68                ] DEBUG AudioPlayer          - Playing music com.almasb.fxgl.audio.Music@7db73869
00:43:21.919 [Thread-81                ] DEBUG AudioPlayer          - Stopping music com.almasb.fxgl.audio.Music@7db73869
00:43:22.421 [Thread-68                ] DEBUG AudioPlayer          - Stopping music com.almasb.fxgl.audio.Music@7db73869
00:43:29.464 [Thread-68                ] DEBUG AudioPlayer          - Playing music com.almasb.fxgl.audio.Music@7db73869
00:43:29.715 [Thread-81                ] DEBUG AudioPlayer          - Playing music com.almasb.fxgl.audio.Music@7db73869
00:43:31.465 [Thread-68                ] DEBUG AudioPlayer          - Stopping music com.almasb.fxgl.audio.Music@7db73869
00:43:31.716 [Thread-81                ] DEBUG AudioPlayer          - Stopping music com.almasb.fxgl.audio.Music@7db73869
00:43:37.631 [Thread-68                ] DEBUG AudioPlayer          - Playing music com.almasb.fxgl.audio.Music@7db73869
00:43:39.632 [Thread-68                ] DEBUG AudioPlayer          - Stopping music com.almasb.fxgl.audio.Music@7db73869
00:43:40.708 [Thread-81                ] DEBUG AudioPlayer          - Playing music com.almasb.fxgl.audio.Music@7db73869
00:43:42.708 [Thread-81                ] DEBUG AudioPlayer          - Stopping music com.almasb.fxgl.audio.Music@7db73869
00:43:46.679 [Thread-68                ] DEBUG AudioPlayer          - Playing music com.almasb.fxgl.audio.Music@7db73869
00:43:48.680 [Thread-68                ] DEBUG AudioPlayer          - Stopping music com.almasb.fxgl.audio.Music@7db73869
00:43:51.419 [Thread-81                ] DEBUG AudioPlayer          - Playing music com.almasb.fxgl.audio.Music@7db73869
00:43:53.420 [Thread-81                ] DEBUG AudioPlayer          - Stopping music com.almasb.fxgl.audio.Music@7db73869
00:43:55.767 [Thread-68                ] DEBUG AudioPlayer          - Playing music com.almasb.fxgl.audio.Music@7db73869
00:43:57.767 [Thread-68                ] DEBUG AudioPlayer          - Stopping music com.almasb.fxgl.audio.Music@7db73869
00:44:00.905 [Thread-81                ] DEBUG AudioPlayer          - Playing music com.almasb.fxgl.audio.Music@7db73869
00:44:02.906 [Thread-81                ] DEBUG AudioPlayer          - Stopping music com.almasb.fxgl.audio.Music@7db73869
00:44:03.932 [Thread-68                ] DEBUG AudioPlayer          - Playing music com.almasb.fxgl.audio.Music@7db73869
00:44:05.725 [JavaFX Application Thread] DEBUG FXGLApplication      - Exiting FXGL
00:44:05.725 [JavaFX Application Thread] DEBUG LoopRunner           - Stopping loop
00:44:05.725 [JavaFX Application Thread] DEBUG SystemBundleService  - Saving FXGL system data
00:44:05.727 [JavaFX Application Thread] DEBUG FileSystemAccess     - Writing to: /home/cato/IdeaProjects/simulador3/system/fxgl.bundle
00:44:05.730 [JavaFX Application Thread] DEBUG Async                - Shutting down background threads
00:44:05.731 [JavaFX Application Thread] DEBUG PrimaryStageWindow   - Closing main window
00:44:05.733 [JavaFX Application Thread] DEBUG Logger               - Closing Logger
