00:53:23.985 [main                     ] DEBUG Logger               - Configured Logger
00:53:24.023 [main                     ] DEBUG GameApplication      - Logging settings
Title: Untitled
Version: 0.0
Width: 800
Height: 600
Fullscreen: false
Intro: false
Profiling: false
Single step:false
App Mode: DEVELOPER
Menu Key: ESCAPE
Stage Style: DECORATED
Scene Factory: class com.almasb.fxgl.app.scene.SceneFactory

00:53:24.608 [JavaFX Application Thread] DEBUG FXGLApplication      - Initializing FXGL
00:53:24.615 [JavaFX Application Thread] INFO  Engine               - FXGL-17.2 (20.08.2022 16.50) on LINUX (J:21.0.5 FX:20)
00:53:24.615 [JavaFX Application Thread] DEBUG Engine               - JRE Vendor Name: Ubuntu
00:53:24.616 [JavaFX Application Thread] DEBUG Engine               - Running on OS: Linux version 6.8.0-49-generic
00:53:24.616 [JavaFX Application Thread] DEBUG Engine               - Architecture: amd64
00:53:24.616 [JavaFX Application Thread] INFO  Engine               - Source code and latest versions at: https://github.com/AlmasB/FXGL
00:53:24.616 [JavaFX Application Thread] INFO  Engine               -       Ask questions and discuss at: https://github.com/AlmasB/FXGL/discussions
00:53:24.617 [JavaFX Application Thread] INFO  Engine               -              Join the FXGL chat at: https://gitter.im/AlmasB/FXGL
00:53:24.775 [JavaFX Application Thread] DEBUG PrimaryStageWindow   - Creating a JavaFX scene
00:53:25.155 [JavaFX Application Thread] DEBUG PrimaryStageWindow   - Target settings size: 800.0 x 600.0
00:53:25.156 [JavaFX Application Thread] DEBUG PrimaryStageWindow   - Scaled scene size:    800.0 x 600.0
00:53:25.156 [JavaFX Application Thread] DEBUG PrimaryStageWindow   - Scaled ratio: (1.0, 1.0)
00:53:25.158 [JavaFX Application Thread] DEBUG PrimaryStageWindow   - Set initial scene to FXGLStartupScene
00:53:25.162 [JavaFX Application Thread] DEBUG PrimaryStageWindow   - Opening main window
00:53:25.238 [JavaFX Application Thread] DEBUG PrimaryStageWindow   - Window border size: (2.0, 29.0)
00:53:25.238 [JavaFX Application Thread] DEBUG PrimaryStageWindow   - Scaled size: 800.0 x 600.0
00:53:25.239 [JavaFX Application Thread] DEBUG PrimaryStageWindow   - Scaled ratio: (1.0, 1.0)
00:53:25.239 [JavaFX Application Thread] DEBUG PrimaryStageWindow   - Scene size: 800.0 x 600.0
00:53:25.239 [JavaFX Application Thread] DEBUG PrimaryStageWindow   - Stage size: 802.0 x 629.0
00:53:25.249 [FXGL Background Thread 1 ] DEBUG Engine               - Initializing environment variables
00:53:25.333 [FXGL Background Thread 1 ] DEBUG FXGLAssetLoaderServi - User app class for loading assets: class org.example.Main
00:53:25.333 [FXGL Background Thread 1 ] DEBUG GameApplicationServi - Applying CSS: fxgl_dark.css
00:53:25.335 [FXGL Background Thread 1 ] DEBUG FXGLAssetLoaderServi - Loading from file system: jar:file:/home/cato/.gradle/caches/modules-2/files-2.1/com.github.almasb/fxgl/17.2/35db6ae960eec2dcfd19262d3b7f9c42f0e95bc3/fxgl-17.2.jar!/fxglassets/ui/css/fxgl_dark.css
00:53:25.403 [FXGL Background Thread 1 ] DEBUG GameApplicationServi - Initializing application scenes
00:53:25.460 [FXGL Background Thread 1 ] DEBUG GameWorld            - Game world initialized
00:53:25.526 [FXGL Background Thread 1 ] DEBUG PhysicsWorld         - Physics world initialized: appHeight=600, physics.ppm=50,0
00:53:25.527 [FXGL Background Thread 1 ] DEBUG PhysicsWorld         - Using strategy: BRUTE_FORCE
00:53:25.531 [FXGL Background Thread 1 ] DEBUG GameScene            - Game scene initialized: 800x600
00:53:25.546 [FXGL Background Thread 1 ] DEBUG FXGL.DefaultMenu     - createMenuBodyGameMenu()
00:53:25.565 [FXGL Background Thread 1 ] DEBUG FXGL.DefaultMenu     - createOptionsMenu()
00:53:25.581 [FXGL Background Thread 1 ] DEBUG FXGLAssetLoaderServi - Loading from file system: jar:file:/home/cato/.gradle/caches/modules-2/files-2.1/com.github.almasb/fxgl/17.2/35db6ae960eec2dcfd19262d3b7f9c42f0e95bc3/fxgl-17.2.jar!/fxglassets/textures/particles/smoke.png
00:53:25.742 [FXGL Background Thread 1 ] DEBUG FXGLAssetLoaderServi - Loading from file system: jar:file:/home/cato/.gradle/caches/modules-2/files-2.1/com.github.almasb/fxgl/17.2/35db6ae960eec2dcfd19262d3b7f9c42f0e95bc3/fxgl-17.2.jar!/fxglassets/textures/particles/trace_horizontal.png
00:53:25.776 [FXGL Background Thread 1 ] DEBUG GameApplicationServi - Application scenes initialized
00:53:25.793 [FXGL Background Thread 1 ] DEBUG SystemBundleService  - Loading FXGL system data
00:53:25.797 [FXGL Background Thread 1 ] DEBUG FileSystemAccess     - Reading from: /home/cato/IdeaProjects/simulador3/system/fxgl.bundle
00:53:25.809 [FXGL Background Thread 1 ] DEBUG SystemBundleService  - Bundle FXGL: {}
00:53:25.810 [FXGL Background Thread 1 ] DEBUG UpdaterService       - Checking for updates
00:53:25.815 [FXGL Background Thread 4 ] DEBUG FXGLApplication      - Loading fonts
00:53:25.816 [FXGL Background Thread 1 ] DEBUG FXGLApplication      - Loading default localization
00:53:25.816 [FXGL Background Thread 4 ] DEBUG FXGLAssetLoaderServi - Loading from file system: jar:file:/home/cato/.gradle/caches/modules-2/files-2.1/com.github.almasb/fxgl/17.2/35db6ae960eec2dcfd19262d3b7f9c42f0e95bc3/fxgl-17.2.jar!/fxglassets/ui/fonts/VarelaRound-Regular.ttf
00:53:25.816 [FXGL Background Thread 1 ] DEBUG FXGLAssetLoaderServi - Loading from file system: jar:file:/home/cato/.gradle/caches/modules-2/files-2.1/com.github.almasb/fxgl/17.2/35db6ae960eec2dcfd19262d3b7f9c42f0e95bc3/fxgl-17.2.jar!/fxglassets/languages/english.lang
00:53:25.827 [FXGL Background Thread 4 ] DEBUG FXGLAssetLoaderServi - Loading from file system: jar:file:/home/cato/.gradle/caches/modules-2/files-2.1/com.github.almasb/fxgl/17.2/35db6ae960eec2dcfd19262d3b7f9c42f0e95bc3/fxgl-17.2.jar!/fxglassets/ui/fonts/Abel-Regular.ttf
00:53:25.829 [FXGL Background Thread 4 ] DEBUG FXGLAssetLoaderServi - Loading from file system: jar:file:/home/cato/.gradle/caches/modules-2/files-2.1/com.github.almasb/fxgl/17.2/35db6ae960eec2dcfd19262d3b7f9c42f0e95bc3/fxgl-17.2.jar!/fxglassets/ui/fonts/TerminalLandMono-Regular.otf
00:53:25.834 [FXGL Background Thread 1 ] INFO  FXGLApplication      - FXGL initialization took: 0,585 sec
00:53:25.836 [FXGL Background Thread 4 ] DEBUG FXGLAssetLoaderServi - Loading from file system: jar:file:/home/cato/.gradle/caches/modules-2/files-2.1/com.github.almasb/fxgl/17.2/35db6ae960eec2dcfd19262d3b7f9c42f0e95bc3/fxgl-17.2.jar!/fxglassets/ui/fonts/Courier-Prime.ttf
00:53:25.836 [JavaFX Application Thread] DEBUG FXGLAssetLoaderServi - Loading from file system: jar:file:/home/cato/.gradle/caches/modules-2/files-2.1/com.github.almasb/fxgl/17.2/35db6ae960eec2dcfd19262d3b7f9c42f0e95bc3/fxgl-17.2.jar!/fxglassets/textures/fxgl_icon.png
00:53:25.904 [JavaFX Application Thread] DEBUG FXGLAssetLoaderServi - Loading from file system: jar:file:/home/cato/.gradle/caches/modules-2/files-2.1/com.github.almasb/fxgl/17.2/35db6ae960eec2dcfd19262d3b7f9c42f0e95bc3/fxgl-17.2.jar!/fxglassets/textures/fxgl_default_cursor.png
00:53:25.918 [JavaFX Application Thread] DEBUG Input                - Registered new binding: Screenshot - CTRL+8
00:53:25.918 [JavaFX Application Thread] DEBUG Input                - Registered new binding: System info dump - CTRL+9
00:53:25.919 [JavaFX Application Thread] DEBUG Input                - Registered new binding: Restart - CTRL+R
00:53:25.920 [JavaFX Application Thread] DEBUG Input                - Registered new binding: Toggle Debug Camera - CTRL+7
00:53:25.923 [JavaFX Application Thread] DEBUG LoopRunner           - Starting loop
00:53:25.923 [JavaFX Application Thread] DEBUG LoopRunner           - Initializing JavaFX AnimationTimerLoop
00:53:25.924 [JavaFX Application Thread] DEBUG GameApplicationServi - Starting new game
00:53:25.925 [JavaFX Application Thread] DEBUG Input                - Clearing active input actions
00:53:25.939 [JavaFX Application Thread] DEBUG GameApplicationServi - Removing overlay from FXGLStartupScene and adding to FXGLLoadingScene
00:53:25.940 [JavaFX Application Thread] DEBUG PrimaryStageWindow   - FXGLStartupScene -> FXGLLoadingScene
00:53:25.940 [JavaFX Application Thread] DEBUG GameApplicationServi - Clearing previous game
00:53:25.940 [JavaFX Application Thread] DEBUG GameScene            - Clearing game scene
00:53:25.940 [JavaFX Application Thread] DEBUG GameWorld            - Clearing game world
00:53:25.940 [JavaFX Application Thread] DEBUG PhysicsWorld         - Clearing physics world
00:53:25.942 [FXGL Background Thread 4 ] DEBUG FXGLApplication      - Initializing game
00:53:25.942 [JavaFX Application Thread] DEBUG FXGLApplication      - Registering font factories with UI factory
00:53:25.944 [FXGL Background Thread 4 ] DEBUG FXGLAssetLoaderServi - Loading from file system: file:/home/cato/IdeaProjects/simulador3/build/resources/main/assets/textures/lugar.png
00:53:26.032 [FXGL Background Thread 4 ] DEBUG FXGLAssetLoaderServi - Loading from file system: file:/home/cato/IdeaProjects/simulador3/build/resources/main/assets/music/restaurant.wav
00:53:26.178 [FXGL Background Thread 4 ] DEBUG AudioPlayer          - Playing music com.almasb.fxgl.audio.Music@5dd3b430
00:53:26.195 [FXGL Background Thread 4 ] DEBUG FXGLAssetLoaderServi - Loading from file system: file:/home/cato/IdeaProjects/simulador3/build/resources/main/assets/textures/mesero_frontal.png
00:53:26.204 [FXGL Background Thread 4 ] DEBUG FXGLAssetLoaderServi - Loading from file system: file:/home/cato/IdeaProjects/simulador3/build/resources/main/assets/music/order.wav
00:53:26.287 [FXGL Background Thread 4 ] DEBUG FXGLAssetLoaderServi - Loading from file system: file:/home/cato/IdeaProjects/simulador3/build/resources/main/assets/textures/chef.png
00:53:26.308 [FXGL Background Thread 4 ] DEBUG FXGLAssetLoaderServi - Loading from file system: file:/home/cato/IdeaProjects/simulador3/build/resources/main/assets/music/cooking.wav
00:53:26.321 [FXGL Background Thread 4 ] INFO  FXGLApplication      - Game initialization took: 0,378 sec
00:53:26.329 [JavaFX Application Thread] DEBUG Input                - Clearing active input actions
00:53:26.345 [JavaFX Application Thread] DEBUG GameApplicationServi - Removing overlay from FXGLLoadingScene and adding to GameScene
00:53:26.345 [JavaFX Application Thread] DEBUG PrimaryStageWindow   - FXGLLoadingScene -> GameScene
00:53:26.348 [JavaFX Application Thread] DEBUG FXGLAssetLoaderServi - Loading from file system: file:/home/cato/IdeaProjects/simulador3/build/resources/main/assets/textures/client.png
00:53:26.956 [FXGL Background Thread 2 ] INFO  UpdaterService       - Your current version:  17.2
00:53:26.956 [FXGL Background Thread 2 ] INFO  UpdaterService       - Latest stable version: 21.1
00:53:28.044 [JavaFX Application Thread] DEBUG FXGLApplication      - Exiting FXGL
00:53:28.044 [JavaFX Application Thread] DEBUG LoopRunner           - Stopping loop
00:53:28.044 [JavaFX Application Thread] DEBUG SystemBundleService  - Saving FXGL system data
00:53:28.048 [JavaFX Application Thread] DEBUG FileSystemAccess     - Writing to: /home/cato/IdeaProjects/simulador3/system/fxgl.bundle
00:53:28.052 [JavaFX Application Thread] DEBUG Async                - Shutting down background threads
00:53:28.052 [JavaFX Application Thread] DEBUG PrimaryStageWindow   - Closing main window
00:53:28.055 [JavaFX Application Thread] DEBUG Logger               - Closing Logger
