09:46:36.286 [main                     ] DEBUG Logger               - Configured Logger
09:46:36.322 [main                     ] DEBUG GameApplication      - Logging settings
Title: Untitled
Version: 0.0
Width: 800
Height: 600
Fullscreen: false
Intro: false
Profiling: false
Single step:false
App Mode: DEVELOPER
Menu Key: ESCAPE
Stage Style: DECORATED
Scene Factory: class com.almasb.fxgl.app.scene.SceneFactory

09:46:36.848 [JavaFX Application Thread] DEBUG FXGLApplication      - Initializing FXGL
09:46:36.854 [JavaFX Application Thread] INFO  Engine               - FXGL-17.2 (20.08.2022 16.50) on LINUX (J:21.0.5 FX:20)
09:46:36.854 [JavaFX Application Thread] DEBUG Engine               - JRE Vendor Name: Ubuntu
09:46:36.855 [JavaFX Application Thread] DEBUG Engine               - Running on OS: Linux version 6.8.0-49-generic
09:46:36.855 [JavaFX Application Thread] DEBUG Engine               - Architecture: amd64
09:46:36.855 [JavaFX Application Thread] INFO  Engine               - Source code and latest versions at: https://github.com/AlmasB/FXGL
09:46:36.855 [JavaFX Application Thread] INFO  Engine               -       Ask questions and discuss at: https://github.com/AlmasB/FXGL/discussions
09:46:36.855 [JavaFX Application Thread] INFO  Engine               -              Join the FXGL chat at: https://gitter.im/AlmasB/FXGL
09:46:36.998 [JavaFX Application Thread] DEBUG PrimaryStageWindow   - Creating a JavaFX scene
09:46:37.155 [JavaFX Application Thread] DEBUG PrimaryStageWindow   - Target settings size: 800.0 x 600.0
09:46:37.155 [JavaFX Application Thread] DEBUG PrimaryStageWindow   - Scaled scene size:    800.0 x 600.0
09:46:37.156 [JavaFX Application Thread] DEBUG PrimaryStageWindow   - Scaled ratio: (1.0, 1.0)
09:46:37.157 [JavaFX Application Thread] DEBUG PrimaryStageWindow   - Set initial scene to FXGLStartupScene
09:46:37.161 [JavaFX Application Thread] DEBUG PrimaryStageWindow   - Opening main window
09:46:37.213 [JavaFX Application Thread] DEBUG PrimaryStageWindow   - Window border size: (2.0, 29.0)
09:46:37.214 [JavaFX Application Thread] DEBUG PrimaryStageWindow   - Scaled size: 800.0 x 600.0
09:46:37.214 [JavaFX Application Thread] DEBUG PrimaryStageWindow   - Scaled ratio: (1.0, 1.0)
09:46:37.215 [JavaFX Application Thread] DEBUG PrimaryStageWindow   - Scene size: 800.0 x 600.0
09:46:37.215 [JavaFX Application Thread] DEBUG PrimaryStageWindow   - Stage size: 802.0 x 629.0
09:46:37.226 [FXGL Background Thread 1 ] DEBUG Engine               - Initializing environment variables
09:46:37.290 [FXGL Background Thread 1 ] DEBUG FXGLAssetLoaderServi - User app class for loading assets: class org.example.Main
09:46:37.290 [FXGL Background Thread 1 ] DEBUG GameApplicationServi - Applying CSS: fxgl_dark.css
09:46:37.292 [FXGL Background Thread 1 ] DEBUG FXGLAssetLoaderServi - Loading from file system: jar:file:/home/cato/.gradle/caches/modules-2/files-2.1/com.github.almasb/fxgl/17.2/35db6ae960eec2dcfd19262d3b7f9c42f0e95bc3/fxgl-17.2.jar!/fxglassets/ui/css/fxgl_dark.css
09:46:37.348 [FXGL Background Thread 1 ] DEBUG GameApplicationServi - Initializing application scenes
09:46:37.405 [FXGL Background Thread 1 ] DEBUG GameWorld            - Game world initialized
09:46:37.471 [FXGL Background Thread 1 ] DEBUG PhysicsWorld         - Physics world initialized: appHeight=600, physics.ppm=50,0
09:46:37.471 [FXGL Background Thread 1 ] DEBUG PhysicsWorld         - Using strategy: BRUTE_FORCE
09:46:37.476 [FXGL Background Thread 1 ] DEBUG GameScene            - Game scene initialized: 800x600
09:46:37.490 [FXGL Background Thread 1 ] DEBUG FXGL.DefaultMenu     - createMenuBodyGameMenu()
09:46:37.509 [FXGL Background Thread 1 ] DEBUG FXGL.DefaultMenu     - createOptionsMenu()
09:46:37.523 [FXGL Background Thread 1 ] DEBUG FXGLAssetLoaderServi - Loading from file system: jar:file:/home/cato/.gradle/caches/modules-2/files-2.1/com.github.almasb/fxgl/17.2/35db6ae960eec2dcfd19262d3b7f9c42f0e95bc3/fxgl-17.2.jar!/fxglassets/textures/particles/smoke.png
09:46:37.670 [FXGL Background Thread 1 ] DEBUG FXGLAssetLoaderServi - Loading from file system: jar:file:/home/cato/.gradle/caches/modules-2/files-2.1/com.github.almasb/fxgl/17.2/35db6ae960eec2dcfd19262d3b7f9c42f0e95bc3/fxgl-17.2.jar!/fxglassets/textures/particles/trace_horizontal.png
09:46:37.703 [FXGL Background Thread 1 ] DEBUG GameApplicationServi - Application scenes initialized
09:46:37.718 [FXGL Background Thread 1 ] DEBUG SystemBundleService  - Loading FXGL system data
09:46:37.723 [FXGL Background Thread 1 ] DEBUG FileSystemAccess     - Reading from: /home/cato/IdeaProjects/simulador3/system/fxgl.bundle
09:46:37.735 [FXGL Background Thread 1 ] DEBUG SystemBundleService  - Bundle FXGL: {}
09:46:37.735 [FXGL Background Thread 1 ] DEBUG UpdaterService       - Checking for updates
09:46:37.741 [FXGL Background Thread 4 ] DEBUG FXGLApplication      - Loading fonts
09:46:37.741 [FXGL Background Thread 1 ] DEBUG FXGLApplication      - Loading default localization
09:46:37.741 [FXGL Background Thread 4 ] DEBUG FXGLAssetLoaderServi - Loading from file system: jar:file:/home/cato/.gradle/caches/modules-2/files-2.1/com.github.almasb/fxgl/17.2/35db6ae960eec2dcfd19262d3b7f9c42f0e95bc3/fxgl-17.2.jar!/fxglassets/ui/fonts/VarelaRound-Regular.ttf
09:46:37.742 [FXGL Background Thread 1 ] DEBUG FXGLAssetLoaderServi - Loading from file system: jar:file:/home/cato/.gradle/caches/modules-2/files-2.1/com.github.almasb/fxgl/17.2/35db6ae960eec2dcfd19262d3b7f9c42f0e95bc3/fxgl-17.2.jar!/fxglassets/languages/english.lang
09:46:37.753 [FXGL Background Thread 4 ] DEBUG FXGLAssetLoaderServi - Loading from file system: jar:file:/home/cato/.gradle/caches/modules-2/files-2.1/com.github.almasb/fxgl/17.2/35db6ae960eec2dcfd19262d3b7f9c42f0e95bc3/fxgl-17.2.jar!/fxglassets/ui/fonts/Abel-Regular.ttf
09:46:37.755 [FXGL Background Thread 4 ] DEBUG FXGLAssetLoaderServi - Loading from file system: jar:file:/home/cato/.gradle/caches/modules-2/files-2.1/com.github.almasb/fxgl/17.2/35db6ae960eec2dcfd19262d3b7f9c42f0e95bc3/fxgl-17.2.jar!/fxglassets/ui/fonts/TerminalLandMono-Regular.otf
09:46:37.758 [FXGL Background Thread 4 ] DEBUG FXGLAssetLoaderServi - Loading from file system: jar:file:/home/cato/.gradle/caches/modules-2/files-2.1/com.github.almasb/fxgl/17.2/35db6ae960eec2dcfd19262d3b7f9c42f0e95bc3/fxgl-17.2.jar!/fxglassets/ui/fonts/Courier-Prime.ttf
09:46:37.760 [FXGL Background Thread 1 ] INFO  FXGLApplication      - FXGL initialization took: 0,534 sec
09:46:37.761 [JavaFX Application Thread] DEBUG FXGLAssetLoaderServi - Loading from file system: jar:file:/home/cato/.gradle/caches/modules-2/files-2.1/com.github.almasb/fxgl/17.2/35db6ae960eec2dcfd19262d3b7f9c42f0e95bc3/fxgl-17.2.jar!/fxglassets/textures/fxgl_icon.png
09:46:37.791 [JavaFX Application Thread] DEBUG FXGLAssetLoaderServi - Loading from file system: jar:file:/home/cato/.gradle/caches/modules-2/files-2.1/com.github.almasb/fxgl/17.2/35db6ae960eec2dcfd19262d3b7f9c42f0e95bc3/fxgl-17.2.jar!/fxglassets/textures/fxgl_default_cursor.png
09:46:37.803 [JavaFX Application Thread] DEBUG Input                - Registered new binding: Screenshot - CTRL+8
09:46:37.804 [JavaFX Application Thread] DEBUG Input                - Registered new binding: System info dump - CTRL+9
09:46:37.805 [JavaFX Application Thread] DEBUG Input                - Registered new binding: Restart - CTRL+R
09:46:37.805 [JavaFX Application Thread] DEBUG Input                - Registered new binding: Toggle Debug Camera - CTRL+7
09:46:37.807 [JavaFX Application Thread] DEBUG LoopRunner           - Starting loop
09:46:37.808 [JavaFX Application Thread] DEBUG LoopRunner           - Initializing JavaFX AnimationTimerLoop
09:46:37.809 [JavaFX Application Thread] DEBUG GameApplicationServi - Starting new game
09:46:37.809 [JavaFX Application Thread] DEBUG Input                - Clearing active input actions
09:46:37.823 [JavaFX Application Thread] DEBUG GameApplicationServi - Removing overlay from FXGLStartupScene and adding to FXGLLoadingScene
09:46:37.824 [JavaFX Application Thread] DEBUG PrimaryStageWindow   - FXGLStartupScene -> FXGLLoadingScene
09:46:37.824 [JavaFX Application Thread] DEBUG GameApplicationServi - Clearing previous game
09:46:37.824 [JavaFX Application Thread] DEBUG GameScene            - Clearing game scene
09:46:37.824 [JavaFX Application Thread] DEBUG GameWorld            - Clearing game world
09:46:37.824 [JavaFX Application Thread] DEBUG PhysicsWorld         - Clearing physics world
09:46:37.826 [JavaFX Application Thread] DEBUG FXGLApplication      - Registering font factories with UI factory
09:46:37.826 [FXGL Background Thread 4 ] DEBUG FXGLApplication      - Initializing game
09:46:37.828 [FXGL Background Thread 4 ] DEBUG FXGLAssetLoaderServi - Loading from file system: file:/home/cato/IdeaProjects/simulador3/build/resources/main/assets/textures/lugar.png
09:46:37.893 [FXGL Background Thread 4 ] DEBUG FXGLAssetLoaderServi - Loading from file system: file:/home/cato/IdeaProjects/simulador3/build/resources/main/assets/music/restaurant.wav
09:46:38.049 [FXGL Background Thread 4 ] DEBUG AudioPlayer          - Playing music com.almasb.fxgl.audio.Music@47097e6c
09:46:38.069 [FXGL Background Thread 4 ] DEBUG FXGLAssetLoaderServi - Loading from file system: file:/home/cato/IdeaProjects/simulador3/build/resources/main/assets/textures/mesero_frontal.png
09:46:38.078 [FXGL Background Thread 4 ] DEBUG FXGLAssetLoaderServi - Loading from file system: file:/home/cato/IdeaProjects/simulador3/build/resources/main/assets/music/order.wav
09:46:38.091 [FXGL Background Thread 4 ] DEBUG FXGLAssetLoaderServi - Loading from file system: file:/home/cato/IdeaProjects/simulador3/build/resources/main/assets/textures/chef.png
09:46:38.100 [FXGL Background Thread 4 ] DEBUG FXGLAssetLoaderServi - Loading from file system: file:/home/cato/IdeaProjects/simulador3/build/resources/main/assets/music/cooking.wav
09:46:38.111 [FXGL Background Thread 4 ] INFO  FXGLApplication      - Game initialization took: 0,285 sec
09:46:38.112 [JavaFX Application Thread] DEBUG Input                - Clearing active input actions
09:46:38.123 [JavaFX Application Thread] DEBUG GameApplicationServi - Removing overlay from FXGLLoadingScene and adding to GameScene
09:46:38.123 [JavaFX Application Thread] DEBUG PrimaryStageWindow   - FXGLLoadingScene -> GameScene
09:46:38.679 [JavaFX Application Thread] DEBUG FXGLAssetLoaderServi - Loading from file system: file:/home/cato/IdeaProjects/simulador3/build/resources/main/assets/textures/client.png
09:46:40.296 [FXGL Background Thread 2 ] INFO  UpdaterService       - Your current version:  17.2
09:46:40.297 [FXGL Background Thread 2 ] INFO  UpdaterService       - Latest stable version: 21.1
09:46:40.738 [FXGL Background Thread 3 ] DEBUG Engine               - Logging environment variables
09:46:40.739 [FXGL Background Thread 3 ] DEBUG Engine               - achievements: []
09:46:40.740 [FXGL Background Thread 3 ] DEBUG Engine               - actualHeight: 608.0
09:46:40.740 [FXGL Background Thread 3 ] DEBUG Engine               - actualHeightProperty: ReadOnlyDoubleProperty [value: 608.0]
09:46:40.740 [FXGL Background Thread 3 ] DEBUG Engine               - actualWidth: 798.0
09:46:40.740 [FXGL Background Thread 3 ] DEBUG Engine               - actualWidthProperty: ReadOnlyDoubleProperty [value: 798.0]
09:46:40.740 [FXGL Background Thread 3 ] DEBUG Engine               - appIcon: fxgl_icon.png
09:46:40.740 [FXGL Background Thread 3 ] DEBUG Engine               - applicationMode: DEVELOPER
09:46:40.740 [FXGL Background Thread 3 ] DEBUG Engine               - cSSList: [fxgl_dark.css]
09:46:40.741 [FXGL Background Thread 3 ] DEBUG Engine               - collisionDetectionStrategy: BRUTE_FORCE
09:46:40.741 [FXGL Background Thread 3 ] DEBUG Engine               - configClass: Optional.empty
09:46:40.741 [FXGL Background Thread 3 ] DEBUG Engine               - credits: []
09:46:40.741 [FXGL Background Thread 3 ] DEBUG Engine               - defaultCursor: CursorInfo(imageName=fxgl_default_cursor.png, hotspotX=7.0, hotspotY=6.0)
09:46:40.742 [FXGL Background Thread 3 ] DEBUG Engine               - devBBoxColorProperty: ObjectProperty [value: 0xff0000ff]
09:46:40.742 [FXGL Background Thread 3 ] DEBUG Engine               - devEnableDebugCameraProperty: BooleanProperty [value: false]
09:46:40.742 [FXGL Background Thread 3 ] DEBUG Engine               - devSensorColorProperty: ObjectProperty [value: 0xffff00ff]
09:46:40.742 [FXGL Background Thread 3 ] DEBUG Engine               - devShowBBoxProperty: BooleanProperty [value: false]
09:46:40.742 [FXGL Background Thread 3 ] DEBUG Engine               - devShowPositionProperty: BooleanProperty [value: false]
09:46:40.742 [FXGL Background Thread 3 ] DEBUG Engine               - enabledMenuItems: []
09:46:40.743 [FXGL Background Thread 3 ] DEBUG Engine               - engineServices: [class com.almasb.fxgl.app.services.FXGLAssetLoaderService, class com.almasb.fxgl.app.FXGLApplication$GameApplicationService, class com.almasb.fxgl.app.services.FXGLDialogService, class com.almasb.fxgl.app.services.IOTaskExecutorService, class com.almasb.fxgl.io.FileSystemService, class com.almasb.fxgl.localization.LocalizationService, class com.almasb.fxgl.app.services.SystemBundleService, class com.almasb.fxgl.profile.SaveLoadService, class com.almasb.fxgl.ui.FXGLUIFactoryServiceProvider, class com.almasb.fxgl.ui.FXGLDialogFactoryServiceProvider, class com.almasb.fxgl.audio.AudioPlayer, class com.almasb.fxgl.notification.impl.NotificationServiceProvider, class com.almasb.fxgl.achievement.AchievementService, class com.almasb.fxgl.cutscene.CutsceneService, class com.almasb.fxgl.minigames.MiniGameService, class com.almasb.fxgl.net.NetService, class com.almasb.fxgl.app.services.UpdaterService, class com.almasb.fxgl.dev.DevService]
09:46:40.743 [FXGL Background Thread 3 ] DEBUG Engine               - fontGame: Abel-Regular.ttf
09:46:40.743 [FXGL Background Thread 3 ] DEBUG Engine               - fontMono: TerminalLandMono-Regular.otf
09:46:40.743 [FXGL Background Thread 3 ] DEBUG Engine               - fontText: Courier-Prime.ttf
09:46:40.743 [FXGL Background Thread 3 ] DEBUG Engine               - fontUI: VarelaRound-Regular.ttf
09:46:40.743 [FXGL Background Thread 3 ] DEBUG Engine               - fullScreen: BooleanProperty [value: false]
09:46:40.743 [FXGL Background Thread 3 ] DEBUG Engine               - gameDifficulty: MEDIUM
09:46:40.743 [FXGL Background Thread 3 ] DEBUG Engine               - gameDifficultyProperty: ObjectProperty [value: MEDIUM]
09:46:40.743 [FXGL Background Thread 3 ] DEBUG Engine               - globalMusicVolume: 0.5
09:46:40.744 [FXGL Background Thread 3 ] DEBUG Engine               - globalMusicVolumeProperty: DoubleProperty [value: 0.5]
09:46:40.744 [FXGL Background Thread 3 ] DEBUG Engine               - globalSoundVolume: 0.5
09:46:40.744 [FXGL Background Thread 3 ] DEBUG Engine               - globalSoundVolumeProperty: DoubleProperty [value: 0.5]
09:46:40.744 [FXGL Background Thread 3 ] DEBUG Engine               - height: 600
09:46:40.744 [FXGL Background Thread 3 ] DEBUG Engine               - is3D: false
09:46:40.744 [FXGL Background Thread 3 ] DEBUG Engine               - isAndroid: false
09:46:40.744 [FXGL Background Thread 3 ] DEBUG Engine               - isBrowser: false
09:46:40.745 [FXGL Background Thread 3 ] DEBUG Engine               - isClickFeedbackEnabled: false
09:46:40.745 [FXGL Background Thread 3 ] DEBUG Engine               - isCloseConfirmation: false
09:46:40.745 [FXGL Background Thread 3 ] DEBUG Engine               - isDesktop: true
09:46:40.745 [FXGL Background Thread 3 ] DEBUG Engine               - isDeveloperMenuEnabled: false
09:46:40.745 [FXGL Background Thread 3 ] DEBUG Engine               - isEmbedded: false
09:46:40.745 [FXGL Background Thread 3 ] DEBUG Engine               - isEntityPreloadEnabled: true
09:46:40.745 [FXGL Background Thread 3 ] DEBUG Engine               - isExperimentalTiledLargeMap: false
09:46:40.745 [FXGL Background Thread 3 ] DEBUG Engine               - isFileSystemWriteAllowed: true
09:46:40.745 [FXGL Background Thread 3 ] DEBUG Engine               - isFullScreenAllowed: false
09:46:40.746 [FXGL Background Thread 3 ] DEBUG Engine               - isFullScreenFromStart: false
09:46:40.746 [FXGL Background Thread 3 ] DEBUG Engine               - isGameMenuEnabled: true
09:46:40.746 [FXGL Background Thread 3 ] DEBUG Engine               - isIOS: false
09:46:40.746 [FXGL Background Thread 3 ] DEBUG Engine               - isIntroEnabled: false
09:46:40.746 [FXGL Background Thread 3 ] DEBUG Engine               - isLinux: true
09:46:40.746 [FXGL Background Thread 3 ] DEBUG Engine               - isMac: false
09:46:40.746 [FXGL Background Thread 3 ] DEBUG Engine               - isMainMenuEnabled: false
09:46:40.746 [FXGL Background Thread 3 ] DEBUG Engine               - isManualResizeEnabled: false
09:46:40.747 [FXGL Background Thread 3 ] DEBUG Engine               - isMobile: false
09:46:40.747 [FXGL Background Thread 3 ] DEBUG Engine               - isNative: false
09:46:40.747 [FXGL Background Thread 3 ] DEBUG Engine               - isPauseMusicWhenMinimized: true
09:46:40.747 [FXGL Background Thread 3 ] DEBUG Engine               - isPreserveResizeRatio: false
09:46:40.747 [FXGL Background Thread 3 ] DEBUG Engine               - isProfilingEnabled: false
09:46:40.747 [FXGL Background Thread 3 ] DEBUG Engine               - isScaleAffectedOnResize: true
09:46:40.747 [FXGL Background Thread 3 ] DEBUG Engine               - isSingleStep: false
09:46:40.747 [FXGL Background Thread 3 ] DEBUG Engine               - isUserProfileEnabled: false
09:46:40.747 [FXGL Background Thread 3 ] DEBUG Engine               - isWindows: false
09:46:40.747 [FXGL Background Thread 3 ] DEBUG Engine               - language: ObjectProperty [value: ENGLISH]
09:46:40.748 [FXGL Background Thread 3 ] DEBUG Engine               - menuKey: ESCAPE
09:46:40.748 [FXGL Background Thread 3 ] DEBUG Engine               - mouseSensitivity: 0.2
09:46:40.748 [FXGL Background Thread 3 ] DEBUG Engine               - notificationViewClass: class com.almasb.fxgl.notification.view.XboxNotificationView
09:46:40.748 [FXGL Background Thread 3 ] DEBUG Engine               - pixelsPerMeter: 50.0
09:46:40.748 [FXGL Background Thread 3 ] DEBUG Engine               - platform: LINUX
09:46:40.748 [FXGL Background Thread 3 ] DEBUG Engine               - prefHeightProperty: ReadOnlyDoubleProperty [value: 600.0]
09:46:40.748 [FXGL Background Thread 3 ] DEBUG Engine               - prefWidthProperty: ReadOnlyDoubleProperty [value: 800.0]
09:46:40.748 [FXGL Background Thread 3 ] DEBUG Engine               - profileDir: profiles/
09:46:40.748 [FXGL Background Thread 3 ] DEBUG Engine               - profileName: StringProperty [value: DEFAULT]
09:46:40.749 [FXGL Background Thread 3 ] DEBUG Engine               - randomSeed: -1
09:46:40.749 [FXGL Background Thread 3 ] DEBUG Engine               - runtimeInfo: RuntimeInfo(platform=LINUX, version=17.2, build=20.08.2022 16.50)
09:46:40.749 [FXGL Background Thread 3 ] DEBUG Engine               - saveFileExt: sav
09:46:40.749 [FXGL Background Thread 3 ] DEBUG Engine               - scaledHeightProp$fxgl: DoubleProperty [bound, value: 608.0]
09:46:40.749 [FXGL Background Thread 3 ] DEBUG Engine               - scaledWidthProp$fxgl: DoubleProperty [bound, value: 798.0]
09:46:40.750 [FXGL Background Thread 3 ] DEBUG Engine               - sceneFactory: com.almasb.fxgl.app.scene.SceneFactory@7cfa920e
09:46:40.750 [FXGL Background Thread 3 ] DEBUG Engine               - secondsIn24h: 60
09:46:40.750 [FXGL Background Thread 3 ] DEBUG Engine               - soundMenuBack: menu/back.wav
09:46:40.750 [FXGL Background Thread 3 ] DEBUG Engine               - soundMenuPress: menu/press.wav
09:46:40.750 [FXGL Background Thread 3 ] DEBUG Engine               - soundMenuSelect: menu/select.wav
09:46:40.750 [FXGL Background Thread 3 ] DEBUG Engine               - soundNotification: core/notification.wav
09:46:40.750 [FXGL Background Thread 3 ] DEBUG Engine               - stageStyle: DECORATED
09:46:40.750 [FXGL Background Thread 3 ] DEBUG Engine               - supportedLanguages: [ENGLISH, FRENCH, GERMAN, HUNGARIAN, RUSSIAN]
09:46:40.750 [FXGL Background Thread 3 ] DEBUG Engine               - ticksPerSecond: -1
09:46:40.751 [FXGL Background Thread 3 ] DEBUG Engine               - title: Untitled
09:46:40.751 [FXGL Background Thread 3 ] DEBUG Engine               - urlGithub: https://github.com/AlmasB/FXGL
09:46:40.751 [FXGL Background Thread 3 ] DEBUG Engine               - urlLeaderboard: http://fxgl-top.herokuapp.com/
09:46:40.751 [FXGL Background Thread 3 ] DEBUG Engine               - urlPOM: https://raw.githubusercontent.com/AlmasB/FXGL/release/README.md
09:46:40.751 [FXGL Background Thread 3 ] DEBUG Engine               - userAppClass: class org.example.Main
09:46:40.751 [FXGL Background Thread 3 ] DEBUG Engine               - version: 0.0
09:46:40.751 [FXGL Background Thread 3 ] DEBUG Engine               - versionCheckDays: 7
09:46:40.751 [FXGL Background Thread 3 ] DEBUG Engine               - width: 800
09:46:40.751 [FXGL Background Thread 3 ] DEBUG Engine               - Logging services
09:46:40.752 [FXGL Background Thread 3 ] DEBUG Engine               - class com.almasb.fxgl.app.services.FXGLAssetLoaderService
09:46:40.752 [FXGL Background Thread 3 ] DEBUG Engine               - class com.almasb.fxgl.app.FXGLApplication$GameApplicationService
09:46:40.752 [FXGL Background Thread 3 ] DEBUG Engine               - class com.almasb.fxgl.app.services.FXGLDialogService
09:46:40.752 [FXGL Background Thread 3 ] DEBUG Engine               - class com.almasb.fxgl.app.services.IOTaskExecutorService
09:46:40.752 [FXGL Background Thread 3 ] DEBUG Engine               - class com.almasb.fxgl.io.FileSystemService
09:46:40.752 [FXGL Background Thread 3 ] DEBUG Engine               - class com.almasb.fxgl.localization.LocalizationService
09:46:40.752 [FXGL Background Thread 3 ] DEBUG Engine               - class com.almasb.fxgl.app.services.SystemBundleService
09:46:40.752 [FXGL Background Thread 3 ] DEBUG Engine               - class com.almasb.fxgl.profile.SaveLoadService
09:46:40.752 [FXGL Background Thread 3 ] DEBUG Engine               - class com.almasb.fxgl.ui.FXGLUIFactoryServiceProvider
09:46:40.752 [FXGL Background Thread 3 ] DEBUG Engine               - class com.almasb.fxgl.ui.FXGLDialogFactoryServiceProvider
09:46:40.752 [FXGL Background Thread 3 ] DEBUG Engine               - class com.almasb.fxgl.audio.AudioPlayer
09:46:40.752 [FXGL Background Thread 3 ] DEBUG Engine               - class com.almasb.fxgl.notification.impl.NotificationServiceProvider
09:46:40.753 [FXGL Background Thread 3 ] DEBUG Engine               - class com.almasb.fxgl.achievement.AchievementService
09:46:40.753 [FXGL Background Thread 3 ] DEBUG Engine               - class com.almasb.fxgl.cutscene.CutsceneService
09:46:40.753 [FXGL Background Thread 3 ] DEBUG Engine               - class com.almasb.fxgl.minigames.MiniGameService
09:46:40.753 [FXGL Background Thread 3 ] DEBUG Engine               - class com.almasb.fxgl.net.NetService
09:46:40.753 [FXGL Background Thread 3 ] DEBUG Engine               - class com.almasb.fxgl.app.services.UpdaterService
09:46:40.753 [FXGL Background Thread 3 ] DEBUG Engine               - class com.almasb.fxgl.dev.DevService
09:46:44.309 [JavaFX Application Thread] DEBUG FXGLApplication      - Exiting FXGL
09:46:44.309 [JavaFX Application Thread] DEBUG LoopRunner           - Stopping loop
09:46:44.309 [JavaFX Application Thread] DEBUG SystemBundleService  - Saving FXGL system data
09:46:44.312 [JavaFX Application Thread] DEBUG FileSystemAccess     - Writing to: /home/cato/IdeaProjects/simulador3/system/fxgl.bundle
09:46:44.314 [JavaFX Application Thread] DEBUG Async                - Shutting down background threads
09:46:44.315 [JavaFX Application Thread] DEBUG PrimaryStageWindow   - Closing main window
09:46:44.320 [JavaFX Application Thread] DEBUG Logger               - Closing Logger
