02:07:35.465 [main                     ] DEBUG Logger               - Configured Logger
02:07:35.484 [main                     ] DEBUG GameApplication      - Logging settings
Title: Untitled
Version: 0.0
Width: 800
Height: 600
Fullscreen: false
Intro: false
Profiling: false
Single step:false
App Mode: DEVELOPER
Menu Key: ESCAPE
Stage Style: DECORATED
Scene Factory: class com.almasb.fxgl.app.scene.SceneFactory

02:07:35.798 [JavaFX Application Thread] DEBUG FXGLApplication      - Initializing FXGL
02:07:35.801 [JavaFX Application Thread] INFO  Engine               - FXGL-17.2 (20.08.2022 16.50) on LINUX (J:21.0.5 FX:20)
02:07:35.802 [JavaFX Application Thread] DEBUG Engine               - JRE Vendor Name: Ubuntu
02:07:35.802 [JavaFX Application Thread] DEBUG Engine               - Running on OS: Linux version 6.8.0-49-generic
02:07:35.802 [JavaFX Application Thread] DEBUG Engine               - Architecture: amd64
02:07:35.802 [JavaFX Application Thread] INFO  Engine               - Source code and latest versions at: https://github.com/AlmasB/FXGL
02:07:35.802 [JavaFX Application Thread] INFO  Engine               -       Ask questions and discuss at: https://github.com/AlmasB/FXGL/discussions
02:07:35.802 [JavaFX Application Thread] INFO  Engine               -              Join the FXGL chat at: https://gitter.im/AlmasB/FXGL
02:07:35.879 [JavaFX Application Thread] DEBUG PrimaryStageWindow   - Creating a JavaFX scene
02:07:35.964 [JavaFX Application Thread] DEBUG PrimaryStageWindow   - Target settings size: 800.0 x 600.0
02:07:35.964 [JavaFX Application Thread] DEBUG PrimaryStageWindow   - Scaled scene size:    800.0 x 600.0
02:07:35.964 [JavaFX Application Thread] DEBUG PrimaryStageWindow   - Scaled ratio: (1.0, 1.0)
02:07:35.965 [JavaFX Application Thread] DEBUG PrimaryStageWindow   - Set initial scene to FXGLStartupScene
02:07:35.968 [JavaFX Application Thread] DEBUG PrimaryStageWindow   - Opening main window
02:07:36.000 [JavaFX Application Thread] DEBUG PrimaryStageWindow   - Window border size: (2.0, 29.0)
02:07:36.000 [JavaFX Application Thread] DEBUG PrimaryStageWindow   - Scaled size: 800.0 x 600.0
02:07:36.001 [JavaFX Application Thread] DEBUG PrimaryStageWindow   - Scaled ratio: (1.0, 1.0)
02:07:36.001 [JavaFX Application Thread] DEBUG PrimaryStageWindow   - Scene size: 800.0 x 600.0
02:07:36.001 [JavaFX Application Thread] DEBUG PrimaryStageWindow   - Stage size: 802.0 x 629.0
02:07:36.009 [FXGL Background Thread 1 ] DEBUG Engine               - Initializing environment variables
02:07:36.058 [FXGL Background Thread 1 ] DEBUG FXGLAssetLoaderServi - User app class for loading assets: class org.example.Main
02:07:36.058 [FXGL Background Thread 1 ] DEBUG GameApplicationServi - Applying CSS: fxgl_dark.css
02:07:36.059 [FXGL Background Thread 1 ] DEBUG FXGLAssetLoaderServi - Loading from file system: jar:file:/home/cato/.gradle/caches/modules-2/files-2.1/com.github.almasb/fxgl/17.2/35db6ae960eec2dcfd19262d3b7f9c42f0e95bc3/fxgl-17.2.jar!/fxglassets/ui/css/fxgl_dark.css
02:07:36.101 [FXGL Background Thread 1 ] DEBUG GameApplicationServi - Initializing application scenes
02:07:36.148 [FXGL Background Thread 1 ] DEBUG GameWorld            - Game world initialized
02:07:36.187 [FXGL Background Thread 1 ] DEBUG PhysicsWorld         - Physics world initialized: appHeight=600, physics.ppm=50,0
02:07:36.187 [FXGL Background Thread 1 ] DEBUG PhysicsWorld         - Using strategy: BRUTE_FORCE
02:07:36.192 [FXGL Background Thread 1 ] DEBUG GameScene            - Game scene initialized: 800x600
02:07:36.202 [FXGL Background Thread 1 ] DEBUG FXGL.DefaultMenu     - createMenuBodyGameMenu()
02:07:36.212 [FXGL Background Thread 1 ] DEBUG FXGL.DefaultMenu     - createOptionsMenu()
02:07:36.222 [FXGL Background Thread 1 ] DEBUG FXGLAssetLoaderServi - Loading from file system: jar:file:/home/cato/.gradle/caches/modules-2/files-2.1/com.github.almasb/fxgl/17.2/35db6ae960eec2dcfd19262d3b7f9c42f0e95bc3/fxgl-17.2.jar!/fxglassets/textures/particles/smoke.png
02:07:36.298 [FXGL Background Thread 1 ] DEBUG FXGLAssetLoaderServi - Loading from file system: jar:file:/home/cato/.gradle/caches/modules-2/files-2.1/com.github.almasb/fxgl/17.2/35db6ae960eec2dcfd19262d3b7f9c42f0e95bc3/fxgl-17.2.jar!/fxglassets/textures/particles/trace_horizontal.png
02:07:36.324 [FXGL Background Thread 1 ] DEBUG GameApplicationServi - Application scenes initialized
02:07:36.336 [FXGL Background Thread 1 ] DEBUG SystemBundleService  - Loading FXGL system data
02:07:36.339 [FXGL Background Thread 1 ] DEBUG FileSystemAccess     - Reading from: /home/cato/IdeaProjects/simulador3/system/fxgl.bundle
02:07:36.346 [FXGL Background Thread 1 ] DEBUG SystemBundleService  - Bundle FXGL: {}
02:07:36.346 [FXGL Background Thread 1 ] DEBUG UpdaterService       - Checking for updates
02:07:36.350 [FXGL Background Thread 4 ] DEBUG FXGLApplication      - Loading fonts
02:07:36.350 [FXGL Background Thread 4 ] DEBUG FXGLAssetLoaderServi - Loading from file system: jar:file:/home/cato/.gradle/caches/modules-2/files-2.1/com.github.almasb/fxgl/17.2/35db6ae960eec2dcfd19262d3b7f9c42f0e95bc3/fxgl-17.2.jar!/fxglassets/ui/fonts/VarelaRound-Regular.ttf
02:07:36.350 [FXGL Background Thread 1 ] DEBUG FXGLApplication      - Loading default localization
02:07:36.351 [FXGL Background Thread 1 ] DEBUG FXGLAssetLoaderServi - Loading from file system: jar:file:/home/cato/.gradle/caches/modules-2/files-2.1/com.github.almasb/fxgl/17.2/35db6ae960eec2dcfd19262d3b7f9c42f0e95bc3/fxgl-17.2.jar!/fxglassets/languages/english.lang
02:07:36.358 [FXGL Background Thread 4 ] DEBUG FXGLAssetLoaderServi - Loading from file system: jar:file:/home/cato/.gradle/caches/modules-2/files-2.1/com.github.almasb/fxgl/17.2/35db6ae960eec2dcfd19262d3b7f9c42f0e95bc3/fxgl-17.2.jar!/fxglassets/ui/fonts/Abel-Regular.ttf
02:07:36.360 [FXGL Background Thread 4 ] DEBUG FXGLAssetLoaderServi - Loading from file system: jar:file:/home/cato/.gradle/caches/modules-2/files-2.1/com.github.almasb/fxgl/17.2/35db6ae960eec2dcfd19262d3b7f9c42f0e95bc3/fxgl-17.2.jar!/fxglassets/ui/fonts/TerminalLandMono-Regular.otf
02:07:36.362 [FXGL Background Thread 4 ] DEBUG FXGLAssetLoaderServi - Loading from file system: jar:file:/home/cato/.gradle/caches/modules-2/files-2.1/com.github.almasb/fxgl/17.2/35db6ae960eec2dcfd19262d3b7f9c42f0e95bc3/fxgl-17.2.jar!/fxglassets/ui/fonts/Courier-Prime.ttf
02:07:36.365 [FXGL Background Thread 1 ] INFO  FXGLApplication      - FXGL initialization took: 0,356 sec
02:07:36.365 [JavaFX Application Thread] DEBUG FXGLApplication      - Registering font factories with UI factory
02:07:36.367 [JavaFX Application Thread] DEBUG FXGLAssetLoaderServi - Loading from file system: jar:file:/home/cato/.gradle/caches/modules-2/files-2.1/com.github.almasb/fxgl/17.2/35db6ae960eec2dcfd19262d3b7f9c42f0e95bc3/fxgl-17.2.jar!/fxglassets/textures/fxgl_icon.png
02:07:36.385 [JavaFX Application Thread] DEBUG FXGLAssetLoaderServi - Loading from file system: jar:file:/home/cato/.gradle/caches/modules-2/files-2.1/com.github.almasb/fxgl/17.2/35db6ae960eec2dcfd19262d3b7f9c42f0e95bc3/fxgl-17.2.jar!/fxglassets/textures/fxgl_default_cursor.png
02:07:36.393 [JavaFX Application Thread] DEBUG Input                - Registered new binding: Screenshot - CTRL+8
02:07:36.393 [JavaFX Application Thread] DEBUG Input                - Registered new binding: System info dump - CTRL+9
02:07:36.394 [JavaFX Application Thread] DEBUG Input                - Registered new binding: Restart - CTRL+R
02:07:36.394 [JavaFX Application Thread] DEBUG Input                - Registered new binding: Toggle Debug Camera - CTRL+7
02:07:36.396 [JavaFX Application Thread] DEBUG LoopRunner           - Starting loop
02:07:36.396 [JavaFX Application Thread] DEBUG LoopRunner           - Initializing JavaFX AnimationTimerLoop
02:07:36.396 [JavaFX Application Thread] DEBUG GameApplicationServi - Starting new game
02:07:36.397 [JavaFX Application Thread] DEBUG Input                - Clearing active input actions
02:07:36.405 [JavaFX Application Thread] DEBUG GameApplicationServi - Removing overlay from FXGLStartupScene and adding to FXGLLoadingScene
02:07:36.406 [JavaFX Application Thread] DEBUG PrimaryStageWindow   - FXGLStartupScene -> FXGLLoadingScene
02:07:36.406 [JavaFX Application Thread] DEBUG GameApplicationServi - Clearing previous game
02:07:36.406 [JavaFX Application Thread] DEBUG GameScene            - Clearing game scene
02:07:36.406 [JavaFX Application Thread] DEBUG GameWorld            - Clearing game world
02:07:36.406 [JavaFX Application Thread] DEBUG PhysicsWorld         - Clearing physics world
02:07:36.408 [FXGL Background Thread 1 ] DEBUG FXGLApplication      - Initializing game
02:07:36.410 [FXGL Background Thread 1 ] DEBUG FXGLAssetLoaderServi - Loading from file system: file:/home/cato/IdeaProjects/simulador3/build/resources/main/assets/textures/lugar.png
02:07:36.458 [FXGL Background Thread 1 ] DEBUG FXGLAssetLoaderServi - Loading from file system: file:/home/cato/IdeaProjects/simulador3/build/resources/main/assets/music/restaurant.wav
02:07:36.559 [FXGL Background Thread 1 ] DEBUG AudioPlayer          - Playing music com.almasb.fxgl.audio.Music@342b4110
02:07:36.568 [FXGL Background Thread 1 ] DEBUG FXGLAssetLoaderServi - Loading from file system: file:/home/cato/IdeaProjects/simulador3/build/resources/main/assets/textures/mesero_frontal.png
02:07:36.575 [FXGL Background Thread 1 ] INFO  FXGLApplication      - Game initialization took: 0,167 sec
02:07:36.577 [JavaFX Application Thread] DEBUG Input                - Clearing active input actions
02:07:36.584 [JavaFX Application Thread] DEBUG GameApplicationServi - Removing overlay from FXGLLoadingScene and adding to GameScene
02:07:36.585 [JavaFX Application Thread] DEBUG PrimaryStageWindow   - FXGLLoadingScene -> GameScene
02:07:37.344 [FXGL Background Thread 2 ] INFO  UpdaterService       - Your current version:  17.2
02:07:37.344 [FXGL Background Thread 2 ] INFO  UpdaterService       - Latest stable version: 21.1
02:07:38.845 [Thread-67                ] DEBUG FXGLAssetLoaderServi - Loading from file system: file:/home/cato/IdeaProjects/simulador3/build/resources/main/assets/music/order.wav
02:07:38.852 [Thread-67                ] DEBUG AudioPlayer          - Playing music com.almasb.fxgl.audio.Music@117ba275
02:07:39.349 [FXGL Background Thread 3 ] DEBUG Engine               - Logging environment variables
02:07:39.350 [FXGL Background Thread 3 ] DEBUG Engine               - achievements: []
02:07:39.350 [FXGL Background Thread 3 ] DEBUG Engine               - actualHeight: 608.0
02:07:39.350 [FXGL Background Thread 3 ] DEBUG Engine               - actualHeightProperty: ReadOnlyDoubleProperty [value: 608.0]
02:07:39.351 [FXGL Background Thread 3 ] DEBUG Engine               - actualWidth: 798.0
02:07:39.351 [FXGL Background Thread 3 ] DEBUG Engine               - actualWidthProperty: ReadOnlyDoubleProperty [value: 798.0]
02:07:39.351 [FXGL Background Thread 3 ] DEBUG Engine               - appIcon: fxgl_icon.png
02:07:39.351 [FXGL Background Thread 3 ] DEBUG Engine               - applicationMode: DEVELOPER
02:07:39.351 [FXGL Background Thread 3 ] DEBUG Engine               - cSSList: [fxgl_dark.css]
02:07:39.351 [FXGL Background Thread 3 ] DEBUG Engine               - collisionDetectionStrategy: BRUTE_FORCE
02:07:39.351 [FXGL Background Thread 3 ] DEBUG Engine               - configClass: Optional.empty
02:07:39.351 [FXGL Background Thread 3 ] DEBUG Engine               - credits: []
02:07:39.352 [FXGL Background Thread 3 ] DEBUG Engine               - defaultCursor: CursorInfo(imageName=fxgl_default_cursor.png, hotspotX=7.0, hotspotY=6.0)
02:07:39.352 [FXGL Background Thread 3 ] DEBUG Engine               - devBBoxColorProperty: ObjectProperty [value: 0xff0000ff]
02:07:39.352 [FXGL Background Thread 3 ] DEBUG Engine               - devEnableDebugCameraProperty: BooleanProperty [value: false]
02:07:39.352 [FXGL Background Thread 3 ] DEBUG Engine               - devSensorColorProperty: ObjectProperty [value: 0xffff00ff]
02:07:39.352 [FXGL Background Thread 3 ] DEBUG Engine               - devShowBBoxProperty: BooleanProperty [value: false]
02:07:39.352 [FXGL Background Thread 3 ] DEBUG Engine               - devShowPositionProperty: BooleanProperty [value: false]
02:07:39.352 [FXGL Background Thread 3 ] DEBUG Engine               - enabledMenuItems: []
02:07:39.352 [FXGL Background Thread 3 ] DEBUG Engine               - engineServices: [class com.almasb.fxgl.app.services.FXGLAssetLoaderService, class com.almasb.fxgl.app.FXGLApplication$GameApplicationService, class com.almasb.fxgl.app.services.FXGLDialogService, class com.almasb.fxgl.app.services.IOTaskExecutorService, class com.almasb.fxgl.io.FileSystemService, class com.almasb.fxgl.localization.LocalizationService, class com.almasb.fxgl.app.services.SystemBundleService, class com.almasb.fxgl.profile.SaveLoadService, class com.almasb.fxgl.ui.FXGLUIFactoryServiceProvider, class com.almasb.fxgl.ui.FXGLDialogFactoryServiceProvider, class com.almasb.fxgl.audio.AudioPlayer, class com.almasb.fxgl.notification.impl.NotificationServiceProvider, class com.almasb.fxgl.achievement.AchievementService, class com.almasb.fxgl.cutscene.CutsceneService, class com.almasb.fxgl.minigames.MiniGameService, class com.almasb.fxgl.net.NetService, class com.almasb.fxgl.app.services.UpdaterService, class com.almasb.fxgl.dev.DevService]
02:07:39.352 [FXGL Background Thread 3 ] DEBUG Engine               - fontGame: Abel-Regular.ttf
02:07:39.352 [FXGL Background Thread 3 ] DEBUG Engine               - fontMono: TerminalLandMono-Regular.otf
02:07:39.353 [FXGL Background Thread 3 ] DEBUG Engine               - fontText: Courier-Prime.ttf
02:07:39.353 [FXGL Background Thread 3 ] DEBUG Engine               - fontUI: VarelaRound-Regular.ttf
02:07:39.353 [FXGL Background Thread 3 ] DEBUG Engine               - fullScreen: BooleanProperty [value: false]
02:07:39.353 [FXGL Background Thread 3 ] DEBUG Engine               - gameDifficulty: MEDIUM
02:07:39.353 [FXGL Background Thread 3 ] DEBUG Engine               - gameDifficultyProperty: ObjectProperty [value: MEDIUM]
02:07:39.353 [FXGL Background Thread 3 ] DEBUG Engine               - globalMusicVolume: 0.5
02:07:39.353 [FXGL Background Thread 3 ] DEBUG Engine               - globalMusicVolumeProperty: DoubleProperty [value: 0.5]
02:07:39.353 [FXGL Background Thread 3 ] DEBUG Engine               - globalSoundVolume: 0.5
02:07:39.353 [FXGL Background Thread 3 ] DEBUG Engine               - globalSoundVolumeProperty: DoubleProperty [value: 0.5]
02:07:39.353 [FXGL Background Thread 3 ] DEBUG Engine               - height: 600
02:07:39.353 [FXGL Background Thread 3 ] DEBUG Engine               - is3D: false
02:07:39.353 [FXGL Background Thread 3 ] DEBUG Engine               - isAndroid: false
02:07:39.353 [FXGL Background Thread 3 ] DEBUG Engine               - isBrowser: false
02:07:39.353 [FXGL Background Thread 3 ] DEBUG Engine               - isClickFeedbackEnabled: false
02:07:39.353 [FXGL Background Thread 3 ] DEBUG Engine               - isCloseConfirmation: false
02:07:39.353 [FXGL Background Thread 3 ] DEBUG Engine               - isDesktop: true
02:07:39.354 [FXGL Background Thread 3 ] DEBUG Engine               - isDeveloperMenuEnabled: false
02:07:39.354 [FXGL Background Thread 3 ] DEBUG Engine               - isEmbedded: false
02:07:39.354 [FXGL Background Thread 3 ] DEBUG Engine               - isEntityPreloadEnabled: true
02:07:39.354 [FXGL Background Thread 3 ] DEBUG Engine               - isExperimentalTiledLargeMap: false
02:07:39.354 [FXGL Background Thread 3 ] DEBUG Engine               - isFileSystemWriteAllowed: true
02:07:39.354 [FXGL Background Thread 3 ] DEBUG Engine               - isFullScreenAllowed: false
02:07:39.354 [FXGL Background Thread 3 ] DEBUG Engine               - isFullScreenFromStart: false
02:07:39.354 [FXGL Background Thread 3 ] DEBUG Engine               - isGameMenuEnabled: true
02:07:39.354 [FXGL Background Thread 3 ] DEBUG Engine               - isIOS: false
02:07:39.354 [FXGL Background Thread 3 ] DEBUG Engine               - isIntroEnabled: false
02:07:39.354 [FXGL Background Thread 3 ] DEBUG Engine               - isLinux: true
02:07:39.354 [FXGL Background Thread 3 ] DEBUG Engine               - isMac: false
02:07:39.355 [FXGL Background Thread 3 ] DEBUG Engine               - isMainMenuEnabled: false
02:07:39.355 [FXGL Background Thread 3 ] DEBUG Engine               - isManualResizeEnabled: false
02:07:39.355 [FXGL Background Thread 3 ] DEBUG Engine               - isMobile: false
02:07:39.355 [FXGL Background Thread 3 ] DEBUG Engine               - isNative: false
02:07:39.355 [FXGL Background Thread 3 ] DEBUG Engine               - isPauseMusicWhenMinimized: true
02:07:39.355 [FXGL Background Thread 3 ] DEBUG Engine               - isPreserveResizeRatio: false
02:07:39.355 [FXGL Background Thread 3 ] DEBUG Engine               - isProfilingEnabled: false
02:07:39.355 [FXGL Background Thread 3 ] DEBUG Engine               - isScaleAffectedOnResize: true
02:07:39.355 [FXGL Background Thread 3 ] DEBUG Engine               - isSingleStep: false
02:07:39.355 [FXGL Background Thread 3 ] DEBUG Engine               - isUserProfileEnabled: false
02:07:39.355 [FXGL Background Thread 3 ] DEBUG Engine               - isWindows: false
02:07:39.355 [FXGL Background Thread 3 ] DEBUG Engine               - language: ObjectProperty [value: ENGLISH]
02:07:39.355 [FXGL Background Thread 3 ] DEBUG Engine               - menuKey: ESCAPE
02:07:39.355 [FXGL Background Thread 3 ] DEBUG Engine               - mouseSensitivity: 0.2
02:07:39.356 [FXGL Background Thread 3 ] DEBUG Engine               - notificationViewClass: class com.almasb.fxgl.notification.view.XboxNotificationView
02:07:39.356 [FXGL Background Thread 3 ] DEBUG Engine               - pixelsPerMeter: 50.0
02:07:39.356 [FXGL Background Thread 3 ] DEBUG Engine               - platform: LINUX
02:07:39.356 [FXGL Background Thread 3 ] DEBUG Engine               - prefHeightProperty: ReadOnlyDoubleProperty [value: 600.0]
02:07:39.356 [FXGL Background Thread 3 ] DEBUG Engine               - prefWidthProperty: ReadOnlyDoubleProperty [value: 800.0]
02:07:39.356 [FXGL Background Thread 3 ] DEBUG Engine               - profileDir: profiles/
02:07:39.356 [FXGL Background Thread 3 ] DEBUG Engine               - profileName: StringProperty [value: DEFAULT]
02:07:39.356 [FXGL Background Thread 3 ] DEBUG Engine               - randomSeed: -1
02:07:39.356 [FXGL Background Thread 3 ] DEBUG Engine               - runtimeInfo: RuntimeInfo(platform=LINUX, version=17.2, build=20.08.2022 16.50)
02:07:39.356 [FXGL Background Thread 3 ] DEBUG Engine               - saveFileExt: sav
02:07:39.356 [FXGL Background Thread 3 ] DEBUG Engine               - scaledHeightProp$fxgl: DoubleProperty [bound, value: 608.0]
02:07:39.357 [FXGL Background Thread 3 ] DEBUG Engine               - scaledWidthProp$fxgl: DoubleProperty [bound, value: 798.0]
02:07:39.357 [FXGL Background Thread 3 ] DEBUG Engine               - sceneFactory: com.almasb.fxgl.app.scene.SceneFactory@7281afa9
02:07:39.357 [FXGL Background Thread 3 ] DEBUG Engine               - secondsIn24h: 60
02:07:39.357 [FXGL Background Thread 3 ] DEBUG Engine               - soundMenuBack: menu/back.wav
02:07:39.357 [FXGL Background Thread 3 ] DEBUG Engine               - soundMenuPress: menu/press.wav
02:07:39.357 [FXGL Background Thread 3 ] DEBUG Engine               - soundMenuSelect: menu/select.wav
02:07:39.357 [FXGL Background Thread 3 ] DEBUG Engine               - soundNotification: core/notification.wav
02:07:39.357 [FXGL Background Thread 3 ] DEBUG Engine               - stageStyle: DECORATED
02:07:39.357 [FXGL Background Thread 3 ] DEBUG Engine               - supportedLanguages: [ENGLISH, FRENCH, GERMAN, HUNGARIAN, RUSSIAN]
02:07:39.357 [FXGL Background Thread 3 ] DEBUG Engine               - ticksPerSecond: -1
02:07:39.357 [FXGL Background Thread 3 ] DEBUG Engine               - title: Untitled
02:07:39.357 [FXGL Background Thread 3 ] DEBUG Engine               - urlGithub: https://github.com/AlmasB/FXGL
02:07:39.357 [FXGL Background Thread 3 ] DEBUG Engine               - urlLeaderboard: http://fxgl-top.herokuapp.com/
02:07:39.357 [FXGL Background Thread 3 ] DEBUG Engine               - urlPOM: https://raw.githubusercontent.com/AlmasB/FXGL/release/README.md
02:07:39.357 [FXGL Background Thread 3 ] DEBUG Engine               - userAppClass: class org.example.Main
02:07:39.357 [FXGL Background Thread 3 ] DEBUG Engine               - version: 0.0
02:07:39.357 [FXGL Background Thread 3 ] DEBUG Engine               - versionCheckDays: 7
02:07:39.358 [FXGL Background Thread 3 ] DEBUG Engine               - width: 800
02:07:39.358 [FXGL Background Thread 3 ] DEBUG Engine               - Logging services
02:07:39.358 [FXGL Background Thread 3 ] DEBUG Engine               - class com.almasb.fxgl.app.services.FXGLAssetLoaderService
02:07:39.358 [FXGL Background Thread 3 ] DEBUG Engine               - class com.almasb.fxgl.app.FXGLApplication$GameApplicationService
02:07:39.358 [FXGL Background Thread 3 ] DEBUG Engine               - class com.almasb.fxgl.app.services.FXGLDialogService
02:07:39.358 [FXGL Background Thread 3 ] DEBUG Engine               - class com.almasb.fxgl.app.services.IOTaskExecutorService
02:07:39.358 [FXGL Background Thread 3 ] DEBUG Engine               - class com.almasb.fxgl.io.FileSystemService
02:07:39.358 [FXGL Background Thread 3 ] DEBUG Engine               - class com.almasb.fxgl.localization.LocalizationService
02:07:39.358 [FXGL Background Thread 3 ] DEBUG Engine               - class com.almasb.fxgl.app.services.SystemBundleService
02:07:39.358 [FXGL Background Thread 3 ] DEBUG Engine               - class com.almasb.fxgl.profile.SaveLoadService
02:07:39.358 [FXGL Background Thread 3 ] DEBUG Engine               - class com.almasb.fxgl.ui.FXGLUIFactoryServiceProvider
02:07:39.358 [FXGL Background Thread 3 ] DEBUG Engine               - class com.almasb.fxgl.ui.FXGLDialogFactoryServiceProvider
02:07:39.358 [FXGL Background Thread 3 ] DEBUG Engine               - class com.almasb.fxgl.audio.AudioPlayer
02:07:39.358 [FXGL Background Thread 3 ] DEBUG Engine               - class com.almasb.fxgl.notification.impl.NotificationServiceProvider
02:07:39.358 [FXGL Background Thread 3 ] DEBUG Engine               - class com.almasb.fxgl.achievement.AchievementService
02:07:39.358 [FXGL Background Thread 3 ] DEBUG Engine               - class com.almasb.fxgl.cutscene.CutsceneService
02:07:39.358 [FXGL Background Thread 3 ] DEBUG Engine               - class com.almasb.fxgl.minigames.MiniGameService
02:07:39.358 [FXGL Background Thread 3 ] DEBUG Engine               - class com.almasb.fxgl.net.NetService
02:07:39.358 [FXGL Background Thread 3 ] DEBUG Engine               - class com.almasb.fxgl.app.services.UpdaterService
02:07:39.358 [FXGL Background Thread 3 ] DEBUG Engine               - class com.almasb.fxgl.dev.DevService
02:07:39.875 [Thread-66                ] DEBUG AudioPlayer          - Playing music com.almasb.fxgl.audio.Music@117ba275
02:07:47.397 [Thread-67                ] DEBUG AudioPlayer          - Playing music com.almasb.fxgl.audio.Music@117ba275
02:07:50.481 [Thread-66                ] DEBUG AudioPlayer          - Playing music com.almasb.fxgl.audio.Music@117ba275
02:07:51.982 [JavaFX Application Thread] DEBUG AudioPlayer          - Pausing music com.almasb.fxgl.audio.Music@342b4110
02:07:52.011 [JavaFX Application Thread] DEBUG AudioPlayer          - Pausing music com.almasb.fxgl.audio.Music@117ba275
02:07:52.011 [JavaFX Application Thread] DEBUG LoopRunner           - Pausing loop
02:07:56.853 [Thread-67                ] DEBUG AudioPlayer          - Playing music com.almasb.fxgl.audio.Music@117ba275
02:07:59.103 [Thread-66                ] DEBUG AudioPlayer          - Playing music com.almasb.fxgl.audio.Music@117ba275
02:08:03.130 [Thread-67                ] DEBUG AudioPlayer          - Playing music com.almasb.fxgl.audio.Music@117ba275
02:08:08.024 [Thread-66                ] DEBUG AudioPlayer          - Playing music com.almasb.fxgl.audio.Music@117ba275
02:08:09.412 [Thread-67                ] DEBUG AudioPlayer          - Playing music com.almasb.fxgl.audio.Music@117ba275
02:08:15.687 [Thread-67                ] DEBUG AudioPlayer          - Playing music com.almasb.fxgl.audio.Music@117ba275
02:08:16.637 [Thread-66                ] DEBUG AudioPlayer          - Playing music com.almasb.fxgl.audio.Music@117ba275
02:08:23.193 [Thread-67                ] DEBUG AudioPlayer          - Playing music com.almasb.fxgl.audio.Music@117ba275
02:08:23.945 [Thread-66                ] DEBUG AudioPlayer          - Playing music com.almasb.fxgl.audio.Music@117ba275
02:08:29.466 [Thread-67                ] DEBUG AudioPlayer          - Playing music com.almasb.fxgl.audio.Music@117ba275
02:08:32.568 [Thread-66                ] DEBUG AudioPlayer          - Playing music com.almasb.fxgl.audio.Music@117ba275
02:08:36.646 [Thread-67                ] DEBUG AudioPlayer          - Playing music com.almasb.fxgl.audio.Music@117ba275
02:08:36.721 [JavaFX Application Thread] DEBUG LoopRunner           - Resuming loop
02:08:36.721 [JavaFX Application Thread] DEBUG AudioPlayer          - Resuming music com.almasb.fxgl.audio.Music@342b4110
02:08:36.721 [JavaFX Application Thread] DEBUG AudioPlayer          - Resuming music com.almasb.fxgl.audio.Music@117ba275
02:08:42.852 [Thread-66                ] DEBUG AudioPlayer          - Playing music com.almasb.fxgl.audio.Music@117ba275
02:08:43.596 [JavaFX Application Thread] DEBUG AudioPlayer          - Pausing music com.almasb.fxgl.audio.Music@342b4110
02:08:43.614 [JavaFX Application Thread] DEBUG AudioPlayer          - Pausing music com.almasb.fxgl.audio.Music@117ba275
02:08:43.614 [JavaFX Application Thread] DEBUG LoopRunner           - Pausing loop
02:08:46.997 [Thread-67                ] DEBUG AudioPlayer          - Playing music com.almasb.fxgl.audio.Music@117ba275
02:08:49.837 [Thread-66                ] DEBUG AudioPlayer          - Playing music com.almasb.fxgl.audio.Music@117ba275
02:08:53.274 [Thread-67                ] DEBUG AudioPlayer          - Playing music com.almasb.fxgl.audio.Music@117ba275
02:08:55.542 [JavaFX Application Thread] DEBUG LoopRunner           - Resuming loop
02:08:55.542 [JavaFX Application Thread] DEBUG AudioPlayer          - Resuming music com.almasb.fxgl.audio.Music@342b4110
02:08:55.543 [JavaFX Application Thread] DEBUG AudioPlayer          - Resuming music com.almasb.fxgl.audio.Music@117ba275
02:08:58.885 [Thread-66                ] DEBUG AudioPlayer          - Playing music com.almasb.fxgl.audio.Music@117ba275
02:09:00.770 [Thread-67                ] DEBUG AudioPlayer          - Playing music com.almasb.fxgl.audio.Music@117ba275
02:09:08.254 [Thread-66                ] DEBUG AudioPlayer          - Playing music com.almasb.fxgl.audio.Music@117ba275
02:09:10.540 [Thread-67                ] DEBUG AudioPlayer          - Playing music com.almasb.fxgl.audio.Music@117ba275
02:09:17.618 [Thread-66                ] DEBUG AudioPlayer          - Playing music com.almasb.fxgl.audio.Music@117ba275
02:09:18.424 [JavaFX Application Thread] DEBUG FXGLApplication      - Exiting FXGL
02:09:18.424 [JavaFX Application Thread] DEBUG LoopRunner           - Stopping loop
02:09:18.424 [JavaFX Application Thread] DEBUG SystemBundleService  - Saving FXGL system data
02:09:18.426 [JavaFX Application Thread] DEBUG FileSystemAccess     - Writing to: /home/cato/IdeaProjects/simulador3/system/fxgl.bundle
02:09:18.430 [JavaFX Application Thread] DEBUG Async                - Shutting down background threads
02:09:18.430 [JavaFX Application Thread] DEBUG PrimaryStageWindow   - Closing main window
02:09:18.432 [JavaFX Application Thread] DEBUG Logger               - Closing Logger
