12:43:56.197 [main                     ] DEBUG Logger               - Configured Logger
12:43:56.220 [main                     ] DEBUG GameApplication      - Logging settings
Title: Untitled
Version: 0.0
Width: 800
Height: 600
Fullscreen: false
Intro: false
Profiling: false
Single step:false
App Mode: DEVELOPER
Menu Key: ESCAPE
Stage Style: DECORATED
Scene Factory: class com.almasb.fxgl.app.scene.SceneFactory

12:43:56.561 [JavaFX Application Thread] DEBUG FXGLApplication      - Initializing FXGL
12:43:56.565 [JavaFX Application Thread] INFO  Engine               - FXGL-17.2 (20.08.2022 16.50) on LINUX (J:21.0.5 FX:20)
12:43:56.565 [JavaFX Application Thread] DEBUG Engine               - JRE Vendor Name: Ubuntu
12:43:56.565 [JavaFX Application Thread] DEBUG Engine               - Running on OS: Linux version 6.8.0-49-generic
12:43:56.565 [JavaFX Application Thread] DEBUG Engine               - Architecture: amd64
12:43:56.566 [JavaFX Application Thread] INFO  Engine               - Source code and latest versions at: https://github.com/AlmasB/FXGL
12:43:56.566 [JavaFX Application Thread] INFO  Engine               -       Ask questions and discuss at: https://github.com/AlmasB/FXGL/discussions
12:43:56.566 [JavaFX Application Thread] INFO  Engine               -              Join the FXGL chat at: https://gitter.im/AlmasB/FXGL
12:43:56.660 [JavaFX Application Thread] DEBUG PrimaryStageWindow   - Creating a JavaFX scene
12:43:56.751 [JavaFX Application Thread] DEBUG PrimaryStageWindow   - Target settings size: 800.0 x 600.0
12:43:56.752 [JavaFX Application Thread] DEBUG PrimaryStageWindow   - Scaled scene size:    800.0 x 600.0
12:43:56.752 [JavaFX Application Thread] DEBUG PrimaryStageWindow   - Scaled ratio: (1.0, 1.0)
12:43:56.753 [JavaFX Application Thread] DEBUG PrimaryStageWindow   - Set initial scene to FXGLStartupScene
12:43:56.755 [JavaFX Application Thread] DEBUG PrimaryStageWindow   - Opening main window
12:43:56.793 [JavaFX Application Thread] DEBUG PrimaryStageWindow   - Window border size: (2.0, 29.0)
12:43:56.793 [JavaFX Application Thread] DEBUG PrimaryStageWindow   - Scaled size: 800.0 x 600.0
12:43:56.794 [JavaFX Application Thread] DEBUG PrimaryStageWindow   - Scaled ratio: (1.0, 1.0)
12:43:56.794 [JavaFX Application Thread] DEBUG PrimaryStageWindow   - Scene size: 800.0 x 600.0
12:43:56.794 [JavaFX Application Thread] DEBUG PrimaryStageWindow   - Stage size: 802.0 x 629.0
12:43:56.802 [FXGL Background Thread 1 ] DEBUG Engine               - Initializing environment variables
12:43:56.846 [FXGL Background Thread 1 ] DEBUG FXGLAssetLoaderServi - User app class for loading assets: class org.example.Main
12:43:56.846 [FXGL Background Thread 1 ] DEBUG GameApplicationServi - Applying CSS: fxgl_dark.css
12:43:56.847 [FXGL Background Thread 1 ] DEBUG FXGLAssetLoaderServi - Loading from file system: jar:file:/home/cato/.gradle/caches/modules-2/files-2.1/com.github.almasb/fxgl/17.2/35db6ae960eec2dcfd19262d3b7f9c42f0e95bc3/fxgl-17.2.jar!/fxglassets/ui/css/fxgl_dark.css
12:43:56.890 [FXGL Background Thread 1 ] DEBUG GameApplicationServi - Initializing application scenes
12:43:56.938 [FXGL Background Thread 1 ] DEBUG GameWorld            - Game world initialized
12:43:56.981 [FXGL Background Thread 1 ] DEBUG PhysicsWorld         - Physics world initialized: appHeight=600, physics.ppm=50,0
12:43:56.981 [FXGL Background Thread 1 ] DEBUG PhysicsWorld         - Using strategy: BRUTE_FORCE
12:43:56.985 [FXGL Background Thread 1 ] DEBUG GameScene            - Game scene initialized: 800x600
12:43:56.996 [FXGL Background Thread 1 ] DEBUG FXGL.DefaultMenu     - createMenuBodyGameMenu()
12:43:57.009 [FXGL Background Thread 1 ] DEBUG FXGL.DefaultMenu     - createOptionsMenu()
12:43:57.020 [FXGL Background Thread 1 ] DEBUG FXGLAssetLoaderServi - Loading from file system: jar:file:/home/cato/.gradle/caches/modules-2/files-2.1/com.github.almasb/fxgl/17.2/35db6ae960eec2dcfd19262d3b7f9c42f0e95bc3/fxgl-17.2.jar!/fxglassets/textures/particles/smoke.png
12:43:57.101 [FXGL Background Thread 1 ] DEBUG FXGLAssetLoaderServi - Loading from file system: jar:file:/home/cato/.gradle/caches/modules-2/files-2.1/com.github.almasb/fxgl/17.2/35db6ae960eec2dcfd19262d3b7f9c42f0e95bc3/fxgl-17.2.jar!/fxglassets/textures/particles/trace_horizontal.png
12:43:57.124 [FXGL Background Thread 1 ] DEBUG GameApplicationServi - Application scenes initialized
12:43:57.140 [FXGL Background Thread 1 ] DEBUG SystemBundleService  - Loading FXGL system data
12:43:57.145 [FXGL Background Thread 1 ] DEBUG FileSystemAccess     - Reading from: /home/cato/IdeaProjects/simulador3/system/fxgl.bundle
12:43:57.155 [FXGL Background Thread 1 ] DEBUG SystemBundleService  - Bundle FXGL: {}
12:43:57.155 [FXGL Background Thread 1 ] DEBUG UpdaterService       - Checking for updates
12:43:57.160 [FXGL Background Thread 4 ] DEBUG FXGLApplication      - Loading fonts
12:43:57.161 [FXGL Background Thread 4 ] DEBUG FXGLAssetLoaderServi - Loading from file system: jar:file:/home/cato/.gradle/caches/modules-2/files-2.1/com.github.almasb/fxgl/17.2/35db6ae960eec2dcfd19262d3b7f9c42f0e95bc3/fxgl-17.2.jar!/fxglassets/ui/fonts/VarelaRound-Regular.ttf
12:43:57.162 [FXGL Background Thread 1 ] DEBUG FXGLApplication      - Loading default localization
12:43:57.163 [FXGL Background Thread 1 ] DEBUG FXGLAssetLoaderServi - Loading from file system: jar:file:/home/cato/.gradle/caches/modules-2/files-2.1/com.github.almasb/fxgl/17.2/35db6ae960eec2dcfd19262d3b7f9c42f0e95bc3/fxgl-17.2.jar!/fxglassets/languages/english.lang
12:43:57.171 [FXGL Background Thread 4 ] DEBUG FXGLAssetLoaderServi - Loading from file system: jar:file:/home/cato/.gradle/caches/modules-2/files-2.1/com.github.almasb/fxgl/17.2/35db6ae960eec2dcfd19262d3b7f9c42f0e95bc3/fxgl-17.2.jar!/fxglassets/ui/fonts/Abel-Regular.ttf
12:43:57.173 [FXGL Background Thread 4 ] DEBUG FXGLAssetLoaderServi - Loading from file system: jar:file:/home/cato/.gradle/caches/modules-2/files-2.1/com.github.almasb/fxgl/17.2/35db6ae960eec2dcfd19262d3b7f9c42f0e95bc3/fxgl-17.2.jar!/fxglassets/ui/fonts/TerminalLandMono-Regular.otf
12:43:57.175 [FXGL Background Thread 4 ] DEBUG FXGLAssetLoaderServi - Loading from file system: jar:file:/home/cato/.gradle/caches/modules-2/files-2.1/com.github.almasb/fxgl/17.2/35db6ae960eec2dcfd19262d3b7f9c42f0e95bc3/fxgl-17.2.jar!/fxglassets/ui/fonts/Courier-Prime.ttf
12:43:57.179 [JavaFX Application Thread] DEBUG FXGLApplication      - Registering font factories with UI factory
12:43:57.181 [FXGL Background Thread 1 ] INFO  FXGLApplication      - FXGL initialization took: 0,379 sec
12:43:57.183 [JavaFX Application Thread] DEBUG FXGLAssetLoaderServi - Loading from file system: jar:file:/home/cato/.gradle/caches/modules-2/files-2.1/com.github.almasb/fxgl/17.2/35db6ae960eec2dcfd19262d3b7f9c42f0e95bc3/fxgl-17.2.jar!/fxglassets/textures/fxgl_icon.png
12:43:57.201 [JavaFX Application Thread] DEBUG FXGLAssetLoaderServi - Loading from file system: jar:file:/home/cato/.gradle/caches/modules-2/files-2.1/com.github.almasb/fxgl/17.2/35db6ae960eec2dcfd19262d3b7f9c42f0e95bc3/fxgl-17.2.jar!/fxglassets/textures/fxgl_default_cursor.png
12:43:57.210 [JavaFX Application Thread] DEBUG Input                - Registered new binding: Screenshot - CTRL+8
12:43:57.210 [JavaFX Application Thread] DEBUG Input                - Registered new binding: System info dump - CTRL+9
12:43:57.211 [JavaFX Application Thread] DEBUG Input                - Registered new binding: Restart - CTRL+R
12:43:57.211 [JavaFX Application Thread] DEBUG Input                - Registered new binding: Toggle Debug Camera - CTRL+7
12:43:57.212 [JavaFX Application Thread] DEBUG LoopRunner           - Starting loop
12:43:57.212 [JavaFX Application Thread] DEBUG LoopRunner           - Initializing JavaFX AnimationTimerLoop
12:43:57.213 [JavaFX Application Thread] DEBUG GameApplicationServi - Starting new game
12:43:57.213 [JavaFX Application Thread] DEBUG Input                - Clearing active input actions
12:43:57.221 [JavaFX Application Thread] DEBUG GameApplicationServi - Removing overlay from FXGLStartupScene and adding to FXGLLoadingScene
12:43:57.222 [JavaFX Application Thread] DEBUG PrimaryStageWindow   - FXGLStartupScene -> FXGLLoadingScene
12:43:57.222 [JavaFX Application Thread] DEBUG GameApplicationServi - Clearing previous game
12:43:57.222 [JavaFX Application Thread] DEBUG GameScene            - Clearing game scene
12:43:57.222 [JavaFX Application Thread] DEBUG GameWorld            - Clearing game world
12:43:57.222 [JavaFX Application Thread] DEBUG PhysicsWorld         - Clearing physics world
12:43:57.224 [FXGL Background Thread 1 ] DEBUG FXGLApplication      - Initializing game
12:43:57.226 [FXGL Background Thread 1 ] DEBUG FXGLAssetLoaderServi - Loading from file system: file:/home/cato/IdeaProjects/simulador3/build/resources/main/assets/textures/lugar.png
12:43:57.263 [FXGL Background Thread 1 ] DEBUG FXGLAssetLoaderServi - Loading from file system: file:/home/cato/IdeaProjects/simulador3/build/resources/main/assets/music/restaurant.wav
12:43:57.384 [FXGL Background Thread 1 ] DEBUG AudioPlayer          - Playing music com.almasb.fxgl.audio.Music@100b13ee
12:43:57.396 [FXGL Background Thread 1 ] DEBUG FXGLAssetLoaderServi - Loading from file system: file:/home/cato/IdeaProjects/simulador3/build/resources/main/assets/textures/mesero_frontal.png
12:43:57.401 [FXGL Background Thread 1 ] DEBUG FXGLAssetLoaderServi - Loading from file system: file:/home/cato/IdeaProjects/simulador3/build/resources/main/assets/music/order.wav
12:43:57.466 [FXGL Background Thread 1 ] DEBUG FXGLAssetLoaderServi - Loading from file system: file:/home/cato/IdeaProjects/simulador3/build/resources/main/assets/textures/chef.png
12:43:57.470 [FXGL Background Thread 1 ] DEBUG FXGLAssetLoaderServi - Loading from file system: file:/home/cato/IdeaProjects/simulador3/build/resources/main/assets/music/cooking.wav
12:43:57.479 [FXGL Background Thread 1 ] INFO  FXGLApplication      - Game initialization took: 0,255 sec
12:43:57.479 [JavaFX Application Thread] DEBUG Input                - Clearing active input actions
12:43:57.487 [JavaFX Application Thread] DEBUG GameApplicationServi - Removing overlay from FXGLLoadingScene and adding to GameScene
12:43:57.488 [JavaFX Application Thread] DEBUG PrimaryStageWindow   - FXGLLoadingScene -> GameScene
12:43:57.569 [JavaFX Application Thread] DEBUG FXGLAssetLoaderServi - Loading from file system: file:/home/cato/IdeaProjects/simulador3/build/resources/main/assets/textures/client.png
12:43:58.409 [FXGL Background Thread 2 ] INFO  UpdaterService       - Your current version:  17.2
12:43:58.409 [FXGL Background Thread 2 ] INFO  UpdaterService       - Latest stable version: 21.1
12:44:00.158 [FXGL Background Thread 3 ] DEBUG Engine               - Logging environment variables
12:44:00.159 [FXGL Background Thread 3 ] DEBUG Engine               - achievements: []
12:44:00.159 [FXGL Background Thread 3 ] DEBUG Engine               - actualHeight: 608.0
12:44:00.160 [FXGL Background Thread 3 ] DEBUG Engine               - actualHeightProperty: ReadOnlyDoubleProperty [value: 608.0]
12:44:00.160 [FXGL Background Thread 3 ] DEBUG Engine               - actualWidth: 798.0
12:44:00.160 [FXGL Background Thread 3 ] DEBUG Engine               - actualWidthProperty: ReadOnlyDoubleProperty [value: 798.0]
12:44:00.160 [FXGL Background Thread 3 ] DEBUG Engine               - appIcon: fxgl_icon.png
12:44:00.160 [FXGL Background Thread 3 ] DEBUG Engine               - applicationMode: DEVELOPER
12:44:00.160 [FXGL Background Thread 3 ] DEBUG Engine               - cSSList: [fxgl_dark.css]
12:44:00.160 [FXGL Background Thread 3 ] DEBUG Engine               - collisionDetectionStrategy: BRUTE_FORCE
12:44:00.161 [FXGL Background Thread 3 ] DEBUG Engine               - configClass: Optional.empty
12:44:00.161 [FXGL Background Thread 3 ] DEBUG Engine               - credits: []
12:44:00.161 [FXGL Background Thread 3 ] DEBUG Engine               - defaultCursor: CursorInfo(imageName=fxgl_default_cursor.png, hotspotX=7.0, hotspotY=6.0)
12:44:00.162 [FXGL Background Thread 3 ] DEBUG Engine               - devBBoxColorProperty: ObjectProperty [value: 0xff0000ff]
12:44:00.162 [FXGL Background Thread 3 ] DEBUG Engine               - devEnableDebugCameraProperty: BooleanProperty [value: false]
12:44:00.162 [FXGL Background Thread 3 ] DEBUG Engine               - devSensorColorProperty: ObjectProperty [value: 0xffff00ff]
12:44:00.162 [FXGL Background Thread 3 ] DEBUG Engine               - devShowBBoxProperty: BooleanProperty [value: false]
12:44:00.162 [FXGL Background Thread 3 ] DEBUG Engine               - devShowPositionProperty: BooleanProperty [value: false]
12:44:00.162 [FXGL Background Thread 3 ] DEBUG Engine               - enabledMenuItems: []
12:44:00.162 [FXGL Background Thread 3 ] DEBUG Engine               - engineServices: [class com.almasb.fxgl.app.services.FXGLAssetLoaderService, class com.almasb.fxgl.app.FXGLApplication$GameApplicationService, class com.almasb.fxgl.app.services.FXGLDialogService, class com.almasb.fxgl.app.services.IOTaskExecutorService, class com.almasb.fxgl.io.FileSystemService, class com.almasb.fxgl.localization.LocalizationService, class com.almasb.fxgl.app.services.SystemBundleService, class com.almasb.fxgl.profile.SaveLoadService, class com.almasb.fxgl.ui.FXGLUIFactoryServiceProvider, class com.almasb.fxgl.ui.FXGLDialogFactoryServiceProvider, class com.almasb.fxgl.audio.AudioPlayer, class com.almasb.fxgl.notification.impl.NotificationServiceProvider, class com.almasb.fxgl.achievement.AchievementService, class com.almasb.fxgl.cutscene.CutsceneService, class com.almasb.fxgl.minigames.MiniGameService, class com.almasb.fxgl.net.NetService, class com.almasb.fxgl.app.services.UpdaterService, class com.almasb.fxgl.dev.DevService]
12:44:00.163 [FXGL Background Thread 3 ] DEBUG Engine               - fontGame: Abel-Regular.ttf
12:44:00.163 [FXGL Background Thread 3 ] DEBUG Engine               - fontMono: TerminalLandMono-Regular.otf
12:44:00.163 [FXGL Background Thread 3 ] DEBUG Engine               - fontText: Courier-Prime.ttf
12:44:00.163 [FXGL Background Thread 3 ] DEBUG Engine               - fontUI: VarelaRound-Regular.ttf
12:44:00.163 [FXGL Background Thread 3 ] DEBUG Engine               - fullScreen: BooleanProperty [value: false]
12:44:00.163 [FXGL Background Thread 3 ] DEBUG Engine               - gameDifficulty: MEDIUM
12:44:00.163 [FXGL Background Thread 3 ] DEBUG Engine               - gameDifficultyProperty: ObjectProperty [value: MEDIUM]
12:44:00.164 [FXGL Background Thread 3 ] DEBUG Engine               - globalMusicVolume: 0.5
12:44:00.164 [FXGL Background Thread 3 ] DEBUG Engine               - globalMusicVolumeProperty: DoubleProperty [value: 0.5]
12:44:00.164 [FXGL Background Thread 3 ] DEBUG Engine               - globalSoundVolume: 0.5
12:44:00.164 [FXGL Background Thread 3 ] DEBUG Engine               - globalSoundVolumeProperty: DoubleProperty [value: 0.5]
12:44:00.164 [FXGL Background Thread 3 ] DEBUG Engine               - height: 600
12:44:00.164 [FXGL Background Thread 3 ] DEBUG Engine               - is3D: false
12:44:00.164 [FXGL Background Thread 3 ] DEBUG Engine               - isAndroid: false
12:44:00.164 [FXGL Background Thread 3 ] DEBUG Engine               - isBrowser: false
12:44:00.165 [FXGL Background Thread 3 ] DEBUG Engine               - isClickFeedbackEnabled: false
12:44:00.165 [FXGL Background Thread 3 ] DEBUG Engine               - isCloseConfirmation: false
12:44:00.165 [FXGL Background Thread 3 ] DEBUG Engine               - isDesktop: true
12:44:00.165 [FXGL Background Thread 3 ] DEBUG Engine               - isDeveloperMenuEnabled: false
12:44:00.165 [FXGL Background Thread 3 ] DEBUG Engine               - isEmbedded: false
12:44:00.165 [FXGL Background Thread 3 ] DEBUG Engine               - isEntityPreloadEnabled: true
12:44:00.165 [FXGL Background Thread 3 ] DEBUG Engine               - isExperimentalTiledLargeMap: false
12:44:00.165 [FXGL Background Thread 3 ] DEBUG Engine               - isFileSystemWriteAllowed: true
12:44:00.165 [FXGL Background Thread 3 ] DEBUG Engine               - isFullScreenAllowed: false
12:44:00.166 [FXGL Background Thread 3 ] DEBUG Engine               - isFullScreenFromStart: false
12:44:00.166 [FXGL Background Thread 3 ] DEBUG Engine               - isGameMenuEnabled: true
12:44:00.166 [FXGL Background Thread 3 ] DEBUG Engine               - isIOS: false
12:44:00.166 [FXGL Background Thread 3 ] DEBUG Engine               - isIntroEnabled: false
12:44:00.166 [FXGL Background Thread 3 ] DEBUG Engine               - isLinux: true
12:44:00.166 [FXGL Background Thread 3 ] DEBUG Engine               - isMac: false
12:44:00.166 [FXGL Background Thread 3 ] DEBUG Engine               - isMainMenuEnabled: false
12:44:00.167 [FXGL Background Thread 3 ] DEBUG Engine               - isManualResizeEnabled: false
12:44:00.167 [FXGL Background Thread 3 ] DEBUG Engine               - isMobile: false
12:44:00.167 [FXGL Background Thread 3 ] DEBUG Engine               - isNative: false
12:44:00.167 [FXGL Background Thread 3 ] DEBUG Engine               - isPauseMusicWhenMinimized: true
12:44:00.167 [FXGL Background Thread 3 ] DEBUG Engine               - isPreserveResizeRatio: false
12:44:00.167 [FXGL Background Thread 3 ] DEBUG Engine               - isProfilingEnabled: false
12:44:00.167 [FXGL Background Thread 3 ] DEBUG Engine               - isScaleAffectedOnResize: true
12:44:00.167 [FXGL Background Thread 3 ] DEBUG Engine               - isSingleStep: false
12:44:00.167 [FXGL Background Thread 3 ] DEBUG Engine               - isUserProfileEnabled: false
12:44:00.168 [FXGL Background Thread 3 ] DEBUG Engine               - isWindows: false
12:44:00.168 [FXGL Background Thread 3 ] DEBUG Engine               - language: ObjectProperty [value: ENGLISH]
12:44:00.168 [FXGL Background Thread 3 ] DEBUG Engine               - menuKey: ESCAPE
12:44:00.168 [FXGL Background Thread 3 ] DEBUG Engine               - mouseSensitivity: 0.2
12:44:00.168 [FXGL Background Thread 3 ] DEBUG Engine               - notificationViewClass: class com.almasb.fxgl.notification.view.XboxNotificationView
12:44:00.168 [FXGL Background Thread 3 ] DEBUG Engine               - pixelsPerMeter: 50.0
12:44:00.168 [FXGL Background Thread 3 ] DEBUG Engine               - platform: LINUX
12:44:00.168 [FXGL Background Thread 3 ] DEBUG Engine               - prefHeightProperty: ReadOnlyDoubleProperty [value: 600.0]
12:44:00.168 [FXGL Background Thread 3 ] DEBUG Engine               - prefWidthProperty: ReadOnlyDoubleProperty [value: 800.0]
12:44:00.169 [FXGL Background Thread 3 ] DEBUG Engine               - profileDir: profiles/
12:44:00.169 [FXGL Background Thread 3 ] DEBUG Engine               - profileName: StringProperty [value: DEFAULT]
12:44:00.169 [FXGL Background Thread 3 ] DEBUG Engine               - randomSeed: -1
12:44:00.169 [FXGL Background Thread 3 ] DEBUG Engine               - runtimeInfo: RuntimeInfo(platform=LINUX, version=17.2, build=20.08.2022 16.50)
12:44:00.169 [FXGL Background Thread 3 ] DEBUG Engine               - saveFileExt: sav
12:44:00.170 [FXGL Background Thread 3 ] DEBUG Engine               - scaledHeightProp$fxgl: DoubleProperty [bound, value: 608.0]
12:44:00.170 [FXGL Background Thread 3 ] DEBUG Engine               - scaledWidthProp$fxgl: DoubleProperty [bound, value: 798.0]
12:44:00.170 [FXGL Background Thread 3 ] DEBUG Engine               - sceneFactory: com.almasb.fxgl.app.scene.SceneFactory@131c119
12:44:00.170 [FXGL Background Thread 3 ] DEBUG Engine               - secondsIn24h: 60
12:44:00.170 [FXGL Background Thread 3 ] DEBUG Engine               - soundMenuBack: menu/back.wav
12:44:00.170 [FXGL Background Thread 3 ] DEBUG Engine               - soundMenuPress: menu/press.wav
12:44:00.170 [FXGL Background Thread 3 ] DEBUG Engine               - soundMenuSelect: menu/select.wav
12:44:00.170 [FXGL Background Thread 3 ] DEBUG Engine               - soundNotification: core/notification.wav
12:44:00.170 [FXGL Background Thread 3 ] DEBUG Engine               - stageStyle: DECORATED
12:44:00.170 [FXGL Background Thread 3 ] DEBUG Engine               - supportedLanguages: [ENGLISH, FRENCH, GERMAN, HUNGARIAN, RUSSIAN]
12:44:00.170 [FXGL Background Thread 3 ] DEBUG Engine               - ticksPerSecond: -1
12:44:00.171 [FXGL Background Thread 3 ] DEBUG Engine               - title: Untitled
12:44:00.171 [FXGL Background Thread 3 ] DEBUG Engine               - urlGithub: https://github.com/AlmasB/FXGL
12:44:00.171 [FXGL Background Thread 3 ] DEBUG Engine               - urlLeaderboard: http://fxgl-top.herokuapp.com/
12:44:00.171 [FXGL Background Thread 3 ] DEBUG Engine               - urlPOM: https://raw.githubusercontent.com/AlmasB/FXGL/release/README.md
12:44:00.171 [FXGL Background Thread 3 ] DEBUG Engine               - userAppClass: class org.example.Main
12:44:00.171 [FXGL Background Thread 3 ] DEBUG Engine               - version: 0.0
12:44:00.171 [FXGL Background Thread 3 ] DEBUG Engine               - versionCheckDays: 7
12:44:00.172 [FXGL Background Thread 3 ] DEBUG Engine               - width: 800
12:44:00.172 [FXGL Background Thread 3 ] DEBUG Engine               - Logging services
12:44:00.172 [FXGL Background Thread 3 ] DEBUG Engine               - class com.almasb.fxgl.app.services.FXGLAssetLoaderService
12:44:00.172 [FXGL Background Thread 3 ] DEBUG Engine               - class com.almasb.fxgl.app.FXGLApplication$GameApplicationService
12:44:00.172 [FXGL Background Thread 3 ] DEBUG Engine               - class com.almasb.fxgl.app.services.FXGLDialogService
12:44:00.172 [FXGL Background Thread 3 ] DEBUG Engine               - class com.almasb.fxgl.app.services.IOTaskExecutorService
12:44:00.172 [FXGL Background Thread 3 ] DEBUG Engine               - class com.almasb.fxgl.io.FileSystemService
12:44:00.172 [FXGL Background Thread 3 ] DEBUG Engine               - class com.almasb.fxgl.localization.LocalizationService
12:44:00.172 [FXGL Background Thread 3 ] DEBUG Engine               - class com.almasb.fxgl.app.services.SystemBundleService
12:44:00.172 [FXGL Background Thread 3 ] DEBUG Engine               - class com.almasb.fxgl.profile.SaveLoadService
12:44:00.173 [FXGL Background Thread 3 ] DEBUG Engine               - class com.almasb.fxgl.ui.FXGLUIFactoryServiceProvider
12:44:00.173 [FXGL Background Thread 3 ] DEBUG Engine               - class com.almasb.fxgl.ui.FXGLDialogFactoryServiceProvider
12:44:00.173 [FXGL Background Thread 3 ] DEBUG Engine               - class com.almasb.fxgl.audio.AudioPlayer
12:44:00.173 [FXGL Background Thread 3 ] DEBUG Engine               - class com.almasb.fxgl.notification.impl.NotificationServiceProvider
12:44:00.173 [FXGL Background Thread 3 ] DEBUG Engine               - class com.almasb.fxgl.achievement.AchievementService
12:44:00.173 [FXGL Background Thread 3 ] DEBUG Engine               - class com.almasb.fxgl.cutscene.CutsceneService
12:44:00.173 [FXGL Background Thread 3 ] DEBUG Engine               - class com.almasb.fxgl.minigames.MiniGameService
12:44:00.173 [FXGL Background Thread 3 ] DEBUG Engine               - class com.almasb.fxgl.net.NetService
12:44:00.173 [FXGL Background Thread 3 ] DEBUG Engine               - class com.almasb.fxgl.app.services.UpdaterService
12:44:00.173 [FXGL Background Thread 3 ] DEBUG Engine               - class com.almasb.fxgl.dev.DevService
12:44:02.889 [JavaFX Application Thread] DEBUG FXGLApplication      - Exiting FXGL
12:44:02.890 [JavaFX Application Thread] DEBUG LoopRunner           - Stopping loop
12:44:02.890 [JavaFX Application Thread] DEBUG SystemBundleService  - Saving FXGL system data
12:44:02.892 [JavaFX Application Thread] DEBUG FileSystemAccess     - Writing to: /home/cato/IdeaProjects/simulador3/system/fxgl.bundle
12:44:02.896 [JavaFX Application Thread] DEBUG Async                - Shutting down background threads
12:44:02.897 [JavaFX Application Thread] DEBUG PrimaryStageWindow   - Closing main window
12:44:02.899 [JavaFX Application Thread] DEBUG Logger               - Closing Logger
