23:53:13.992 [main                     ] DEBUG Logger               - Configured Logger
23:53:14.016 [main                     ] DEBUG GameApplication      - Logging settings
Title: Untitled
Version: 0.0
Width: 800
Height: 600
Fullscreen: false
Intro: false
Profiling: false
Single step:false
App Mode: DEVELOPER
Menu Key: ESCAPE
Stage Style: DECORATED
Scene Factory: class com.almasb.fxgl.app.scene.SceneFactory

23:53:14.329 [JavaFX Application Thread] DEBUG FXGLApplication      - Initializing FXGL
23:53:14.333 [JavaFX Application Thread] INFO  Engine               - FXGL-17.2 (20.08.2022 16.50) on LINUX (J:21.0.5 FX:20)
23:53:14.333 [JavaFX Application Thread] DEBUG Engine               - JRE Vendor Name: Ubuntu
23:53:14.333 [JavaFX Application Thread] DEBUG Engine               - Running on OS: Linux version 6.8.0-49-generic
23:53:14.333 [JavaFX Application Thread] DEBUG Engine               - Architecture: amd64
23:53:14.333 [JavaFX Application Thread] INFO  Engine               - Source code and latest versions at: https://github.com/AlmasB/FXGL
23:53:14.333 [JavaFX Application Thread] INFO  Engine               -       Ask questions and discuss at: https://github.com/AlmasB/FXGL/discussions
23:53:14.333 [JavaFX Application Thread] INFO  Engine               -              Join the FXGL chat at: https://gitter.im/AlmasB/FXGL
23:53:14.415 [JavaFX Application Thread] DEBUG PrimaryStageWindow   - Creating a JavaFX scene
23:53:14.502 [JavaFX Application Thread] DEBUG PrimaryStageWindow   - Target settings size: 800.0 x 600.0
23:53:14.502 [JavaFX Application Thread] DEBUG PrimaryStageWindow   - Scaled scene size:    800.0 x 600.0
23:53:14.503 [JavaFX Application Thread] DEBUG PrimaryStageWindow   - Scaled ratio: (1.0, 1.0)
23:53:14.504 [JavaFX Application Thread] DEBUG PrimaryStageWindow   - Set initial scene to FXGLStartupScene
23:53:14.506 [JavaFX Application Thread] DEBUG PrimaryStageWindow   - Opening main window
23:53:14.541 [JavaFX Application Thread] DEBUG PrimaryStageWindow   - Window border size: (2.0, 29.0)
23:53:14.541 [JavaFX Application Thread] DEBUG PrimaryStageWindow   - Scaled size: 800.0 x 600.0
23:53:14.542 [JavaFX Application Thread] DEBUG PrimaryStageWindow   - Scaled ratio: (1.0, 1.0)
23:53:14.542 [JavaFX Application Thread] DEBUG PrimaryStageWindow   - Scene size: 800.0 x 600.0
23:53:14.542 [JavaFX Application Thread] DEBUG PrimaryStageWindow   - Stage size: 802.0 x 629.0
23:53:14.548 [FXGL Background Thread 1 ] DEBUG Engine               - Initializing environment variables
23:53:14.596 [FXGL Background Thread 1 ] DEBUG FXGLAssetLoaderServi - User app class for loading assets: class org.example.Main
23:53:14.596 [FXGL Background Thread 1 ] DEBUG GameApplicationServi - Applying CSS: fxgl_dark.css
23:53:14.597 [FXGL Background Thread 1 ] DEBUG FXGLAssetLoaderServi - Loading from file system: jar:file:/home/cato/.gradle/caches/modules-2/files-2.1/com.github.almasb/fxgl/17.2/35db6ae960eec2dcfd19262d3b7f9c42f0e95bc3/fxgl-17.2.jar!/fxglassets/ui/css/fxgl_dark.css
23:53:14.638 [FXGL Background Thread 1 ] DEBUG GameApplicationServi - Initializing application scenes
23:53:14.684 [FXGL Background Thread 1 ] DEBUG GameWorld            - Game world initialized
23:53:14.731 [FXGL Background Thread 1 ] DEBUG PhysicsWorld         - Physics world initialized: appHeight=600, physics.ppm=50,0
23:53:14.732 [FXGL Background Thread 1 ] DEBUG PhysicsWorld         - Using strategy: BRUTE_FORCE
23:53:14.735 [FXGL Background Thread 1 ] DEBUG GameScene            - Game scene initialized: 800x600
23:53:14.745 [FXGL Background Thread 1 ] DEBUG FXGL.DefaultMenu     - createMenuBodyGameMenu()
23:53:14.757 [FXGL Background Thread 1 ] DEBUG FXGL.DefaultMenu     - createOptionsMenu()
23:53:14.766 [FXGL Background Thread 1 ] DEBUG FXGLAssetLoaderServi - Loading from file system: jar:file:/home/cato/.gradle/caches/modules-2/files-2.1/com.github.almasb/fxgl/17.2/35db6ae960eec2dcfd19262d3b7f9c42f0e95bc3/fxgl-17.2.jar!/fxglassets/textures/particles/smoke.png
23:53:14.841 [FXGL Background Thread 1 ] DEBUG FXGLAssetLoaderServi - Loading from file system: jar:file:/home/cato/.gradle/caches/modules-2/files-2.1/com.github.almasb/fxgl/17.2/35db6ae960eec2dcfd19262d3b7f9c42f0e95bc3/fxgl-17.2.jar!/fxglassets/textures/particles/trace_horizontal.png
23:53:14.875 [FXGL Background Thread 1 ] DEBUG GameApplicationServi - Application scenes initialized
23:53:14.889 [FXGL Background Thread 1 ] DEBUG SystemBundleService  - Loading FXGL system data
23:53:14.892 [FXGL Background Thread 1 ] DEBUG FileSystemAccess     - Reading from: /home/cato/IdeaProjects/simulador3/system/fxgl.bundle
23:53:14.900 [FXGL Background Thread 1 ] DEBUG SystemBundleService  - Bundle FXGL: {}
23:53:14.900 [FXGL Background Thread 1 ] DEBUG UpdaterService       - Checking for updates
23:53:14.903 [FXGL Background Thread 4 ] DEBUG FXGLApplication      - Loading fonts
23:53:14.904 [FXGL Background Thread 1 ] DEBUG FXGLApplication      - Loading default localization
23:53:14.904 [FXGL Background Thread 1 ] DEBUG FXGLAssetLoaderServi - Loading from file system: jar:file:/home/cato/.gradle/caches/modules-2/files-2.1/com.github.almasb/fxgl/17.2/35db6ae960eec2dcfd19262d3b7f9c42f0e95bc3/fxgl-17.2.jar!/fxglassets/languages/english.lang
23:53:14.912 [FXGL Background Thread 4 ] DEBUG FXGLAssetLoaderServi - Loading from file system: jar:file:/home/cato/.gradle/caches/modules-2/files-2.1/com.github.almasb/fxgl/17.2/35db6ae960eec2dcfd19262d3b7f9c42f0e95bc3/fxgl-17.2.jar!/fxglassets/ui/fonts/Abel-Regular.ttf
23:53:14.913 [FXGL Background Thread 4 ] DEBUG FXGLAssetLoaderServi - Loading from file system: jar:file:/home/cato/.gradle/caches/modules-2/files-2.1/com.github.almasb/fxgl/17.2/35db6ae960eec2dcfd19262d3b7f9c42f0e95bc3/fxgl-17.2.jar!/fxglassets/ui/fonts/TerminalLandMono-Regular.otf
23:53:14.915 [FXGL Background Thread 4 ] DEBUG FXGLAssetLoaderServi - Loading from file system: jar:file:/home/cato/.gradle/caches/modules-2/files-2.1/com.github.almasb/fxgl/17.2/35db6ae960eec2dcfd19262d3b7f9c42f0e95bc3/fxgl-17.2.jar!/fxglassets/ui/fonts/Courier-Prime.ttf
23:53:14.917 [FXGL Background Thread 1 ] INFO  FXGLApplication      - FXGL initialization took: 0,368 sec
23:53:14.918 [JavaFX Application Thread] DEBUG FXGLAssetLoaderServi - Loading from file system: jar:file:/home/cato/.gradle/caches/modules-2/files-2.1/com.github.almasb/fxgl/17.2/35db6ae960eec2dcfd19262d3b7f9c42f0e95bc3/fxgl-17.2.jar!/fxglassets/textures/fxgl_icon.png
23:53:14.949 [JavaFX Application Thread] DEBUG FXGLAssetLoaderServi - Loading from file system: jar:file:/home/cato/.gradle/caches/modules-2/files-2.1/com.github.almasb/fxgl/17.2/35db6ae960eec2dcfd19262d3b7f9c42f0e95bc3/fxgl-17.2.jar!/fxglassets/textures/fxgl_default_cursor.png
23:53:14.957 [JavaFX Application Thread] DEBUG Input                - Registered new binding: Screenshot - CTRL+8
23:53:14.958 [JavaFX Application Thread] DEBUG Input                - Registered new binding: System info dump - CTRL+9
23:53:14.958 [JavaFX Application Thread] DEBUG Input                - Registered new binding: Restart - CTRL+R
23:53:14.959 [JavaFX Application Thread] DEBUG Input                - Registered new binding: Toggle Debug Camera - CTRL+7
23:53:14.960 [JavaFX Application Thread] DEBUG LoopRunner           - Starting loop
23:53:14.960 [JavaFX Application Thread] DEBUG LoopRunner           - Initializing JavaFX AnimationTimerLoop
23:53:14.961 [JavaFX Application Thread] DEBUG GameApplicationServi - Starting new game
23:53:14.962 [JavaFX Application Thread] DEBUG Input                - Clearing active input actions
23:53:14.971 [JavaFX Application Thread] DEBUG GameApplicationServi - Removing overlay from FXGLStartupScene and adding to FXGLLoadingScene
23:53:14.971 [JavaFX Application Thread] DEBUG PrimaryStageWindow   - FXGLStartupScene -> FXGLLoadingScene
23:53:14.971 [JavaFX Application Thread] DEBUG GameApplicationServi - Clearing previous game
23:53:14.972 [JavaFX Application Thread] DEBUG GameScene            - Clearing game scene
23:53:14.972 [JavaFX Application Thread] DEBUG GameWorld            - Clearing game world
23:53:14.972 [JavaFX Application Thread] DEBUG PhysicsWorld         - Clearing physics world
23:53:14.973 [JavaFX Application Thread] DEBUG FXGLApplication      - Registering font factories with UI factory
23:53:14.973 [FXGL Background Thread 4 ] DEBUG FXGLApplication      - Initializing game
23:53:14.975 [FXGL Background Thread 4 ] DEBUG FXGLAssetLoaderServi - Loading from file system: file:/home/cato/IdeaProjects/simulador3/build/resources/main/assets/textures/lugar.png
23:53:15.009 [FXGL Background Thread 4 ] DEBUG FXGLAssetLoaderServi - Loading from file system: file:/home/cato/IdeaProjects/simulador3/build/resources/main/assets/music/restaurant.wav
23:53:15.108 [FXGL Background Thread 4 ] DEBUG AudioPlayer          - Playing music com.almasb.fxgl.audio.Music@56580abc
23:53:15.121 [FXGL Background Thread 4 ] DEBUG FXGLAssetLoaderServi - Loading from file system: file:/home/cato/IdeaProjects/simulador3/build/resources/main/assets/textures/mesero_frontal.png
23:53:15.125 [FXGL Background Thread 4 ] DEBUG FXGLAssetLoaderServi - Loading from file system: file:/home/cato/IdeaProjects/simulador3/build/resources/main/assets/music/order.wav
23:53:15.131 [FXGL Background Thread 4 ] INFO  FXGLApplication      - Game initialization took: 0,158 sec
23:53:15.135 [JavaFX Application Thread] DEBUG Input                - Clearing active input actions
23:53:15.144 [JavaFX Application Thread] DEBUG GameApplicationServi - Removing overlay from FXGLLoadingScene and adding to GameScene
23:53:15.145 [JavaFX Application Thread] DEBUG PrimaryStageWindow   - FXGLLoadingScene -> GameScene
23:53:15.320 [JavaFX Application Thread] DEBUG FXGLAssetLoaderServi - Loading from file system: file:/home/cato/IdeaProjects/simulador3/build/resources/main/assets/textures/client.png
23:53:17.902 [FXGL Background Thread 3 ] DEBUG Engine               - Logging environment variables
23:53:17.903 [FXGL Background Thread 3 ] DEBUG Engine               - achievements: []
23:53:17.903 [FXGL Background Thread 3 ] DEBUG Engine               - actualHeight: 571.0
23:53:17.903 [FXGL Background Thread 3 ] DEBUG Engine               - actualHeightProperty: ReadOnlyDoubleProperty [value: 608.0]
23:53:17.903 [FXGL Background Thread 3 ] DEBUG Engine               - actualWidth: 798.0
23:53:17.903 [FXGL Background Thread 3 ] DEBUG Engine               - actualWidthProperty: ReadOnlyDoubleProperty [value: 798.0]
23:53:17.903 [FXGL Background Thread 3 ] DEBUG Engine               - appIcon: fxgl_icon.png
23:53:17.903 [FXGL Background Thread 3 ] DEBUG Engine               - applicationMode: DEVELOPER
23:53:17.903 [FXGL Background Thread 3 ] DEBUG Engine               - cSSList: [fxgl_dark.css]
23:53:17.903 [FXGL Background Thread 3 ] DEBUG Engine               - collisionDetectionStrategy: BRUTE_FORCE
23:53:17.903 [FXGL Background Thread 3 ] DEBUG Engine               - configClass: Optional.empty
23:53:17.903 [FXGL Background Thread 3 ] DEBUG Engine               - credits: []
23:53:17.903 [FXGL Background Thread 3 ] DEBUG Engine               - defaultCursor: CursorInfo(imageName=fxgl_default_cursor.png, hotspotX=7.0, hotspotY=6.0)
23:53:17.904 [FXGL Background Thread 3 ] DEBUG Engine               - devBBoxColorProperty: ObjectProperty [value: 0xff0000ff]
23:53:17.904 [FXGL Background Thread 3 ] DEBUG Engine               - devEnableDebugCameraProperty: BooleanProperty [value: false]
23:53:17.904 [FXGL Background Thread 3 ] DEBUG Engine               - devSensorColorProperty: ObjectProperty [value: 0xffff00ff]
23:53:17.904 [FXGL Background Thread 3 ] DEBUG Engine               - devShowBBoxProperty: BooleanProperty [value: false]
23:53:17.904 [FXGL Background Thread 3 ] DEBUG Engine               - devShowPositionProperty: BooleanProperty [value: false]
23:53:17.904 [FXGL Background Thread 3 ] DEBUG Engine               - enabledMenuItems: []
23:53:17.904 [FXGL Background Thread 3 ] DEBUG Engine               - engineServices: [class com.almasb.fxgl.app.services.FXGLAssetLoaderService, class com.almasb.fxgl.app.FXGLApplication$GameApplicationService, class com.almasb.fxgl.app.services.FXGLDialogService, class com.almasb.fxgl.app.services.IOTaskExecutorService, class com.almasb.fxgl.io.FileSystemService, class com.almasb.fxgl.localization.LocalizationService, class com.almasb.fxgl.app.services.SystemBundleService, class com.almasb.fxgl.profile.SaveLoadService, class com.almasb.fxgl.ui.FXGLUIFactoryServiceProvider, class com.almasb.fxgl.ui.FXGLDialogFactoryServiceProvider, class com.almasb.fxgl.audio.AudioPlayer, class com.almasb.fxgl.notification.impl.NotificationServiceProvider, class com.almasb.fxgl.achievement.AchievementService, class com.almasb.fxgl.cutscene.CutsceneService, class com.almasb.fxgl.minigames.MiniGameService, class com.almasb.fxgl.net.NetService, class com.almasb.fxgl.app.services.UpdaterService, class com.almasb.fxgl.dev.DevService]
23:53:17.904 [FXGL Background Thread 3 ] DEBUG Engine               - fontGame: Abel-Regular.ttf
23:53:17.904 [FXGL Background Thread 3 ] DEBUG Engine               - fontMono: TerminalLandMono-Regular.otf
23:53:17.904 [FXGL Background Thread 3 ] DEBUG Engine               - fontText: Courier-Prime.ttf
23:53:17.904 [FXGL Background Thread 3 ] DEBUG Engine               - fontUI: VarelaRound-Regular.ttf
23:53:17.904 [FXGL Background Thread 3 ] DEBUG Engine               - fullScreen: BooleanProperty [value: false]
23:53:17.904 [FXGL Background Thread 3 ] DEBUG Engine               - gameDifficulty: MEDIUM
23:53:17.904 [FXGL Background Thread 3 ] DEBUG Engine               - gameDifficultyProperty: ObjectProperty [value: MEDIUM]
23:53:17.904 [FXGL Background Thread 3 ] DEBUG Engine               - globalMusicVolume: 0.5
23:53:17.904 [FXGL Background Thread 3 ] DEBUG Engine               - globalMusicVolumeProperty: DoubleProperty [value: 0.5]
23:53:17.904 [FXGL Background Thread 3 ] DEBUG Engine               - globalSoundVolume: 0.5
23:53:17.905 [FXGL Background Thread 3 ] DEBUG Engine               - globalSoundVolumeProperty: DoubleProperty [value: 0.5]
23:53:17.905 [FXGL Background Thread 3 ] DEBUG Engine               - height: 600
23:53:17.905 [FXGL Background Thread 3 ] DEBUG Engine               - is3D: false
23:53:17.905 [FXGL Background Thread 3 ] DEBUG Engine               - isAndroid: false
23:53:17.905 [FXGL Background Thread 3 ] DEBUG Engine               - isBrowser: false
23:53:17.905 [FXGL Background Thread 3 ] DEBUG Engine               - isClickFeedbackEnabled: false
23:53:17.905 [FXGL Background Thread 3 ] DEBUG Engine               - isCloseConfirmation: false
23:53:17.905 [FXGL Background Thread 3 ] DEBUG Engine               - isDesktop: true
23:53:17.905 [FXGL Background Thread 3 ] DEBUG Engine               - isDeveloperMenuEnabled: false
23:53:17.905 [FXGL Background Thread 3 ] DEBUG Engine               - isEmbedded: false
23:53:17.905 [FXGL Background Thread 3 ] DEBUG Engine               - isEntityPreloadEnabled: true
23:53:17.905 [FXGL Background Thread 3 ] DEBUG Engine               - isExperimentalTiledLargeMap: false
23:53:17.905 [FXGL Background Thread 3 ] DEBUG Engine               - isFileSystemWriteAllowed: true
23:53:17.905 [FXGL Background Thread 3 ] DEBUG Engine               - isFullScreenAllowed: false
23:53:17.905 [FXGL Background Thread 3 ] DEBUG Engine               - isFullScreenFromStart: false
23:53:17.905 [FXGL Background Thread 3 ] DEBUG Engine               - isGameMenuEnabled: true
23:53:17.905 [FXGL Background Thread 3 ] DEBUG Engine               - isIOS: false
23:53:17.905 [FXGL Background Thread 3 ] DEBUG Engine               - isIntroEnabled: false
23:53:17.905 [FXGL Background Thread 3 ] DEBUG Engine               - isLinux: true
23:53:17.905 [FXGL Background Thread 3 ] DEBUG Engine               - isMac: false
23:53:17.905 [FXGL Background Thread 3 ] DEBUG Engine               - isMainMenuEnabled: false
23:53:17.906 [FXGL Background Thread 3 ] DEBUG Engine               - isManualResizeEnabled: false
23:53:17.906 [FXGL Background Thread 3 ] DEBUG Engine               - isMobile: false
23:53:17.906 [FXGL Background Thread 3 ] DEBUG Engine               - isNative: false
23:53:17.906 [FXGL Background Thread 3 ] DEBUG Engine               - isPauseMusicWhenMinimized: true
23:53:17.906 [FXGL Background Thread 3 ] DEBUG Engine               - isPreserveResizeRatio: false
23:53:17.906 [FXGL Background Thread 3 ] DEBUG Engine               - isProfilingEnabled: false
23:53:17.906 [FXGL Background Thread 3 ] DEBUG Engine               - isScaleAffectedOnResize: true
23:53:17.906 [FXGL Background Thread 3 ] DEBUG Engine               - isSingleStep: false
23:53:17.906 [FXGL Background Thread 3 ] DEBUG Engine               - isUserProfileEnabled: false
23:53:17.906 [FXGL Background Thread 3 ] DEBUG Engine               - isWindows: false
23:53:17.906 [FXGL Background Thread 3 ] DEBUG Engine               - language: ObjectProperty [value: ENGLISH]
23:53:17.906 [FXGL Background Thread 3 ] DEBUG Engine               - menuKey: ESCAPE
23:53:17.906 [FXGL Background Thread 3 ] DEBUG Engine               - mouseSensitivity: 0.2
23:53:17.906 [FXGL Background Thread 3 ] DEBUG Engine               - notificationViewClass: class com.almasb.fxgl.notification.view.XboxNotificationView
23:53:17.906 [FXGL Background Thread 3 ] DEBUG Engine               - pixelsPerMeter: 50.0
23:53:17.906 [FXGL Background Thread 3 ] DEBUG Engine               - platform: LINUX
23:53:17.906 [FXGL Background Thread 3 ] DEBUG Engine               - prefHeightProperty: ReadOnlyDoubleProperty [value: 600.0]
23:53:17.906 [FXGL Background Thread 3 ] DEBUG Engine               - prefWidthProperty: ReadOnlyDoubleProperty [value: 800.0]
23:53:17.906 [FXGL Background Thread 3 ] DEBUG Engine               - profileDir: profiles/
23:53:17.906 [FXGL Background Thread 3 ] DEBUG Engine               - profileName: StringProperty [value: DEFAULT]
23:53:17.907 [FXGL Background Thread 3 ] DEBUG Engine               - randomSeed: -1
23:53:17.907 [FXGL Background Thread 3 ] DEBUG Engine               - runtimeInfo: RuntimeInfo(platform=LINUX, version=17.2, build=20.08.2022 16.50)
23:53:17.907 [FXGL Background Thread 3 ] DEBUG Engine               - saveFileExt: sav
23:53:17.907 [FXGL Background Thread 3 ] DEBUG Engine               - scaledHeightProp$fxgl: DoubleProperty [bound, value: 608.0]
23:53:17.907 [FXGL Background Thread 3 ] DEBUG Engine               - scaledWidthProp$fxgl: DoubleProperty [bound, value: 798.0]
23:53:17.907 [FXGL Background Thread 3 ] DEBUG Engine               - sceneFactory: com.almasb.fxgl.app.scene.SceneFactory@50d34b09
23:53:17.907 [FXGL Background Thread 3 ] DEBUG Engine               - secondsIn24h: 60
23:53:17.907 [FXGL Background Thread 3 ] DEBUG Engine               - soundMenuBack: menu/back.wav
23:53:17.907 [FXGL Background Thread 3 ] DEBUG Engine               - soundMenuPress: menu/press.wav
23:53:17.907 [FXGL Background Thread 3 ] DEBUG Engine               - soundMenuSelect: menu/select.wav
23:53:17.907 [FXGL Background Thread 3 ] DEBUG Engine               - soundNotification: core/notification.wav
23:53:17.907 [FXGL Background Thread 3 ] DEBUG Engine               - stageStyle: DECORATED
23:53:17.907 [FXGL Background Thread 3 ] DEBUG Engine               - supportedLanguages: [ENGLISH, FRENCH, GERMAN, HUNGARIAN, RUSSIAN]
23:53:17.907 [FXGL Background Thread 3 ] DEBUG Engine               - ticksPerSecond: -1
23:53:17.907 [FXGL Background Thread 3 ] DEBUG Engine               - title: Untitled
23:53:17.907 [FXGL Background Thread 3 ] DEBUG Engine               - urlGithub: https://github.com/AlmasB/FXGL
23:53:17.907 [FXGL Background Thread 3 ] DEBUG Engine               - urlLeaderboard: http://fxgl-top.herokuapp.com/
23:53:17.907 [FXGL Background Thread 3 ] DEBUG Engine               - urlPOM: https://raw.githubusercontent.com/AlmasB/FXGL/release/README.md
23:53:17.908 [FXGL Background Thread 3 ] DEBUG Engine               - userAppClass: class org.example.Main
23:53:17.908 [FXGL Background Thread 3 ] DEBUG Engine               - version: 0.0
23:53:17.908 [FXGL Background Thread 3 ] DEBUG Engine               - versionCheckDays: 7
23:53:17.908 [FXGL Background Thread 3 ] DEBUG Engine               - width: 800
23:53:17.908 [FXGL Background Thread 3 ] DEBUG Engine               - Logging services
23:53:17.908 [FXGL Background Thread 3 ] DEBUG Engine               - class com.almasb.fxgl.app.services.FXGLAssetLoaderService
23:53:17.908 [FXGL Background Thread 3 ] DEBUG Engine               - class com.almasb.fxgl.app.FXGLApplication$GameApplicationService
23:53:17.908 [FXGL Background Thread 3 ] DEBUG Engine               - class com.almasb.fxgl.app.services.FXGLDialogService
23:53:17.908 [FXGL Background Thread 3 ] DEBUG Engine               - class com.almasb.fxgl.app.services.IOTaskExecutorService
23:53:17.908 [FXGL Background Thread 3 ] DEBUG Engine               - class com.almasb.fxgl.io.FileSystemService
23:53:17.908 [FXGL Background Thread 3 ] DEBUG Engine               - class com.almasb.fxgl.localization.LocalizationService
23:53:17.908 [FXGL Background Thread 3 ] DEBUG Engine               - class com.almasb.fxgl.app.services.SystemBundleService
23:53:17.908 [FXGL Background Thread 3 ] DEBUG Engine               - class com.almasb.fxgl.profile.SaveLoadService
23:53:17.908 [FXGL Background Thread 3 ] DEBUG Engine               - class com.almasb.fxgl.ui.FXGLUIFactoryServiceProvider
23:53:17.908 [FXGL Background Thread 3 ] DEBUG Engine               - class com.almasb.fxgl.ui.FXGLDialogFactoryServiceProvider
23:53:17.908 [FXGL Background Thread 3 ] DEBUG Engine               - class com.almasb.fxgl.audio.AudioPlayer
23:53:17.908 [FXGL Background Thread 3 ] DEBUG Engine               - class com.almasb.fxgl.notification.impl.NotificationServiceProvider
23:53:17.908 [FXGL Background Thread 3 ] DEBUG Engine               - class com.almasb.fxgl.achievement.AchievementService
23:53:17.908 [FXGL Background Thread 3 ] DEBUG Engine               - class com.almasb.fxgl.cutscene.CutsceneService
23:53:17.908 [FXGL Background Thread 3 ] DEBUG Engine               - class com.almasb.fxgl.minigames.MiniGameService
23:53:17.908 [FXGL Background Thread 3 ] DEBUG Engine               - class com.almasb.fxgl.net.NetService
23:53:17.908 [FXGL Background Thread 3 ] DEBUG Engine               - class com.almasb.fxgl.app.services.UpdaterService
23:53:17.908 [FXGL Background Thread 3 ] DEBUG Engine               - class com.almasb.fxgl.dev.DevService
23:53:18.113 [Thread-68                ] DEBUG AudioPlayer          - Playing music com.almasb.fxgl.audio.Music@7e3d7f8b
23:53:18.307 [Thread-91                ] DEBUG AudioPlayer          - Playing music com.almasb.fxgl.audio.Music@7e3d7f8b
23:53:18.841 [FXGL Background Thread 2 ] INFO  UpdaterService       - Your current version:  17.2
23:53:18.841 [FXGL Background Thread 2 ] INFO  UpdaterService       - Latest stable version: 21.1
23:53:20.115 [Thread-68                ] DEBUG AudioPlayer          - Stopping music com.almasb.fxgl.audio.Music@7e3d7f8b
23:53:20.307 [Thread-91                ] DEBUG AudioPlayer          - Stopping music com.almasb.fxgl.audio.Music@7e3d7f8b
23:53:23.616 [JavaFX Application Thread] DEBUG FXGLApplication      - Exiting FXGL
23:53:23.616 [JavaFX Application Thread] DEBUG LoopRunner           - Stopping loop
23:53:23.616 [JavaFX Application Thread] DEBUG SystemBundleService  - Saving FXGL system data
23:53:23.618 [JavaFX Application Thread] DEBUG FileSystemAccess     - Writing to: /home/cato/IdeaProjects/simulador3/system/fxgl.bundle
23:53:23.621 [JavaFX Application Thread] DEBUG Async                - Shutting down background threads
23:53:23.621 [JavaFX Application Thread] DEBUG PrimaryStageWindow   - Closing main window
23:53:23.626 [JavaFX Application Thread] DEBUG Logger               - Closing Logger
